Log file open, 10/23/18 13:29:56
LogWindows: Failed to load 'aqProf.dll' (GetLastError=126)
LogWindows: File 'aqProf.dll' does not exist
LogWindows: Failed to load 'VtuneApi.dll' (GetLastError=126)
LogWindows: File 'VtuneApi.dll' does not exist
LogWindows: Failed to load 'VtuneApi32e.dll' (GetLastError=126)
LogWindows: File 'VtuneApi32e.dll' does not exist
LogInit: Display: Running engine for game: Unreal_Projekti
LogPlatformFile: Not using cached read wrapper
LogTaskGraph: Started task graph with 5 named threads and 14 total threads with 3 sets of task threads.
LogStats: Stats thread started at 0.290613
LogD3D11RHI: Loaded GFSDK_Aftermath_Lib.x64.dll
LogICUInternationalization: Display: ICU TimeZone Detection - Raw Offset: +2:00, Platform Override: ''
LogPluginManager: Mounting plugin Paper2D
LogPluginManager: Mounting plugin AISupport
LogPluginManager: Mounting plugin LightPropagationVolume
LogPluginManager: Mounting plugin CLionSourceCodeAccess
LogPluginManager: Mounting plugin CodeLiteSourceCodeAccess
LogPluginManager: Mounting plugin GitSourceControl
LogPluginManager: Mounting plugin KDevelopSourceCodeAccess
LogPluginManager: Mounting plugin NullSourceCodeAccess
LogPluginManager: Mounting plugin PerforceSourceControl
LogPluginManager: Mounting plugin SubversionSourceControl
LogPluginManager: Mounting plugin UObjectPlugin
LogPluginManager: Mounting plugin VisualStudioCodeSourceCodeAccess
LogPluginManager: Mounting plugin VisualStudioSourceCodeAccess
LogPluginManager: Mounting plugin XCodeSourceCodeAccess
LogPluginManager: Mounting plugin AssetManagerEditor
LogPluginManager: Mounting plugin CryptoKeys
LogPluginManager: Mounting plugin DataValidation
LogPluginManager: Mounting plugin FacialAnimation
LogPluginManager: Mounting plugin GameplayTagsEditor
LogPluginManager: Mounting plugin MacGraphicsSwitching
LogPluginManager: Mounting plugin MeshEditor
LogPluginManager: Mounting plugin MobileLauncherProfileWizard
LogPluginManager: Mounting plugin PluginBrowser
LogPluginManager: Mounting plugin SpeedTreeImporter
LogPluginManager: Mounting plugin DatasmithContent
LogPluginManager: Mounting plugin AlembicImporter
LogPluginManager: Mounting plugin AppleImageUtils
LogPluginManager: Mounting plugin AppleVision
LogPluginManager: Mounting plugin BackChannel
LogPluginManager: Mounting plugin CharacterAI
LogPluginManager: Mounting plugin GeometryCache
LogPluginManager: Mounting plugin HTML5Networking
LogPluginManager: Mounting plugin ProxyLODPlugin
LogPluginManager: Mounting plugin MagicLeap
LogPluginManager: Mounting plugin MagicLeapEmulator
LogPluginManager: Mounting plugin MagicLeapMedia
LogPluginManager: Mounting plugin AndroidMedia
LogPluginManager: Mounting plugin AvfMedia
LogPluginManager: Mounting plugin ImgMedia
LogPluginManager: Mounting plugin LinearTimecode
LogPluginManager: Mounting plugin MediaCompositing
LogPluginManager: Mounting plugin MediaPlayerEditor
LogPluginManager: Mounting plugin WmfMedia
LogPluginManager: Mounting plugin TcpMessaging
LogPluginManager: Mounting plugin UdpMessaging
LogPluginManager: Mounting plugin ActorSequence
LogPluginManager: Mounting plugin LevelSequenceEditor
LogPluginManager: Mounting plugin MatineeToLevelSequence
LogPluginManager: Mounting plugin NetcodeUnitTest
LogPluginManager: Mounting plugin NUTUnrealEngine4
LogPluginManager: Mounting plugin OnlineSubsystemGooglePlay
LogPluginManager: Mounting plugin OnlineSubsystemIOS
LogPluginManager: Mounting plugin OnlineSubsystem
LogPluginManager: Mounting plugin OnlineSubsystemNull
LogPluginManager: Mounting plugin OnlineSubsystemUtils
LogPluginManager: Mounting plugin LauncherChunkInstaller
LogPluginManager: Mounting plugin AndroidDeviceProfileSelector
LogPluginManager: Mounting plugin AndroidMoviePlayer
LogPluginManager: Mounting plugin AndroidPermission
LogPluginManager: Mounting plugin AppleMoviePlayer
LogPluginManager: Mounting plugin ArchVisCharacter
LogPluginManager: Mounting plugin AudioCapture
LogPluginManager: Mounting plugin CableComponent
LogPluginManager: Mounting plugin CustomMeshComponent
LogPluginManager: Mounting plugin EditableMesh
LogPluginManager: Mounting plugin ExampleDeviceProfileSelector
LogPluginManager: Mounting plugin GoogleCloudMessaging
LogPluginManager: Mounting plugin ImmediatePhysics
LogPluginManager: Mounting plugin IOSDeviceProfileSelector
LogPluginManager: Mounting plugin LinuxDeviceProfileSelector
LogPluginManager: Mounting plugin LocationServicesBPLibrary
LogPluginManager: Mounting plugin MobilePatchingUtils
LogPluginManager: Mounting plugin OculusVR
LogPluginManager: Plugin shader directory ../../../Engine/Plugins/Runtime/Oculus/OculusVR/Shaders found
LogPluginManager: Mapping shader source directory ../../../Engine/Plugins/Runtime/Oculus/OculusVR/Shaders to virtual directory /Plugin/OculusVR
LogPluginManager: Mounting plugin PhysXVehicles
LogPluginManager: Mounting plugin ProceduralMeshComponent
LogPluginManager: Mounting plugin RuntimePhysXCooking
LogPluginManager: Mounting plugin SteamVR
LogPluginManager: Mounting plugin WindowsMoviePlayer
LogStreaming: Display: Took  0.173s to configure plugins.
LogInit: Using libcurl 7.55.1-DEV
LogInit:  - built for x86_64-pc-win32
LogInit:  - supports SSL with OpenSSL/1.0.2h
LogInit:  - supports HTTP deflate (compression) using libz 1.2.8
LogInit:  - other features:
LogInit:      CURL_VERSION_SSL
LogInit:      CURL_VERSION_LIBZ
LogInit:      CURL_VERSION_IPV6
LogInit:      CURL_VERSION_ASYNCHDNS
LogInit:      CURL_VERSION_LARGEFILE
LogInit:      CURL_VERSION_IDN
LogInit:  CurlRequestOptions (configurable via config and command line):
LogInit:  - bVerifyPeer = false  - Libcurl will NOT verify peer certificate
LogInit:  - bUseHttpProxy = false  - Libcurl will NOT use HTTP proxy
LogInit:  - bDontReuseConnections = false  - Libcurl will reuse connections
LogInit:  - CertBundlePath = nullptr  - Libcurl will use whatever was configured at build time.
LogInit:  - MaxHostConnections = 16  - Libcurl will limit the number of connections to a host
LogInit:  - LocalHostAddr = Default
LogInit:  - BufferSize = 65536
LogInit: WinSock: version 1.1 (2.2), MaxSocks=32767, MaxUdp=65467
LogInit: Build: ++UE4+Release-4.20-CL-4369336
LogInit: Engine Version: 4.20.3-4369336+++UE4+Release-4.20
LogInit: Compatible Engine Version: 4.20.0-4212847+++UE4+Release-4.20
LogInit: Net CL: 4212847
LogInit: OS: Windows 10 (), CPU: Intel(R) Core(TM) i5-4460  CPU @ 3.20GHz, GPU: NVIDIA GeForce GTX 750 Ti
LogInit: Compiled (64-bit): Sep 17 2018 12:26:19
LogInit: Compiled with Visual C++: 19.13.26129.00
LogInit: Build Configuration: Development
LogInit: Branch Name: ++UE4+Release-4.20
LogInit: Command Line:  -skipcompile
LogInit: Base Directory: D:/Program Files/Epic Games/UE_4.20/Engine/Binaries/Win64/
LogInit: Installed Engine Build: 1
LogDevObjectVersion: Number of dev versions registered: 20
LogDevObjectVersion:   Dev-Blueprints (B0D832E4-1F89-4F0D-ACCF-7EB736FD4AA2): 10
LogDevObjectVersion:   Dev-Build (E1C64328-A22C-4D53-A36C-8E866417BD8C): 0
LogDevObjectVersion:   Dev-Core (375EC13C-06E4-48FB-B500-84F0262A717E): 2
LogDevObjectVersion:   Dev-Editor (E4B068ED-F494-42E9-A231-DA0B2E46BB41): 24
LogDevObjectVersion:   Dev-Framework (CFFC743F-43B0-4480-9391-14DF171D2073): 34
LogDevObjectVersion:   Dev-Mobile (B02B49B5-BB20-44E9-A304-32B752E40360): 2
LogDevObjectVersion:   Dev-Networking (A4E4105C-59A1-49B5-A7C5-40C4547EDFEE): 0
LogDevObjectVersion:   Dev-Online (39C831C9-5AE6-47DC-9A44-9C173E1C8E7C): 0
LogDevObjectVersion:   Dev-Physics (78F01B33-EBEA-4F98-B9B4-84EACCB95AA2): 0
LogDevObjectVersion:   Dev-Platform (6631380F-2D4D-43E0-8009-CF276956A95A): 0
LogDevObjectVersion:   Dev-Rendering (12F88B9F-8875-4AFC-A67C-D90C383ABD29): 26
LogDevObjectVersion:   Dev-Sequencer (7B5AE74C-D270-4C10-A958-57980B212A5A): 9
LogDevObjectVersion:   Dev-VR (D7296918-1DD6-4BDD-9DE2-64A83CC13884): 2
LogDevObjectVersion:   Dev-LoadTimes (C2A15278-BFE7-4AFE-6C17-90FF531DF755): 1
LogDevObjectVersion:   Private-Geometry (6EACA3D4-40EC-4CC1-B786-8BED09428FC5): 3
LogDevObjectVersion:   Dev-AnimPhys (29E575DD-E0A3-4627-9D10-D276232CDCEA): 17
LogDevObjectVersion:   Dev-ReflectionCapture (6B266CEC-1EC7-4B8F-A30B-E4D90942FC07): 1
LogDevObjectVersion:   Dev-Automation (0DF73D61-A23F-47EA-B727-89E90C41499A): 1
LogDevObjectVersion:   FortniteMain (601D1886-AC64-4F84-AA16-D3DE0DEAC7D6): 12
LogDevObjectVersion:   Dev-Enterprise (9DFFBCD6-494F-0158-E221-12823C92A888): 1
LogStreaming: Display: Took  0.000s to delete old logs.
LogInit: Presizing for max 8388607 objects, including 0 objects not considered by GC, pre-allocating 0 bytes for permanent pool.
LogInit: Object subsystem initialized
[2018.10.23-10.29.56:905][  0]LogInit: Selected Device Profile: [Windows]
[2018.10.23-10.29.56:905][  0]LogInit: Applying CVar settings loaded from the selected device profile: [Windows]
[2018.10.23-10.29.56:915][  0]LogHAL: Display: Platform has ~ 8 GB [8481820672 / 8589934592 / 8], which maps to Default [LargestMinGB=32, LargerMinGB=12, DefaultMinGB=8, SmallerMinGB=6, SmallestMinGB=0)
[2018.10.23-10.29.56:915][  0]LogInit: Setting Device Profile CVar: [[r.Vulkan.UseRealUBs:1]]
[2018.10.23-10.29.56:915][  0]LogInit: Going up to parent DeviceProfile []
[2018.10.23-10.29.56:916][  0]LogInit: Computer: MIKA-PC
[2018.10.23-10.29.56:916][  0]LogInit: User: Mika
[2018.10.23-10.29.56:916][  0]LogInit: CPU Page size=4096, Cores=4
[2018.10.23-10.29.56:916][  0]LogInit: High frequency timer resolution =3.117779 MHz
[2018.10.23-10.29.56:916][  0]LogMemory: Memory total: Physical=7.9GB (8GB approx)
[2018.10.23-10.29.56:917][  0]LogMemory: Platform Memory Stats for Windows
[2018.10.23-10.29.56:917][  0]LogMemory: Process Physical Memory: 100.39 MB used, 100.39 MB peak
[2018.10.23-10.29.56:917][  0]LogMemory: Process Virtual Memory: 82.82 MB used, 82.82 MB peak
[2018.10.23-10.29.56:917][  0]LogMemory: Physical Memory: 5124.77 MB used,  2964.12 MB free, 8088.89 MB total
[2018.10.23-10.29.56:917][  0]LogMemory: Virtual Memory: 4609.64 MB used,  2964.12 MB free, 134217728.00 MB total
[2018.10.23-10.29.57:045][  0]LogInit: Using OS detected language (fi-FI).
[2018.10.23-10.29.57:045][  0]LogInit: Using OS detected locale (fi-FI).
[2018.10.23-10.29.57:046][  0]LogTextLocalizationManager: No localization for 'fi-FI' exists, so 'en' will be used for the language.
[2018.10.23-10.29.57:481][  0]LogStreaming: Display: Took  0.435s to InitEngineTextLocalization.
[2018.10.23-10.29.57:481][  0]LogInit: Setting process to per monitor DPI aware
[2018.10.23-10.29.57:574][  0]LogSlate: New Slate User Created.  User Index 0, Is Virtual User: 0
[2018.10.23-10.29.57:574][  0]LogSlate: Slate User Registered.  User Index 0, Is Virtual User: 0
[2018.10.23-10.29.57:839][  0]LogHMD: Failed to initialize OpenVR with code 105
[2018.10.23-10.29.57:839][  0]LogD3D11RHI: D3D11 adapters:
[2018.10.23-10.29.57:932][  0]LogD3D11RHI:    0. 'NVIDIA GeForce GTX 750 Ti' (Feature Level 11_0)
[2018.10.23-10.29.57:932][  0]LogD3D11RHI:       2007/0/4044 MB DedicatedVideo/DedicatedSystem/SharedSystem, Outputs:1, VendorId:0x10de
[2018.10.23-10.29.57:962][  0]LogD3D11RHI:    1. 'Intel(R) HD Graphics 4600' (Feature Level 11_0)
[2018.10.23-10.29.57:962][  0]LogD3D11RHI:       112/0/2048 MB DedicatedVideo/DedicatedSystem/SharedSystem, Outputs:0, VendorId:0x8086
[2018.10.23-10.29.57:970][  0]LogD3D11RHI:    2. 'Microsoft Basic Render Driver' (Feature Level 11_0)
[2018.10.23-10.29.57:970][  0]LogD3D11RHI:       0/0/4044 MB DedicatedVideo/DedicatedSystem/SharedSystem, Outputs:0, VendorId:0x1414
[2018.10.23-10.29.57:970][  0]LogD3D11RHI: Chosen D3D11 Adapter: 0
[2018.10.23-10.29.57:977][  0]LogD3D11RHI: Creating new Direct3DDevice
[2018.10.23-10.29.57:977][  0]LogD3D11RHI:     GPU DeviceId: 0x1380 (for the marketing name, search the web for "GPU Device Id")
[2018.10.23-10.29.57:977][  0]LogWindows: EnumDisplayDevices:
[2018.10.23-10.29.57:978][  0]LogWindows:    0. 'NVIDIA GeForce GTX 750 Ti' (P:1 D:1)
[2018.10.23-10.29.57:978][  0]LogWindows:    1. 'NVIDIA GeForce GTX 750 Ti' (P:0 D:0)
[2018.10.23-10.29.57:979][  0]LogWindows:    2. 'NVIDIA GeForce GTX 750 Ti' (P:0 D:0)
[2018.10.23-10.29.57:979][  0]LogWindows:    3. 'NVIDIA GeForce GTX 750 Ti' (P:0 D:0)
[2018.10.23-10.29.57:979][  0]LogWindows:    4. 'Intel(R) HD Graphics 4600' (P:0 D:0)
[2018.10.23-10.29.57:980][  0]LogWindows:    5. 'Intel(R) HD Graphics 4600' (P:0 D:0)
[2018.10.23-10.29.57:980][  0]LogWindows:    6. 'Intel(R) HD Graphics 4600' (P:0 D:0)
[2018.10.23-10.29.57:981][  0]LogWindows: DebugString: PrimaryIsNotTheChoosenAdapter PrimaryIsNotTheChoosenAdapter PrimaryIsNotTheChoosenAdapter FoundDriverCount:4 
[2018.10.23-10.29.57:981][  0]LogD3D11RHI:     Adapter Name: NVIDIA GeForce GTX 750 Ti
[2018.10.23-10.29.57:981][  0]LogD3D11RHI:   Driver Version: 398.11 (internal:24.21.13.9811, unified:398.11)
[2018.10.23-10.29.57:981][  0]LogD3D11RHI:      Driver Date: 6-1-2018
[2018.10.23-10.29.57:981][  0]LogRHI: Texture pool is 1405 MB (70% of 2007 MB)
[2018.10.23-10.29.58:036][  0]LogD3D11RHI: Async texture creation enabled
[2018.10.23-10.29.58:055][  0]LogD3D11RHI: GPU Timing Frequency: 1000.000000 (Debug: 2 2)
[2018.10.23-10.29.58:063][  0]LogShaderCompilers: Guid format shader working directory is -24 characters bigger than the processId version (../../../../../../Users/Mika/Documents/Unreal Projects/Unreal_Projekti/Intermediate/Shaders/WorkingDirectory/300/).
[2018.10.23-10.29.58:065][  0]LogShaderCompilers: Cleaned the shader compiler working directory 'C:/Users/Mika/AppData/Local/Temp/UnrealShaderWorkingDir/BE7ED8C8419CA8EDB5B3CD8B60DCDDEB/'.
[2018.10.23-10.29.58:421][  0]LogTemp: Display: Loaded TP AllDesktopTargetPlatform
[2018.10.23-10.29.58:438][  0]LogTemp: Display: Loaded TP MacClientTargetPlatform
[2018.10.23-10.29.58:454][  0]LogTemp: Display: Loaded TP MacNoEditorTargetPlatform
[2018.10.23-10.29.58:470][  0]LogTemp: Display: Loaded TP MacServerTargetPlatform
[2018.10.23-10.29.58:487][  0]LogTemp: Display: Loaded TP MacTargetPlatform
[2018.10.23-10.29.58:506][  0]LogTemp: Display: Loaded TP WindowsClientTargetPlatform
[2018.10.23-10.29.58:523][  0]LogTemp: Display: Loaded TP WindowsNoEditorTargetPlatform
[2018.10.23-10.29.58:541][  0]LogTemp: Display: Loaded TP WindowsServerTargetPlatform
[2018.10.23-10.29.58:551][  0]LogTemp: Display: Loaded TP WindowsTargetPlatform
[2018.10.23-10.29.58:638][  0]LogTemp: Display: Loaded TP AndroidTargetPlatform
[2018.10.23-10.29.58:638][  0]LogTemp: Display: Loaded TP AndroidTargetPlatform
[2018.10.23-10.29.58:638][  0]LogTemp: Display: Loaded TP AndroidTargetPlatform
[2018.10.23-10.29.58:638][  0]LogTemp: Display: Loaded TP AndroidTargetPlatform
[2018.10.23-10.29.58:638][  0]LogTemp: Display: Loaded TP AndroidTargetPlatform
[2018.10.23-10.29.58:638][  0]LogTemp: Display: Loaded TP AndroidTargetPlatform
[2018.10.23-10.29.58:638][  0]LogTemp: Display: Loaded TP AndroidTargetPlatform
[2018.10.23-10.29.58:638][  0]LogTemp: Display: Loaded TP AndroidTargetPlatform
[2018.10.23-10.29.58:638][  0]LogTemp: Display: Loaded TP AndroidTargetPlatform
[2018.10.23-10.29.58:638][  0]LogTemp: Display: Loaded TP AndroidTargetPlatform
[2018.10.23-10.29.58:638][  0]LogTemp: Display: Loaded TP AndroidTargetPlatform
[2018.10.23-10.29.58:639][  0]LogTemp: Display: Loaded TP AndroidTargetPlatform
[2018.10.23-10.29.58:639][  0]LogTemp: Display: Loaded TP AndroidTargetPlatform
[2018.10.23-10.29.58:639][  0]LogTemp: Display: Loaded TP AndroidTargetPlatform
[2018.10.23-10.29.58:639][  0]LogTemp: Display: Loaded TP AndroidTargetPlatform
[2018.10.23-10.29.58:639][  0]LogTemp: Display: Loaded TP AndroidTargetPlatform
[2018.10.23-10.29.58:639][  0]LogTemp: Display: Loaded TP AndroidTargetPlatform
[2018.10.23-10.29.58:639][  0]LogTemp: Display: Loaded TP AndroidTargetPlatform
[2018.10.23-10.29.58:642][  0]LogTemp: Display: Loaded TP HTML5TargetPlatform
[2018.10.23-10.29.58:718][  0]LogTemp: Display: Loaded TP IOSTargetPlatform
[2018.10.23-10.29.58:718][  0]LogTemp: Display: Loaded TP IOSTargetPlatform
[2018.10.23-10.29.58:746][  0]LogTemp: Display: Loaded TP TVOSTargetPlatform
[2018.10.23-10.29.58:746][  0]LogTemp: Display: Loaded TP TVOSTargetPlatform
[2018.10.23-10.29.58:761][  0]LogTemp: Display: Loaded TP LinuxClientTargetPlatform
[2018.10.23-10.29.58:777][  0]LogTemp: Display: Loaded TP LinuxNoEditorTargetPlatform
[2018.10.23-10.29.58:794][  0]LogTemp: Display: Loaded TP LinuxServerTargetPlatform
[2018.10.23-10.29.58:810][  0]LogTemp: Display: Loaded TP LinuxTargetPlatform
[2018.10.23-10.29.58:823][  0]LogTemp: Display: Loaded TP LuminTargetPlatform
[2018.10.23-10.29.58:823][  0]LogTargetPlatformManager: Display: Building Assets For Windows
[2018.10.23-10.29.58:942][  0]LogXGEController: Cleaning working directory: C:/Users/Mika/AppData/Local/Temp/UnrealXGEWorkingDir/
[2018.10.23-10.29.58:942][  0]LogXGEController: Cannot use XGE Controller as Incredibuild is not installed on this machine.
[2018.10.23-10.29.58:943][  0]LogShaderCompilers: Cannot use XGE Shader Compiler as Incredibuild is not installed on this machine.
[2018.10.23-10.29.58:943][  0]LogShaderCompilers: Display: Using Local Shader Compiler.
[2018.10.23-10.29.59:719][  0]LogDerivedDataCache: Display: Max Cache Size: 512 MB
[2018.10.23-10.29.59:775][  0]LogDerivedDataCache: Loaded boot cache 0.06s 71MB C:/Users/Mika/AppData/Local/UnrealEngine/4.20/DerivedDataCache/Boot.ddc.
[2018.10.23-10.29.59:776][  0]LogDerivedDataCache: Display: Loaded Boot cache: C:/Users/Mika/AppData/Local/UnrealEngine/4.20/DerivedDataCache/Boot.ddc
[2018.10.23-10.29.59:776][  0]LogDerivedDataCache: FDerivedDataBackendGraph:  Pak pak cache file ../../../../../../Users/Mika/Documents/Unreal Projects/Unreal_Projekti/DerivedDataCache/DDC.ddp not found, will not use a pak cache.
[2018.10.23-10.29.59:776][  0]LogDerivedDataCache: Unable to find inner node Pak for hierarchical cache Hierarchy.
[2018.10.23-10.29.59:776][  0]LogDerivedDataCache: FDerivedDataBackendGraph:  CompressedPak pak cache file ../../../../../../Users/Mika/Documents/Unreal Projects/Unreal_Projekti/DerivedDataCache/Compressed.ddp not found, will not use a pak cache.
[2018.10.23-10.29.59:776][  0]LogDerivedDataCache: Unable to find inner node CompressedPak for hierarchical cache Hierarchy.
[2018.10.23-10.29.59:790][  0]LogDerivedDataCache: Display: Pak cache opened for reading ../../../Engine/DerivedDataCache/Compressed.ddp.
[2018.10.23-10.29.59:804][  0]LogDerivedDataCache: Using Local data cache path C:/Users/Mika/AppData/Local/UnrealEngine/Common/DerivedDataCache: Writable
[2018.10.23-10.29.59:804][  0]LogDerivedDataCache: Shared data cache path not found in *engine.ini, will not use an Shared cache.
[2018.10.23-10.29.59:804][  0]LogDerivedDataCache: Unable to find inner node Shared for hierarchical cache Hierarchy.
[2018.10.23-10.29.59:824][  0]LogMaterial: Verifying Global Shaders for PCD3D_SM5
[2018.10.23-10.29.59:826][  0]LogSlate: Using FreeType 2.6.0
[2018.10.23-10.29.59:826][  0]LogSlate: SlateFontServices - WITH_FREETYPE: 1, WITH_HARFBUZZ: 1
[2018.10.23-10.29.59:914][  0]LogAssetRegistry: FAssetRegistry took 0.0294 seconds to start up
[2018.10.23-10.30.00:255][  0]LogInit: Selected Device Profile: [Windows]
[2018.10.23-10.30.00:424][  0]LogSimplygon: Simplygon DLL not present - disabling.
[2018.10.23-10.30.00:433][  0]LogMeshReduction: Using SimplygonSwarm for distributed automatic mesh merging
[2018.10.23-10.30.00:433][  0]LogMeshReduction: Using ProxyLODMeshReduction for automatic mesh merging
[2018.10.23-10.30.00:433][  0]LogMeshReduction: Using QuadricMeshReduction for automatic static mesh reduction
[2018.10.23-10.30.00:433][  0]LogMeshReduction: No automatic skeletal mesh reduction module available
[2018.10.23-10.30.00:454][  0]LogNetVersion: Unreal_Projekti 1.0.0, NetCL: 4212847, EngineNetVer: 5, GameNetVer: 0 (Checksum: 3659349519)
[2018.10.23-10.30.00:946][  0]LogPackageLocalizationCache: Processed 11 localized package path(s) for 1 prioritized culture(s) in 0.059487 seconds
[2018.10.23-10.30.00:953][  0]LogUObjectArray: 38425 objects as part of root set at end of initial load.
[2018.10.23-10.30.00:953][  0]LogUObjectAllocator: 6690864 out of 0 bytes used by permanent object pool.
[2018.10.23-10.30.00:953][  0]LogUObjectArray: CloseDisregardForGC: 0/0 objects in disregard for GC pool
[2018.10.23-10.30.02:084][  0]LogTcpMessaging: Initializing TcpMessaging bridge
[2018.10.23-10.30.02:100][  0]LogUdpMessaging: Initializing bridge on interface 0.0.0.0:0 to multicast group 230.0.0.1:6666.
[2018.10.23-10.30.02:583][  0]SourceControl: Source control is disabled
[2018.10.23-10.30.02:583][  0]SourceControl: Source control is disabled
[2018.10.23-10.30.02:587][  0]SourceControl: Source control is disabled
[2018.10.23-10.30.02:590][  0]SourceControl: Source control is disabled
[2018.10.23-10.30.02:839][  0]LogAndroidPermission: UAndroidPermissionCallbackProxy::GetInstance
[2018.10.23-10.30.02:937][  0]LogOcInput: OculusInput pre-init called
[2018.10.23-10.30.03:008][  0]LogEngine: Initializing Engine...
[2018.10.23-10.30.03:021][  0]LogHMD: Failed to initialize OpenVR with code 105
[2018.10.23-10.30.03:023][  0]LogStats: UGameplayTagsManager::ConstructGameplayTagTree: ImportINI prefixes -  0.000 s
[2018.10.23-10.30.03:023][  0]LogStats: UGameplayTagsManager::ConstructGameplayTagTree: Construct from data asset -  0.000 s
[2018.10.23-10.30.03:023][  0]LogStats: UGameplayTagsManager::ConstructGameplayTagTree: ImportINI -  0.000 s
[2018.10.23-10.30.03:023][  0]LogStats: UGameplayTagsManager::ConstructGameplayTagTree: GameplayTagTreeChangedEvent.Broadcast -  0.000 s
[2018.10.23-10.30.03:244][  0]LogInit: Initializing FReadOnlyCVARCache
[2018.10.23-10.30.03:266][  0]LogAIModule: Creating AISystem for world Untitled
[2018.10.23-10.30.03:280][  0]LogInit: XAudio2 using 'Speakers (Logitech G35 Headset)' : 2 channels at 44.1 kHz using 16 bits per sample (channel mask 0x3)
[2018.10.23-10.30.03:300][  0]LogInit: FAudioDevice initialized.
[2018.10.23-10.30.03:301][  0]LogNetVersion: Set ProjectVersion to 1.0.0.0. Version Checksum will be recalculated on next use.
[2018.10.23-10.30.03:403][  0]LogDerivedDataCache: Saved boot cache 0.10s 71MB C:/Users/Mika/AppData/Local/UnrealEngine/4.20/DerivedDataCache/Boot.ddc.
[2018.10.23-10.30.03:410][  0]LogInit: Texture streaming: Enabled
[2018.10.23-10.30.03:438][  0]LogEngineSessionManager: EngineSessionManager initialized
[2018.10.23-10.30.03:451][  0]LogInit: Transaction tracking system initialized
[2018.10.23-10.30.03:491][  0]BlueprintLog: New page: Editor Load
[2018.10.23-10.30.03:630][  0]LocalizationService: Localization service is disabled
[2018.10.23-10.30.03:912][  0]LogCook: Display: Max memory allowance for cook 16384mb min free memory 0mb
[2018.10.23-10.30.03:912][  0]LogCook: Display: Mobile HDR setting 1
[2018.10.23-10.30.03:912][  0]LogGameplayTags: Display: UGameplayTagsManager::DoneAddingNativeTags. DelegateIsBound: 0
[2018.10.23-10.30.03:913][  0]LogStats: UGameplayTagsManager::ConstructGameplayTagTree: ImportINI prefixes -  0.000 s
[2018.10.23-10.30.03:913][  0]LogStats: UGameplayTagsManager::ConstructGameplayTagTree: Construct from data asset -  0.000 s
[2018.10.23-10.30.03:913][  0]LogStats: UGameplayTagsManager::ConstructGameplayTagTree: ImportINI -  0.000 s
[2018.10.23-10.30.03:913][  0]LogFileCache: Scanning file cache for directory 'D:/Users/Mika/Documents/Unreal Projects/Unreal_Projekti/Content/' took 0.01s
[2018.10.23-10.30.03:913][  0]LogStats: UGameplayTagsManager::ConstructGameplayTagTree: GameplayTagTreeChangedEvent.Broadcast -  0.000 s
[2018.10.23-10.30.04:099][  0]SourceControl: Source control is disabled
[2018.10.23-10.30.04:100][  0]Cmd: MAP LOAD FILE="../../../Engine/Content/Maps/Templates/Template_Default.umap" TEMPLATE=1 SHOWPROGRESS=1 FEATURELEVEL=3
[2018.10.23-10.30.04:100][  0]LightingResults: New page: Lighting Build
[2018.10.23-10.30.04:103][  0]MapCheck: New page: Map Check
[2018.10.23-10.30.04:103][  0]LightingResults: New page: Lighting Build
[2018.10.23-10.30.04:320][  0]LogAIModule: Creating AISystem for world Untitled_1
[2018.10.23-10.30.04:332][  0]LogEditorServer: Finished looking for orphan Actors (0.000 secs)
[2018.10.23-10.30.04:355][  0]Cmd: MAP CHECKDEP NOCLEARLOG
[2018.10.23-10.30.04:416][  0]MapCheck: Map check complete: 0 Error(s), 0 Warning(s), took 61,242ms to complete.
[2018.10.23-10.30.04:416][  0]LogFileHelpers: Loading map 'Template_Default' took 0.317
[2018.10.23-10.30.04:544][  0]LogSlate: Updating window title bar state: overlay mode, drag disabled, window buttons hidden, title bar hidden
[2018.10.23-10.30.04:552][  0]LogSlate: Updating window title bar state: overlay mode, drag disabled, window buttons hidden, title bar hidden
[2018.10.23-10.30.04:560][  0]LogSlate: Updating window title bar state: overlay mode, drag disabled, window buttons hidden, title bar hidden
[2018.10.23-10.30.04:568][  0]LogSlate: Updating window title bar state: overlay mode, drag disabled, window buttons hidden, title bar hidden
[2018.10.23-10.30.04:577][  0]LogCollectionManager: Loaded 0 collections in 0.001968 seconds
[2018.10.23-10.30.04:628][  0]LogFileCache: Scanning file cache for directory 'D:/Users/Mika/Documents/Unreal Projects/Unreal_Projekti/Saved/Collections/' took 0.01s
[2018.10.23-10.30.04:628][  0]LogFileCache: Scanning file cache for directory 'D:/Users/Mika/Documents/Unreal Projects/Unreal_Projekti/Content/Developers/Mika/Collections/' took 0.01s
[2018.10.23-10.30.04:628][  0]LogFileCache: Scanning file cache for directory 'D:/Users/Mika/Documents/Unreal Projects/Unreal_Projekti/Content/Collections/' took 0.01s
[2018.10.23-10.30.04:628][  0]LogCollectionManager: Rebuilt the GUID cache for 0 collections in 0.000000 seconds
[2018.10.23-10.30.04:639][  0]LogContentBrowser: Native class hierarchy populated in 0.0100 seconds. Added 2575 classes and 605 folders.
[2018.10.23-10.30.04:647][  0]LogContentBrowser: Native class hierarchy updated for 'WidgetCarousel' in 0.0004 seconds. Added 0 classes and 0 folders.
[2018.10.23-10.30.04:703][  0]LogContentBrowser: Native class hierarchy updated for 'AddContentDialog' in 0.0004 seconds. Added 0 classes and 0 folders.
[2018.10.23-10.30.04:710][  0]LogContentBrowser: Native class hierarchy updated for 'SceneOutliner' in 0.0005 seconds. Added 1 classes and 2 folders.
[2018.10.23-10.30.04:732][  0]LogSlate: Took 0.000210 seconds to synchronously load lazily loaded font '../../../Engine/Content/Slate/Fonts/Roboto-Regular.ttf' (155K)
[2018.10.23-10.30.04:734][  0]LogSlate: Took 0.000233 seconds to synchronously load lazily loaded font '../../../Engine/Content/Slate/Fonts/Roboto-Bold.ttf' (160K)
[2018.10.23-10.30.04:740][  0]LogSlate: Took 0.000300 seconds to synchronously load lazily loaded font '../../../Engine/Content/Editor/Slate/Fonts/FontAwesome.ttf' (139K)
[2018.10.23-10.30.04:825][  0]LogRenderer: Reallocating scene render targets to support 1144x600 Format 10 NumSamples 1 (Frame:1).
[2018.10.23-10.30.04:859][  0]LogSlate: Took 0.000257 seconds to synchronously load lazily loaded font '../../../Engine/Content/Slate/Fonts/Roboto-Light.ttf' (167K)
[2018.10.23-10.30.04:944][  0]LogContentBrowser: Native class hierarchy updated for 'HierarchicalLODOutliner' in 0.0005 seconds. Added 0 classes and 0 folders.
[2018.10.23-10.30.04:945][  0]LogLoad: (Engine Initialization) Total time: 10.07 seconds
[2018.10.23-10.30.04:945][  0]LogLoad: (Engine Initialization) Total Blueprint compile time: 0.00 seconds
[2018.10.23-10.30.04:955][  0]LogWindowsTextInputMethodSystem: Display: IME system now deactivated.
[2018.10.23-10.30.04:977][  0]LogContentStreaming: Texture pool size now 1000 MB
[2018.10.23-10.30.05:005][  1]LogAssetRegistry: Asset discovery search completed in 5.1160 seconds
[2018.10.23-10.30.05:006][  1]LogCollectionManager: Rebuilt the object cache for 0 collections in 0.000000 seconds (found 0 objects)
[2018.10.23-10.30.05:007][  1]LogCollectionManager: Fixed up redirectors for 0 collections in 0.000176 seconds (updated 0 objects)
[2018.10.23-10.30.09:114][465]LogSlate: FSceneViewport::OnFocusLost() reason 0
[2018.10.23-10.30.09:804][547]LogEditor: Attempting to add actor of class 'Pawn_Pallo' to level at -550.00,-510.00,160.00
[2018.10.23-10.30.09:805][547]LogActor: Warning: Pawn_Pallo /Temp/Untitled_1.Untitled_1:PersistentLevel.Pawn_Pallo_0 has natively added scene component(s), but none of them were set as the actor's RootComponent - picking one arbitrarily
[2018.10.23-10.30.10:329][566]LogEditor: Attempting to add actor of class 'Pawn_Pallo' to level at 110.00,-290.00,20.00
[2018.10.23-10.30.10:331][566]LogActor: Warning: Pawn_Pallo /Temp/Untitled_1.Untitled_1:PersistentLevel.Pawn_Pallo_1 has natively added scene component(s), but none of them were set as the actor's RootComponent - picking one arbitrarily
[2018.10.23-10.30.13:255][835]LogEditorViewport: Clicking on Actor (LMB): StaticMeshActor (Floor)
[2018.10.23-10.30.14:780][  1]LogEditorViewport: Clicking on Actor (LMB): StaticMeshActor (Floor)
[2018.10.23-10.30.15:188][ 47]LogEditorViewport: Clicking on Actor (LMB): StaticMeshActor (Floor)
[2018.10.23-10.30.15:965][136]LogSlate: FSceneViewport::OnFocusLost() reason 0
[2018.10.23-10.30.19:361][466]LogSlate: Took 0.000289 seconds to synchronously load lazily loaded font '../../../Engine/Content/Slate/Fonts/Roboto-Italic.ttf' (157K)
[2018.10.23-10.30.30:176][553]LogActorFactory: Actor Factory created Sphere
[2018.10.23-10.30.34:380][994]LogSlate: FSceneViewport::OnFocusLost() reason 0
[2018.10.23-10.30.34:483][  5]LogActorFactory: Actor Factory created Sphere
[2018.10.23-10.30.38:169][354]LogEditorViewport: Clicking on Component (LMB): CameraComponent (Camera)
[2018.10.23-10.30.47:863][292]LogSlate: FSceneViewport::OnFocusLost() reason 0
[2018.10.23-10.30.48:049][313]LogEditor: Attempting to add actor of class 'Pallo' to level at -1070.00,-380.00,270.00
[2018.10.23-10.30.48:049][313]LogActor: Warning: Pallo /Temp/Untitled_1.Untitled_1:PersistentLevel.Pallo_0 has natively added scene component(s), but none of them were set as the actor's RootComponent - picking one arbitrarily
[2018.10.23-10.30.48:690][382]LogEditor: Attempting to add actor of class 'Pallo' to level at -860.00,-30.00,610.00
[2018.10.23-10.30.48:692][382]LogActor: Warning: Pallo /Temp/Untitled_1.Untitled_1:PersistentLevel.Pallo_1 has natively added scene component(s), but none of them were set as the actor's RootComponent - picking one arbitrarily
[2018.10.23-10.30.51:376][695]LogSlate: FSceneViewport::OnFocusLost() reason 0
[2018.10.23-10.30.53:791][978]LogActorFactory: Actor Factory created Sphere
[2018.10.23-10.31.10:454][906]LogSlate: FSceneViewport::OnFocusLost() reason 2
[2018.10.23-10.31.11:667][ 50]LogPlayLevel: PlayLevel: No blueprints needed recompiling
[2018.10.23-10.31.11:682][ 50]PIE: New page: PIE session: Untitled_1 (23.10.2018 16.31.11)
[2018.10.23-10.31.11:682][ 50]LogPlayLevel: Creating play world package: /Temp/UEDPIE_0_Untitled_1
[2018.10.23-10.31.11:684][ 50]LogPlayLevel: PIE: StaticDuplicateObject took: (0.002430s)
[2018.10.23-10.31.11:685][ 50]LogAIModule: Creating AISystem for world Untitled_1
[2018.10.23-10.31.11:686][ 50]LogPlayLevel: PIE: World Init took: (0.001062s)
[2018.10.23-10.31.11:686][ 50]LogPlayLevel: PIE: Created PIE world by copying editor world from /Temp/Untitled_1.Untitled_1 to /Temp/UEDPIE_0_Untitled_1.Untitled_1 (0.003896s)
[2018.10.23-10.31.11:713][ 50]LogInit: XAudio2 using 'Speakers (Logitech G35 Headset)' : 2 channels at 44.1 kHz using 16 bits per sample (channel mask 0x3)
[2018.10.23-10.31.11:723][ 50]LogInit: FAudioDevice initialized.
[2018.10.23-10.31.11:724][ 50]LogSlate: FSceneViewport::OnFocusLost() reason 2
[2018.10.23-10.31.11:773][ 50]LogLoad: Game class is 'GameModeBase'
[2018.10.23-10.31.11:775][ 50]LogWorld: Bringing World /Temp/UEDPIE_0_Untitled_1.Untitled_1 up for play (max tick rate 0) at 2018.10.23-13.31.11
[2018.10.23-10.31.11:890][ 50]LogWorld: Bringing up level for play took: 0.115380
[2018.10.23-10.31.11:910][ 50]LogContentBrowser: Native class hierarchy updated for 'MovieSceneCapture' in 0.0006 seconds. Added 10 classes and 0 folders.
[2018.10.23-10.31.11:928][ 50]PIE: Play in editor start time for /Temp/UEDPIE_0_Untitled_1 0,758
[2018.10.23-10.31.20:096][ 11]LogSlate: Updating window title bar state: overlay mode, drag disabled, window buttons hidden, title bar hidden
[2018.10.23-10.31.20:154][ 11]LogPlayLevel: Display: Shutting down PIE online subsystems
[2018.10.23-10.31.20:179][ 11]LogSlate: Updating window title bar state: overlay mode, drag disabled, window buttons hidden, title bar hidden
[2018.10.23-10.31.20:200][ 12]LogPlayLevel: Display: Destroying online subsystem :Context_3
[2018.10.23-10.31.21:939][213]LogSlate: FSceneViewport::OnFocusLost() reason 0
[2018.10.23-10.31.24:962][569]LogEditorViewport: Clicking on Actor (LMB): Pawn_Pallo (Pawn_Pallo1)
[2018.10.23-10.31.26:561][715]LogSlate: FSceneViewport::OnFocusLost() reason 0
[2018.10.23-10.31.39:310][959]LogTemp: Repeating last play command: Selected Viewport
[2018.10.23-10.31.39:320][959]LogPlayLevel: PlayLevel: No blueprints needed recompiling
[2018.10.23-10.31.39:320][959]PIE: New page: PIE session: Untitled_1 (23.10.2018 16.31.39)
[2018.10.23-10.31.39:320][959]LogPlayLevel: Creating play world package: /Temp/UEDPIE_0_Untitled_1
[2018.10.23-10.31.39:322][959]LogPlayLevel: PIE: StaticDuplicateObject took: (0.002143s)
[2018.10.23-10.31.39:323][959]LogAIModule: Creating AISystem for world Untitled_1
[2018.10.23-10.31.39:324][959]LogPlayLevel: PIE: World Init took: (0.001377s)
[2018.10.23-10.31.39:324][959]LogPlayLevel: PIE: Created PIE world by copying editor world from /Temp/Untitled_1.Untitled_1 to /Temp/UEDPIE_0_Untitled_1.Untitled_1 (0.003882s)
[2018.10.23-10.31.39:379][959]LogInit: XAudio2 using 'Speakers (Logitech G35 Headset)' : 2 channels at 44.1 kHz using 16 bits per sample (channel mask 0x3)
[2018.10.23-10.31.39:389][959]LogInit: FAudioDevice initialized.
[2018.10.23-10.31.39:424][959]LogLoad: Game class is 'GameModeBase'
[2018.10.23-10.31.39:425][959]LogWorld: Bringing World /Temp/UEDPIE_0_Untitled_1.Untitled_1 up for play (max tick rate 0) at 2018.10.23-13.31.39
[2018.10.23-10.31.39:441][959]LogWorld: Bringing up level for play took: 0.016521
[2018.10.23-10.31.39:456][959]PIE: Play in editor start time for /Temp/UEDPIE_0_Untitled_1 0,286
[2018.10.23-10.31.43:978][497]LogSlate: Updating window title bar state: overlay mode, drag disabled, window buttons hidden, title bar hidden
[2018.10.23-10.31.44:014][497]LogPlayLevel: Display: Shutting down PIE online subsystems
[2018.10.23-10.31.44:037][497]LogSlate: Updating window title bar state: overlay mode, drag disabled, window buttons hidden, title bar hidden
[2018.10.23-10.31.44:086][502]LogPlayLevel: Display: Destroying online subsystem :Context_4
[2018.10.23-10.31.45:356][652]LogSlate: FSceneViewport::OnFocusLost() reason 2
[2018.10.23-10.31.50:745][253]LogSlate: FSceneViewport::OnFocusLost() reason 2
[2018.10.23-10.31.52:003][402]LogSlate: FSceneViewport::OnFocusLost() reason 2
[2018.10.23-10.31.55:435][402]LogSlate: Only BGRA pngs, bmps or icos are supported in by External Image Picker
[2018.10.23-10.31.55:687][403]LogTemp: Executing iPhonePackager certificates Engine -bundlename com.YourCompany.UnrealProjekti
[2018.10.23-10.31.55:687][403]LogTemp: CWD: D:\Program Files\Epic Games\UE_4.20\Engine\Binaries\DotNET\IOS
[2018.10.23-10.31.55:687][403]LogTemp: Initial Dir: D:\Program Files\Epic Games\UE_4.20
[2018.10.23-10.31.55:687][403]LogTemp: Env CWD: D:\Program Files\Epic Games\UE_4.20\Engine\Binaries\DotNET\IOS
[2018.10.23-10.31.55:688][403]LogTemp: BranchPath = MIKA-PC/D/Program Files/Epic Games/UE_4.20/Engine/Binaries --- GameBranchPath = MIKA-PC/D/Program Files/Epic Games/UE_4.20/Engine/Binaries
[2018.10.23-10.31.55:688][403]LogTemp: IPP ERROR: Could not find provision directory 'C:\Users\Mika\AppData\Local/Apple Computer/MobileDevice/Provisioning Profiles/'.
[2018.10.23-10.32.17:643][532]LogSlate: FSceneViewport::OnFocusLost() reason 2
[2018.10.23-10.32.18:644][639]LogSlate: FSceneViewport::OnFocusLost() reason 0
[2018.10.23-10.33.24:953][990]LogSlate: Window 'Project Settings' being destroyed
[2018.10.23-10.33.24:958][990]LogSlate: Window 'Project Settings' being destroyed
[2018.10.23-10.33.26:315][144]LogSlate: FSceneViewport::OnFocusLost() reason 2
[2018.10.23-10.33.27:648][304]LogTemp: Repeating last play command: Selected Viewport
[2018.10.23-10.33.27:660][304]LogPlayLevel: PlayLevel: No blueprints needed recompiling
[2018.10.23-10.33.27:661][304]PIE: New page: PIE session: Untitled_1 (23.10.2018 16.33.27)
[2018.10.23-10.33.27:661][304]LogPlayLevel: Creating play world package: /Temp/UEDPIE_0_Untitled_1
[2018.10.23-10.33.27:663][304]LogPlayLevel: PIE: StaticDuplicateObject took: (0.002340s)
[2018.10.23-10.33.27:664][304]LogAIModule: Creating AISystem for world Untitled_1
[2018.10.23-10.33.27:664][304]LogPlayLevel: PIE: World Init took: (0.000947s)
[2018.10.23-10.33.27:664][304]LogPlayLevel: PIE: Created PIE world by copying editor world from /Temp/Untitled_1.Untitled_1 to /Temp/UEDPIE_0_Untitled_1.Untitled_1 (0.003654s)
[2018.10.23-10.33.27:689][304]LogInit: XAudio2 using 'Speakers (Logitech G35 Headset)' : 2 channels at 44.1 kHz using 16 bits per sample (channel mask 0x3)
[2018.10.23-10.33.27:700][304]LogInit: FAudioDevice initialized.
[2018.10.23-10.33.27:736][304]LogLoad: Game class is 'GameModeBase'
[2018.10.23-10.33.27:737][304]LogWorld: Bringing World /Temp/UEDPIE_0_Untitled_1.Untitled_1 up for play (max tick rate 0) at 2018.10.23-13.33.27
[2018.10.23-10.33.27:738][304]LogWorld: Bringing up level for play took: 0.001083
[2018.10.23-10.33.27:752][304]PIE: Play in editor start time for /Temp/UEDPIE_0_Untitled_1 0,582
[2018.10.23-10.33.34:167][ 69]LogSlate: Updating window title bar state: overlay mode, drag disabled, window buttons hidden, title bar hidden
[2018.10.23-10.33.34:203][ 69]LogPlayLevel: Display: Shutting down PIE online subsystems
[2018.10.23-10.33.34:228][ 69]LogSlate: Updating window title bar state: overlay mode, drag disabled, window buttons hidden, title bar hidden
[2018.10.23-10.33.34:267][ 72]LogPlayLevel: Display: Destroying online subsystem :Context_5
[2018.10.23-10.33.35:706][243]LogSlate: FSceneViewport::OnFocusLost() reason 2
[2018.10.23-10.33.36:977][394]LogPlayLevel: PlayLevel: No blueprints needed recompiling
[2018.10.23-10.33.36:978][394]PIE: New page: SIE session: Untitled_1 (23.10.2018 16.33.36)
[2018.10.23-10.33.36:978][394]LogPlayLevel: Creating play world package: /Temp/UEDPIE_0_Untitled_1
[2018.10.23-10.33.36:980][394]LogPlayLevel: PIE: StaticDuplicateObject took: (0.002207s)
[2018.10.23-10.33.36:981][394]LogAIModule: Creating AISystem for world Untitled_1
[2018.10.23-10.33.36:981][394]LogPlayLevel: PIE: World Init took: (0.000913s)
[2018.10.23-10.33.36:981][394]LogPlayLevel: PIE: Created PIE world by copying editor world from /Temp/Untitled_1.Untitled_1 to /Temp/UEDPIE_0_Untitled_1.Untitled_1 (0.003582s)
[2018.10.23-10.33.37:007][394]LogInit: XAudio2 using 'Speakers (Logitech G35 Headset)' : 2 channels at 44.1 kHz using 16 bits per sample (channel mask 0x3)
[2018.10.23-10.33.37:017][394]LogInit: FAudioDevice initialized.
[2018.10.23-10.33.37:017][394]LogSlate: FSceneViewport::OnFocusLost() reason 2
[2018.10.23-10.33.37:050][394]LogLoad: Game class is 'GameModeBase'
[2018.10.23-10.33.37:051][394]LogWorld: Bringing World /Temp/UEDPIE_0_Untitled_1.Untitled_1 up for play (max tick rate 0) at 2018.10.23-13.33.37
[2018.10.23-10.33.37:051][394]LogWorld: Bringing up level for play took: 0.000723
[2018.10.23-10.33.37:065][394]PIE: Play in editor start time for /Temp/UEDPIE_0_Untitled_1 −0,105
[2018.10.23-10.33.38:843][579]LogSlate: Updating window title bar state: overlay mode, drag disabled, window buttons hidden, title bar hidden
[2018.10.23-10.33.38:883][579]LogPlayLevel: Display: Shutting down PIE online subsystems
[2018.10.23-10.33.38:906][579]LogSlate: Updating window title bar state: overlay mode, drag disabled, window buttons hidden, title bar hidden
[2018.10.23-10.33.38:943][583]LogPlayLevel: Display: Destroying online subsystem :Context_6
[2018.10.23-10.33.45:893][211]LogEditorViewport: Clicking on Actor (LMB): StaticMeshActor (Floor)
[2018.10.23-10.33.50:795][780]Cmd: EDIT COPY
[2018.10.23-10.33.51:116][780]Cmd: EDIT PASTE
[2018.10.23-10.33.54:659][180]LogSlate: FSceneViewport::OnFocusLost() reason 0
[2018.10.23-10.33.56:358][382]LogSlate: FSceneViewport::OnFocusLost() reason 0
[2018.10.23-10.34.02:687][128]LogSlate: FSceneViewport::OnFocusLost() reason 0
[2018.10.23-10.34.16:540][749]LogEditorViewport: Clicking on Actor (LMB): BP_Sky_Sphere_C (Sky Sphere)
[2018.10.23-10.34.17:316][834]LogEditorViewport: Clicking on Actor (LMB): StaticMeshActor (Floor)
[2018.10.23-10.34.18:290][942]LogEditorViewport: Clicking on Actor (LMB): StaticMeshActor (Floor2)
[2018.10.23-10.34.36:980][101]LogEditorViewport: Clicking on Actor (LMB): BP_Sky_Sphere_C (Sky Sphere)
[2018.10.23-10.34.39:163][339]LogEditorViewport: Clicking on Actor (LMB): StaticMeshActor (Floor2)
[2018.10.23-10.34.39:674][392]Cmd: EDIT COPY
[2018.10.23-10.34.40:221][456]Cmd: EDIT PASTE
[2018.10.23-10.34.55:954][296]LogEditorViewport: Clicking on Actor (LMB): StaticMeshActor (Floor3)
[2018.10.23-10.34.56:635][374]Cmd: EDIT COPY
[2018.10.23-10.35.01:640][966]Cmd: TRANSACTION UNDO
[2018.10.23-10.35.01:640][966]LogEditorTransaction: Undo Move Actors
[2018.10.23-10.35.01:696][966]LogSlate: Took 0.000292 seconds to synchronously load lazily loaded font '../../../Engine/Content/Slate/Fonts/Roboto-Light.ttf' (167K)
[2018.10.23-10.35.02:524][ 53]Cmd: EDIT PASTE
[2018.10.23-10.35.11:600][121]LogSlate: FSceneViewport::OnFocusLost() reason 0
[2018.10.23-10.35.15:595][592]Cmd: TRANSACTION UNDO
[2018.10.23-10.35.15:595][592]LogEditorTransaction: Undo Rotate Actors
[2018.10.23-10.35.19:414][ 11]LogEditorViewport: Clicking on Actor (LMB): StaticMeshActor (Floor4)
[2018.10.23-10.35.26:705][849]LogSlate: FSceneViewport::OnFocusLost() reason 0
[2018.10.23-10.35.27:606][954]LogEditorViewport: Clicking on Actor (LMB): StaticMeshActor (Floor4)
[2018.10.23-10.35.40:087][401]LogEditorViewport: Clicking on Actor (LMB): StaticMeshActor (Floor)
[2018.10.23-10.35.40:663][461]LogEditorViewport: Clicking on Actor (LMB): StaticMeshActor (Floor4)
[2018.10.23-10.35.42:099][618]Cmd: EDIT COPY
[2018.10.23-10.35.42:360][646]Cmd: EDIT PASTE
[2018.10.23-10.35.51:580][706]LogEditorViewport: Clicking on Actor (LMB): StaticMeshActor (Floor)
[2018.10.23-10.35.56:672][257]Cmd: TRANSACTION UNDO
[2018.10.23-10.35.56:672][257]LogEditorTransaction: Undo Move Actors
[2018.10.23-10.35.57:056][293]Cmd: EDIT COPY
[2018.10.23-10.35.57:311][318]Cmd: EDIT PASTE
[2018.10.23-10.36.00:943][739]LogEditorViewport: Clicking on Actor (LMB): BP_Sky_Sphere_C (Sky Sphere)
[2018.10.23-10.36.05:634][198]LogEditorViewport: Clicking on Actor (LMB): StaticMeshActor (Floor)
[2018.10.23-10.36.06:668][301]Cmd: DELETE
[2018.10.23-10.36.06:669][301]Cmd: ACTOR DELETE
[2018.10.23-10.36.06:688][301]LogEditorActor: Deleted Actor: StaticMeshActor
[2018.10.23-10.36.06:714][301]LogEditorActor: Deleted 1 Actors (0.046 secs)
[2018.10.23-10.36.07:998][455]Cmd: TRANSACTION UNDO
[2018.10.23-10.36.07:998][455]LogEditorTransaction: Undo Delete Actors
[2018.10.23-10.36.12:477][922]LogEditorViewport: Clicking on Actor (LMB): Pallo (Pallo1)
[2018.10.23-10.39.26:099][285]LogSlate: FSceneViewport::OnFocusLost() reason 0
[2018.10.23-10.39.54:198][625]LogSlate: FSceneViewport::OnFocusLost() reason 0
[2018.10.23-10.40.34:415][ 48]LogSlate: FSceneViewport::OnFocusLost() reason 0
[2018.10.23-10.40.37:673][421]LogSlate: FSceneViewport::OnFocusLost() reason 0
[2018.10.23-10.42.01:494][211]LogSlate: FSceneViewport::OnFocusLost() reason 0
[2018.10.23-10.42.05:416][230]LogSlate: Window 'Save Content' being destroyed
[2018.10.23-10.42.05:429][230]LogSlate: FSceneViewport::OnFocusLost() reason 2
[2018.10.23-10.42.10:226][230]LogTextFormatter: Warning: Failed to parse argument "ExistingAsset" as a number (using "0" as a fallback). Please check your format string for errors: "{ExistingAsset} already exists. Do you want to replace it?".
[2018.10.23-10.42.12:326][230]LogSlate: Window 'Message' being destroyed
[2018.10.23-10.42.12:330][230]LogSlate: Window 'Save Level As' being destroyed
[2018.10.23-10.42.12:436][230]Cmd: OBJ SAVEPACKAGE PACKAGE="/Game/Testikartta" FILE="../../../../../../Users/Mika/Documents/Unreal Projects/Unreal_Projekti/Content/Testikartta.umap" SILENT=true AUTOSAVING=false KEEPDIRTY=false
[2018.10.23-10.42.12:497][230]LogSavePackage: Moving '../../../../../../Users/Mika/Documents/Unreal Projects/Unreal_Projekti/Saved/Testikartta668DAD7F4D04B32BFFD7A491B7A9BB7D.tmp' to '../../../../../../Users/Mika/Documents/Unreal Projects/Unreal_Projekti/Content/Testikartta.umap'
[2018.10.23-10.42.12:522][230]LogFileHelpers: Saving map 'Testikartta' took 0.184
[2018.10.23-10.42.12:573][230]LogSlate: Window 'Unreal_Projekti - Unreal Editor' being destroyed
[2018.10.23-10.42.12:785][231]Cmd: QUIT_EDITOR
[2018.10.23-10.42.13:712][231]LogWindowsTextInputMethodSystem: Display: IME system now deactivated.
[2018.10.23-10.42.13:726][231]LogExit: Preparing to exit.
[2018.10.23-10.42.14:050][231]LogExit: Editor shut down
[2018.10.23-10.42.14:050][231]LogExit: Transaction tracking system shut down
[2018.10.23-10.42.14:512][231]LogExit: Object subsystem successfully closed.
[2018.10.23-10.42.14:535][231]LogShaderCompilers: Display: Shaders left to compile 0
[2018.10.23-10.42.14:539][231]LogD3D11RHI: Shutdown
[2018.10.23-10.42.14:539][231]LogD3D11RHI: CleanupD3DDevice
[2018.10.23-10.42.14:541][231]LogD3D11RHI: ~FD3D11DynamicRHI
[2018.10.23-10.42.14:552][231]LogModuleManager: Shutting down and abandoning module ExternalImagePicker (620)
[2018.10.23-10.42.14:552][231]LogModuleManager: Shutting down and abandoning module MovieSceneCapture (618)
[2018.10.23-10.42.14:552][231]LogModuleManager: Shutting down and abandoning module Voice (616)
[2018.10.23-10.42.14:552][231]LogModuleManager: Shutting down and abandoning module HierarchicalLODOutliner (614)
[2018.10.23-10.42.14:552][231]LogModuleManager: Shutting down and abandoning module SceneOutliner (612)
[2018.10.23-10.42.14:552][231]LogModuleManager: Shutting down and abandoning module AddContentDialog (610)
[2018.10.23-10.42.14:554][231]LogModuleManager: Shutting down and abandoning module WidgetCarousel (609)
[2018.10.23-10.42.14:554][231]LogModuleManager: Shutting down and abandoning module EditorWidgets (606)
[2018.10.23-10.42.14:554][231]LogModuleManager: Shutting down and abandoning module CollectionManager (604)
[2018.10.23-10.42.14:556][231]LogModuleManager: Shutting down and abandoning module HierarchicalLODUtilities (602)
[2018.10.23-10.42.14:556][231]LogModuleManager: Shutting down and abandoning module StatsViewer (600)
[2018.10.23-10.42.14:556][231]LogModuleManager: Shutting down and abandoning module FoliageEdit (598)
[2018.10.23-10.42.14:556][231]LogModuleManager: Shutting down and abandoning module LandscapeEditor (596)
[2018.10.23-10.42.14:556][231]LogModuleManager: Shutting down and abandoning module MeshPaintMode (594)
[2018.10.23-10.42.14:556][231]LogModuleManager: Shutting down and abandoning module SceneDepthPickerMode (592)
[2018.10.23-10.42.14:556][231]LogModuleManager: Shutting down and abandoning module ActorPickerMode (590)
[2018.10.23-10.42.14:556][231]LogModuleManager: Shutting down and abandoning module GeometryMode (588)
[2018.10.23-10.42.14:556][231]LogModuleManager: Shutting down and abandoning module TextureAlignMode (586)
[2018.10.23-10.42.14:557][231]LogModuleManager: Shutting down and abandoning module BspMode (584)
[2018.10.23-10.42.14:557][231]LogModuleManager: Shutting down and abandoning module PIEPreviewDeviceProfileSelector (582)
[2018.10.23-10.42.14:557][231]LogModuleManager: Shutting down and abandoning module SequenceRecorderSections (580)
[2018.10.23-10.42.14:557][231]LogModuleManager: Shutting down and abandoning module AutomationWorker (578)
[2018.10.23-10.42.14:557][231]LogModuleManager: Shutting down and abandoning module AudioCaptureEditor (576)
[2018.10.23-10.42.14:557][231]LogModuleManager: Shutting down and abandoning module SequenceRecorder (575)
[2018.10.23-10.42.14:557][231]LogModuleManager: Shutting down and abandoning module MatineeToLevelSequence (572)
[2018.10.23-10.42.14:557][231]LogModuleManager: Shutting down and abandoning module LevelSequenceEditor (570)
[2018.10.23-10.42.14:558][231]LogModuleManager: Shutting down and abandoning module PlacementMode (569)
[2018.10.23-10.42.14:558][231]LogModuleManager: Shutting down and abandoning module MaterialEditor (568)
[2018.10.23-10.42.14:558][231]LogModuleManager: Shutting down and abandoning module WmfMediaFactory (564)
[2018.10.23-10.42.14:558][231]LogModuleManager: Shutting down and abandoning module WmfMediaEditor (562)
[2018.10.23-10.42.14:558][231]LogModuleManager: Shutting down and abandoning module MediaPlayerEditor (560)
[2018.10.23-10.42.14:558][231]LogModuleManager: Shutting down and abandoning module OpenExrWrapper (558)
[2018.10.23-10.42.14:558][231]LogModuleManager: Shutting down and abandoning module ImgMediaFactory (556)
[2018.10.23-10.42.14:559][231]LogModuleManager: Shutting down and abandoning module ImgMediaEditor (554)
[2018.10.23-10.42.14:559][231]LogModuleManager: Shutting down and abandoning module AvfMediaFactory (552)
[2018.10.23-10.42.14:559][231]LogModuleManager: Shutting down and abandoning module AvfMediaEditor (550)
[2018.10.23-10.42.14:559][231]LogModuleManager: Shutting down and abandoning module AndroidMediaFactory (548)
[2018.10.23-10.42.14:559][231]LogModuleManager: Shutting down and abandoning module AndroidMediaEditor (546)
[2018.10.23-10.42.14:559][231]LogModuleManager: Shutting down and abandoning module MagicLeapCameraPreviewFactory (544)
[2018.10.23-10.42.14:559][231]LogModuleManager: Shutting down and abandoning module MagicLeapMediaFactory (542)
[2018.10.23-10.42.14:560][231]LogModuleManager: Shutting down and abandoning module MagicLeapMediaEditor (540)
[2018.10.23-10.42.14:560][231]LogModuleManager: Shutting down and abandoning module CharacterAI (538)
[2018.10.23-10.42.14:560][231]LogModuleManager: Shutting down and abandoning module SmartSnapping (536)
[2018.10.23-10.42.14:560][231]LogModuleManager: Shutting down and abandoning module SessionServices (534)
[2018.10.23-10.42.14:560][231]LogModuleManager: Shutting down and abandoning module ViewportSnapping (532)
[2018.10.23-10.42.14:560][231]LogModuleManager: Shutting down and abandoning module ViewportInteraction (530)
[2018.10.23-10.42.14:560][231]LogModuleManager: Shutting down and abandoning module ClothPainter (528)
[2018.10.23-10.42.14:560][231]LogModuleManager: Shutting down and abandoning module SkeletalMeshEditor (527)
[2018.10.23-10.42.14:560][231]LogModuleManager: Shutting down and abandoning module LogVisualizer (524)
[2018.10.23-10.42.14:560][231]LogModuleManager: Shutting down and abandoning module IntroTutorials (522)
[2018.10.23-10.42.14:561][231]LogModuleManager: Shutting down and abandoning module GameProjectGeneration (521)
[2018.10.23-10.42.14:561][231]LogModuleManager: Shutting down and abandoning module LuminPlatformEditor (518)
[2018.10.23-10.42.14:561][231]LogModuleManager: Shutting down and abandoning module IOSPlatformEditor (516)
[2018.10.23-10.42.14:561][231]LogModuleManager: Shutting down and abandoning module HTML5PlatformEditor (514)
[2018.10.23-10.42.14:561][231]LogModuleManager: Shutting down and abandoning module AndroidPlatformEditor (512)
[2018.10.23-10.42.14:561][231]LogModuleManager: Shutting down and abandoning module AndroidDeviceDetection (511)
[2018.10.23-10.42.15:374][231]LogModuleManager: Shutting down and abandoning module WindowsPlatformEditor (508)
[2018.10.23-10.42.15:374][231]LogModuleManager: Shutting down and abandoning module LuminRuntimeSettings (506)
[2018.10.23-10.42.15:374][231]LogModuleManager: Shutting down and abandoning module IOSRuntimeSettings (504)
[2018.10.23-10.42.15:375][231]LogModuleManager: Shutting down and abandoning module AndroidRuntimeSettings (502)
[2018.10.23-10.42.15:375][231]LogModuleManager: Shutting down and abandoning module InputBindingEditor (500)
[2018.10.23-10.42.15:375][231]LogModuleManager: Shutting down and abandoning module MergeActors (498)
[2018.10.23-10.42.15:375][231]LogModuleManager: Shutting down and abandoning module LocalizationDashboard (496)
[2018.10.23-10.42.15:375][231]LogModuleManager: Shutting down and abandoning module LocalizationService (495)
[2018.10.23-10.42.15:375][231]LogModuleManager: Shutting down and abandoning module HardwareTargeting (492)
[2018.10.23-10.42.15:376][231]LogModuleManager: Shutting down and abandoning module DeviceProfileEditor (490)
[2018.10.23-10.42.15:376][231]LogModuleManager: Shutting down and abandoning module UndoHistory (488)
[2018.10.23-10.42.15:376][231]LogModuleManager: Shutting down and abandoning module XmlParser (486)
[2018.10.23-10.42.15:376][231]LogModuleManager: Shutting down and abandoning module Blutility (484)
[2018.10.23-10.42.15:376][231]LogModuleManager: Shutting down and abandoning module ProjectSettingsViewer (482)
[2018.10.23-10.42.15:376][231]LogModuleManager: Shutting down and abandoning module ProjectTargetPlatformEditor (481)
[2018.10.23-10.42.15:376][231]LogModuleManager: Shutting down and abandoning module EditorSettingsViewer (478)
[2018.10.23-10.42.15:376][231]LogModuleManager: Shutting down and abandoning module SettingsEditor (476)
[2018.10.23-10.42.15:377][231]LogModuleManager: Shutting down and abandoning module ProjectLauncher (474)
[2018.10.23-10.42.15:377][231]LogModuleManager: Shutting down and abandoning module SessionFrontend (472)
[2018.10.23-10.42.15:377][231]LogModuleManager: Shutting down and abandoning module ProfilerClient (470)
[2018.10.23-10.42.15:377][231]LogModuleManager: Shutting down and abandoning module DeviceManager (468)
[2018.10.23-10.42.15:377][231]LogModuleManager: Shutting down and abandoning module TargetDeviceServices (467)
[2018.10.23-10.42.15:432][231]LogModuleManager: Shutting down and abandoning module AutomationController (464)
[2018.10.23-10.42.15:435][231]LogModuleManager: Shutting down and abandoning module AutomationWindow (462)
[2018.10.23-10.42.15:436][231]LogModuleManager: Shutting down and abandoning module Layers (460)
[2018.10.23-10.42.15:438][231]LogModuleManager: Shutting down and abandoning module ComponentVisualizers (458)
[2018.10.23-10.42.15:438][231]LogModuleManager: Shutting down and abandoning module DetailCustomizations (456)
[2018.10.23-10.42.15:438][231]LogModuleManager: Shutting down and abandoning module PackagesDialog (454)
[2018.10.23-10.42.15:439][231]LogModuleManager: Shutting down and abandoning module Persona (452)
[2018.10.23-10.42.15:439][231]LogModuleManager: Shutting down and abandoning module AdvancedPreviewScene (451)
[2018.10.23-10.42.15:440][231]LogModuleManager: Shutting down and abandoning module AnimGraph (449)
[2018.10.23-10.42.15:440][231]LogModuleManager: Shutting down and abandoning module Kismet (446)
[2018.10.23-10.42.15:442][231]LogModuleManager: Shutting down and abandoning module GraphEditor (444)
[2018.10.23-10.42.15:442][231]LogModuleManager: Shutting down and abandoning module ClassViewer (442)
[2018.10.23-10.42.15:442][231]LogModuleManager: Shutting down and abandoning module Toolbox (440)
[2018.10.23-10.42.15:442][231]LogModuleManager: Shutting down and abandoning module DesktopPlatform (439)
[2018.10.23-10.42.15:442][231]LogModuleManager: Shutting down and abandoning module ModuleUI (436)
[2018.10.23-10.42.15:443][231]LogModuleManager: Shutting down and abandoning module MovieSceneTools (434)
[2018.10.23-10.42.15:443][231]LogModuleManager: Shutting down and abandoning module OutputLog (432)
[2018.10.23-10.42.15:444][231]LogModuleManager: Shutting down and abandoning module GammaUI (430)
[2018.10.23-10.42.15:445][231]LogModuleManager: Shutting down and abandoning module Documentation (428)
[2018.10.23-10.42.15:446][231]LogModuleManager: Shutting down and abandoning module MovieSceneTracks (426)
[2018.10.23-10.42.15:446][231]LogModuleManager: Shutting down and abandoning module MovieScene (424)
[2018.10.23-10.42.15:446][231]LogModuleManager: Shutting down and abandoning module StreamingPauseRendering (422)
[2018.10.23-10.42.15:446][231]LogModuleManager: Shutting down and abandoning module LauncherPlatform (420)
[2018.10.23-10.42.15:447][231]LogModuleManager: Shutting down and abandoning module AnalyticsET (418)
[2018.10.23-10.42.15:447][231]LogModuleManager: Shutting down and abandoning module PortalServices (416)
[2018.10.23-10.42.15:447][231]LogModuleManager: Shutting down and abandoning module PortalRpc (414)
[2018.10.23-10.42.15:447][231]LogModuleManager: Shutting down and abandoning module MessagingRpc (412)
[2018.10.23-10.42.15:448][231]LogModuleManager: Shutting down and abandoning module AIModule (410)
[2018.10.23-10.42.15:448][231]LogModuleManager: Shutting down and abandoning module GameplayDebugger (409)
[2018.10.23-10.42.15:448][231]LogModuleManager: Shutting down and abandoning module AITestSuite (407)
[2018.10.23-10.42.15:448][231]LogModuleManager: Shutting down and abandoning module NavigationSystem (405)
[2018.10.23-10.42.15:448][231]LogModuleManager: Shutting down and abandoning module ProfilerService (402)
[2018.10.23-10.42.15:672][231]LogModuleManager: Shutting down and abandoning module TaskGraph (400)
[2018.10.23-10.42.15:672][231]LogModuleManager: Shutting down and abandoning module SteamVRController (398)
[2018.10.23-10.42.15:672][231]LogModuleManager: Shutting down and abandoning module ProceduralMeshComponentEditor (396)
[2018.10.23-10.42.15:672][231]LogModuleManager: Shutting down and abandoning module ProceduralMeshComponent (394)
[2018.10.23-10.42.15:672][231]LogModuleManager: Shutting down and abandoning module OculusInput (392)
[2018.10.23-10.42.15:673][231]LogModuleManager: Shutting down and abandoning module MobilePatchingUtils (390)
[2018.10.23-10.42.15:673][231]LogModuleManager: Shutting down and abandoning module EditableMesh (388)
[2018.10.23-10.42.15:673][231]LogModuleManager: Shutting down and abandoning module CustomMeshComponent (386)
[2018.10.23-10.42.15:673][231]LogModuleManager: Shutting down and abandoning module CableComponent (384)
[2018.10.23-10.42.15:673][231]LogModuleManager: Shutting down and abandoning module AudioCapture (382)
[2018.10.23-10.42.15:673][231]LogModuleManager: Shutting down and abandoning module ArchVisCharacter (380)
[2018.10.23-10.42.15:673][231]LogModuleManager: Shutting down and abandoning module AndroidPermission (378)
[2018.10.23-10.42.15:674][231]LogModuleManager: Shutting down and abandoning module NUTUnrealEngine4 (376)
[2018.10.23-10.42.15:674][231]LogModuleManager: Shutting down and abandoning module NetcodeUnitTest (374)
[2018.10.23-10.42.15:674][231]LogModuleManager: Shutting down and abandoning module MediaCompositingEditor (372)
[2018.10.23-10.42.15:674][231]LogModuleManager: Shutting down and abandoning module MediaCompositing (370)
[2018.10.23-10.42.15:674][231]LogModuleManager: Shutting down and abandoning module LinearTimecode (368)
[2018.10.23-10.42.15:674][231]LogModuleManager: Shutting down and abandoning module ImgMedia (366)
[2018.10.23-10.42.15:682][231]LogModuleManager: Shutting down and abandoning module HTML5Networking (364)
[2018.10.23-10.42.15:682][231]LogModuleManager: Shutting down and abandoning module GeometryCacheTracks (362)
[2018.10.23-10.42.15:682][231]LogModuleManager: Shutting down and abandoning module GeometryCacheSequencer (360)
[2018.10.23-10.42.15:682][231]LogModuleManager: Shutting down and abandoning module BackChannel (358)
[2018.10.23-10.42.15:682][231]LogModuleManager: Shutting down and abandoning module AppleVision (356)
[2018.10.23-10.42.15:682][231]LogModuleManager: Shutting down and abandoning module AppleImageUtils (354)
[2018.10.23-10.42.15:683][231]LogModuleManager: Shutting down and abandoning module AlembicImporter (352)
[2018.10.23-10.42.15:683][231]LogModuleManager: Shutting down and abandoning module AlembicLibrary (351)
[2018.10.23-10.42.15:683][231]LogModuleManager: Shutting down and abandoning module GeometryCache (350)
[2018.10.23-10.42.15:683][231]LogModuleManager: Shutting down and abandoning module GeometryCacheEd (349)
[2018.10.23-10.42.15:683][231]LogModuleManager: Shutting down and abandoning module DatasmithContentEditor (344)
[2018.10.23-10.42.15:683][231]LogModuleManager: Shutting down and abandoning module DatasmithContent (342)
[2018.10.23-10.42.15:684][231]LogModuleManager: Shutting down and abandoning module SpeedTreeImporter (340)
[2018.10.23-10.42.15:684][231]LogModuleManager: Shutting down and abandoning module PluginBrowser (338)
[2018.10.23-10.42.15:684][231]LogModuleManager: Shutting down and abandoning module MobileLauncherProfileWizard (336)
[2018.10.23-10.42.15:684][231]LogModuleManager: Shutting down and abandoning module PolygonModeling (334)
[2018.10.23-10.42.15:684][231]LogModuleManager: Shutting down and abandoning module MeshEditor (332)
[2018.10.23-10.42.15:684][231]LogModuleManager: Shutting down and abandoning module CryptoKeysOpenSSL (330)
[2018.10.23-10.42.15:684][231]LogModuleManager: Shutting down and abandoning module CryptoKeys (328)
[2018.10.23-10.42.15:684][231]LogModuleManager: Shutting down and abandoning module VisualStudioSourceCodeAccess (326)
[2018.10.23-10.42.15:684][231]LogModuleManager: Shutting down and abandoning module VisualStudioCodeSourceCodeAccess (324)
[2018.10.23-10.42.15:684][231]LogModuleManager: Shutting down and abandoning module UObjectPlugin (322)
[2018.10.23-10.42.15:684][231]LogModuleManager: Shutting down and abandoning module SubversionSourceControl (320)
[2018.10.23-10.42.15:684][231]LogModuleManager: Shutting down and abandoning module PerforceSourceControl (318)
[2018.10.23-10.42.15:685][231]LogModuleManager: Shutting down and abandoning module GitSourceControl (316)
[2018.10.23-10.42.15:685][231]LogModuleManager: Shutting down and abandoning module SourceControl (315)
[2018.10.23-10.42.15:685][231]LogModuleManager: Shutting down and abandoning module CLionSourceCodeAccess (312)
[2018.10.23-10.42.15:685][231]LogModuleManager: Shutting down and abandoning module LightPropagationVolumeEditor (310)
[2018.10.23-10.42.15:685][231]LogModuleManager: Shutting down and abandoning module PaperTiledImporter (308)
[2018.10.23-10.42.15:685][231]LogModuleManager: Shutting down and abandoning module PaperSpriteSheetImporter (306)
[2018.10.23-10.42.15:685][231]LogModuleManager: Shutting down and abandoning module Paper2DEditor (304)
[2018.10.23-10.42.15:685][231]LogModuleManager: Shutting down and abandoning module MeshPaint (303)
[2018.10.23-10.42.15:685][231]LogModuleManager: Shutting down and abandoning module Unreal_Projekti (300)
[2018.10.23-10.42.15:687][231]LogModuleManager: Shutting down and abandoning module RuntimePhysXCooking (298)
[2018.10.23-10.42.15:687][231]LogModuleManager: Shutting down and abandoning module PhysXVehiclesEditor (296)
[2018.10.23-10.42.15:687][231]LogModuleManager: Shutting down and abandoning module PhysXVehicles (294)
[2018.10.23-10.42.15:687][231]LogModuleManager: Shutting down and abandoning module OculusEditor (292)
[2018.10.23-10.42.15:688][231]LogModuleManager: Shutting down and abandoning module LocationServicesBPLibrary (290)
[2018.10.23-10.42.15:688][231]LogModuleManager: Shutting down and abandoning module ImmediatePhysicsEditor (288)
[2018.10.23-10.42.15:688][231]LogModuleManager: Shutting down and abandoning module ImmediatePhysics (286)
[2018.10.23-10.42.15:688][231]LogModuleManager: Shutting down and abandoning module ActorSequence (284)
[2018.10.23-10.42.15:688][231]LogModuleManager: Shutting down and abandoning module UdpMessaging (282)
[2018.10.23-10.42.15:789][231]LogModuleManager: Shutting down and abandoning module TcpMessaging (280)
[2018.10.23-10.42.15:890][231]LogModuleManager: Shutting down and abandoning module MagicLeapAudio (278)
[2018.10.23-10.42.15:890][231]LogModuleManager: Shutting down and abandoning module GameplayTagsEditor (276)
[2018.10.23-10.42.15:890][231]LogModuleManager: Shutting down and abandoning module FacialAnimationEditor (274)
[2018.10.23-10.42.15:890][231]LogModuleManager: Shutting down and abandoning module FacialAnimation (272)
[2018.10.23-10.42.15:890][231]LogModuleManager: Shutting down and abandoning module DataValidation (270)
[2018.10.23-10.42.15:890][231]LogModuleManager: Shutting down and abandoning module AssetManagerEditor (268)
[2018.10.23-10.42.15:890][231]LogModuleManager: Shutting down and abandoning module LevelEditor (267)
[2018.10.23-10.42.15:891][231]LogModuleManager: Shutting down and abandoning module PixelInspectorModule (266)
[2018.10.23-10.42.15:891][231]LogModuleManager: Shutting down and abandoning module CommonMenuExtensions (264)
[2018.10.23-10.42.15:891][231]LogModuleManager: Shutting down and abandoning module MainFrame (262)
[2018.10.23-10.42.15:892][231]LogModuleManager: Shutting down and abandoning module HotReload (261)
[2018.10.23-10.42.15:892][231]LogModuleManager: Shutting down and abandoning module ContentBrowser (257)
[2018.10.23-10.42.15:893][231]LogModuleManager: Shutting down and abandoning module TreeMap (255)
[2018.10.23-10.42.15:893][231]LogModuleManager: Shutting down and abandoning module LightPropagationVolumeRuntime (252)
[2018.10.23-10.42.15:893][231]LogModuleManager: Shutting down and abandoning module AISupportModule (250)
[2018.10.23-10.42.15:893][231]LogModuleManager: Shutting down and abandoning module Paper2D (248)
[2018.10.23-10.42.15:893][231]LogModuleManager: Shutting down and abandoning module WindowsMoviePlayer (246)
[2018.10.23-10.42.15:893][231]LogModuleManager: Shutting down and abandoning module WmfMedia (244)
[2018.10.23-10.42.15:895][231]LogModuleManager: Shutting down and abandoning module Media (243)
[2018.10.23-10.42.15:904][231]LogModuleManager: Shutting down and abandoning module PacketHandler (240)
[2018.10.23-10.42.15:904][231]LogModuleManager: Shutting down and abandoning module ClothingSystemEditor (238)
[2018.10.23-10.42.15:904][231]LogModuleManager: Shutting down and abandoning module ClothingSystemRuntime (236)
[2018.10.23-10.42.15:904][231]LogModuleManager: Shutting down and abandoning module MediaAssets (234)
[2018.10.23-10.42.15:904][231]LogModuleManager: Shutting down and abandoning module Overlay (232)
[2018.10.23-10.42.15:904][231]LogModuleManager: Shutting down and abandoning module OverlayEditor (231)
[2018.10.23-10.42.15:905][231]LogModuleManager: Shutting down and abandoning module VREditor (228)
[2018.10.23-10.42.15:905][231]LogModuleManager: Shutting down and abandoning module StringTableEditor (226)
[2018.10.23-10.42.15:905][231]LogModuleManager: Shutting down and abandoning module GameplayTasksEditor (224)
[2018.10.23-10.42.15:905][231]LogModuleManager: Shutting down and abandoning module BehaviorTreeEditor (222)
[2018.10.23-10.42.15:905][231]LogModuleManager: Shutting down and abandoning module FunctionalTesting (220)
[2018.10.23-10.42.15:905][231]LogModuleManager: Shutting down and abandoning module CollisionAnalyzer (218)
[2018.10.23-10.42.15:905][231]LogModuleManager: Shutting down and abandoning module WorkspaceMenuStructure (217)
[2018.10.23-10.42.15:906][231]LogModuleManager: Shutting down and abandoning module UMG (214)
[2018.10.23-10.42.15:906][231]LogModuleManager: Shutting down and abandoning module UMGEditor (213)
[2018.10.23-10.42.15:906][231]LogModuleManager: Shutting down and abandoning module Sequencer (212)
[2018.10.23-10.42.15:906][231]LogModuleManager: Shutting down and abandoning module MessageLog (209)
[2018.10.23-10.42.15:906][231]LogModuleManager: Shutting down and abandoning module SlateReflector (204)
[2018.10.23-10.42.15:906][231]LogModuleManager: Shutting down and abandoning module Slate (202)
[2018.10.23-10.42.15:906][231]LogModuleManager: Shutting down and abandoning module EditorStyle (200)
[2018.10.23-10.42.15:909][231]LogModuleManager: Shutting down and abandoning module MRMesh (198)
[2018.10.23-10.42.15:909][231]LogModuleManager: Shutting down and abandoning module SourceCodeAccess (196)
[2018.10.23-10.42.15:909][231]LogModuleManager: Shutting down and abandoning module HeadMountedDisplay (194)
[2018.10.23-10.42.15:909][231]LogModuleManager: Shutting down and abandoning module XAudio2 (192)
[2018.10.23-10.42.15:909][231]LogModuleManager: Shutting down and abandoning module Networking (190)
[2018.10.23-10.42.15:909][231]LogModuleManager: Shutting down and abandoning module Core (188)
[2018.10.23-10.42.15:909][231]LogModuleManager: Shutting down and abandoning module LevelSequence (186)
[2018.10.23-10.42.15:910][231]LogModuleManager: Shutting down and abandoning module KismetCompiler (184)
[2018.10.23-10.42.15:910][231]LogModuleManager: Shutting down and abandoning module MeshUtilities (182)
[2018.10.23-10.42.15:910][231]LogModuleManager: Shutting down and abandoning module MeshMergeUtilities (181)
[2018.10.23-10.42.15:910][231]LogModuleManager: Shutting down and abandoning module MeshReductionInterface (180)
[2018.10.23-10.42.15:910][231]LogModuleManager: Shutting down and abandoning module SimplygonSwarm (179)
[2018.10.23-10.42.15:910][231]LogModuleManager: Shutting down and abandoning module ProxyLODMeshReduction (177)
[2018.10.23-10.42.15:910][231]LogModuleManager: Shutting down and abandoning module SimplygonMeshReduction (175)
[2018.10.23-10.42.15:910][231]LogModuleManager: Shutting down and abandoning module QuadricMeshReduction (173)
[2018.10.23-10.42.15:910][231]LogModuleManager: Shutting down and abandoning module MaterialBaking (169)
[2018.10.23-10.42.15:911][231]LogModuleManager: Shutting down and abandoning module DirectoryWatcher (165)
[2018.10.23-10.42.15:911][231]LogModuleManager: Shutting down and abandoning module DerivedDataCache (162)
[2018.10.23-10.42.15:961][231]LogDerivedDataCache: Shutdown
[2018.10.23-10.42.15:961][231]LogModuleManager: Shutting down and abandoning module XGEController (160)
[2018.10.23-10.42.15:961][231]LogXGEController: Cleaning working directory: C:/Users/Mika/AppData/Local/Temp/UnrealXGEWorkingDir/
[2018.10.23-10.42.15:961][231]LogModuleManager: Shutting down and abandoning module TargetPlatform (158)
[2018.10.23-10.42.15:962][231]LogModuleManager: Shutting down and abandoning module VulkanShaderFormat (157)
[2018.10.23-10.42.15:962][231]LogModuleManager: Shutting down and abandoning module ShaderFormatVectorVM (155)
[2018.10.23-10.42.15:962][231]LogModuleManager: Shutting down and abandoning module ShaderFormatOpenGL (153)
[2018.10.23-10.42.15:962][231]LogModuleManager: Shutting down and abandoning module ShaderFormatD3D (151)
[2018.10.23-10.42.15:962][231]LogModuleManager: Shutting down and abandoning module MetalShaderFormat (149)
[2018.10.23-10.42.15:962][231]LogModuleManager: Shutting down and abandoning module TextureFormatUncompressed (147)
[2018.10.23-10.42.15:963][231]LogModuleManager: Shutting down and abandoning module TextureFormatPVR (145)
[2018.10.23-10.42.15:963][231]LogModuleManager: Shutting down and abandoning module TextureFormatDXT (143)
[2018.10.23-10.42.15:963][231]LogModuleManager: Shutting down and abandoning module TextureFormatIntelISPCTexComp (141)
[2018.10.23-10.42.15:966][231]LogModuleManager: Shutting down and abandoning module TextureFormatASTC (139)
[2018.10.23-10.42.15:966][231]LogModuleManager: Shutting down and abandoning module ImageWrapper (138)
[2018.10.23-10.42.15:966][231]LogModuleManager: Shutting down and abandoning module TextureFormatAndroid (135)
[2018.10.23-10.42.15:966][231]LogModuleManager: Shutting down and abandoning module AudioFormatOpus (133)
[2018.10.23-10.42.15:966][231]LogModuleManager: Shutting down and abandoning module AudioFormatOgg (131)
[2018.10.23-10.42.15:966][231]LogModuleManager: Shutting down and abandoning module AudioFormatADPCM (129)
[2018.10.23-10.42.15:966][231]LogModuleManager: Shutting down and abandoning module LuminTargetPlatform (127)
[2018.10.23-10.42.15:966][231]LogModuleManager: Shutting down and abandoning module LinuxTargetPlatform (125)
[2018.10.23-10.42.15:967][231]LogModuleManager: Shutting down and abandoning module LinuxServerTargetPlatform (123)
[2018.10.23-10.42.15:967][231]LogModuleManager: Shutting down and abandoning module LinuxNoEditorTargetPlatform (121)
[2018.10.23-10.42.15:967][231]LogModuleManager: Shutting down and abandoning module LinuxClientTargetPlatform (119)
[2018.10.23-10.42.15:967][231]LogModuleManager: Shutting down and abandoning module TVOSTargetPlatform (117)
[2018.10.23-10.42.15:968][231]LogModuleManager: Shutting down and abandoning module Messaging (115)
[2018.10.23-10.42.15:968][231]LogModuleManager: Shutting down and abandoning module IOSTargetPlatform (113)
[2018.10.23-10.42.15:969][231]LogModuleManager: Shutting down and abandoning module HTML5TargetPlatform (111)
[2018.10.23-10.42.15:969][231]LogModuleManager: Shutting down and abandoning module AndroidTargetPlatform (109)
[2018.10.23-10.42.15:979][231]LogModuleManager: Shutting down and abandoning module WindowsTargetPlatform (107)
[2018.10.23-10.42.15:979][231]LogModuleManager: Shutting down and abandoning module WindowsServerTargetPlatform (105)
[2018.10.23-10.42.15:980][231]LogModuleManager: Shutting down and abandoning module WindowsNoEditorTargetPlatform (103)
[2018.10.23-10.42.15:980][231]LogModuleManager: Shutting down and abandoning module WindowsClientTargetPlatform (101)
[2018.10.23-10.42.15:980][231]LogModuleManager: Shutting down and abandoning module MacTargetPlatform (99)
[2018.10.23-10.42.15:980][231]LogModuleManager: Shutting down and abandoning module MacServerTargetPlatform (97)
[2018.10.23-10.42.15:980][231]LogModuleManager: Shutting down and abandoning module MacNoEditorTargetPlatform (95)
[2018.10.23-10.42.15:980][231]LogModuleManager: Shutting down and abandoning module MacClientTargetPlatform (93)
[2018.10.23-10.42.15:980][231]LogModuleManager: Shutting down and abandoning module AllDesktopTargetPlatform (91)
[2018.10.23-10.42.15:980][231]LogModuleManager: Shutting down and abandoning module InputCore (88)
[2018.10.23-10.42.15:980][231]LogModuleManager: Shutting down and abandoning module Settings (86)
[2018.10.23-10.42.15:981][231]LogModuleManager: Shutting down and abandoning module PhysXCooking (84)
[2018.10.23-10.42.15:981][231]LogModuleManager: Shutting down and abandoning module SteamVR (82)
[2018.10.23-10.42.15:981][231]LogModuleManager: Shutting down and abandoning module OculusHMD (80)
[2018.10.23-10.42.15:981][231]LogModuleManager: Shutting down and abandoning module ExampleDeviceProfileSelector (78)
[2018.10.23-10.42.15:981][231]LogModuleManager: Shutting down and abandoning module LauncherChunkInstaller (76)
[2018.10.23-10.42.15:981][231]LogModuleManager: Shutting down and abandoning module OnlineBlueprintSupport (74)
[2018.10.23-10.42.15:981][231]LogModuleManager: Shutting down and abandoning module OnlineSubsystem (70)
[2018.10.23-10.42.15:983][231]LogModuleManager: Shutting down and abandoning module XMPP (65)
[2018.10.23-10.42.15:983][231]LogModuleManager: Shutting down and abandoning module WebSockets (64)
[2018.10.23-10.42.16:020][231]LogModuleManager: Shutting down and abandoning module HTTP (61)
[2018.10.23-10.42.16:020][231]LogHttp: Display: Http module shutting down, but needs to wait on 1 outstanding Http requests:
[2018.10.23-10.42.16:021][231]LogHttp: Display: 	verb=[POST] url=[https://datarouter.ol.epicgames.com/datarouter/api/v1/public/data?SessionID=%7B8A02A341-4B2B-E102-68D0-12B8F46F57FE%7D&AppID=UEEditor.Rocket.Release&AppVersion=4.20.3-4369336%2B%2B%2BUE4%2BRelease-4.20&UserID=1efc369d420bcfe3ade55aa125a5d260%7Cb330d9178038414b88190f046419eaec%7C683c1d4b-4133-4a89-8092-53e72ab21a90&AppEnvironment=datacollector-binary&UploadType=eteventstream] status=Processing
[2018.10.23-10.42.16:033][231]LogModuleManager: Shutting down and abandoning module SSL (60)
[2018.10.23-10.42.16:034][231]LogModuleManager: Shutting down and abandoning module MagicLeapEmulator (56)
[2018.10.23-10.42.16:034][231]LogModuleManager: Shutting down and abandoning module MagicLeapPrivileges (54)
[2018.10.23-10.42.16:034][231]LogModuleManager: Shutting down and abandoning module MagicLeapIdentity (52)
[2018.10.23-10.42.16:034][231]LogModuleManager: Shutting down and abandoning module MagicLeapHelperVulkan (50)
[2018.10.23-10.42.16:034][231]LogModuleManager: Shutting down and abandoning module MagicLeapHelperOpenGL (48)
[2018.10.23-10.42.16:034][231]LogModuleManager: Shutting down and abandoning module MagicLeapSecureStorage (46)
[2018.10.23-10.42.16:034][231]LogModuleManager: Shutting down and abandoning module MagicLeapGestures (44)
[2018.10.23-10.42.16:034][231]LogModuleManager: Shutting down and abandoning module MagicLeapEyeTracker (42)
[2018.10.23-10.42.16:034][231]LogModuleManager: Shutting down and abandoning module MagicLeapController (40)
[2018.10.23-10.42.16:035][231]LogSlate: Slate User Destroyed.  User Index 0, Is Virtual User: 0
[2018.10.23-10.42.16:035][231]LogModuleManager: Shutting down and abandoning module MagicLeap (38)
[2018.10.23-10.42.16:035][231]LogModuleManager: Shutting down and abandoning module AnimationModifiers (36)
[2018.10.23-10.42.16:035][231]LogModuleManager: Shutting down and abandoning module PropertyEditor (35)
[2018.10.23-10.42.16:035][231]LogModuleManager: Shutting down and abandoning module AudioEditor (32)
[2018.10.23-10.42.16:035][231]LogModuleManager: Shutting down and abandoning module TextureCompressor (30)
[2018.10.23-10.42.16:039][231]LogModuleManager: Shutting down and abandoning module ShaderCore (28)
[2018.10.23-10.42.16:040][231]LogModuleManager: Shutting down and abandoning module Landscape (26)
[2018.10.23-10.42.16:040][231]LogModuleManager: Shutting down and abandoning module SlateRHIRenderer (24)
[2018.10.23-10.42.16:041][231]LogModuleManager: Shutting down and abandoning module OpenGLDrv (22)
[2018.10.23-10.42.16:041][231]LogModuleManager: Shutting down and abandoning module D3D11RHI (20)
[2018.10.23-10.42.16:041][231]LogModuleManager: Shutting down and abandoning module AnimGraphRuntime (18)
[2018.10.23-10.42.16:042][231]LogModuleManager: Shutting down and abandoning module Renderer (16)
[2018.10.23-10.42.16:042][231]LogModuleManager: Shutting down and abandoning module Engine (14)
[2018.10.23-10.42.16:042][231]LogModuleManager: Shutting down and abandoning module CoreUObject (12)
[2018.10.23-10.42.16:042][231]LogModuleManager: Shutting down and abandoning module NetworkFile (10)
[2018.10.23-10.42.16:042][231]LogModuleManager: Shutting down and abandoning module CookedIterativeFile (8)
[2018.10.23-10.42.16:042][231]LogModuleManager: Shutting down and abandoning module StreamingFile (6)
[2018.10.23-10.42.16:042][231]LogModuleManager: Shutting down and abandoning module SandboxFile (4)
[2018.10.23-10.42.16:043][231]LogModuleManager: Shutting down and abandoning module PakFile (2)
[2018.10.23-10.42.16:059][231]LogExit: Exiting.
[2018.10.23-10.42.16:080][231]Log file closed, 10/23/18 13:42:16
