Log file open, 10/23/18 13:42:34
LogWindows: Failed to load 'aqProf.dll' (GetLastError=126)
LogWindows: File 'aqProf.dll' does not exist
LogWindows: Failed to load 'VtuneApi.dll' (GetLastError=126)
LogWindows: File 'VtuneApi.dll' does not exist
LogWindows: Failed to load 'VtuneApi32e.dll' (GetLastError=126)
LogWindows: File 'VtuneApi32e.dll' does not exist
LogInit: Display: Running engine for game: Unreal_Projekti
LogPlatformFile: Not using cached read wrapper
LogTaskGraph: Started task graph with 5 named threads and 14 total threads with 3 sets of task threads.
LogStats: Stats thread started at 0.331182
LogD3D11RHI: Loaded GFSDK_Aftermath_Lib.x64.dll
LogICUInternationalization: Display: ICU TimeZone Detection - Raw Offset: +2:00, Platform Override: ''
LogPluginManager: Mounting plugin Paper2D
LogPluginManager: Mounting plugin AISupport
LogPluginManager: Mounting plugin LightPropagationVolume
LogPluginManager: Mounting plugin CLionSourceCodeAccess
LogPluginManager: Mounting plugin CodeLiteSourceCodeAccess
LogPluginManager: Mounting plugin GitSourceControl
LogPluginManager: Mounting plugin KDevelopSourceCodeAccess
LogPluginManager: Mounting plugin NullSourceCodeAccess
LogPluginManager: Mounting plugin PerforceSourceControl
LogPluginManager: Mounting plugin SubversionSourceControl
LogPluginManager: Mounting plugin UObjectPlugin
LogPluginManager: Mounting plugin VisualStudioCodeSourceCodeAccess
LogPluginManager: Mounting plugin VisualStudioSourceCodeAccess
LogPluginManager: Mounting plugin XCodeSourceCodeAccess
LogPluginManager: Mounting plugin AssetManagerEditor
LogPluginManager: Mounting plugin CryptoKeys
LogPluginManager: Mounting plugin DataValidation
LogPluginManager: Mounting plugin FacialAnimation
LogPluginManager: Mounting plugin GameplayTagsEditor
LogPluginManager: Mounting plugin MacGraphicsSwitching
LogPluginManager: Mounting plugin MeshEditor
LogPluginManager: Mounting plugin MobileLauncherProfileWizard
LogPluginManager: Mounting plugin PluginBrowser
LogPluginManager: Mounting plugin SpeedTreeImporter
LogPluginManager: Mounting plugin DatasmithContent
LogPluginManager: Mounting plugin AlembicImporter
LogPluginManager: Mounting plugin AppleImageUtils
LogPluginManager: Mounting plugin AppleVision
LogPluginManager: Mounting plugin BackChannel
LogPluginManager: Mounting plugin CharacterAI
LogPluginManager: Mounting plugin GeometryCache
LogPluginManager: Mounting plugin HTML5Networking
LogPluginManager: Mounting plugin ProxyLODPlugin
LogPluginManager: Mounting plugin MagicLeap
LogPluginManager: Mounting plugin MagicLeapEmulator
LogPluginManager: Mounting plugin MagicLeapMedia
LogPluginManager: Mounting plugin AndroidMedia
LogPluginManager: Mounting plugin AvfMedia
LogPluginManager: Mounting plugin ImgMedia
LogPluginManager: Mounting plugin LinearTimecode
LogPluginManager: Mounting plugin MediaCompositing
LogPluginManager: Mounting plugin MediaPlayerEditor
LogPluginManager: Mounting plugin WmfMedia
LogPluginManager: Mounting plugin TcpMessaging
LogPluginManager: Mounting plugin UdpMessaging
LogPluginManager: Mounting plugin ActorSequence
LogPluginManager: Mounting plugin LevelSequenceEditor
LogPluginManager: Mounting plugin MatineeToLevelSequence
LogPluginManager: Mounting plugin NetcodeUnitTest
LogPluginManager: Mounting plugin NUTUnrealEngine4
LogPluginManager: Mounting plugin OnlineSubsystemGooglePlay
LogPluginManager: Mounting plugin OnlineSubsystemIOS
LogPluginManager: Mounting plugin OnlineSubsystem
LogPluginManager: Mounting plugin OnlineSubsystemNull
LogPluginManager: Mounting plugin OnlineSubsystemUtils
LogPluginManager: Mounting plugin LauncherChunkInstaller
LogPluginManager: Mounting plugin AndroidDeviceProfileSelector
LogPluginManager: Mounting plugin AndroidMoviePlayer
LogPluginManager: Mounting plugin AndroidPermission
LogPluginManager: Mounting plugin AppleMoviePlayer
LogPluginManager: Mounting plugin ArchVisCharacter
LogPluginManager: Mounting plugin AudioCapture
LogPluginManager: Mounting plugin CableComponent
LogPluginManager: Mounting plugin CustomMeshComponent
LogPluginManager: Mounting plugin EditableMesh
LogPluginManager: Mounting plugin ExampleDeviceProfileSelector
LogPluginManager: Mounting plugin GoogleCloudMessaging
LogPluginManager: Mounting plugin ImmediatePhysics
LogPluginManager: Mounting plugin IOSDeviceProfileSelector
LogPluginManager: Mounting plugin LinuxDeviceProfileSelector
LogPluginManager: Mounting plugin LocationServicesBPLibrary
LogPluginManager: Mounting plugin MobilePatchingUtils
LogPluginManager: Mounting plugin OculusVR
LogPluginManager: Plugin shader directory ../../../Engine/Plugins/Runtime/Oculus/OculusVR/Shaders found
LogPluginManager: Mapping shader source directory ../../../Engine/Plugins/Runtime/Oculus/OculusVR/Shaders to virtual directory /Plugin/OculusVR
LogPluginManager: Mounting plugin PhysXVehicles
LogPluginManager: Mounting plugin ProceduralMeshComponent
LogPluginManager: Mounting plugin RuntimePhysXCooking
LogPluginManager: Mounting plugin SteamVR
LogPluginManager: Mounting plugin WindowsMoviePlayer
LogStreaming: Display: Took  0.183s to configure plugins.
LogInit: Using libcurl 7.55.1-DEV
LogInit:  - built for x86_64-pc-win32
LogInit:  - supports SSL with OpenSSL/1.0.2h
LogInit:  - supports HTTP deflate (compression) using libz 1.2.8
LogInit:  - other features:
LogInit:      CURL_VERSION_SSL
LogInit:      CURL_VERSION_LIBZ
LogInit:      CURL_VERSION_IPV6
LogInit:      CURL_VERSION_ASYNCHDNS
LogInit:      CURL_VERSION_LARGEFILE
LogInit:      CURL_VERSION_IDN
LogInit:  CurlRequestOptions (configurable via config and command line):
LogInit:  - bVerifyPeer = false  - Libcurl will NOT verify peer certificate
LogInit:  - bUseHttpProxy = false  - Libcurl will NOT use HTTP proxy
LogInit:  - bDontReuseConnections = false  - Libcurl will reuse connections
LogInit:  - CertBundlePath = nullptr  - Libcurl will use whatever was configured at build time.
LogInit:  - MaxHostConnections = 16  - Libcurl will limit the number of connections to a host
LogInit:  - LocalHostAddr = Default
LogInit:  - BufferSize = 65536
LogInit: WinSock: version 1.1 (2.2), MaxSocks=32767, MaxUdp=65467
LogInit: Build: ++UE4+Release-4.20-CL-4369336
LogInit: Engine Version: 4.20.3-4369336+++UE4+Release-4.20
LogInit: Compatible Engine Version: 4.20.0-4212847+++UE4+Release-4.20
LogInit: Net CL: 4212847
LogInit: OS: Windows 10 (), CPU: Intel(R) Core(TM) i5-4460  CPU @ 3.20GHz, GPU: NVIDIA GeForce GTX 750 Ti
LogInit: Compiled (64-bit): Sep 17 2018 12:26:19
LogInit: Compiled with Visual C++: 19.13.26129.00
LogInit: Build Configuration: Development
LogInit: Branch Name: ++UE4+Release-4.20
LogInit: Command Line:  -skipcompile
LogInit: Base Directory: D:/Program Files/Epic Games/UE_4.20/Engine/Binaries/Win64/
LogInit: Installed Engine Build: 1
LogDevObjectVersion: Number of dev versions registered: 20
LogDevObjectVersion:   Dev-Blueprints (B0D832E4-1F89-4F0D-ACCF-7EB736FD4AA2): 10
LogDevObjectVersion:   Dev-Build (E1C64328-A22C-4D53-A36C-8E866417BD8C): 0
LogDevObjectVersion:   Dev-Core (375EC13C-06E4-48FB-B500-84F0262A717E): 2
LogDevObjectVersion:   Dev-Editor (E4B068ED-F494-42E9-A231-DA0B2E46BB41): 24
LogDevObjectVersion:   Dev-Framework (CFFC743F-43B0-4480-9391-14DF171D2073): 34
LogDevObjectVersion:   Dev-Mobile (B02B49B5-BB20-44E9-A304-32B752E40360): 2
LogDevObjectVersion:   Dev-Networking (A4E4105C-59A1-49B5-A7C5-40C4547EDFEE): 0
LogDevObjectVersion:   Dev-Online (39C831C9-5AE6-47DC-9A44-9C173E1C8E7C): 0
LogDevObjectVersion:   Dev-Physics (78F01B33-EBEA-4F98-B9B4-84EACCB95AA2): 0
LogDevObjectVersion:   Dev-Platform (6631380F-2D4D-43E0-8009-CF276956A95A): 0
LogDevObjectVersion:   Dev-Rendering (12F88B9F-8875-4AFC-A67C-D90C383ABD29): 26
LogDevObjectVersion:   Dev-Sequencer (7B5AE74C-D270-4C10-A958-57980B212A5A): 9
LogDevObjectVersion:   Dev-VR (D7296918-1DD6-4BDD-9DE2-64A83CC13884): 2
LogDevObjectVersion:   Dev-LoadTimes (C2A15278-BFE7-4AFE-6C17-90FF531DF755): 1
LogDevObjectVersion:   Private-Geometry (6EACA3D4-40EC-4CC1-B786-8BED09428FC5): 3
LogDevObjectVersion:   Dev-AnimPhys (29E575DD-E0A3-4627-9D10-D276232CDCEA): 17
LogDevObjectVersion:   Dev-ReflectionCapture (6B266CEC-1EC7-4B8F-A30B-E4D90942FC07): 1
LogDevObjectVersion:   Dev-Automation (0DF73D61-A23F-47EA-B727-89E90C41499A): 1
LogDevObjectVersion:   FortniteMain (601D1886-AC64-4F84-AA16-D3DE0DEAC7D6): 12
LogDevObjectVersion:   Dev-Enterprise (9DFFBCD6-494F-0158-E221-12823C92A888): 1
LogStreaming: Display: Took  0.000s to delete old logs.
LogInit: Presizing for max 8388607 objects, including 0 objects not considered by GC, pre-allocating 0 bytes for permanent pool.
LogInit: Object subsystem initialized
[2018.10.23-10.42.34:498][  0]LogInit: Selected Device Profile: [Windows]
[2018.10.23-10.42.34:498][  0]LogInit: Applying CVar settings loaded from the selected device profile: [Windows]
[2018.10.23-10.42.34:509][  0]LogHAL: Display: Platform has ~ 8 GB [8481820672 / 8589934592 / 8], which maps to Default [LargestMinGB=32, LargerMinGB=12, DefaultMinGB=8, SmallerMinGB=6, SmallestMinGB=0)
[2018.10.23-10.42.34:509][  0]LogInit: Setting Device Profile CVar: [[r.Vulkan.UseRealUBs:1]]
[2018.10.23-10.42.34:510][  0]LogInit: Going up to parent DeviceProfile []
[2018.10.23-10.42.34:510][  0]LogInit: Computer: MIKA-PC
[2018.10.23-10.42.34:510][  0]LogInit: User: Mika
[2018.10.23-10.42.34:510][  0]LogInit: CPU Page size=4096, Cores=4
[2018.10.23-10.42.34:510][  0]LogInit: High frequency timer resolution =3.117779 MHz
[2018.10.23-10.42.34:511][  0]LogMemory: Memory total: Physical=7.9GB (8GB approx)
[2018.10.23-10.42.34:511][  0]LogMemory: Platform Memory Stats for Windows
[2018.10.23-10.42.34:511][  0]LogMemory: Process Physical Memory: 100.42 MB used, 100.42 MB peak
[2018.10.23-10.42.34:511][  0]LogMemory: Process Virtual Memory: 82.91 MB used, 82.91 MB peak
[2018.10.23-10.42.34:511][  0]LogMemory: Physical Memory: 5074.20 MB used,  3014.70 MB free, 8088.89 MB total
[2018.10.23-10.42.34:512][  0]LogMemory: Virtual Memory: 4609.64 MB used,  3014.70 MB free, 134217728.00 MB total
[2018.10.23-10.42.34:633][  0]LogInit: Using OS detected language (fi-FI).
[2018.10.23-10.42.34:633][  0]LogInit: Using OS detected locale (fi-FI).
[2018.10.23-10.42.34:634][  0]LogTextLocalizationManager: No localization for 'fi-FI' exists, so 'en' will be used for the language.
[2018.10.23-10.42.35:052][  0]LogStreaming: Display: Took  0.419s to InitEngineTextLocalization.
[2018.10.23-10.42.35:052][  0]LogInit: Setting process to per monitor DPI aware
[2018.10.23-10.42.35:108][  0]LogSlate: New Slate User Created.  User Index 0, Is Virtual User: 0
[2018.10.23-10.42.35:108][  0]LogSlate: Slate User Registered.  User Index 0, Is Virtual User: 0
[2018.10.23-10.42.35:364][  0]LogHMD: Failed to initialize OpenVR with code 105
[2018.10.23-10.42.35:365][  0]LogD3D11RHI: D3D11 adapters:
[2018.10.23-10.42.35:449][  0]LogD3D11RHI:    0. 'NVIDIA GeForce GTX 750 Ti' (Feature Level 11_0)
[2018.10.23-10.42.35:449][  0]LogD3D11RHI:       2007/0/4044 MB DedicatedVideo/DedicatedSystem/SharedSystem, Outputs:1, VendorId:0x10de
[2018.10.23-10.42.35:470][  0]LogD3D11RHI:    1. 'Intel(R) HD Graphics 4600' (Feature Level 11_0)
[2018.10.23-10.42.35:470][  0]LogD3D11RHI:       112/0/2048 MB DedicatedVideo/DedicatedSystem/SharedSystem, Outputs:0, VendorId:0x8086
[2018.10.23-10.42.35:478][  0]LogD3D11RHI:    2. 'Microsoft Basic Render Driver' (Feature Level 11_0)
[2018.10.23-10.42.35:478][  0]LogD3D11RHI:       0/0/4044 MB DedicatedVideo/DedicatedSystem/SharedSystem, Outputs:0, VendorId:0x1414
[2018.10.23-10.42.35:478][  0]LogD3D11RHI: Chosen D3D11 Adapter: 0
[2018.10.23-10.42.35:485][  0]LogD3D11RHI: Creating new Direct3DDevice
[2018.10.23-10.42.35:485][  0]LogD3D11RHI:     GPU DeviceId: 0x1380 (for the marketing name, search the web for "GPU Device Id")
[2018.10.23-10.42.35:485][  0]LogWindows: EnumDisplayDevices:
[2018.10.23-10.42.35:486][  0]LogWindows:    0. 'NVIDIA GeForce GTX 750 Ti' (P:1 D:1)
[2018.10.23-10.42.35:486][  0]LogWindows:    1. 'NVIDIA GeForce GTX 750 Ti' (P:0 D:0)
[2018.10.23-10.42.35:486][  0]LogWindows:    2. 'NVIDIA GeForce GTX 750 Ti' (P:0 D:0)
[2018.10.23-10.42.35:487][  0]LogWindows:    3. 'NVIDIA GeForce GTX 750 Ti' (P:0 D:0)
[2018.10.23-10.42.35:487][  0]LogWindows:    4. 'Intel(R) HD Graphics 4600' (P:0 D:0)
[2018.10.23-10.42.35:488][  0]LogWindows:    5. 'Intel(R) HD Graphics 4600' (P:0 D:0)
[2018.10.23-10.42.35:488][  0]LogWindows:    6. 'Intel(R) HD Graphics 4600' (P:0 D:0)
[2018.10.23-10.42.35:489][  0]LogWindows: DebugString: PrimaryIsNotTheChoosenAdapter PrimaryIsNotTheChoosenAdapter PrimaryIsNotTheChoosenAdapter FoundDriverCount:4 
[2018.10.23-10.42.35:489][  0]LogD3D11RHI:     Adapter Name: NVIDIA GeForce GTX 750 Ti
[2018.10.23-10.42.35:489][  0]LogD3D11RHI:   Driver Version: 398.11 (internal:24.21.13.9811, unified:398.11)
[2018.10.23-10.42.35:489][  0]LogD3D11RHI:      Driver Date: 6-1-2018
[2018.10.23-10.42.35:489][  0]LogRHI: Texture pool is 1405 MB (70% of 2007 MB)
[2018.10.23-10.42.35:537][  0]LogD3D11RHI: Async texture creation enabled
[2018.10.23-10.42.35:554][  0]LogD3D11RHI: GPU Timing Frequency: 1000.000000 (Debug: 2 2)
[2018.10.23-10.42.35:556][  0]LogShaderCompilers: Guid format shader working directory is -25 characters bigger than the processId version (../../../../../../Users/Mika/Documents/Unreal Projects/Unreal_Projekti/Intermediate/Shaders/WorkingDirectory/5440/).
[2018.10.23-10.42.35:556][  0]LogShaderCompilers: Cleaned the shader compiler working directory 'C:/Users/Mika/AppData/Local/Temp/UnrealShaderWorkingDir/243BED894CB2E1C231FBD093A660DB45/'.
[2018.10.23-10.42.35:868][  0]LogTemp: Display: Loaded TP AllDesktopTargetPlatform
[2018.10.23-10.42.35:884][  0]LogTemp: Display: Loaded TP MacClientTargetPlatform
[2018.10.23-10.42.35:902][  0]LogTemp: Display: Loaded TP MacNoEditorTargetPlatform
[2018.10.23-10.42.35:918][  0]LogTemp: Display: Loaded TP MacServerTargetPlatform
[2018.10.23-10.42.35:935][  0]LogTemp: Display: Loaded TP MacTargetPlatform
[2018.10.23-10.42.35:951][  0]LogTemp: Display: Loaded TP WindowsClientTargetPlatform
[2018.10.23-10.42.35:967][  0]LogTemp: Display: Loaded TP WindowsNoEditorTargetPlatform
[2018.10.23-10.42.35:984][  0]LogTemp: Display: Loaded TP WindowsServerTargetPlatform
[2018.10.23-10.42.35:993][  0]LogTemp: Display: Loaded TP WindowsTargetPlatform
[2018.10.23-10.42.36:080][  0]LogTemp: Display: Loaded TP AndroidTargetPlatform
[2018.10.23-10.42.36:080][  0]LogTemp: Display: Loaded TP AndroidTargetPlatform
[2018.10.23-10.42.36:080][  0]LogTemp: Display: Loaded TP AndroidTargetPlatform
[2018.10.23-10.42.36:080][  0]LogTemp: Display: Loaded TP AndroidTargetPlatform
[2018.10.23-10.42.36:080][  0]LogTemp: Display: Loaded TP AndroidTargetPlatform
[2018.10.23-10.42.36:080][  0]LogTemp: Display: Loaded TP AndroidTargetPlatform
[2018.10.23-10.42.36:080][  0]LogTemp: Display: Loaded TP AndroidTargetPlatform
[2018.10.23-10.42.36:080][  0]LogTemp: Display: Loaded TP AndroidTargetPlatform
[2018.10.23-10.42.36:080][  0]LogTemp: Display: Loaded TP AndroidTargetPlatform
[2018.10.23-10.42.36:080][  0]LogTemp: Display: Loaded TP AndroidTargetPlatform
[2018.10.23-10.42.36:080][  0]LogTemp: Display: Loaded TP AndroidTargetPlatform
[2018.10.23-10.42.36:080][  0]LogTemp: Display: Loaded TP AndroidTargetPlatform
[2018.10.23-10.42.36:081][  0]LogTemp: Display: Loaded TP AndroidTargetPlatform
[2018.10.23-10.42.36:081][  0]LogTemp: Display: Loaded TP AndroidTargetPlatform
[2018.10.23-10.42.36:081][  0]LogTemp: Display: Loaded TP AndroidTargetPlatform
[2018.10.23-10.42.36:081][  0]LogTemp: Display: Loaded TP AndroidTargetPlatform
[2018.10.23-10.42.36:081][  0]LogTemp: Display: Loaded TP AndroidTargetPlatform
[2018.10.23-10.42.36:081][  0]LogTemp: Display: Loaded TP AndroidTargetPlatform
[2018.10.23-10.42.36:084][  0]LogTemp: Display: Loaded TP HTML5TargetPlatform
[2018.10.23-10.42.36:158][  0]LogTemp: Display: Loaded TP IOSTargetPlatform
[2018.10.23-10.42.36:158][  0]LogTemp: Display: Loaded TP IOSTargetPlatform
[2018.10.23-10.42.36:186][  0]LogTemp: Display: Loaded TP TVOSTargetPlatform
[2018.10.23-10.42.36:187][  0]LogTemp: Display: Loaded TP TVOSTargetPlatform
[2018.10.23-10.42.36:202][  0]LogTemp: Display: Loaded TP LinuxClientTargetPlatform
[2018.10.23-10.42.36:219][  0]LogTemp: Display: Loaded TP LinuxNoEditorTargetPlatform
[2018.10.23-10.42.36:235][  0]LogTemp: Display: Loaded TP LinuxServerTargetPlatform
[2018.10.23-10.42.36:252][  0]LogTemp: Display: Loaded TP LinuxTargetPlatform
[2018.10.23-10.42.36:266][  0]LogTemp: Display: Loaded TP LuminTargetPlatform
[2018.10.23-10.42.36:266][  0]LogTargetPlatformManager: Display: Building Assets For Windows
[2018.10.23-10.42.36:383][  0]LogXGEController: Cleaning working directory: C:/Users/Mika/AppData/Local/Temp/UnrealXGEWorkingDir/
[2018.10.23-10.42.36:383][  0]LogXGEController: Cannot use XGE Controller as Incredibuild is not installed on this machine.
[2018.10.23-10.42.36:383][  0]LogShaderCompilers: Cannot use XGE Shader Compiler as Incredibuild is not installed on this machine.
[2018.10.23-10.42.36:383][  0]LogShaderCompilers: Display: Using Local Shader Compiler.
[2018.10.23-10.42.37:146][  0]LogDerivedDataCache: Display: Max Cache Size: 512 MB
[2018.10.23-10.42.37:206][  0]LogDerivedDataCache: Loaded boot cache 0.06s 71MB C:/Users/Mika/AppData/Local/UnrealEngine/4.20/DerivedDataCache/Boot.ddc.
[2018.10.23-10.42.37:207][  0]LogDerivedDataCache: Display: Loaded Boot cache: C:/Users/Mika/AppData/Local/UnrealEngine/4.20/DerivedDataCache/Boot.ddc
[2018.10.23-10.42.37:207][  0]LogDerivedDataCache: FDerivedDataBackendGraph:  Pak pak cache file ../../../../../../Users/Mika/Documents/Unreal Projects/Unreal_Projekti/DerivedDataCache/DDC.ddp not found, will not use a pak cache.
[2018.10.23-10.42.37:207][  0]LogDerivedDataCache: Unable to find inner node Pak for hierarchical cache Hierarchy.
[2018.10.23-10.42.37:207][  0]LogDerivedDataCache: FDerivedDataBackendGraph:  CompressedPak pak cache file ../../../../../../Users/Mika/Documents/Unreal Projects/Unreal_Projekti/DerivedDataCache/Compressed.ddp not found, will not use a pak cache.
[2018.10.23-10.42.37:207][  0]LogDerivedDataCache: Unable to find inner node CompressedPak for hierarchical cache Hierarchy.
[2018.10.23-10.42.37:222][  0]LogDerivedDataCache: Display: Pak cache opened for reading ../../../Engine/DerivedDataCache/Compressed.ddp.
[2018.10.23-10.42.37:236][  0]LogDerivedDataCache: Using Local data cache path C:/Users/Mika/AppData/Local/UnrealEngine/Common/DerivedDataCache: Writable
[2018.10.23-10.42.37:236][  0]LogDerivedDataCache: Shared data cache path not found in *engine.ini, will not use an Shared cache.
[2018.10.23-10.42.37:236][  0]LogDerivedDataCache: Unable to find inner node Shared for hierarchical cache Hierarchy.
[2018.10.23-10.42.37:258][  0]LogMaterial: Verifying Global Shaders for PCD3D_SM5
[2018.10.23-10.42.37:260][  0]LogSlate: Using FreeType 2.6.0
[2018.10.23-10.42.37:261][  0]LogSlate: SlateFontServices - WITH_FREETYPE: 1, WITH_HARFBUZZ: 1
[2018.10.23-10.42.37:350][  0]LogAssetRegistry: FAssetRegistry took 0.0292 seconds to start up
[2018.10.23-10.42.37:679][  0]LogInit: Selected Device Profile: [Windows]
[2018.10.23-10.42.37:762][  0]LogSimplygon: Simplygon DLL not present - disabling.
[2018.10.23-10.42.37:772][  0]LogMeshReduction: Using SimplygonSwarm for distributed automatic mesh merging
[2018.10.23-10.42.37:772][  0]LogMeshReduction: Using ProxyLODMeshReduction for automatic mesh merging
[2018.10.23-10.42.37:772][  0]LogMeshReduction: Using QuadricMeshReduction for automatic static mesh reduction
[2018.10.23-10.42.37:772][  0]LogMeshReduction: No automatic skeletal mesh reduction module available
[2018.10.23-10.42.37:874][  0]LogNetVersion: Unreal_Projekti 1.0.0, NetCL: 4212847, EngineNetVer: 5, GameNetVer: 0 (Checksum: 3659349519)
[2018.10.23-10.42.38:364][  0]LogPackageLocalizationCache: Processed 11 localized package path(s) for 1 prioritized culture(s) in 0.058725 seconds
[2018.10.23-10.42.38:371][  0]LogUObjectArray: 38425 objects as part of root set at end of initial load.
[2018.10.23-10.42.38:372][  0]LogUObjectAllocator: 6690864 out of 0 bytes used by permanent object pool.
[2018.10.23-10.42.38:372][  0]LogUObjectArray: CloseDisregardForGC: 0/0 objects in disregard for GC pool
[2018.10.23-10.42.39:507][  0]LogTcpMessaging: Initializing TcpMessaging bridge
[2018.10.23-10.42.39:529][  0]LogUdpMessaging: Initializing bridge on interface 0.0.0.0:0 to multicast group 230.0.0.1:6666.
[2018.10.23-10.42.39:745][  0]SourceControl: Source control is disabled
[2018.10.23-10.42.39:746][  0]SourceControl: Source control is disabled
[2018.10.23-10.42.39:750][  0]SourceControl: Source control is disabled
[2018.10.23-10.42.39:754][  0]SourceControl: Source control is disabled
[2018.10.23-10.42.40:025][  0]LogAndroidPermission: UAndroidPermissionCallbackProxy::GetInstance
[2018.10.23-10.42.40:146][  0]LogOcInput: OculusInput pre-init called
[2018.10.23-10.42.40:219][  0]LogEngine: Initializing Engine...
[2018.10.23-10.42.40:230][  0]LogHMD: Failed to initialize OpenVR with code 105
[2018.10.23-10.42.40:231][  0]LogStats: UGameplayTagsManager::ConstructGameplayTagTree: ImportINI prefixes -  0.000 s
[2018.10.23-10.42.40:232][  0]LogStats: UGameplayTagsManager::ConstructGameplayTagTree: Construct from data asset -  0.000 s
[2018.10.23-10.42.40:232][  0]LogStats: UGameplayTagsManager::ConstructGameplayTagTree: ImportINI -  0.000 s
[2018.10.23-10.42.40:232][  0]LogStats: UGameplayTagsManager::ConstructGameplayTagTree: GameplayTagTreeChangedEvent.Broadcast -  0.000 s
[2018.10.23-10.42.40:453][  0]LogInit: Initializing FReadOnlyCVARCache
[2018.10.23-10.42.40:470][  0]LogAIModule: Creating AISystem for world Untitled
[2018.10.23-10.42.40:483][  0]LogInit: XAudio2 using 'Speakers (Logitech G35 Headset)' : 2 channels at 44.1 kHz using 16 bits per sample (channel mask 0x3)
[2018.10.23-10.42.40:506][  0]LogInit: FAudioDevice initialized.
[2018.10.23-10.42.40:506][  0]LogNetVersion: Set ProjectVersion to 1.0.0.0. Version Checksum will be recalculated on next use.
[2018.10.23-10.42.40:591][  0]LogDerivedDataCache: Saved boot cache 0.08s 71MB C:/Users/Mika/AppData/Local/UnrealEngine/4.20/DerivedDataCache/Boot.ddc.
[2018.10.23-10.42.40:597][  0]LogInit: Texture streaming: Enabled
[2018.10.23-10.42.40:626][  0]LogEngineSessionManager: EngineSessionManager initialized
[2018.10.23-10.42.40:638][  0]LogInit: Transaction tracking system initialized
[2018.10.23-10.42.40:679][  0]BlueprintLog: New page: Editor Load
[2018.10.23-10.42.40:816][  0]LocalizationService: Localization service is disabled
[2018.10.23-10.42.41:106][  0]LogCook: Display: Max memory allowance for cook 16384mb min free memory 0mb
[2018.10.23-10.42.41:106][  0]LogCook: Display: Mobile HDR setting 1
[2018.10.23-10.42.41:106][  0]LogGameplayTags: Display: UGameplayTagsManager::DoneAddingNativeTags. DelegateIsBound: 0
[2018.10.23-10.42.41:107][  0]LogStats: UGameplayTagsManager::ConstructGameplayTagTree: ImportINI prefixes -  0.000 s
[2018.10.23-10.42.41:107][  0]LogStats: UGameplayTagsManager::ConstructGameplayTagTree: Construct from data asset -  0.000 s
[2018.10.23-10.42.41:107][  0]LogFileCache: Scanning file cache for directory 'D:/Users/Mika/Documents/Unreal Projects/Unreal_Projekti/Content/' took 0.01s
[2018.10.23-10.42.41:107][  0]LogStats: UGameplayTagsManager::ConstructGameplayTagTree: ImportINI -  0.000 s
[2018.10.23-10.42.41:107][  0]LogStats: UGameplayTagsManager::ConstructGameplayTagTree: GameplayTagTreeChangedEvent.Broadcast -  0.000 s
[2018.10.23-10.42.41:301][  0]SourceControl: Source control is disabled
[2018.10.23-10.42.41:301][  0]Cmd: MAP LOAD FILE="../../../Engine/Content/Maps/Templates/Template_Default.umap" TEMPLATE=1 SHOWPROGRESS=1 FEATURELEVEL=3
[2018.10.23-10.42.41:302][  0]LightingResults: New page: Lighting Build
[2018.10.23-10.42.41:305][  0]MapCheck: New page: Map Check
[2018.10.23-10.42.41:306][  0]LightingResults: New page: Lighting Build
[2018.10.23-10.42.41:512][  0]LogAIModule: Creating AISystem for world Untitled_1
[2018.10.23-10.42.41:517][  0]LogEditorServer: Finished looking for orphan Actors (0.000 secs)
[2018.10.23-10.42.41:546][  0]Cmd: MAP CHECKDEP NOCLEARLOG
[2018.10.23-10.42.41:608][  0]MapCheck: Map check complete: 0 Error(s), 0 Warning(s), took 61,79ms to complete.
[2018.10.23-10.42.41:608][  0]LogFileHelpers: Loading map 'Template_Default' took 0.307
[2018.10.23-10.42.41:737][  0]LogSlate: Updating window title bar state: overlay mode, drag disabled, window buttons hidden, title bar hidden
[2018.10.23-10.42.41:744][  0]LogSlate: Updating window title bar state: overlay mode, drag disabled, window buttons hidden, title bar hidden
[2018.10.23-10.42.41:752][  0]LogSlate: Updating window title bar state: overlay mode, drag disabled, window buttons hidden, title bar hidden
[2018.10.23-10.42.41:760][  0]LogSlate: Updating window title bar state: overlay mode, drag disabled, window buttons hidden, title bar hidden
[2018.10.23-10.42.41:769][  0]LogCollectionManager: Loaded 0 collections in 0.002180 seconds
[2018.10.23-10.42.41:818][  0]LogFileCache: Scanning file cache for directory 'D:/Users/Mika/Documents/Unreal Projects/Unreal_Projekti/Saved/Collections/' took 0.01s
[2018.10.23-10.42.41:819][  0]LogFileCache: Scanning file cache for directory 'D:/Users/Mika/Documents/Unreal Projects/Unreal_Projekti/Content/Developers/Mika/Collections/' took 0.01s
[2018.10.23-10.42.41:819][  0]LogFileCache: Scanning file cache for directory 'D:/Users/Mika/Documents/Unreal Projects/Unreal_Projekti/Content/Collections/' took 0.01s
[2018.10.23-10.42.41:819][  0]LogCollectionManager: Rebuilt the GUID cache for 0 collections in 0.000000 seconds
[2018.10.23-10.42.41:830][  0]LogContentBrowser: Native class hierarchy populated in 0.0108 seconds. Added 2575 classes and 605 folders.
[2018.10.23-10.42.41:838][  0]LogContentBrowser: Native class hierarchy updated for 'WidgetCarousel' in 0.0004 seconds. Added 0 classes and 0 folders.
[2018.10.23-10.42.41:900][  0]LogContentBrowser: Native class hierarchy updated for 'AddContentDialog' in 0.0004 seconds. Added 0 classes and 0 folders.
[2018.10.23-10.42.41:909][  0]LogContentBrowser: Native class hierarchy updated for 'SceneOutliner' in 0.0005 seconds. Added 1 classes and 2 folders.
[2018.10.23-10.42.41:924][  0]LogSlate: Took 0.000241 seconds to synchronously load lazily loaded font '../../../Engine/Content/Slate/Fonts/Roboto-Regular.ttf' (155K)
[2018.10.23-10.42.41:927][  0]LogSlate: Took 0.000231 seconds to synchronously load lazily loaded font '../../../Engine/Content/Slate/Fonts/Roboto-Bold.ttf' (160K)
[2018.10.23-10.42.41:933][  0]LogSlate: Took 0.000291 seconds to synchronously load lazily loaded font '../../../Engine/Content/Editor/Slate/Fonts/FontAwesome.ttf' (139K)
[2018.10.23-10.42.42:016][  0]LogRenderer: Reallocating scene render targets to support 1144x600 Format 10 NumSamples 1 (Frame:1).
[2018.10.23-10.42.42:051][  0]LogSlate: Took 0.000269 seconds to synchronously load lazily loaded font '../../../Engine/Content/Slate/Fonts/Roboto-Light.ttf' (167K)
[2018.10.23-10.42.42:201][  0]LogContentBrowser: Native class hierarchy updated for 'HierarchicalLODOutliner' in 0.0005 seconds. Added 0 classes and 0 folders.
[2018.10.23-10.42.42:201][  0]LogLoad: (Engine Initialization) Total time: 9.79 seconds
[2018.10.23-10.42.42:201][  0]LogLoad: (Engine Initialization) Total Blueprint compile time: 0.00 seconds
[2018.10.23-10.42.42:214][  0]LogWindowsTextInputMethodSystem: Display: IME system now deactivated.
[2018.10.23-10.42.42:236][  0]LogContentStreaming: Texture pool size now 1000 MB
[2018.10.23-10.42.42:264][  1]LogAssetRegistry: Asset discovery search completed in 4.9381 seconds
[2018.10.23-10.42.42:266][  1]LogCollectionManager: Rebuilt the object cache for 0 collections in 0.000000 seconds (found 0 objects)
[2018.10.23-10.42.42:266][  1]LogCollectionManager: Fixed up redirectors for 0 collections in 0.000180 seconds (updated 0 objects)
[2018.10.23-10.42.48:253][679]LogSlate: FSceneViewport::OnFocusLost() reason 2
[2018.10.23-10.42.49:444][818]LogSlate: FSceneViewport::OnFocusLost() reason 2
[2018.10.23-10.42.50:448][931]Cmd: MAP LOAD FILE="../../../../../../Users/Mika/Documents/Unreal Projects/Unreal_Projekti/Content/Testikartta.umap" TEMPLATE=0 SHOWPROGRESS=1 FEATURELEVEL=3
[2018.10.23-10.42.50:452][931]LogSlate: Took 0.000254 seconds to synchronously load lazily loaded font '../../../Engine/Content/Slate/Fonts/Roboto-Light.ttf' (167K)
[2018.10.23-10.42.50:460][931]LightingResults: New page: Lighting Build
[2018.10.23-10.42.50:462][931]LoadErrors: New page: Loading map: Testikartta.umap
[2018.10.23-10.42.50:463][931]MapCheck: New page: Map Check
[2018.10.23-10.42.50:464][931]LightingResults: New page: Lighting Build
[2018.10.23-10.42.50:505][931]LogLinker: Warning: Can't find file '/Game/Testikartta_BuiltData'
[2018.10.23-10.42.50:506][931]LogLinker: Warning: Can't find file for asset '/Game/Testikartta_BuiltData' while loading ../../../../../../Users/Mika/Documents/Unreal Projects/Unreal_Projekti/Content/Testikartta.umap.
[2018.10.23-10.42.50:506][931]LoadErrors: Error: /Game/Testikartta : Can't find file for asset. /Game/Testikartta_BuiltData
[2018.10.23-10.42.50:507][931]LogLinker: Warning: Can't find file '/Game/Testikartta_BuiltData'
[2018.10.23-10.42.50:507][931]LogLinker: Warning: Can't find file for asset '/Game/Testikartta_BuiltData' while loading ../../../../../../Users/Mika/Documents/Unreal Projects/Unreal_Projekti/Content/Testikartta.umap.
[2018.10.23-10.42.50:512][931]LogLinker: Warning: Can't find file '/Game/Testikartta_BuiltData'
[2018.10.23-10.42.50:513][931]LoadErrors: Failed to load /Game/Testikartta_BuiltData.Testikartta_BuiltData Referenced by PersistentLevel
[2018.10.23-10.42.50:513][931]LogLinker: Warning: Can't find file for asset '/Game/Testikartta_BuiltData' while loading NULL.
[2018.10.23-10.42.50:525][931]LogAIModule: Creating AISystem for world Testikartta
[2018.10.23-10.42.50:531][931]LogEditorServer: Finished looking for orphan Actors (0.000 secs)
[2018.10.23-10.42.50:641][931]Cmd: MAP CHECKDEP NOCLEARLOG
[2018.10.23-10.42.50:706][931]MapCheck: Map check complete: 0 Error(s), 0 Warning(s), took 64,642ms to complete.
[2018.10.23-10.42.50:706][931]LogFileHelpers: Loading map 'Testikartta' took 0.259
[2018.10.23-10.42.50:707][931]LogSlate: Window 'Open Level' being destroyed
[2018.10.23-10.42.55:486][483]LogSlate: Window 'Message Log' being destroyed
[2018.10.23-10.42.55:491][483]LogSlate: Window 'Message Log' being destroyed
[2018.10.23-10.43.00:015][ 17]LogEditorViewport: Clicking on Actor (context menu): StaticMeshActor (Floor3)
[2018.10.23-10.43.00:311][ 17]LogSlate: FSceneViewport::OnFocusLost() reason 2
[2018.10.23-10.43.01:251][117]LogEditorViewport: Clicking on Actor (LMB): StaticMeshActor (Floor4)
[2018.10.23-10.43.01:714][165]LogEditorViewport: Clicking on Actor (LMB): BP_Sky_Sphere_C (Sky Sphere)
[2018.10.23-10.43.14:018][543]LogSlate: FSceneViewport::OnFocusLost() reason 0
[2018.10.23-10.43.14:102][553]MapCheck: New page: Map Check
[2018.10.23-10.43.14:158][553]Cmd: MAP REBUILD ALLVISIBLE
[2018.10.23-10.43.14:158][553]LogEditorServer: Rebuildmap Clear paths rebuilt
[2018.10.23-10.43.14:317][553]LogMaterial: Display: Missing cached shader map for material FDebugViewModeMaterialProxy DefaultMaterial, compiling. 
[2018.10.23-10.43.14:504][553]LogShaderCompilers: Display: Shaders left to compile 1
[2018.10.23-10.43.14:504][553]LogMaterial: Display: Missing cached shader map for material FDebugViewModeMaterialProxy MaterialInstanceDynamic_0, compiling. 
[2018.10.23-10.43.14:512][553]LogMaterial: Display: Missing cached shader map for material FDebugViewModeMaterialProxy MatineeCam_mat, compiling. 
[2018.10.23-10.43.16:248][553]LogShaderCompilers: Display: Shaders left to compile 2
[2018.10.23-10.43.16:248][553]LogShaderCompilers: Display: Shaders left to compile 1
[2018.10.23-10.43.16:248][553]TextureStreamingBuild: Display: Compiling optional shaders took 1.940 seconds.
[2018.10.23-10.43.16:293][553]LogLevel: Display: Export Material TexCoord Scales took 0.044 seconds.
[2018.10.23-10.43.16:310][553]TextureStreamingBuild: Display: Build Texture Streaming took 0.017 seconds.
[2018.10.23-10.43.16:332][553]LightingResults: New page: Lighting Build - 23.10.2018 16.43.16
[2018.10.23-10.43.16:732][553]LogSwarmInterface: [OpenConnection] Registering TCP channel ...
[2018.10.23-10.43.17:082][553]LogSwarmInterface: [OpenConnection] Connecting to agent ...
[2018.10.23-10.43.17:254][553]LogSwarmInterface: [TryOpenConnection] Testing the Agent
[2018.10.23-10.43.19:702][553]LogSwarmInterface: [TryOpenConnection] Opening Connection to Agent
[2018.10.23-10.43.19:702][553]LogSwarmInterface: [TryOpenConnection] Local Process ID is 5440
[2018.10.23-10.43.31:263][553]LogStaticLightingSystem: Warning: No importance volume found, so the scene bounding box was used.  You can optimize your scene's quality and lighting build times by adding importance volumes.
[2018.10.23-10.43.31:263][553]LogStaticLightingSystem: Running Lightmass w/ ImmediateImport mode ENABLED
[2018.10.23-10.43.31:263][553]LogStaticLightingSystem: Running Lightmass w/ ImmediateProcess mode ENABLED
[2018.10.23-10.43.31:263][553]LogStaticLightingSystem: Running Lightmass w/ Sorting mode ENABLED
[2018.10.23-10.43.31:263][553]LogStaticLightingSystem: Running Lightmass w/ Mapping paddings ENABLED
[2018.10.23-10.43.31:263][553]LogStaticLightingSystem: Running Lightmass w/ Mapping debug paddings DISABLED
[2018.10.23-10.43.31:558][553]Cmd: MAP CHECK DONTDISPLAYDIALOG
[2018.10.23-10.43.31:558][553]MapCheck: New page: Testikartta - 23.10.2018 16.43.31
[2018.10.23-10.43.31:573][553]MapCheck: Error: WorldSettings_1 Maps need lighting rebuilt 
[2018.10.23-10.43.31:656][553]MapCheck: Map check complete: 1 Error(s), 0 Warning(s), took 97,864ms to complete.
[2018.10.23-10.43.31:718][553]LogEditorBuildUtils: Build time 0:17
[2018.10.23-10.43.31:726][553]LogSlate: FSceneViewport::OnFocusLost() reason 2
[2018.10.23-10.43.35:923][724]Job is a success!
[2018.10.23-10.43.36:041][725]LogVolumetricLightmapImport: Imported Volumetric Lightmap in 0.050s
[2018.10.23-10.43.36:042][725]LogVolumetricLightmapImport:      Indirection Texture 16x16x16 = 0.0Mb
[2018.10.23-10.43.36:042][725]LogVolumetricLightmapImport:      BrickData 100x5x5 = 0.1Mb
[2018.10.23-10.43.36:042][725]LogVolumetricLightmapImport:      Bricks at Level
[2018.10.23-10.43.36:042][725]LogVolumetricLightmapImport:          0: 5.0% covering 100.0% of volume
[2018.10.23-10.43.36:043][725]LogVolumetricLightmapImport:          1: 5.0% covering 1.6% of volume
[2018.10.23-10.43.36:043][725]LogVolumetricLightmapImport:          2: 90.0% covering 0.4% of volume
[2018.10.23-10.43.36:429][725]LogTexture: Display: Building textures: HQ_Lightmap0_1 (AutoDXT, 512X512)
[2018.10.23-10.43.36:430][725]LogTexture: Display: Building textures: LQ_Lightmap_0_1 (DXT1, 512X512)
[2018.10.23-10.43.36:430][725]LogTexture: Display: Building textures: HQ_Lightmap0_2 (AutoDXT, 64X64)
[2018.10.23-10.43.36:430][725]LogTexture: Display: Building textures: LQ_Lightmap_0_2 (DXT1, 64X64)
[2018.10.23-10.43.36:482][725]LogTexture: Display: Building textures: ShadowMapTexture2D_1 (G8, 32X32)
[2018.10.23-10.43.36:482][725]LogTexture: Display: Building textures: ShadowMapTexture2D_0 (G8, 1024X128)
[2018.10.23-10.43.36:621][725]Lightmass on MIKA-PC: 2.38 sec total, 374 ms importing, 30 ms setup, 277 ms photons, 1.51 sec processing, 0 ms extra exporting [7/7 mappings]. Threads: 6.01 sec total, 1.86 sec processing.
[2018.10.23-10.43.36:676][725]LogStaticLightingSystem: Illumination: 20.3 sec (324 ms encoding lightmaps, 46 ms encoding shadowmaps)
[2018.10.23-10.43.36:678][725]LogStaticLightingSystem: Lightmap texture memory:  0.5 MB (0.5 MB streaming, 0.0 MB non-streaming), 4 textures
[2018.10.23-10.43.36:678][725]LogStaticLightingSystem: Shadowmap texture memory: 0.2 MB (0.2 MB streaming, 0.0 MB non-streaming), 2 textures
[2018.10.23-10.43.37:273][725]DumpUnbuiltLightIteractions
[2018.10.23-10.43.37:273][725]Lights with unbuilt interactions: 0
[2018.10.23-10.43.37:273][725]
[2018.10.23-10.43.37:273][725]Primitives with unbuilt interactions: 0
[2018.10.23-10.43.37:302][725]LogSlate: FSceneViewport::OnFocusLost() reason 2
[2018.10.23-10.43.37:363][726]Cmd: MAP CHECK NOTIFYRESULTS
[2018.10.23-10.43.37:364][726]MapCheck: New page: Testikartta - 23.10.2018 16.43.37
[2018.10.23-10.43.37:426][726]MapCheck: Map check complete: 0 Error(s), 0 Warning(s), took 61,608ms to complete.
[2018.10.23-10.43.38:976][843]LogSlate: FSceneViewport::OnFocusLost() reason 0
[2018.10.23-10.43.39:093][857]LogSlate: Window 'Message Log' being destroyed
[2018.10.23-10.43.39:096][857]LogSlate: Window 'Message Log' being destroyed
[2018.10.23-10.43.41:430][125]LogEditorViewport: Clicking on Actor (LMB): DirectionalLight (Light Source)
[2018.10.23-10.43.52:878][453]LogSlate: FSceneViewport::OnFocusLost() reason 0
[2018.10.23-10.43.54:825][681]Cmd: DELETE
[2018.10.23-10.43.54:825][681]Cmd: ACTOR DELETE
[2018.10.23-10.43.54:827][681]LogEditorActor: Actor Light Source is referenced by Sky Sphere.
[2018.10.23-10.43.54:831][681]LogSlate: FSceneViewport::OnFocusLost() reason 2
[2018.10.23-10.44.02:325][681]LogSlate: Window 'Message' being destroyed
[2018.10.23-10.44.02:329][681]LogEditorActor: Deleted Actor: DirectionalLight
[2018.10.23-10.44.02:354][681]LogEditorActor: Deleted 1 Actors (7.528 secs)
[2018.10.23-10.44.02:951][752]LogEditorViewport: Clicking on Actor (LMB): AtmosphericFog (Atmospheric Fog)
[2018.10.23-10.44.07:822][323]LogSlate: FSceneViewport::OnFocusLost() reason 0
[2018.10.23-10.44.09:938][564]Cmd: DELETE
[2018.10.23-10.44.09:938][564]Cmd: ACTOR DELETE
[2018.10.23-10.44.09:940][564]LogEditorActor: Deleted Actor: BP_Sky_Sphere_C
[2018.10.23-10.44.09:961][564]LogEditorActor: Deleted 1 Actors (0.023 secs)
[2018.10.23-10.44.12:145][824]LogEditorViewport: Clicking Background
[2018.10.23-10.44.12:526][869]LogEditorViewport: Clicking Background
[2018.10.23-10.44.15:964][274]LogEditorViewport: Clicking on Actor (LMB): AtmosphericFog (Atmospheric Fog)
[2018.10.23-10.44.21:527][925]LogEditorViewport: Clicking on Actor (LMB): SkyLight (SkyLight)
[2018.10.23-10.44.25:310][371]Cmd: DELETE
[2018.10.23-10.44.25:310][371]Cmd: ACTOR DELETE
[2018.10.23-10.44.25:312][371]LogEditorActor: Deleted Actor: SkyLight
[2018.10.23-10.44.25:335][371]LogEditorActor: Deleted 1 Actors (0.024 secs)
[2018.10.23-10.44.27:789][665]LogSlate: FSceneViewport::OnFocusLost() reason 0
[2018.10.23-10.44.50:609][322]LogSlate: FSceneViewport::OnFocusLost() reason 0
[2018.10.23-10.45.07:311][174]LogSlate: FSceneViewport::OnFocusLost() reason 2
[2018.10.23-10.45.08:599][327]LogPlayLevel: PlayLevel: No blueprints needed recompiling
[2018.10.23-10.45.08:613][327]PIE: New page: SIE session: Testikartta (23.10.2018 16.45.08)
[2018.10.23-10.45.08:613][327]LogPlayLevel: Creating play world package: /Game/UEDPIE_0_Testikartta
[2018.10.23-10.45.08:617][327]LogPlayLevel: PIE: StaticDuplicateObject took: (0.003375s)
[2018.10.23-10.45.08:618][327]LogAIModule: Creating AISystem for world Testikartta
[2018.10.23-10.45.08:618][327]LogPlayLevel: PIE: World Init took: (0.000969s)
[2018.10.23-10.45.08:618][327]LogPlayLevel: PIE: Created PIE world by copying editor world from /Game/Testikartta.Testikartta to /Game/UEDPIE_0_Testikartta.Testikartta (0.004924s)
[2018.10.23-10.45.08:644][327]LogInit: XAudio2 using 'Speakers (Logitech G35 Headset)' : 2 channels at 44.1 kHz using 16 bits per sample (channel mask 0x3)
[2018.10.23-10.45.08:656][327]LogInit: FAudioDevice initialized.
[2018.10.23-10.45.08:656][327]LogSlate: FSceneViewport::OnFocusLost() reason 2
[2018.10.23-10.45.08:702][327]LogLoad: Game class is 'GameModeBase'
[2018.10.23-10.45.08:705][327]LogWorld: Bringing World /Game/UEDPIE_0_Testikartta.Testikartta up for play (max tick rate 0) at 2018.10.23-13.45.08
[2018.10.23-10.45.08:706][327]LogWorld: Bringing up level for play took: 0.001348
[2018.10.23-10.45.08:757][327]LogContentBrowser: Native class hierarchy updated for 'MovieSceneCapture' in 0.0005 seconds. Added 10 classes and 0 folders.
[2018.10.23-10.45.08:758][327]PIE: Play in editor start time for /Game/UEDPIE_0_Testikartta −0,411
[2018.10.23-10.45.11:468][575]LogSlate: FSceneViewport::OnFocusLost() reason 0
[2018.10.23-10.45.11:565][585]LogSlate: Updating window title bar state: overlay mode, drag disabled, window buttons hidden, title bar hidden
[2018.10.23-10.45.11:602][585]LogPlayLevel: Display: Shutting down PIE online subsystems
[2018.10.23-10.45.11:628][585]LogSlate: Updating window title bar state: overlay mode, drag disabled, window buttons hidden, title bar hidden
[2018.10.23-10.45.11:667][589]LogPlayLevel: Display: Destroying online subsystem :Context_3
[2018.10.23-10.45.12:439][667]LogEditorViewport: Clicking on Actor (LMB): Pallo (Pallo1)
[2018.10.23-10.45.16:819][ 93]LogSlate: FSceneViewport::OnFocusLost() reason 2
[2018.10.23-10.45.18:022][233]LogSlate: FSceneViewport::OnFocusLost() reason 2
[2018.10.23-10.45.19:363][233]LogSlate: Window 'Save Content' being destroyed
[2018.10.23-10.45.19:366][233]LogPlayLevel: Warning: PIE failed because map save was canceled
[2018.10.23-10.45.19:370][233]PIE: Warning: PIE failed because map save was canceled
[2018.10.23-10.45.19:375][233]LogSlate: FSceneViewport::OnFocusLost() reason 2
[2018.10.23-10.45.21:707][454]LogSlate: Window 'Message Log' being destroyed
[2018.10.23-10.45.21:710][454]LogSlate: Window 'Message Log' being destroyed
[2018.10.23-10.45.22:778][561]LogSlate: FSceneViewport::OnFocusLost() reason 2
[2018.10.23-10.45.23:765][678]LogPlayLevel: PlayLevel: No blueprints needed recompiling
[2018.10.23-10.45.23:766][678]PIE: New page: SIE session: Testikartta (23.10.2018 16.45.23)
[2018.10.23-10.45.23:766][678]LogPlayLevel: Creating play world package: /Game/UEDPIE_0_Testikartta
[2018.10.23-10.45.23:768][678]LogPlayLevel: PIE: StaticDuplicateObject took: (0.002158s)
[2018.10.23-10.45.23:769][678]LogAIModule: Creating AISystem for world Testikartta
[2018.10.23-10.45.23:769][678]LogPlayLevel: PIE: World Init took: (0.001059s)
[2018.10.23-10.45.23:770][678]LogPlayLevel: PIE: Created PIE world by copying editor world from /Game/Testikartta.Testikartta to /Game/UEDPIE_0_Testikartta.Testikartta (0.003739s)
[2018.10.23-10.45.23:795][678]LogInit: XAudio2 using 'Speakers (Logitech G35 Headset)' : 2 channels at 44.1 kHz using 16 bits per sample (channel mask 0x3)
[2018.10.23-10.45.23:805][678]LogInit: FAudioDevice initialized.
[2018.10.23-10.45.23:806][678]LogSlate: FSceneViewport::OnFocusLost() reason 2
[2018.10.23-10.45.23:844][678]LogLoad: Game class is 'GameModeBase'
[2018.10.23-10.45.23:846][678]LogWorld: Bringing World /Game/UEDPIE_0_Testikartta.Testikartta up for play (max tick rate 0) at 2018.10.23-13.45.23
[2018.10.23-10.45.23:846][678]LogWorld: Bringing up level for play took: 0.001200
[2018.10.23-10.45.23:860][678]PIE: Play in editor start time for /Game/UEDPIE_0_Testikartta 0,69
[2018.10.23-10.45.49:678][189]LogSlate: FSceneViewport::OnFocusLost() reason 0
[2018.10.23-10.45.49:791][201]LogSlate: Updating window title bar state: overlay mode, drag disabled, window buttons hidden, title bar hidden
[2018.10.23-10.45.49:832][201]LogPlayLevel: Display: Shutting down PIE online subsystems
[2018.10.23-10.45.49:856][201]LogSlate: Updating window title bar state: overlay mode, drag disabled, window buttons hidden, title bar hidden
[2018.10.23-10.45.49:895][205]LogPlayLevel: Display: Destroying online subsystem :Context_4
[2018.10.23-10.45.50:858][318]MapCheck: New page: Map Check
[2018.10.23-10.45.50:872][318]Cmd: MAP REBUILD ALLVISIBLE
[2018.10.23-10.45.50:873][318]LogEditorServer: Rebuildmap Clear paths rebuilt
[2018.10.23-10.45.50:912][318]LogMaterial: Display: Missing cached shader map for material FDebugViewModeMaterialProxy DefaultMaterial, compiling. 
[2018.10.23-10.45.50:920][318]LogShaderCompilers: Display: Shaders left to compile 1
[2018.10.23-10.45.50:920][318]LogMaterial: Display: Missing cached shader map for material FDebugViewModeMaterialProxy MatineeCam_mat, compiling. 
[2018.10.23-10.45.51:542][318]LogShaderCompilers: Display: Shaders left to compile 1
[2018.10.23-10.45.51:542][318]TextureStreamingBuild: Display: Compiling optional shaders took 0.634 seconds.
[2018.10.23-10.45.51:545][318]LogLevel: Display: Export Material TexCoord Scales took 0.003 seconds.
[2018.10.23-10.45.51:562][318]TextureStreamingBuild: Display: Build Texture Streaming took 0.016 seconds.
[2018.10.23-10.45.51:584][318]LightingResults: New page: Lighting Build - 23.10.2018 16.45.51
[2018.10.23-10.45.51:593][318]LogSwarmInterface: [OpenConnection] Registering TCP channel ...
[2018.10.23-10.45.51:598][318]LogSwarmInterface: [OpenConnection] Connecting to agent ...
[2018.10.23-10.45.51:598][318]LogSwarmInterface: [TryOpenConnection] Testing the Agent
[2018.10.23-10.45.51:599][318]LogSwarmInterface: [TryOpenConnection] Opening Connection to Agent
[2018.10.23-10.45.51:599][318]LogSwarmInterface: [TryOpenConnection] Local Process ID is 5440
[2018.10.23-10.45.56:110][318]LogStaticLightingSystem: Warning: No importance volume found, so the scene bounding box was used.  You can optimize your scene's quality and lighting build times by adding importance volumes.
[2018.10.23-10.45.56:110][318]LogStaticLightingSystem: Running Lightmass w/ ImmediateImport mode ENABLED
[2018.10.23-10.45.56:110][318]LogStaticLightingSystem: Running Lightmass w/ ImmediateProcess mode ENABLED
[2018.10.23-10.45.56:110][318]LogStaticLightingSystem: Running Lightmass w/ Sorting mode ENABLED
[2018.10.23-10.45.56:111][318]LogStaticLightingSystem: Running Lightmass w/ Mapping paddings ENABLED
[2018.10.23-10.45.56:111][318]LogStaticLightingSystem: Running Lightmass w/ Mapping debug paddings DISABLED
[2018.10.23-10.45.56:157][318]Cmd: MAP CHECK DONTDISPLAYDIALOG
[2018.10.23-10.45.56:158][318]MapCheck: New page: Testikartta - 23.10.2018 16.45.56
[2018.10.23-10.45.56:158][318]MapCheck: Error: WorldSettings_1 Maps need lighting rebuilt 
[2018.10.23-10.45.56:226][318]MapCheck: Map check complete: 1 Error(s), 0 Warning(s), took 68,23ms to complete.
[2018.10.23-10.45.56:251][318]LogEditorBuildUtils: Build time 0:05
[2018.10.23-10.45.56:261][318]LogSlate: FSceneViewport::OnFocusLost() reason 2
[2018.10.23-10.45.59:829][598]LogSlate: Window 'Message Log' being destroyed
[2018.10.23-10.45.59:834][598]LogSlate: Window 'Message Log' being destroyed
[2018.10.23-10.46.10:265][555]Job is a success!
[2018.10.23-10.46.10:284][557]LogSlate: FSceneViewport::OnFocusLost() reason 2
[2018.10.23-10.46.10:316][557]LogVolumetricLightmapImport: Imported Volumetric Lightmap in 0.013s
[2018.10.23-10.46.10:316][557]LogVolumetricLightmapImport:      Indirection Texture 16x16x16 = 0.0Mb
[2018.10.23-10.46.10:316][557]LogVolumetricLightmapImport:      BrickData 15x5x5 = 0.0Mb (trimmed 0.1Mb due to 0.010000 MinBrickError)
[2018.10.23-10.46.10:316][557]LogVolumetricLightmapImport:      Bricks at Level
[2018.10.23-10.46.10:316][557]LogVolumetricLightmapImport:          0: 33.3% covering 100.0% of volume
[2018.10.23-10.46.10:317][557]LogVolumetricLightmapImport:          1: 33.3% covering 1.6% of volume
[2018.10.23-10.46.10:317][557]LogVolumetricLightmapImport:          2: 33.3% covering 0.0% of volume
[2018.10.23-10.46.10:467][557]LogTexture: Display: Building textures: LQ_Lightmap_1_1 (DXT1, 512X512)
[2018.10.23-10.46.10:467][557]LogTexture: Display: Building textures: HQ_Lightmap1_1 (AutoDXT, 512X512)
[2018.10.23-10.46.10:467][557]LogTexture: Display: Building textures: ShadowMapTexture2D_2 (G8, 1024X128)
[2018.10.23-10.46.10:497][557]Lightmass on MIKA-PC: 13.5 sec total, 97 ms importing, 7 ms setup, 6.32 sec photons, 7.07 sec processing, 0 ms extra exporting [6/6 mappings]. Threads: 28.2 sec total, 1.40 sec processing.
[2018.10.23-10.46.10:508][557]LogStaticLightingSystem: Illumination: 18.9 sec (88 ms encoding lightmaps, 34 ms encoding shadowmaps)
[2018.10.23-10.46.10:513][557]LogStaticLightingSystem: Lightmap texture memory:  0.5 MB (0.5 MB streaming, 0.0 MB non-streaming), 2 textures
[2018.10.23-10.46.10:513][557]LogStaticLightingSystem: Shadowmap texture memory: 0.2 MB (0.2 MB streaming, 0.0 MB non-streaming), 1 textures
[2018.10.23-10.46.11:165][557]DumpUnbuiltLightIteractions
[2018.10.23-10.46.11:165][557]Lights with unbuilt interactions: 0
[2018.10.23-10.46.11:165][557]
[2018.10.23-10.46.11:166][557]Primitives with unbuilt interactions: 0
[2018.10.23-10.46.11:170][557]LogSlate: FSceneViewport::OnFocusLost() reason 2
[2018.10.23-10.46.11:208][558]Cmd: MAP CHECK NOTIFYRESULTS
[2018.10.23-10.46.11:208][558]MapCheck: New page: Testikartta - 23.10.2018 16.46.11
[2018.10.23-10.46.11:275][558]MapCheck: Map check complete: 0 Error(s), 0 Warning(s), took 66,332ms to complete.
[2018.10.23-10.46.16:578][188]LogEditorViewport: Clicking on Actor (context menu): StaticMeshActor (Floor)
[2018.10.23-10.46.16:627][188]LogSlate: FSceneViewport::OnFocusLost() reason 2
[2018.10.23-10.46.17:411][277]LogEditorViewport: Clicking on Actor (context menu): Pallo (Pallo1)
[2018.10.23-10.46.17:455][277]LogSlate: FSceneViewport::OnFocusLost() reason 2
[2018.10.23-10.46.18:124][354]LogEditorViewport: Clicking on Actor (context menu): StaticMeshActor (Floor)
[2018.10.23-10.46.18:174][354]LogSlate: FSceneViewport::OnFocusLost() reason 2
[2018.10.23-10.46.19:190][471]LogEditorViewport: Clicking on Actor (LMB): StaticMeshActor (Floor4)
[2018.10.23-10.46.21:141][693]LogSlate: FSceneViewport::OnFocusLost() reason 2
[2018.10.23-10.46.22:413][844]LogPlayLevel: PlayLevel: No blueprints needed recompiling
[2018.10.23-10.46.22:413][844]PIE: New page: PIE session: Testikartta (23.10.2018 16.46.22)
[2018.10.23-10.46.22:413][844]LogPlayLevel: Creating play world package: /Game/UEDPIE_0_Testikartta
[2018.10.23-10.46.22:415][844]LogPlayLevel: PIE: StaticDuplicateObject took: (0.002251s)
[2018.10.23-10.46.22:416][844]LogAIModule: Creating AISystem for world Testikartta
[2018.10.23-10.46.22:416][844]LogPlayLevel: PIE: World Init took: (0.000829s)
[2018.10.23-10.46.22:417][844]LogPlayLevel: PIE: Created PIE world by copying editor world from /Game/Testikartta.Testikartta to /Game/UEDPIE_0_Testikartta.Testikartta (0.003450s)
[2018.10.23-10.46.22:442][844]LogInit: XAudio2 using 'Speakers (Logitech G35 Headset)' : 2 channels at 44.1 kHz using 16 bits per sample (channel mask 0x3)
[2018.10.23-10.46.22:451][844]LogInit: FAudioDevice initialized.
[2018.10.23-10.46.22:451][844]LogSlate: FSceneViewport::OnFocusLost() reason 2
[2018.10.23-10.46.22:491][844]LogLoad: Game class is 'GameModeBase'
[2018.10.23-10.46.22:492][844]LogWorld: Bringing World /Game/UEDPIE_0_Testikartta.Testikartta up for play (max tick rate 0) at 2018.10.23-13.46.22
[2018.10.23-10.46.22:493][844]LogWorld: Bringing up level for play took: 0.000950
[2018.10.23-10.46.22:510][844]PIE: Play in editor start time for /Game/UEDPIE_0_Testikartta −0,659
[2018.10.23-10.46.26:790][352]LogSlate: Updating window title bar state: overlay mode, drag disabled, window buttons hidden, title bar hidden
[2018.10.23-10.46.26:828][352]LogPlayLevel: Display: Shutting down PIE online subsystems
[2018.10.23-10.46.26:851][352]LogSlate: Updating window title bar state: overlay mode, drag disabled, window buttons hidden, title bar hidden
[2018.10.23-10.46.26:894][354]LogPlayLevel: Display: Destroying online subsystem :Context_5
[2018.10.23-10.46.33:407][125]LogSlate: FSceneViewport::OnFocusLost() reason 0
[2018.10.23-10.46.46:634][384]LogSlate: FSceneViewport::OnFocusLost() reason 0
[2018.10.23-10.46.46:769][397]LogTemp: Repeating last play command: Selected Viewport
[2018.10.23-10.46.46:782][397]LogPlayLevel: PlayLevel: No blueprints needed recompiling
[2018.10.23-10.46.46:782][397]PIE: New page: PIE session: Testikartta (23.10.2018 16.46.46)
[2018.10.23-10.46.46:782][397]LogPlayLevel: Creating play world package: /Game/UEDPIE_0_Testikartta
[2018.10.23-10.46.46:785][397]LogPlayLevel: PIE: StaticDuplicateObject took: (0.002379s)
[2018.10.23-10.46.46:786][397]LogAIModule: Creating AISystem for world Testikartta
[2018.10.23-10.46.46:786][397]LogPlayLevel: PIE: World Init took: (0.000946s)
[2018.10.23-10.46.46:786][397]LogPlayLevel: PIE: Created PIE world by copying editor world from /Game/Testikartta.Testikartta to /Game/UEDPIE_0_Testikartta.Testikartta (0.003702s)
[2018.10.23-10.46.46:846][397]LogInit: XAudio2 using 'Speakers (Logitech G35 Headset)' : 2 channels at 44.1 kHz using 16 bits per sample (channel mask 0x3)
[2018.10.23-10.46.46:856][397]LogInit: FAudioDevice initialized.
[2018.10.23-10.46.46:891][397]LogLoad: Game class is 'GameModeBase'
[2018.10.23-10.46.46:892][397]LogWorld: Bringing World /Game/UEDPIE_0_Testikartta.Testikartta up for play (max tick rate 0) at 2018.10.23-13.46.46
[2018.10.23-10.46.46:893][397]LogWorld: Bringing up level for play took: 0.000975
[2018.10.23-10.46.46:907][397]PIE: Play in editor start time for /Game/UEDPIE_0_Testikartta −0,263
[2018.10.23-10.47.07:407][851]LogSlate: Updating window title bar state: overlay mode, drag disabled, window buttons hidden, title bar hidden
[2018.10.23-10.47.07:444][851]LogPlayLevel: Display: Shutting down PIE online subsystems
[2018.10.23-10.47.07:469][851]LogSlate: Updating window title bar state: overlay mode, drag disabled, window buttons hidden, title bar hidden
[2018.10.23-10.47.07:514][853]LogPlayLevel: Display: Destroying online subsystem :Context_6
[2018.10.23-10.47.19:332][261]LogSlate: FSceneViewport::OnFocusLost() reason 0
[2018.10.23-10.47.19:453][272]Cmd: OBJ SAVEPACKAGE PACKAGE="/Game/Testikartta" FILE="../../../../../../Users/Mika/Documents/Unreal Projects/Unreal_Projekti/Content/Testikartta.umap" SILENT=true AUTOSAVING=false KEEPDIRTY=false
[2018.10.23-10.47.19:503][272]LogSavePackage: Moving '../../../../../../Users/Mika/Documents/Unreal Projects/Unreal_Projekti/Saved/TestikarttaEF154EA34CB6A5886564E197BF002EC4.tmp' to '../../../../../../Users/Mika/Documents/Unreal Projects/Unreal_Projekti/Content/Testikartta.umap'
[2018.10.23-10.47.19:527][272]Cmd: OBJ SAVEPACKAGE PACKAGE="/Game/Testikartta_BuiltData" FILE="../../../../../../Users/Mika/Documents/Unreal Projects/Unreal_Projekti/Content/Testikartta_BuiltData.uasset" SILENT=true
[2018.10.23-10.47.19:756][272]LogSavePackage: Moving '../../../../../../Users/Mika/Documents/Unreal Projects/Unreal_Projekti/Saved/Testikartta_BuiltData115CA4124A7FC8BC1D41ACBC4D012926.tmp' to '../../../../../../Users/Mika/Documents/Unreal Projects/Unreal_Projekti/Content/Testikartta_BuiltData.uasset'
[2018.10.23-10.47.23:369][702]LogSlate: FSceneViewport::OnFocusLost() reason 2
[2018.10.23-10.47.23:563][724]LogSlate: FSceneViewport::OnFocusLost() reason 2
[2018.10.23-10.47.23:613][729]LogSlate: FSceneViewport::OnFocusLost() reason 2
[2018.10.23-10.47.23:931][761]LogSlate: FSceneViewport::OnFocusLost() reason 2
[2018.10.23-10.47.23:992][767]LogSlate: FSceneViewport::OnFocusLost() reason 2
[2018.10.23-10.47.27:062][135]LogSlate: FSceneViewport::OnFocusLost() reason 0
[2018.10.23-10.47.27:272][152]LogSlate: Window 'Unreal_Projekti - Unreal Editor' being destroyed
[2018.10.23-10.47.27:273][152]LogWindowsTextInputMethodSystem: Display: IME system now deactivated.
[2018.10.23-10.47.27:475][153]Cmd: QUIT_EDITOR
[2018.10.23-10.47.27:947][153]LogExit: Preparing to exit.
[2018.10.23-10.47.28:659][153]LogExit: Editor shut down
[2018.10.23-10.47.28:659][153]LogExit: Transaction tracking system shut down
[2018.10.23-10.47.29:290][153]LogExit: Object subsystem successfully closed.
[2018.10.23-10.47.29:322][153]LogShaderCompilers: Display: Shaders left to compile 0
[2018.10.23-10.47.29:330][153]LogD3D11RHI: Shutdown
[2018.10.23-10.47.29:330][153]LogD3D11RHI: CleanupD3DDevice
[2018.10.23-10.47.29:332][153]LogD3D11RHI: ~FD3D11DynamicRHI
[2018.10.23-10.47.29:344][153]LogModuleManager: Shutting down and abandoning module MovieSceneCapture (618)
[2018.10.23-10.47.29:344][153]LogModuleManager: Shutting down and abandoning module Voice (616)
[2018.10.23-10.47.29:344][153]LogModuleManager: Shutting down and abandoning module HierarchicalLODOutliner (614)
[2018.10.23-10.47.29:344][153]LogModuleManager: Shutting down and abandoning module SceneOutliner (612)
[2018.10.23-10.47.29:344][153]LogModuleManager: Shutting down and abandoning module AddContentDialog (610)
[2018.10.23-10.47.29:346][153]LogModuleManager: Shutting down and abandoning module WidgetCarousel (609)
[2018.10.23-10.47.29:346][153]LogModuleManager: Shutting down and abandoning module EditorWidgets (606)
[2018.10.23-10.47.29:346][153]LogModuleManager: Shutting down and abandoning module CollectionManager (604)
[2018.10.23-10.47.29:347][153]LogModuleManager: Shutting down and abandoning module HierarchicalLODUtilities (602)
[2018.10.23-10.47.29:347][153]LogModuleManager: Shutting down and abandoning module StatsViewer (600)
[2018.10.23-10.47.29:347][153]LogModuleManager: Shutting down and abandoning module FoliageEdit (598)
[2018.10.23-10.47.29:348][153]LogModuleManager: Shutting down and abandoning module LandscapeEditor (596)
[2018.10.23-10.47.29:348][153]LogModuleManager: Shutting down and abandoning module MeshPaintMode (594)
[2018.10.23-10.47.29:348][153]LogModuleManager: Shutting down and abandoning module SceneDepthPickerMode (592)
[2018.10.23-10.47.29:348][153]LogModuleManager: Shutting down and abandoning module ActorPickerMode (590)
[2018.10.23-10.47.29:349][153]LogModuleManager: Shutting down and abandoning module GeometryMode (588)
[2018.10.23-10.47.29:350][153]LogModuleManager: Shutting down and abandoning module TextureAlignMode (586)
[2018.10.23-10.47.29:350][153]LogModuleManager: Shutting down and abandoning module BspMode (584)
[2018.10.23-10.47.29:350][153]LogModuleManager: Shutting down and abandoning module PIEPreviewDeviceProfileSelector (582)
[2018.10.23-10.47.29:351][153]LogModuleManager: Shutting down and abandoning module SequenceRecorderSections (580)
[2018.10.23-10.47.29:351][153]LogModuleManager: Shutting down and abandoning module AutomationWorker (578)
[2018.10.23-10.47.29:351][153]LogModuleManager: Shutting down and abandoning module AudioCaptureEditor (576)
[2018.10.23-10.47.29:351][153]LogModuleManager: Shutting down and abandoning module SequenceRecorder (575)
[2018.10.23-10.47.29:351][153]LogModuleManager: Shutting down and abandoning module MatineeToLevelSequence (572)
[2018.10.23-10.47.29:351][153]LogModuleManager: Shutting down and abandoning module LevelSequenceEditor (570)
[2018.10.23-10.47.29:351][153]LogModuleManager: Shutting down and abandoning module PlacementMode (569)
[2018.10.23-10.47.29:352][153]LogModuleManager: Shutting down and abandoning module MaterialEditor (568)
[2018.10.23-10.47.29:352][153]LogModuleManager: Shutting down and abandoning module WmfMediaFactory (564)
[2018.10.23-10.47.29:352][153]LogModuleManager: Shutting down and abandoning module WmfMediaEditor (562)
[2018.10.23-10.47.29:352][153]LogModuleManager: Shutting down and abandoning module MediaPlayerEditor (560)
[2018.10.23-10.47.29:353][153]LogModuleManager: Shutting down and abandoning module OpenExrWrapper (558)
[2018.10.23-10.47.29:353][153]LogModuleManager: Shutting down and abandoning module ImgMediaFactory (556)
[2018.10.23-10.47.29:353][153]LogModuleManager: Shutting down and abandoning module ImgMediaEditor (554)
[2018.10.23-10.47.29:354][153]LogModuleManager: Shutting down and abandoning module AvfMediaFactory (552)
[2018.10.23-10.47.29:354][153]LogModuleManager: Shutting down and abandoning module AvfMediaEditor (550)
[2018.10.23-10.47.29:354][153]LogModuleManager: Shutting down and abandoning module AndroidMediaFactory (548)
[2018.10.23-10.47.29:354][153]LogModuleManager: Shutting down and abandoning module AndroidMediaEditor (546)
[2018.10.23-10.47.29:354][153]LogModuleManager: Shutting down and abandoning module MagicLeapCameraPreviewFactory (544)
[2018.10.23-10.47.29:355][153]LogModuleManager: Shutting down and abandoning module MagicLeapMediaFactory (542)
[2018.10.23-10.47.29:355][153]LogModuleManager: Shutting down and abandoning module MagicLeapMediaEditor (540)
[2018.10.23-10.47.29:355][153]LogModuleManager: Shutting down and abandoning module CharacterAI (538)
[2018.10.23-10.47.29:355][153]LogModuleManager: Shutting down and abandoning module SmartSnapping (536)
[2018.10.23-10.47.29:355][153]LogModuleManager: Shutting down and abandoning module SessionServices (534)
[2018.10.23-10.47.29:355][153]LogModuleManager: Shutting down and abandoning module ViewportSnapping (532)
[2018.10.23-10.47.29:355][153]LogModuleManager: Shutting down and abandoning module ViewportInteraction (530)
[2018.10.23-10.47.29:356][153]LogModuleManager: Shutting down and abandoning module ClothPainter (528)
[2018.10.23-10.47.29:356][153]LogModuleManager: Shutting down and abandoning module SkeletalMeshEditor (527)
[2018.10.23-10.47.29:356][153]LogModuleManager: Shutting down and abandoning module LogVisualizer (524)
[2018.10.23-10.47.29:356][153]LogModuleManager: Shutting down and abandoning module IntroTutorials (522)
[2018.10.23-10.47.29:356][153]LogModuleManager: Shutting down and abandoning module GameProjectGeneration (521)
[2018.10.23-10.47.29:357][153]LogModuleManager: Shutting down and abandoning module LuminPlatformEditor (518)
[2018.10.23-10.47.29:357][153]LogModuleManager: Shutting down and abandoning module IOSPlatformEditor (516)
[2018.10.23-10.47.29:358][153]LogModuleManager: Shutting down and abandoning module HTML5PlatformEditor (514)
[2018.10.23-10.47.29:358][153]LogModuleManager: Shutting down and abandoning module AndroidPlatformEditor (512)
[2018.10.23-10.47.29:359][153]LogModuleManager: Shutting down and abandoning module AndroidDeviceDetection (511)
[2018.10.23-10.47.29:710][153]LogModuleManager: Shutting down and abandoning module WindowsPlatformEditor (508)
[2018.10.23-10.47.29:711][153]LogModuleManager: Shutting down and abandoning module LuminRuntimeSettings (506)
[2018.10.23-10.47.29:711][153]LogModuleManager: Shutting down and abandoning module IOSRuntimeSettings (504)
[2018.10.23-10.47.29:711][153]LogModuleManager: Shutting down and abandoning module AndroidRuntimeSettings (502)
[2018.10.23-10.47.29:711][153]LogModuleManager: Shutting down and abandoning module InputBindingEditor (500)
[2018.10.23-10.47.29:712][153]LogModuleManager: Shutting down and abandoning module MergeActors (498)
[2018.10.23-10.47.29:712][153]LogModuleManager: Shutting down and abandoning module LocalizationDashboard (496)
[2018.10.23-10.47.29:712][153]LogModuleManager: Shutting down and abandoning module LocalizationService (495)
[2018.10.23-10.47.29:712][153]LogModuleManager: Shutting down and abandoning module HardwareTargeting (492)
[2018.10.23-10.47.29:712][153]LogModuleManager: Shutting down and abandoning module DeviceProfileEditor (490)
[2018.10.23-10.47.29:712][153]LogModuleManager: Shutting down and abandoning module UndoHistory (488)
[2018.10.23-10.47.29:712][153]LogModuleManager: Shutting down and abandoning module XmlParser (486)
[2018.10.23-10.47.29:713][153]LogModuleManager: Shutting down and abandoning module Blutility (484)
[2018.10.23-10.47.29:713][153]LogModuleManager: Shutting down and abandoning module ProjectSettingsViewer (482)
[2018.10.23-10.47.29:713][153]LogModuleManager: Shutting down and abandoning module ProjectTargetPlatformEditor (481)
[2018.10.23-10.47.29:713][153]LogModuleManager: Shutting down and abandoning module EditorSettingsViewer (478)
[2018.10.23-10.47.29:713][153]LogModuleManager: Shutting down and abandoning module SettingsEditor (476)
[2018.10.23-10.47.29:714][153]LogModuleManager: Shutting down and abandoning module ProjectLauncher (474)
[2018.10.23-10.47.29:714][153]LogModuleManager: Shutting down and abandoning module SessionFrontend (472)
[2018.10.23-10.47.29:714][153]LogModuleManager: Shutting down and abandoning module ProfilerClient (470)
[2018.10.23-10.47.29:714][153]LogModuleManager: Shutting down and abandoning module DeviceManager (468)
[2018.10.23-10.47.29:714][153]LogModuleManager: Shutting down and abandoning module TargetDeviceServices (467)
[2018.10.23-10.47.29:769][153]LogModuleManager: Shutting down and abandoning module AutomationController (464)
[2018.10.23-10.47.29:769][153]LogModuleManager: Shutting down and abandoning module AutomationWindow (462)
[2018.10.23-10.47.29:769][153]LogModuleManager: Shutting down and abandoning module Layers (460)
[2018.10.23-10.47.29:769][153]LogModuleManager: Shutting down and abandoning module ComponentVisualizers (458)
[2018.10.23-10.47.29:769][153]LogModuleManager: Shutting down and abandoning module DetailCustomizations (456)
[2018.10.23-10.47.29:769][153]LogModuleManager: Shutting down and abandoning module PackagesDialog (454)
[2018.10.23-10.47.29:770][153]LogModuleManager: Shutting down and abandoning module Persona (452)
[2018.10.23-10.47.29:770][153]LogModuleManager: Shutting down and abandoning module AdvancedPreviewScene (451)
[2018.10.23-10.47.29:770][153]LogModuleManager: Shutting down and abandoning module AnimGraph (449)
[2018.10.23-10.47.29:770][153]LogModuleManager: Shutting down and abandoning module Kismet (446)
[2018.10.23-10.47.29:771][153]LogModuleManager: Shutting down and abandoning module GraphEditor (444)
[2018.10.23-10.47.29:771][153]LogModuleManager: Shutting down and abandoning module ClassViewer (442)
[2018.10.23-10.47.29:771][153]LogModuleManager: Shutting down and abandoning module Toolbox (440)
[2018.10.23-10.47.29:771][153]LogModuleManager: Shutting down and abandoning module DesktopPlatform (439)
[2018.10.23-10.47.29:771][153]LogModuleManager: Shutting down and abandoning module ModuleUI (436)
[2018.10.23-10.47.29:771][153]LogModuleManager: Shutting down and abandoning module MovieSceneTools (434)
[2018.10.23-10.47.29:771][153]LogModuleManager: Shutting down and abandoning module OutputLog (432)
[2018.10.23-10.47.29:772][153]LogModuleManager: Shutting down and abandoning module GammaUI (430)
[2018.10.23-10.47.29:772][153]LogModuleManager: Shutting down and abandoning module Documentation (428)
[2018.10.23-10.47.29:772][153]LogModuleManager: Shutting down and abandoning module MovieSceneTracks (426)
[2018.10.23-10.47.29:772][153]LogModuleManager: Shutting down and abandoning module MovieScene (424)
[2018.10.23-10.47.29:772][153]LogModuleManager: Shutting down and abandoning module StreamingPauseRendering (422)
[2018.10.23-10.47.29:772][153]LogModuleManager: Shutting down and abandoning module LauncherPlatform (420)
[2018.10.23-10.47.29:772][153]LogModuleManager: Shutting down and abandoning module AnalyticsET (418)
[2018.10.23-10.47.29:772][153]LogModuleManager: Shutting down and abandoning module PortalServices (416)
[2018.10.23-10.47.29:772][153]LogModuleManager: Shutting down and abandoning module PortalRpc (414)
[2018.10.23-10.47.29:772][153]LogModuleManager: Shutting down and abandoning module MessagingRpc (412)
[2018.10.23-10.47.29:772][153]LogModuleManager: Shutting down and abandoning module AIModule (410)
[2018.10.23-10.47.29:772][153]LogModuleManager: Shutting down and abandoning module GameplayDebugger (409)
[2018.10.23-10.47.29:773][153]LogModuleManager: Shutting down and abandoning module AITestSuite (407)
[2018.10.23-10.47.29:773][153]LogModuleManager: Shutting down and abandoning module NavigationSystem (405)
[2018.10.23-10.47.29:773][153]LogModuleManager: Shutting down and abandoning module ProfilerService (402)
[2018.10.23-10.47.29:880][153]LogModuleManager: Shutting down and abandoning module TaskGraph (400)
[2018.10.23-10.47.29:880][153]LogModuleManager: Shutting down and abandoning module SteamVRController (398)
[2018.10.23-10.47.29:880][153]LogModuleManager: Shutting down and abandoning module ProceduralMeshComponentEditor (396)
[2018.10.23-10.47.29:880][153]LogModuleManager: Shutting down and abandoning module ProceduralMeshComponent (394)
[2018.10.23-10.47.29:881][153]LogModuleManager: Shutting down and abandoning module OculusInput (392)
[2018.10.23-10.47.29:881][153]LogModuleManager: Shutting down and abandoning module MobilePatchingUtils (390)
[2018.10.23-10.47.29:881][153]LogModuleManager: Shutting down and abandoning module EditableMesh (388)
[2018.10.23-10.47.29:881][153]LogModuleManager: Shutting down and abandoning module CustomMeshComponent (386)
[2018.10.23-10.47.29:881][153]LogModuleManager: Shutting down and abandoning module CableComponent (384)
[2018.10.23-10.47.29:881][153]LogModuleManager: Shutting down and abandoning module AudioCapture (382)
[2018.10.23-10.47.29:881][153]LogModuleManager: Shutting down and abandoning module ArchVisCharacter (380)
[2018.10.23-10.47.29:881][153]LogModuleManager: Shutting down and abandoning module AndroidPermission (378)
[2018.10.23-10.47.29:881][153]LogModuleManager: Shutting down and abandoning module NUTUnrealEngine4 (376)
[2018.10.23-10.47.29:882][153]LogModuleManager: Shutting down and abandoning module NetcodeUnitTest (374)
[2018.10.23-10.47.29:882][153]LogModuleManager: Shutting down and abandoning module MediaCompositingEditor (372)
[2018.10.23-10.47.29:882][153]LogModuleManager: Shutting down and abandoning module MediaCompositing (370)
[2018.10.23-10.47.29:882][153]LogModuleManager: Shutting down and abandoning module LinearTimecode (368)
[2018.10.23-10.47.29:882][153]LogModuleManager: Shutting down and abandoning module ImgMedia (366)
[2018.10.23-10.47.29:889][153]LogModuleManager: Shutting down and abandoning module HTML5Networking (364)
[2018.10.23-10.47.29:889][153]LogModuleManager: Shutting down and abandoning module GeometryCacheTracks (362)
[2018.10.23-10.47.29:890][153]LogModuleManager: Shutting down and abandoning module GeometryCacheSequencer (360)
[2018.10.23-10.47.29:890][153]LogModuleManager: Shutting down and abandoning module BackChannel (358)
[2018.10.23-10.47.29:890][153]LogModuleManager: Shutting down and abandoning module AppleVision (356)
[2018.10.23-10.47.29:890][153]LogModuleManager: Shutting down and abandoning module AppleImageUtils (354)
[2018.10.23-10.47.29:890][153]LogModuleManager: Shutting down and abandoning module AlembicImporter (352)
[2018.10.23-10.47.29:890][153]LogModuleManager: Shutting down and abandoning module AlembicLibrary (351)
[2018.10.23-10.47.29:890][153]LogModuleManager: Shutting down and abandoning module GeometryCache (350)
[2018.10.23-10.47.29:890][153]LogModuleManager: Shutting down and abandoning module GeometryCacheEd (349)
[2018.10.23-10.47.29:890][153]LogModuleManager: Shutting down and abandoning module DatasmithContentEditor (344)
[2018.10.23-10.47.29:890][153]LogModuleManager: Shutting down and abandoning module DatasmithContent (342)
[2018.10.23-10.47.29:891][153]LogModuleManager: Shutting down and abandoning module SpeedTreeImporter (340)
[2018.10.23-10.47.29:891][153]LogModuleManager: Shutting down and abandoning module PluginBrowser (338)
[2018.10.23-10.47.29:891][153]LogModuleManager: Shutting down and abandoning module MobileLauncherProfileWizard (336)
[2018.10.23-10.47.29:891][153]LogModuleManager: Shutting down and abandoning module PolygonModeling (334)
[2018.10.23-10.47.29:891][153]LogModuleManager: Shutting down and abandoning module MeshEditor (332)
[2018.10.23-10.47.29:891][153]LogModuleManager: Shutting down and abandoning module CryptoKeysOpenSSL (330)
[2018.10.23-10.47.29:891][153]LogModuleManager: Shutting down and abandoning module CryptoKeys (328)
[2018.10.23-10.47.29:891][153]LogModuleManager: Shutting down and abandoning module VisualStudioSourceCodeAccess (326)
[2018.10.23-10.47.29:891][153]LogModuleManager: Shutting down and abandoning module VisualStudioCodeSourceCodeAccess (324)
[2018.10.23-10.47.29:891][153]LogModuleManager: Shutting down and abandoning module UObjectPlugin (322)
[2018.10.23-10.47.29:892][153]LogModuleManager: Shutting down and abandoning module SubversionSourceControl (320)
[2018.10.23-10.47.29:892][153]LogModuleManager: Shutting down and abandoning module PerforceSourceControl (318)
[2018.10.23-10.47.29:892][153]LogModuleManager: Shutting down and abandoning module GitSourceControl (316)
[2018.10.23-10.47.29:892][153]LogModuleManager: Shutting down and abandoning module SourceControl (315)
[2018.10.23-10.47.29:892][153]LogModuleManager: Shutting down and abandoning module CLionSourceCodeAccess (312)
[2018.10.23-10.47.29:892][153]LogModuleManager: Shutting down and abandoning module LightPropagationVolumeEditor (310)
[2018.10.23-10.47.29:892][153]LogModuleManager: Shutting down and abandoning module PaperTiledImporter (308)
[2018.10.23-10.47.29:892][153]LogModuleManager: Shutting down and abandoning module PaperSpriteSheetImporter (306)
[2018.10.23-10.47.29:893][153]LogModuleManager: Shutting down and abandoning module Paper2DEditor (304)
[2018.10.23-10.47.29:893][153]LogModuleManager: Shutting down and abandoning module MeshPaint (303)
[2018.10.23-10.47.29:894][153]LogModuleManager: Shutting down and abandoning module Unreal_Projekti (300)
[2018.10.23-10.47.29:895][153]LogModuleManager: Shutting down and abandoning module RuntimePhysXCooking (298)
[2018.10.23-10.47.29:895][153]LogModuleManager: Shutting down and abandoning module PhysXVehiclesEditor (296)
[2018.10.23-10.47.29:895][153]LogModuleManager: Shutting down and abandoning module PhysXVehicles (294)
[2018.10.23-10.47.29:895][153]LogModuleManager: Shutting down and abandoning module OculusEditor (292)
[2018.10.23-10.47.29:895][153]LogModuleManager: Shutting down and abandoning module LocationServicesBPLibrary (290)
[2018.10.23-10.47.29:895][153]LogModuleManager: Shutting down and abandoning module ImmediatePhysicsEditor (288)
[2018.10.23-10.47.29:895][153]LogModuleManager: Shutting down and abandoning module ImmediatePhysics (286)
[2018.10.23-10.47.29:896][153]LogModuleManager: Shutting down and abandoning module ActorSequence (284)
[2018.10.23-10.47.29:896][153]LogModuleManager: Shutting down and abandoning module UdpMessaging (282)
[2018.10.23-10.47.29:997][153]LogModuleManager: Shutting down and abandoning module TcpMessaging (280)
[2018.10.23-10.47.30:098][153]LogModuleManager: Shutting down and abandoning module MagicLeapAudio (278)
[2018.10.23-10.47.30:098][153]LogModuleManager: Shutting down and abandoning module GameplayTagsEditor (276)
[2018.10.23-10.47.30:098][153]LogModuleManager: Shutting down and abandoning module FacialAnimationEditor (274)
[2018.10.23-10.47.30:098][153]LogModuleManager: Shutting down and abandoning module FacialAnimation (272)
[2018.10.23-10.47.30:098][153]LogModuleManager: Shutting down and abandoning module DataValidation (270)
[2018.10.23-10.47.30:098][153]LogModuleManager: Shutting down and abandoning module AssetManagerEditor (268)
[2018.10.23-10.47.30:099][153]LogModuleManager: Shutting down and abandoning module LevelEditor (267)
[2018.10.23-10.47.30:100][153]LogModuleManager: Shutting down and abandoning module PixelInspectorModule (266)
[2018.10.23-10.47.30:100][153]LogModuleManager: Shutting down and abandoning module CommonMenuExtensions (264)
[2018.10.23-10.47.30:100][153]LogModuleManager: Shutting down and abandoning module MainFrame (262)
[2018.10.23-10.47.30:101][153]LogModuleManager: Shutting down and abandoning module HotReload (261)
[2018.10.23-10.47.30:101][153]LogModuleManager: Shutting down and abandoning module ContentBrowser (257)
[2018.10.23-10.47.30:103][153]LogModuleManager: Shutting down and abandoning module TreeMap (255)
[2018.10.23-10.47.30:103][153]LogModuleManager: Shutting down and abandoning module LightPropagationVolumeRuntime (252)
[2018.10.23-10.47.30:103][153]LogModuleManager: Shutting down and abandoning module AISupportModule (250)
[2018.10.23-10.47.30:103][153]LogModuleManager: Shutting down and abandoning module Paper2D (248)
[2018.10.23-10.47.30:103][153]LogModuleManager: Shutting down and abandoning module WindowsMoviePlayer (246)
[2018.10.23-10.47.30:103][153]LogModuleManager: Shutting down and abandoning module WmfMedia (244)
[2018.10.23-10.47.30:107][153]LogModuleManager: Shutting down and abandoning module Media (243)
[2018.10.23-10.47.30:114][153]LogModuleManager: Shutting down and abandoning module PacketHandler (240)
[2018.10.23-10.47.30:114][153]LogModuleManager: Shutting down and abandoning module ClothingSystemEditor (238)
[2018.10.23-10.47.30:114][153]LogModuleManager: Shutting down and abandoning module ClothingSystemRuntime (236)
[2018.10.23-10.47.30:114][153]LogModuleManager: Shutting down and abandoning module MediaAssets (234)
[2018.10.23-10.47.30:114][153]LogModuleManager: Shutting down and abandoning module Overlay (232)
[2018.10.23-10.47.30:114][153]LogModuleManager: Shutting down and abandoning module OverlayEditor (231)
[2018.10.23-10.47.30:115][153]LogModuleManager: Shutting down and abandoning module VREditor (228)
[2018.10.23-10.47.30:115][153]LogModuleManager: Shutting down and abandoning module StringTableEditor (226)
[2018.10.23-10.47.30:115][153]LogModuleManager: Shutting down and abandoning module GameplayTasksEditor (224)
[2018.10.23-10.47.30:115][153]LogModuleManager: Shutting down and abandoning module BehaviorTreeEditor (222)
[2018.10.23-10.47.30:115][153]LogModuleManager: Shutting down and abandoning module FunctionalTesting (220)
[2018.10.23-10.47.30:115][153]LogModuleManager: Shutting down and abandoning module CollisionAnalyzer (218)
[2018.10.23-10.47.30:115][153]LogModuleManager: Shutting down and abandoning module WorkspaceMenuStructure (217)
[2018.10.23-10.47.30:115][153]LogModuleManager: Shutting down and abandoning module UMG (214)
[2018.10.23-10.47.30:115][153]LogModuleManager: Shutting down and abandoning module UMGEditor (213)
[2018.10.23-10.47.30:115][153]LogModuleManager: Shutting down and abandoning module Sequencer (212)
[2018.10.23-10.47.30:115][153]LogModuleManager: Shutting down and abandoning module MessageLog (209)
[2018.10.23-10.47.30:116][153]LogModuleManager: Shutting down and abandoning module SlateReflector (204)
[2018.10.23-10.47.30:116][153]LogModuleManager: Shutting down and abandoning module Slate (202)
[2018.10.23-10.47.30:116][153]LogModuleManager: Shutting down and abandoning module EditorStyle (200)
[2018.10.23-10.47.30:117][153]LogModuleManager: Shutting down and abandoning module MRMesh (198)
[2018.10.23-10.47.30:118][153]LogModuleManager: Shutting down and abandoning module SourceCodeAccess (196)
[2018.10.23-10.47.30:118][153]LogModuleManager: Shutting down and abandoning module HeadMountedDisplay (194)
[2018.10.23-10.47.30:118][153]LogModuleManager: Shutting down and abandoning module XAudio2 (192)
[2018.10.23-10.47.30:118][153]LogModuleManager: Shutting down and abandoning module Networking (190)
[2018.10.23-10.47.30:118][153]LogModuleManager: Shutting down and abandoning module Core (188)
[2018.10.23-10.47.30:118][153]LogModuleManager: Shutting down and abandoning module LevelSequence (186)
[2018.10.23-10.47.30:118][153]LogModuleManager: Shutting down and abandoning module KismetCompiler (184)
[2018.10.23-10.47.30:118][153]LogModuleManager: Shutting down and abandoning module MeshUtilities (182)
[2018.10.23-10.47.30:118][153]LogModuleManager: Shutting down and abandoning module MeshMergeUtilities (181)
[2018.10.23-10.47.30:118][153]LogModuleManager: Shutting down and abandoning module MeshReductionInterface (180)
[2018.10.23-10.47.30:118][153]LogModuleManager: Shutting down and abandoning module SimplygonSwarm (179)
[2018.10.23-10.47.30:118][153]LogModuleManager: Shutting down and abandoning module ProxyLODMeshReduction (177)
[2018.10.23-10.47.30:118][153]LogModuleManager: Shutting down and abandoning module SimplygonMeshReduction (175)
[2018.10.23-10.47.30:118][153]LogModuleManager: Shutting down and abandoning module QuadricMeshReduction (173)
[2018.10.23-10.47.30:118][153]LogModuleManager: Shutting down and abandoning module MaterialBaking (169)
[2018.10.23-10.47.30:119][153]LogModuleManager: Shutting down and abandoning module DirectoryWatcher (165)
[2018.10.23-10.47.30:119][153]LogModuleManager: Shutting down and abandoning module DerivedDataCache (162)
[2018.10.23-10.47.30:158][153]LogDerivedDataCache: Shutdown
[2018.10.23-10.47.30:158][153]LogModuleManager: Shutting down and abandoning module XGEController (160)
[2018.10.23-10.47.30:158][153]LogXGEController: Cleaning working directory: C:/Users/Mika/AppData/Local/Temp/UnrealXGEWorkingDir/
[2018.10.23-10.47.30:159][153]LogModuleManager: Shutting down and abandoning module TargetPlatform (158)
[2018.10.23-10.47.30:159][153]LogModuleManager: Shutting down and abandoning module VulkanShaderFormat (157)
[2018.10.23-10.47.30:159][153]LogModuleManager: Shutting down and abandoning module ShaderFormatVectorVM (155)
[2018.10.23-10.47.30:160][153]LogModuleManager: Shutting down and abandoning module ShaderFormatOpenGL (153)
[2018.10.23-10.47.30:160][153]LogModuleManager: Shutting down and abandoning module ShaderFormatD3D (151)
[2018.10.23-10.47.30:161][153]LogModuleManager: Shutting down and abandoning module MetalShaderFormat (149)
[2018.10.23-10.47.30:161][153]LogModuleManager: Shutting down and abandoning module TextureFormatUncompressed (147)
[2018.10.23-10.47.30:161][153]LogModuleManager: Shutting down and abandoning module TextureFormatPVR (145)
[2018.10.23-10.47.30:162][153]LogModuleManager: Shutting down and abandoning module TextureFormatDXT (143)
[2018.10.23-10.47.30:162][153]LogModuleManager: Shutting down and abandoning module TextureFormatIntelISPCTexComp (141)
[2018.10.23-10.47.30:163][153]LogModuleManager: Shutting down and abandoning module TextureFormatASTC (139)
[2018.10.23-10.47.30:163][153]LogModuleManager: Shutting down and abandoning module ImageWrapper (138)
[2018.10.23-10.47.30:163][153]LogModuleManager: Shutting down and abandoning module TextureFormatAndroid (135)
[2018.10.23-10.47.30:164][153]LogModuleManager: Shutting down and abandoning module AudioFormatOpus (133)
[2018.10.23-10.47.30:164][153]LogModuleManager: Shutting down and abandoning module AudioFormatOgg (131)
[2018.10.23-10.47.30:164][153]LogModuleManager: Shutting down and abandoning module AudioFormatADPCM (129)
[2018.10.23-10.47.30:164][153]LogModuleManager: Shutting down and abandoning module LuminTargetPlatform (127)
[2018.10.23-10.47.30:164][153]LogModuleManager: Shutting down and abandoning module LinuxTargetPlatform (125)
[2018.10.23-10.47.30:164][153]LogModuleManager: Shutting down and abandoning module LinuxServerTargetPlatform (123)
[2018.10.23-10.47.30:164][153]LogModuleManager: Shutting down and abandoning module LinuxNoEditorTargetPlatform (121)
[2018.10.23-10.47.30:164][153]LogModuleManager: Shutting down and abandoning module LinuxClientTargetPlatform (119)
[2018.10.23-10.47.30:164][153]LogModuleManager: Shutting down and abandoning module TVOSTargetPlatform (117)
[2018.10.23-10.47.30:165][153]LogModuleManager: Shutting down and abandoning module Messaging (115)
[2018.10.23-10.47.30:166][153]LogModuleManager: Shutting down and abandoning module IOSTargetPlatform (113)
[2018.10.23-10.47.30:167][153]LogModuleManager: Shutting down and abandoning module HTML5TargetPlatform (111)
[2018.10.23-10.47.30:167][153]LogModuleManager: Shutting down and abandoning module AndroidTargetPlatform (109)
[2018.10.23-10.47.30:175][153]LogModuleManager: Shutting down and abandoning module WindowsTargetPlatform (107)
[2018.10.23-10.47.30:175][153]LogModuleManager: Shutting down and abandoning module WindowsServerTargetPlatform (105)
[2018.10.23-10.47.30:175][153]LogModuleManager: Shutting down and abandoning module WindowsNoEditorTargetPlatform (103)
[2018.10.23-10.47.30:175][153]LogModuleManager: Shutting down and abandoning module WindowsClientTargetPlatform (101)
[2018.10.23-10.47.30:175][153]LogModuleManager: Shutting down and abandoning module MacTargetPlatform (99)
[2018.10.23-10.47.30:176][153]LogModuleManager: Shutting down and abandoning module MacServerTargetPlatform (97)
[2018.10.23-10.47.30:176][153]LogModuleManager: Shutting down and abandoning module MacNoEditorTargetPlatform (95)
[2018.10.23-10.47.30:176][153]LogModuleManager: Shutting down and abandoning module MacClientTargetPlatform (93)
[2018.10.23-10.47.30:176][153]LogModuleManager: Shutting down and abandoning module AllDesktopTargetPlatform (91)
[2018.10.23-10.47.30:177][153]LogModuleManager: Shutting down and abandoning module InputCore (88)
[2018.10.23-10.47.30:178][153]LogModuleManager: Shutting down and abandoning module Settings (86)
[2018.10.23-10.47.30:178][153]LogModuleManager: Shutting down and abandoning module PhysXCooking (84)
[2018.10.23-10.47.30:178][153]LogModuleManager: Shutting down and abandoning module SteamVR (82)
[2018.10.23-10.47.30:178][153]LogModuleManager: Shutting down and abandoning module OculusHMD (80)
[2018.10.23-10.47.30:179][153]LogModuleManager: Shutting down and abandoning module ExampleDeviceProfileSelector (78)
[2018.10.23-10.47.30:179][153]LogModuleManager: Shutting down and abandoning module LauncherChunkInstaller (76)
[2018.10.23-10.47.30:179][153]LogModuleManager: Shutting down and abandoning module OnlineBlueprintSupport (74)
[2018.10.23-10.47.30:179][153]LogModuleManager: Shutting down and abandoning module OnlineSubsystem (70)
[2018.10.23-10.47.30:181][153]LogModuleManager: Shutting down and abandoning module XMPP (65)
[2018.10.23-10.47.30:181][153]LogModuleManager: Shutting down and abandoning module WebSockets (64)
[2018.10.23-10.47.30:216][153]LogModuleManager: Shutting down and abandoning module HTTP (61)
[2018.10.23-10.47.30:217][153]LogHttp: Display: Http module shutting down, but needs to wait on 1 outstanding Http requests:
[2018.10.23-10.47.30:217][153]LogHttp: Display: 	verb=[POST] url=[https://datarouter.ol.epicgames.com/datarouter/api/v1/public/data?SessionID=%7B93F49BA4-4932-988D-D8E6-CE85F6A3F986%7D&AppID=UEEditor.Rocket.Release&AppVersion=4.20.3-4369336%2B%2B%2BUE4%2BRelease-4.20&UserID=1efc369d420bcfe3ade55aa125a5d260%7Cb330d9178038414b88190f046419eaec%7C683c1d4b-4133-4a89-8092-53e72ab21a90&AppEnvironment=datacollector-binary&UploadType=eteventstream] status=Processing
[2018.10.23-10.47.30:220][153]LogModuleManager: Shutting down and abandoning module SSL (60)
[2018.10.23-10.47.30:221][153]LogModuleManager: Shutting down and abandoning module MagicLeapEmulator (56)
[2018.10.23-10.47.30:221][153]LogModuleManager: Shutting down and abandoning module MagicLeapPrivileges (54)
[2018.10.23-10.47.30:221][153]LogModuleManager: Shutting down and abandoning module MagicLeapIdentity (52)
[2018.10.23-10.47.30:221][153]LogModuleManager: Shutting down and abandoning module MagicLeapHelperVulkan (50)
[2018.10.23-10.47.30:221][153]LogModuleManager: Shutting down and abandoning module MagicLeapHelperOpenGL (48)
[2018.10.23-10.47.30:222][153]LogModuleManager: Shutting down and abandoning module MagicLeapSecureStorage (46)
[2018.10.23-10.47.30:222][153]LogModuleManager: Shutting down and abandoning module MagicLeapGestures (44)
[2018.10.23-10.47.30:222][153]LogModuleManager: Shutting down and abandoning module MagicLeapEyeTracker (42)
[2018.10.23-10.47.30:222][153]LogModuleManager: Shutting down and abandoning module MagicLeapController (40)
[2018.10.23-10.47.30:222][153]LogSlate: Slate User Destroyed.  User Index 0, Is Virtual User: 0
[2018.10.23-10.47.30:222][153]LogModuleManager: Shutting down and abandoning module MagicLeap (38)
[2018.10.23-10.47.30:222][153]LogModuleManager: Shutting down and abandoning module AnimationModifiers (36)
[2018.10.23-10.47.30:223][153]LogModuleManager: Shutting down and abandoning module PropertyEditor (35)
[2018.10.23-10.47.30:223][153]LogModuleManager: Shutting down and abandoning module AudioEditor (32)
[2018.10.23-10.47.30:223][153]LogModuleManager: Shutting down and abandoning module TextureCompressor (30)
[2018.10.23-10.47.30:223][153]LogModuleManager: Shutting down and abandoning module ShaderCore (28)
[2018.10.23-10.47.30:223][153]LogModuleManager: Shutting down and abandoning module Landscape (26)
[2018.10.23-10.47.30:223][153]LogModuleManager: Shutting down and abandoning module SlateRHIRenderer (24)
[2018.10.23-10.47.30:224][153]LogModuleManager: Shutting down and abandoning module OpenGLDrv (22)
[2018.10.23-10.47.30:224][153]LogModuleManager: Shutting down and abandoning module D3D11RHI (20)
[2018.10.23-10.47.30:224][153]LogModuleManager: Shutting down and abandoning module AnimGraphRuntime (18)
[2018.10.23-10.47.30:224][153]LogModuleManager: Shutting down and abandoning module Renderer (16)
[2018.10.23-10.47.30:224][153]LogModuleManager: Shutting down and abandoning module Engine (14)
[2018.10.23-10.47.30:224][153]LogModuleManager: Shutting down and abandoning module CoreUObject (12)
[2018.10.23-10.47.30:224][153]LogModuleManager: Shutting down and abandoning module NetworkFile (10)
[2018.10.23-10.47.30:224][153]LogModuleManager: Shutting down and abandoning module CookedIterativeFile (8)
[2018.10.23-10.47.30:224][153]LogModuleManager: Shutting down and abandoning module StreamingFile (6)
[2018.10.23-10.47.30:225][153]LogModuleManager: Shutting down and abandoning module SandboxFile (4)
[2018.10.23-10.47.30:225][153]LogModuleManager: Shutting down and abandoning module PakFile (2)
[2018.10.23-10.47.30:236][153]LogExit: Exiting.
[2018.10.23-10.47.30:258][153]Log file closed, 10/23/18 13:47:30
