Log file open, 10/22/18 16:26:51
LogWindows: Failed to load 'aqProf.dll' (GetLastError=126)
LogWindows: File 'aqProf.dll' does not exist
LogWindows: Failed to load 'VtuneApi.dll' (GetLastError=126)
LogWindows: File 'VtuneApi.dll' does not exist
LogWindows: Failed to load 'VtuneApi32e.dll' (GetLastError=126)
LogWindows: File 'VtuneApi32e.dll' does not exist
LogInit: Display: Running engine for game: Youtube
LogPlatformFile: Not using cached read wrapper
LogTaskGraph: Started task graph with 5 named threads and 14 total threads with 3 sets of task threads.
LogStats: Stats thread started at 7.923621
LogD3D11RHI: Loaded GFSDK_Aftermath_Lib.x64.dll
LogICUInternationalization: Display: ICU TimeZone Detection - Raw Offset: +2:00, Platform Override: ''
LogPluginManager: Mounting plugin Paper2D
LogPluginManager: Mounting plugin AISupport
LogPluginManager: Mounting plugin LightPropagationVolume
LogPluginManager: Mounting plugin CLionSourceCodeAccess
LogPluginManager: Mounting plugin CodeLiteSourceCodeAccess
LogPluginManager: Mounting plugin GitSourceControl
LogPluginManager: Mounting plugin KDevelopSourceCodeAccess
LogPluginManager: Mounting plugin NullSourceCodeAccess
LogPluginManager: Mounting plugin PerforceSourceControl
LogPluginManager: Mounting plugin SubversionSourceControl
LogPluginManager: Mounting plugin UObjectPlugin
LogPluginManager: Mounting plugin VisualStudioCodeSourceCodeAccess
LogPluginManager: Mounting plugin VisualStudioSourceCodeAccess
LogPluginManager: Mounting plugin XCodeSourceCodeAccess
LogPluginManager: Mounting plugin AssetManagerEditor
LogPluginManager: Mounting plugin CryptoKeys
LogPluginManager: Mounting plugin DataValidation
LogPluginManager: Mounting plugin FacialAnimation
LogPluginManager: Mounting plugin GameplayTagsEditor
LogPluginManager: Mounting plugin MacGraphicsSwitching
LogPluginManager: Mounting plugin MeshEditor
LogPluginManager: Mounting plugin MobileLauncherProfileWizard
LogPluginManager: Mounting plugin PluginBrowser
LogPluginManager: Mounting plugin SpeedTreeImporter
LogPluginManager: Mounting plugin DatasmithContent
LogPluginManager: Mounting plugin AlembicImporter
LogPluginManager: Mounting plugin AppleImageUtils
LogPluginManager: Mounting plugin AppleVision
LogPluginManager: Mounting plugin BackChannel
LogPluginManager: Mounting plugin CharacterAI
LogPluginManager: Mounting plugin GeometryCache
LogPluginManager: Mounting plugin HTML5Networking
LogPluginManager: Mounting plugin ProxyLODPlugin
LogPluginManager: Mounting plugin MagicLeap
LogPluginManager: Mounting plugin MagicLeapEmulator
LogPluginManager: Mounting plugin MagicLeapMedia
LogPluginManager: Mounting plugin AndroidMedia
LogPluginManager: Mounting plugin AvfMedia
LogPluginManager: Mounting plugin ImgMedia
LogPluginManager: Mounting plugin LinearTimecode
LogPluginManager: Mounting plugin MediaCompositing
LogPluginManager: Mounting plugin MediaPlayerEditor
LogPluginManager: Mounting plugin WmfMedia
LogPluginManager: Mounting plugin TcpMessaging
LogPluginManager: Mounting plugin UdpMessaging
LogPluginManager: Mounting plugin ActorSequence
LogPluginManager: Mounting plugin LevelSequenceEditor
LogPluginManager: Mounting plugin MatineeToLevelSequence
LogPluginManager: Mounting plugin NetcodeUnitTest
LogPluginManager: Mounting plugin NUTUnrealEngine4
LogPluginManager: Mounting plugin OnlineSubsystemGooglePlay
LogPluginManager: Mounting plugin OnlineSubsystemIOS
LogPluginManager: Mounting plugin OnlineSubsystem
LogPluginManager: Mounting plugin OnlineSubsystemNull
LogPluginManager: Mounting plugin OnlineSubsystemUtils
LogPluginManager: Mounting plugin LauncherChunkInstaller
LogPluginManager: Mounting plugin AndroidDeviceProfileSelector
LogPluginManager: Mounting plugin AndroidMoviePlayer
LogPluginManager: Mounting plugin AndroidPermission
LogPluginManager: Mounting plugin AppleMoviePlayer
LogPluginManager: Mounting plugin ArchVisCharacter
LogPluginManager: Mounting plugin AudioCapture
LogPluginManager: Mounting plugin CableComponent
LogPluginManager: Mounting plugin CustomMeshComponent
LogPluginManager: Mounting plugin EditableMesh
LogPluginManager: Mounting plugin ExampleDeviceProfileSelector
LogPluginManager: Mounting plugin GoogleCloudMessaging
LogPluginManager: Mounting plugin ImmediatePhysics
LogPluginManager: Mounting plugin IOSDeviceProfileSelector
LogPluginManager: Mounting plugin LinuxDeviceProfileSelector
LogPluginManager: Mounting plugin LocationServicesBPLibrary
LogPluginManager: Mounting plugin MobilePatchingUtils
LogPluginManager: Mounting plugin OculusVR
LogPluginManager: Plugin shader directory ../../../Engine/Plugins/Runtime/Oculus/OculusVR/Shaders found
LogPluginManager: Mapping shader source directory ../../../Engine/Plugins/Runtime/Oculus/OculusVR/Shaders to virtual directory /Plugin/OculusVR
LogPluginManager: Mounting plugin PhysXVehicles
LogPluginManager: Mounting plugin ProceduralMeshComponent
LogPluginManager: Mounting plugin RuntimePhysXCooking
LogPluginManager: Mounting plugin SteamVR
LogPluginManager: Mounting plugin WindowsMoviePlayer
LogStreaming: Display: Took  1.999s to configure plugins.
LogInit: Using libcurl 7.55.1-DEV
LogInit:  - built for x86_64-pc-win32
LogInit:  - supports SSL with OpenSSL/1.0.2h
LogInit:  - supports HTTP deflate (compression) using libz 1.2.8
LogInit:  - other features:
LogInit:      CURL_VERSION_SSL
LogInit:      CURL_VERSION_LIBZ
LogInit:      CURL_VERSION_IPV6
LogInit:      CURL_VERSION_ASYNCHDNS
LogInit:      CURL_VERSION_LARGEFILE
LogInit:      CURL_VERSION_IDN
LogInit:  CurlRequestOptions (configurable via config and command line):
LogInit:  - bVerifyPeer = false  - Libcurl will NOT verify peer certificate
LogInit:  - bUseHttpProxy = false  - Libcurl will NOT use HTTP proxy
LogInit:  - bDontReuseConnections = false  - Libcurl will reuse connections
LogInit:  - CertBundlePath = nullptr  - Libcurl will use whatever was configured at build time.
LogInit:  - MaxHostConnections = 16  - Libcurl will limit the number of connections to a host
LogInit:  - LocalHostAddr = Default
LogInit:  - BufferSize = 65536
LogInit: WinSock: version 1.1 (2.2), MaxSocks=32767, MaxUdp=65467
LogInit: Build: ++UE4+Release-4.20-CL-4369336
LogInit: Engine Version: 4.20.3-4369336+++UE4+Release-4.20
LogInit: Compatible Engine Version: 4.20.0-4212847+++UE4+Release-4.20
LogInit: Net CL: 4212847
LogInit: OS: Windows 10 (), CPU: Intel(R) Core(TM) i5-4460  CPU @ 3.20GHz, GPU: NVIDIA GeForce GTX 750 Ti
LogInit: Compiled (64-bit): Sep 17 2018 12:26:19
LogInit: Compiled with Visual C++: 19.13.26129.00
LogInit: Build Configuration: Development
LogInit: Branch Name: ++UE4+Release-4.20
LogInit: Command Line:  -skipcompile
LogInit: Base Directory: D:/Program Files/Epic Games/UE_4.20/Engine/Binaries/Win64/
LogInit: Installed Engine Build: 1
LogDevObjectVersion: Number of dev versions registered: 20
LogDevObjectVersion:   Dev-Blueprints (B0D832E4-1F89-4F0D-ACCF-7EB736FD4AA2): 10
LogDevObjectVersion:   Dev-Build (E1C64328-A22C-4D53-A36C-8E866417BD8C): 0
LogDevObjectVersion:   Dev-Core (375EC13C-06E4-48FB-B500-84F0262A717E): 2
LogDevObjectVersion:   Dev-Editor (E4B068ED-F494-42E9-A231-DA0B2E46BB41): 24
LogDevObjectVersion:   Dev-Framework (CFFC743F-43B0-4480-9391-14DF171D2073): 34
LogDevObjectVersion:   Dev-Mobile (B02B49B5-BB20-44E9-A304-32B752E40360): 2
LogDevObjectVersion:   Dev-Networking (A4E4105C-59A1-49B5-A7C5-40C4547EDFEE): 0
LogDevObjectVersion:   Dev-Online (39C831C9-5AE6-47DC-9A44-9C173E1C8E7C): 0
LogDevObjectVersion:   Dev-Physics (78F01B33-EBEA-4F98-B9B4-84EACCB95AA2): 0
LogDevObjectVersion:   Dev-Platform (6631380F-2D4D-43E0-8009-CF276956A95A): 0
LogDevObjectVersion:   Dev-Rendering (12F88B9F-8875-4AFC-A67C-D90C383ABD29): 26
LogDevObjectVersion:   Dev-Sequencer (7B5AE74C-D270-4C10-A958-57980B212A5A): 9
LogDevObjectVersion:   Dev-VR (D7296918-1DD6-4BDD-9DE2-64A83CC13884): 2
LogDevObjectVersion:   Dev-LoadTimes (C2A15278-BFE7-4AFE-6C17-90FF531DF755): 1
LogDevObjectVersion:   Private-Geometry (6EACA3D4-40EC-4CC1-B786-8BED09428FC5): 3
LogDevObjectVersion:   Dev-AnimPhys (29E575DD-E0A3-4627-9D10-D276232CDCEA): 17
LogDevObjectVersion:   Dev-ReflectionCapture (6B266CEC-1EC7-4B8F-A30B-E4D90942FC07): 1
LogDevObjectVersion:   Dev-Automation (0DF73D61-A23F-47EA-B727-89E90C41499A): 1
LogDevObjectVersion:   FortniteMain (601D1886-AC64-4F84-AA16-D3DE0DEAC7D6): 12
LogDevObjectVersion:   Dev-Enterprise (9DFFBCD6-494F-0158-E221-12823C92A888): 1
LogStreaming: Display: Took  0.001s to delete old logs.
LogInit: Presizing for max 8388607 objects, including 0 objects not considered by GC, pre-allocating 0 bytes for permanent pool.
LogInit: Object subsystem initialized
[2018.10.22-13.26.58:107][  0]LogInit: Selected Device Profile: [Windows]
[2018.10.22-13.26.58:107][  0]LogInit: Applying CVar settings loaded from the selected device profile: [Windows]
[2018.10.22-13.26.58:297][  0]LogHAL: Display: Platform has ~ 8 GB [8481820672 / 8589934592 / 8], which maps to Default [LargestMinGB=32, LargerMinGB=12, DefaultMinGB=8, SmallerMinGB=6, SmallestMinGB=0)
[2018.10.22-13.26.58:297][  0]LogInit: Setting Device Profile CVar: [[r.Vulkan.UseRealUBs:1]]
[2018.10.22-13.26.58:297][  0]LogInit: Going up to parent DeviceProfile []
[2018.10.22-13.26.58:298][  0]LogInit: Computer: MIKA-PC
[2018.10.22-13.26.58:298][  0]LogInit: User: Mika
[2018.10.22-13.26.58:298][  0]LogInit: CPU Page size=4096, Cores=4
[2018.10.22-13.26.58:298][  0]LogInit: High frequency timer resolution =3.117787 MHz
[2018.10.22-13.26.58:298][  0]LogMemory: Memory total: Physical=7.9GB (8GB approx)
[2018.10.22-13.26.58:299][  0]LogMemory: Platform Memory Stats for Windows
[2018.10.22-13.26.58:299][  0]LogMemory: Process Physical Memory: 103.33 MB used, 103.33 MB peak
[2018.10.22-13.26.58:299][  0]LogMemory: Process Virtual Memory: 82.86 MB used, 82.86 MB peak
[2018.10.22-13.26.58:299][  0]LogMemory: Physical Memory: 6289.46 MB used,  1799.43 MB free, 8088.89 MB total
[2018.10.22-13.26.58:299][  0]LogMemory: Virtual Memory: 4624.35 MB used,  1799.43 MB free, 134217728.00 MB total
[2018.10.22-13.27.00:199][  0]LogInit: Using OS detected language (fi-FI).
[2018.10.22-13.27.00:199][  0]LogInit: Using OS detected locale (fi-FI).
[2018.10.22-13.27.00:201][  0]LogTextLocalizationManager: No localization for 'fi-FI' exists, so 'en' will be used for the language.
[2018.10.22-13.27.00:881][  0]LogStreaming: Display: Took  0.658s to InitEngineTextLocalization.
[2018.10.22-13.27.00:913][  0]LogInit: Setting process to per monitor DPI aware
[2018.10.22-13.27.01:630][  0]LogSlate: New Slate User Created.  User Index 0, Is Virtual User: 0
[2018.10.22-13.27.01:631][  0]LogSlate: Slate User Registered.  User Index 0, Is Virtual User: 0
[2018.10.22-13.27.05:288][  0]LogHMD: Failed to initialize OpenVR with code 105
[2018.10.22-13.27.05:289][  0]LogD3D11RHI: D3D11 adapters:
[2018.10.22-13.27.05:760][  0]LogD3D11RHI:    0. 'NVIDIA GeForce GTX 750 Ti' (Feature Level 11_0)
[2018.10.22-13.27.05:760][  0]LogD3D11RHI:       2007/0/4044 MB DedicatedVideo/DedicatedSystem/SharedSystem, Outputs:1, VendorId:0x10de
[2018.10.22-13.27.05:990][  0]LogD3D11RHI:    1. 'Intel(R) HD Graphics 4600' (Feature Level 11_0)
[2018.10.22-13.27.05:990][  0]LogD3D11RHI:       112/0/2048 MB DedicatedVideo/DedicatedSystem/SharedSystem, Outputs:0, VendorId:0x8086
[2018.10.22-13.27.06:108][  0]LogD3D11RHI:    2. 'Microsoft Basic Render Driver' (Feature Level 11_0)
[2018.10.22-13.27.06:108][  0]LogD3D11RHI:       0/0/4044 MB DedicatedVideo/DedicatedSystem/SharedSystem, Outputs:0, VendorId:0x1414
[2018.10.22-13.27.06:108][  0]LogD3D11RHI: Chosen D3D11 Adapter: 0
[2018.10.22-13.27.06:115][  0]LogD3D11RHI: Creating new Direct3DDevice
[2018.10.22-13.27.06:136][  0]LogD3D11RHI:     GPU DeviceId: 0x1380 (for the marketing name, search the web for "GPU Device Id")
[2018.10.22-13.27.06:136][  0]LogWindows: EnumDisplayDevices:
[2018.10.22-13.27.06:136][  0]LogWindows:    0. 'NVIDIA GeForce GTX 750 Ti' (P:1 D:1)
[2018.10.22-13.27.06:136][  0]LogWindows:    1. 'NVIDIA GeForce GTX 750 Ti' (P:0 D:0)
[2018.10.22-13.27.06:137][  0]LogWindows:    2. 'NVIDIA GeForce GTX 750 Ti' (P:0 D:0)
[2018.10.22-13.27.06:137][  0]LogWindows:    3. 'NVIDIA GeForce GTX 750 Ti' (P:0 D:0)
[2018.10.22-13.27.06:138][  0]LogWindows:    4. 'Intel(R) HD Graphics 4600' (P:0 D:0)
[2018.10.22-13.27.06:138][  0]LogWindows:    5. 'Intel(R) HD Graphics 4600' (P:0 D:0)
[2018.10.22-13.27.06:138][  0]LogWindows:    6. 'Intel(R) HD Graphics 4600' (P:0 D:0)
[2018.10.22-13.27.06:139][  0]LogWindows: DebugString: PrimaryIsNotTheChoosenAdapter PrimaryIsNotTheChoosenAdapter PrimaryIsNotTheChoosenAdapter FoundDriverCount:4 
[2018.10.22-13.27.06:139][  0]LogD3D11RHI:     Adapter Name: NVIDIA GeForce GTX 750 Ti
[2018.10.22-13.27.06:139][  0]LogD3D11RHI:   Driver Version: 398.11 (internal:24.21.13.9811, unified:398.11)
[2018.10.22-13.27.06:139][  0]LogD3D11RHI:      Driver Date: 6-1-2018
[2018.10.22-13.27.06:139][  0]LogRHI: Texture pool is 1405 MB (70% of 2007 MB)
[2018.10.22-13.27.06:258][  0]LogD3D11RHI: Async texture creation enabled
[2018.10.22-13.27.06:394][  0]LogD3D11RHI: GPU Timing Frequency: 1000.000000 (Debug: 2 2)
[2018.10.22-13.27.06:461][  0]LogShaderCompilers: Guid format shader working directory is -18 characters bigger than the processId version (../../../../../../Users/Mika/Documents/Unreal Projects/Youtube/Intermediate/Shaders/WorkingDirectory/14600/).
[2018.10.22-13.27.06:461][  0]LogShaderCompilers: Cleaned the shader compiler working directory 'C:/Users/Mika/AppData/Local/Temp/UnrealShaderWorkingDir/1C3D786B4BD9239B01B360A177A2B285/'.
[2018.10.22-13.27.07:682][  0]LogTemp: Display: Loaded TP AllDesktopTargetPlatform
[2018.10.22-13.27.07:717][  0]LogTemp: Display: Loaded TP MacClientTargetPlatform
[2018.10.22-13.27.07:739][  0]LogTemp: Display: Loaded TP MacNoEditorTargetPlatform
[2018.10.22-13.27.07:761][  0]LogTemp: Display: Loaded TP MacServerTargetPlatform
[2018.10.22-13.27.07:830][  0]LogTemp: Display: Loaded TP MacTargetPlatform
[2018.10.22-13.27.07:886][  0]LogTemp: Display: Loaded TP WindowsClientTargetPlatform
[2018.10.22-13.27.07:916][  0]LogTemp: Display: Loaded TP WindowsNoEditorTargetPlatform
[2018.10.22-13.27.08:244][  0]LogTemp: Display: Loaded TP WindowsServerTargetPlatform
[2018.10.22-13.27.08:331][  0]LogTemp: Display: Loaded TP WindowsTargetPlatform
[2018.10.22-13.27.08:525][  0]LogTemp: Display: Loaded TP AndroidTargetPlatform
[2018.10.22-13.27.08:525][  0]LogTemp: Display: Loaded TP AndroidTargetPlatform
[2018.10.22-13.27.08:525][  0]LogTemp: Display: Loaded TP AndroidTargetPlatform
[2018.10.22-13.27.08:525][  0]LogTemp: Display: Loaded TP AndroidTargetPlatform
[2018.10.22-13.27.08:525][  0]LogTemp: Display: Loaded TP AndroidTargetPlatform
[2018.10.22-13.27.08:526][  0]LogTemp: Display: Loaded TP AndroidTargetPlatform
[2018.10.22-13.27.08:526][  0]LogTemp: Display: Loaded TP AndroidTargetPlatform
[2018.10.22-13.27.08:526][  0]LogTemp: Display: Loaded TP AndroidTargetPlatform
[2018.10.22-13.27.08:526][  0]LogTemp: Display: Loaded TP AndroidTargetPlatform
[2018.10.22-13.27.08:526][  0]LogTemp: Display: Loaded TP AndroidTargetPlatform
[2018.10.22-13.27.08:526][  0]LogTemp: Display: Loaded TP AndroidTargetPlatform
[2018.10.22-13.27.08:526][  0]LogTemp: Display: Loaded TP AndroidTargetPlatform
[2018.10.22-13.27.08:526][  0]LogTemp: Display: Loaded TP AndroidTargetPlatform
[2018.10.22-13.27.08:526][  0]LogTemp: Display: Loaded TP AndroidTargetPlatform
[2018.10.22-13.27.08:526][  0]LogTemp: Display: Loaded TP AndroidTargetPlatform
[2018.10.22-13.27.08:526][  0]LogTemp: Display: Loaded TP AndroidTargetPlatform
[2018.10.22-13.27.08:526][  0]LogTemp: Display: Loaded TP AndroidTargetPlatform
[2018.10.22-13.27.08:526][  0]LogTemp: Display: Loaded TP AndroidTargetPlatform
[2018.10.22-13.27.08:555][  0]LogTemp: Display: Loaded TP HTML5TargetPlatform
[2018.10.22-13.27.08:735][  0]LogTemp: Display: Loaded TP IOSTargetPlatform
[2018.10.22-13.27.08:735][  0]LogTemp: Display: Loaded TP IOSTargetPlatform
[2018.10.22-13.27.08:777][  0]LogTemp: Display: Loaded TP TVOSTargetPlatform
[2018.10.22-13.27.08:777][  0]LogTemp: Display: Loaded TP TVOSTargetPlatform
[2018.10.22-13.27.08:813][  0]LogTemp: Display: Loaded TP LinuxClientTargetPlatform
[2018.10.22-13.27.08:848][  0]LogTemp: Display: Loaded TP LinuxNoEditorTargetPlatform
[2018.10.22-13.27.08:877][  0]LogTemp: Display: Loaded TP LinuxServerTargetPlatform
[2018.10.22-13.27.08:928][  0]LogTemp: Display: Loaded TP LinuxTargetPlatform
[2018.10.22-13.27.08:956][  0]LogTemp: Display: Loaded TP LuminTargetPlatform
[2018.10.22-13.27.08:957][  0]LogTargetPlatformManager: Display: Building Assets For Windows
[2018.10.22-13.27.09:830][  0]LogXGEController: Cleaning working directory: C:/Users/Mika/AppData/Local/Temp/UnrealXGEWorkingDir/
[2018.10.22-13.27.09:830][  0]LogXGEController: Cannot use XGE Controller as Incredibuild is not installed on this machine.
[2018.10.22-13.27.09:830][  0]LogShaderCompilers: Cannot use XGE Shader Compiler as Incredibuild is not installed on this machine.
[2018.10.22-13.27.09:830][  0]LogShaderCompilers: Display: Using Local Shader Compiler.
[2018.10.22-13.27.12:250][  0]LogDerivedDataCache: Display: Max Cache Size: 512 MB
[2018.10.22-13.27.13:537][  0]LogDerivedDataCache: Loaded boot cache 1.29s 71MB C:/Users/Mika/AppData/Local/UnrealEngine/4.20/DerivedDataCache/Boot.ddc.
[2018.10.22-13.27.13:537][  0]LogDerivedDataCache: Display: Loaded Boot cache: C:/Users/Mika/AppData/Local/UnrealEngine/4.20/DerivedDataCache/Boot.ddc
[2018.10.22-13.27.13:538][  0]LogDerivedDataCache: FDerivedDataBackendGraph:  Pak pak cache file ../../../../../../Users/Mika/Documents/Unreal Projects/Youtube/DerivedDataCache/DDC.ddp not found, will not use a pak cache.
[2018.10.22-13.27.13:538][  0]LogDerivedDataCache: Unable to find inner node Pak for hierarchical cache Hierarchy.
[2018.10.22-13.27.13:538][  0]LogDerivedDataCache: FDerivedDataBackendGraph:  CompressedPak pak cache file ../../../../../../Users/Mika/Documents/Unreal Projects/Youtube/DerivedDataCache/Compressed.ddp not found, will not use a pak cache.
[2018.10.22-13.27.13:538][  0]LogDerivedDataCache: Unable to find inner node CompressedPak for hierarchical cache Hierarchy.
[2018.10.22-13.27.13:633][  0]LogDerivedDataCache: Display: Pak cache opened for reading ../../../Engine/DerivedDataCache/Compressed.ddp.
[2018.10.22-13.27.13:671][  0]LogDerivedDataCache: Using Local data cache path C:/Users/Mika/AppData/Local/UnrealEngine/Common/DerivedDataCache: Writable
[2018.10.22-13.27.13:671][  0]LogDerivedDataCache: Shared data cache path not found in *engine.ini, will not use an Shared cache.
[2018.10.22-13.27.13:671][  0]LogDerivedDataCache: Unable to find inner node Shared for hierarchical cache Hierarchy.
[2018.10.22-13.27.13:919][  0]LogMaterial: Verifying Global Shaders for PCD3D_SM5
[2018.10.22-13.27.13:921][  0]LogSlate: Using FreeType 2.6.0
[2018.10.22-13.27.14:114][  0]LogSlate: SlateFontServices - WITH_FREETYPE: 1, WITH_HARFBUZZ: 1
[2018.10.22-13.27.17:059][  0]LogAssetRegistry: FAssetRegistry took 0.0304 seconds to start up
[2018.10.22-13.27.23:148][  0]LogInit: Selected Device Profile: [Windows]
[2018.10.22-13.27.24:662][  0]LogSimplygon: Simplygon DLL not present - disabling.
[2018.10.22-13.27.24:788][  0]LogMeshReduction: Using SimplygonSwarm for distributed automatic mesh merging
[2018.10.22-13.27.24:788][  0]LogMeshReduction: Using ProxyLODMeshReduction for automatic mesh merging
[2018.10.22-13.27.24:788][  0]LogMeshReduction: Using QuadricMeshReduction for automatic static mesh reduction
[2018.10.22-13.27.24:788][  0]LogMeshReduction: No automatic skeletal mesh reduction module available
[2018.10.22-13.27.25:093][  0]LogNetVersion: Youtube 1.0.0, NetCL: 4212847, EngineNetVer: 5, GameNetVer: 0 (Checksum: 222399930)
[2018.10.22-13.27.28:678][  0]LogPackageLocalizationCache: Processed 11 localized package path(s) for 1 prioritized culture(s) in 0.092568 seconds
[2018.10.22-13.27.28:718][  0]LogUObjectArray: 38425 objects as part of root set at end of initial load.
[2018.10.22-13.27.28:718][  0]LogUObjectAllocator: 6690872 out of 0 bytes used by permanent object pool.
[2018.10.22-13.27.28:718][  0]LogUObjectArray: CloseDisregardForGC: 0/0 objects in disregard for GC pool
[2018.10.22-13.27.59:589][  0]LogTcpMessaging: Initializing TcpMessaging bridge
[2018.10.22-13.27.59:642][  0]LogUdpMessaging: Initializing bridge on interface 0.0.0.0:0 to multicast group 230.0.0.1:6666.
[2018.10.22-13.28.01:482][  0]SourceControl: Source control is disabled
[2018.10.22-13.28.01:482][  0]SourceControl: Source control is disabled
[2018.10.22-13.28.01:548][  0]SourceControl: Source control is disabled
[2018.10.22-13.28.01:570][  0]SourceControl: Source control is disabled
[2018.10.22-13.28.03:242][  0]LogAndroidPermission: UAndroidPermissionCallbackProxy::GetInstance
[2018.10.22-13.28.03:598][  0]LogOcInput: OculusInput pre-init called
[2018.10.22-13.28.04:532][  0]LogEngine: Initializing Engine...
[2018.10.22-13.28.04:646][  0]LogHMD: Failed to initialize OpenVR with code 105
[2018.10.22-13.28.04:647][  0]LogStats: UGameplayTagsManager::ConstructGameplayTagTree: ImportINI prefixes -  0.000 s
[2018.10.22-13.28.04:648][  0]LogStats: UGameplayTagsManager::ConstructGameplayTagTree: Construct from data asset -  0.000 s
[2018.10.22-13.28.04:648][  0]LogStats: UGameplayTagsManager::ConstructGameplayTagTree: ImportINI -  0.000 s
[2018.10.22-13.28.04:648][  0]LogStats: UGameplayTagsManager::ConstructGameplayTagTree: GameplayTagTreeChangedEvent.Broadcast -  0.000 s
[2018.10.22-13.28.05:676][  0]LogInit: Initializing FReadOnlyCVARCache
[2018.10.22-13.28.06:050][  0]LogAIModule: Creating AISystem for world Untitled
[2018.10.22-13.28.06:280][  0]LogInit: XAudio2 using 'Speakers (Logitech G35 Headset)' : 2 channels at 44.1 kHz using 16 bits per sample (channel mask 0x3)
[2018.10.22-13.28.06:350][  0]LogInit: FAudioDevice initialized.
[2018.10.22-13.28.06:351][  0]LogNetVersion: Set ProjectVersion to 1.0.0.0. Version Checksum will be recalculated on next use.
[2018.10.22-13.28.06:507][  0]LogDerivedDataCache: Saved boot cache 0.16s 71MB C:/Users/Mika/AppData/Local/UnrealEngine/4.20/DerivedDataCache/Boot.ddc.
[2018.10.22-13.28.06:516][  0]LogInit: Texture streaming: Enabled
[2018.10.22-13.28.06:656][  0]LogEngineSessionManager: EngineSessionManager initialized
[2018.10.22-13.28.06:787][  0]LogInit: Transaction tracking system initialized
[2018.10.22-13.28.07:064][  0]BlueprintLog: New page: Editor Load
[2018.10.22-13.28.10:979][  0]LocalizationService: Localization service is disabled
[2018.10.22-13.28.14:798][  0]LogFileCache: Scanning file cache for directory 'D:/Users/Mika/Documents/Unreal Projects/Youtube/Content/' took 0.03s
[2018.10.22-13.28.14:798][  0]LogCook: Display: Max memory allowance for cook 16384mb min free memory 0mb
[2018.10.22-13.28.14:807][  0]LogCook: Display: Mobile HDR setting 1
[2018.10.22-13.28.14:808][  0]LogGameplayTags: Display: UGameplayTagsManager::DoneAddingNativeTags. DelegateIsBound: 0
[2018.10.22-13.28.14:808][  0]LogStats: UGameplayTagsManager::ConstructGameplayTagTree: ImportINI prefixes -  0.000 s
[2018.10.22-13.28.14:808][  0]LogStats: UGameplayTagsManager::ConstructGameplayTagTree: Construct from data asset -  0.000 s
[2018.10.22-13.28.14:808][  0]LogStats: UGameplayTagsManager::ConstructGameplayTagTree: ImportINI -  0.000 s
[2018.10.22-13.28.14:808][  0]LogStats: UGameplayTagsManager::ConstructGameplayTagTree: GameplayTagTreeChangedEvent.Broadcast -  0.000 s
[2018.10.22-13.28.17:739][  0]SourceControl: Source control is disabled
[2018.10.22-13.28.17:771][  0]Cmd: MAP LOAD FILE="../../../Engine/Content/Maps/Templates/Template_Default.umap" TEMPLATE=1 SHOWPROGRESS=1 FEATURELEVEL=3
[2018.10.22-13.28.17:803][  0]LightingResults: New page: Lighting Build
[2018.10.22-13.28.17:917][  0]MapCheck: New page: Map Check
[2018.10.22-13.28.17:918][  0]LightingResults: New page: Lighting Build
[2018.10.22-13.28.19:770][  0]LogAIModule: Creating AISystem for world Untitled_1
[2018.10.22-13.28.20:287][  0]LogEditorServer: Finished looking for orphan Actors (0.000 secs)
[2018.10.22-13.28.20:375][  0]Cmd: MAP CHECKDEP NOCLEARLOG
[2018.10.22-13.28.20:450][  0]MapCheck: Map check complete: 0 Error(s), 0 Warning(s), took 73,734ms to complete.
[2018.10.22-13.28.20:451][  0]LogFileHelpers: Loading map 'Template_Default' took 2.711
[2018.10.22-13.28.21:827][  0]LogSlate: Updating window title bar state: overlay mode, drag disabled, window buttons hidden, title bar hidden
[2018.10.22-13.28.21:866][  0]LogSlate: Updating window title bar state: overlay mode, drag disabled, window buttons hidden, title bar hidden
[2018.10.22-13.28.21:874][  0]LogSlate: Updating window title bar state: overlay mode, drag disabled, window buttons hidden, title bar hidden
[2018.10.22-13.28.21:882][  0]LogSlate: Updating window title bar state: overlay mode, drag disabled, window buttons hidden, title bar hidden
[2018.10.22-13.28.22:123][  0]LogCollectionManager: Loaded 0 collections in 0.001888 seconds
[2018.10.22-13.28.22:335][  0]LogFileCache: Scanning file cache for directory 'D:/Users/Mika/Documents/Unreal Projects/Youtube/Saved/Collections/' took 0.01s
[2018.10.22-13.28.22:336][  0]LogFileCache: Scanning file cache for directory 'D:/Users/Mika/Documents/Unreal Projects/Youtube/Content/Developers/Mika/Collections/' took 0.01s
[2018.10.22-13.28.22:336][  0]LogFileCache: Scanning file cache for directory 'D:/Users/Mika/Documents/Unreal Projects/Youtube/Content/Collections/' took 0.01s
[2018.10.22-13.28.22:336][  0]LogCollectionManager: Rebuilt the GUID cache for 0 collections in 0.000000 seconds
[2018.10.22-13.28.22:349][  0]LogContentBrowser: Native class hierarchy populated in 0.0113 seconds. Added 2575 classes and 605 folders.
[2018.10.22-13.28.22:483][  0]LogContentBrowser: Native class hierarchy updated for 'WidgetCarousel' in 0.0005 seconds. Added 0 classes and 0 folders.
[2018.10.22-13.28.23:182][  0]LogContentBrowser: Native class hierarchy updated for 'AddContentDialog' in 0.0004 seconds. Added 0 classes and 0 folders.
[2018.10.22-13.28.23:228][  0]LogContentBrowser: Native class hierarchy updated for 'SceneOutliner' in 0.0005 seconds. Added 1 classes and 2 folders.
[2018.10.22-13.28.23:561][  0]LogSlate: Took 0.008273 seconds to synchronously load lazily loaded font '../../../Engine/Content/Slate/Fonts/Roboto-Regular.ttf' (155K)
[2018.10.22-13.28.23:571][  0]LogSlate: Took 0.008325 seconds to synchronously load lazily loaded font '../../../Engine/Content/Slate/Fonts/Roboto-Bold.ttf' (160K)
[2018.10.22-13.28.23:655][  0]LogSlate: Took 0.014717 seconds to synchronously load lazily loaded font '../../../Engine/Content/Editor/Slate/Fonts/FontAwesome.ttf' (139K)
[2018.10.22-13.28.24:136][  0]LogRenderer: Reallocating scene render targets to support 1140x600 Format 10 NumSamples 1 (Frame:1).
[2018.10.22-13.28.25:647][  0]LogSlate: Took 0.005280 seconds to synchronously load lazily loaded font '../../../Engine/Content/Slate/Fonts/Roboto-Light.ttf' (167K)
[2018.10.22-13.28.26:184][  0]LogContentBrowser: Native class hierarchy updated for 'HierarchicalLODOutliner' in 0.0005 seconds. Added 0 classes and 0 folders.
[2018.10.22-13.28.26:184][  0]LogLoad: (Engine Initialization) Total time: 108.55 seconds
[2018.10.22-13.28.26:184][  0]LogLoad: (Engine Initialization) Total Blueprint compile time: 0.00 seconds
[2018.10.22-13.28.26:251][  0]LogSlate: FSceneViewport::OnFocusLost() reason 0
[2018.10.22-13.28.26:478][  0]LogMaterial: Display: Missing cached shader map for material LayerVisMaterial, compiling. 
[2018.10.22-13.28.26:672][  0]LogShaderCompilers: Display: Shaders left to compile 8
[2018.10.22-13.28.26:672][  0]LogMaterial: Display: Missing cached shader map for material SelectBrushMaterial, compiling. 
[2018.10.22-13.28.26:875][  0]LogMaterial: Display: Missing cached shader map for material SelectBrushMaterial, compiling. 
[2018.10.22-13.28.27:043][  0]LogShaderCompilers: Display: Shaders left to compile 40
[2018.10.22-13.28.27:044][  0]LogShaderCompilers: Display: Shaders left to compile 30
[2018.10.22-13.28.27:044][  0]LogMaterial: Display: Missing cached shader map for material MaskBrushMaterial, compiling. 
[2018.10.22-13.28.28:290][  0]LogMaterial: Display: Missing cached shader map for material LandscapeLayerUsageMaterial, compiling. 
[2018.10.22-13.28.29:042][  0]LogMaterial: Display: Missing cached shader map for material CircleBrushMaterial, compiling. 
[2018.10.22-13.28.29:095][  0]LogMaterial: Display: Missing cached shader map for material CircleBrushMaterial, compiling. 
[2018.10.22-13.28.29:177][  0]LogMaterial: Display: Missing cached shader map for material CircleBrushMaterial, compiling. 
[2018.10.22-13.28.29:229][  0]LogMaterial: Display: Missing cached shader map for material CircleBrushMaterial, compiling. 
[2018.10.22-13.28.29:352][  0]LogMaterial: Display: Missing cached shader map for material AlphaBrushMaterial, compiling. 
[2018.10.22-13.28.29:448][  0]LogMaterial: Display: Missing cached shader map for material CircleBrushMaterial, compiling. 
[2018.10.22-13.28.29:535][  0]LogMaterial: Display: Missing cached shader map for material MaskBrushMaterial, compiling. 
[2018.10.22-13.28.29:742][  0]LogTexture: Display: Building textures: Texture2D_2 (G8, 128X128)
[2018.10.22-13.28.30:204][  0]LogWindowsTextInputMethodSystem: Display: IME system now deactivated.
[2018.10.22-13.28.32:651][  0]LogShaderCompilers: Display: Shaders left to compile 188
[2018.10.22-13.28.32:656][  0]LogContentStreaming: Texture pool size now 1000 MB
[2018.10.22-13.28.36:727][  1]LogShaderCompilers: Display: Shaders left to compile 178
[2018.10.22-13.28.36:727][  1]LogShaderCompilers: Display: Shaders left to compile 168
[2018.10.22-13.28.36:727][  1]LogShaderCompilers: Display: Shaders left to compile 158
[2018.10.22-13.28.37:143][  1]LogShaderCompilers: Display: Shaders left to compile 148
[2018.10.22-13.28.37:540][  3]LogAssetRegistry: Asset discovery search completed in 80.5053 seconds
[2018.10.22-13.28.37:549][  3]LogCollectionManager: Rebuilt the object cache for 0 collections in 0.000001 seconds (found 0 objects)
[2018.10.22-13.28.37:549][  3]LogCollectionManager: Fixed up redirectors for 0 collections in 0.006164 seconds (updated 0 objects)
[2018.10.22-13.28.37:741][  4]LogShaderCompilers: Display: Shaders left to compile 138
[2018.10.22-13.28.40:375][234]LogShaderCompilers: Display: Shaders left to compile 128
[2018.10.22-13.28.41:945][391]LogShaderCompilers: Display: Shaders left to compile 118
[2018.10.22-13.28.43:907][595]LogShaderCompilers: Display: Shaders left to compile 108
[2018.10.22-13.28.49:727][781]LogShaderCompilers: Display: Shaders left to compile 98
[2018.10.22-13.28.49:727][781]LogShaderCompilers: Display: Shaders left to compile 88
[2018.10.22-13.28.49:727][781]LogShaderCompilers: Display: Shaders left to compile 78
[2018.10.22-13.28.49:727][781]LogShaderCompilers: Display: Shaders left to compile 68
[2018.10.22-13.28.49:727][781]LogTemp: Executing iPhonePackager certificates Engine -bundlename com.YourCompany.Youtube
[2018.10.22-13.28.49:727][781]LogTemp: CWD: D:\Program Files\Epic Games\UE_4.20\Engine\Binaries\DotNET\IOS
[2018.10.22-13.28.49:727][781]LogTemp: Initial Dir: D:\Program Files\Epic Games\UE_4.20
[2018.10.22-13.28.49:727][781]LogTemp: Env CWD: D:\Program Files\Epic Games\UE_4.20\Engine\Binaries\DotNET\IOS
[2018.10.22-13.28.49:728][781]LogTemp: BranchPath = MIKA-PC/D/Program Files/Epic Games/UE_4.20/Engine/Binaries --- GameBranchPath = MIKA-PC/D/Program Files/Epic Games/UE_4.20/Engine/Binaries
[2018.10.22-13.28.49:728][781]LogSlate: Only BGRA pngs, bmps or icos are supported in by External Image Picker
[2018.10.22-13.28.50:275][781]LogTemp: IPP ERROR: Could not find provision directory 'C:\Users\Mika\AppData\Local/Apple Computer/MobileDevice/Provisioning Profiles/'.
[2018.10.22-13.28.50:447][784]LogShaderCompilers: Display: Shaders left to compile 58
[2018.10.22-13.28.51:172][787]LogShaderCompilers: Display: Shaders left to compile 48
[2018.10.22-13.28.52:344][787]LogShaderCompilers: Display: Shaders left to compile 38
[2018.10.22-13.28.53:338][787]LogShaderCompilers: Display: Shaders left to compile 28
[2018.10.22-13.28.53:982][787]LogShaderCompilers: Display: Shaders left to compile 18
[2018.10.22-13.28.55:303][787]LogShaderCompilers: Display: Shaders left to compile 8
[2018.10.22-13.30.57:577][262]LogSlate: Window 'Project Settings' being destroyed
[2018.10.22-13.30.57:581][262]LogSlate: Window 'Project Settings' being destroyed
[2018.10.22-13.30.59:184][398]LogEditor: Attempting to add actor of class 'MyPawn' to level at -440.00,-370.00,20.00
[2018.10.22-13.30.59:195][398]LogActor: Warning: MyPawn /Temp/Untitled_1.Untitled_1:PersistentLevel.MyPawn_0 has natively added scene component(s), but none of them were set as the actor's RootComponent - picking one arbitrarily
[2018.10.22-13.31.00:181][495]LogEditor: Attempting to add actor of class 'MyPawn' to level at -60.00,-140.00,250.00
[2018.10.22-13.31.00:184][495]LogActor: Warning: MyPawn /Temp/Untitled_1.Untitled_1:PersistentLevel.MyPawn_1 has natively added scene component(s), but none of them were set as the actor's RootComponent - picking one arbitrarily
[2018.10.22-13.31.03:476][885]LogEditorViewport: Clicking on Actor (LMB): BP_Sky_Sphere_C (Sky Sphere)
[2018.10.22-13.31.04:806][ 42]LogSlate: FSceneViewport::OnFocusLost() reason 0
[2018.10.22-13.31.05:144][ 82]LogEditor: Attempting to add actor of class 'MyPawn' to level at -430.00,-500.00,20.00
[2018.10.22-13.31.05:144][ 82]LogActor: Warning: MyPawn /Temp/Untitled_1.Untitled_1:PersistentLevel.MyPawn_2 has natively added scene component(s), but none of them were set as the actor's RootComponent - picking one arbitrarily
[2018.10.22-13.31.05:842][154]LogEditor: Attempting to add actor of class 'MyPawn' to level at -60.00,-190.00,290.00
[2018.10.22-13.31.05:844][154]LogActor: Warning: MyPawn /Temp/Untitled_1.Untitled_1:PersistentLevel.MyPawn_3 has natively added scene component(s), but none of them were set as the actor's RootComponent - picking one arbitrarily
[2018.10.22-13.31.10:664][724]LogSlate: FSceneViewport::OnFocusLost() reason 0
[2018.10.22-13.31.19:197][735]LogEditorViewport: Clicking on Actor (LMB): BP_Sky_Sphere_C (Sky Sphere)
[2018.10.22-13.31.21:831][ 48]LogSlate: FSceneViewport::OnFocusLost() reason 0
[2018.10.22-13.31.22:003][ 68]LogEditor: Attempting to add actor of class 'MyPawn' to level at -440.00,-490.00,20.00
[2018.10.22-13.31.22:003][ 68]LogActor: Warning: MyPawn /Temp/Untitled_1.Untitled_1:PersistentLevel.MyPawn_4 has natively added scene component(s), but none of them were set as the actor's RootComponent - picking one arbitrarily
[2018.10.22-13.31.22:514][120]LogEditor: Attempting to add actor of class 'MyPawn' to level at -240.00,-440.00,170.00
[2018.10.22-13.31.22:518][120]LogActor: Warning: MyPawn /Temp/Untitled_1.Untitled_1:PersistentLevel.MyPawn_5 has natively added scene component(s), but none of them were set as the actor's RootComponent - picking one arbitrarily
[2018.10.22-13.31.25:213][436]LogSlate: FSceneViewport::OnFocusLost() reason 0
[2018.10.22-13.31.38:680][730]LogSlate: FSceneViewport::OnFocusLost() reason 0
[2018.10.22-13.31.38:894][755]LogEditor: Attempting to add actor of class 'MyPawn' to level at -120.00,-340.00,20.00
[2018.10.22-13.31.38:894][755]LogActor: Warning: MyPawn /Temp/Untitled_1.Untitled_1:PersistentLevel.MyPawn_6 has natively added scene component(s), but none of them were set as the actor's RootComponent - picking one arbitrarily
[2018.10.22-13.31.39:420][812]LogEditor: Attempting to add actor of class 'MyPawn' to level at 290.00,-480.00,60.00
[2018.10.22-13.31.39:422][812]LogActor: Warning: MyPawn /Temp/Untitled_1.Untitled_1:PersistentLevel.MyPawn_7 has natively added scene component(s), but none of them were set as the actor's RootComponent - picking one arbitrarily
[2018.10.22-13.31.42:128][132]Cmd: TRANSACTION UNDO
[2018.10.22-13.31.42:128][132]LogEditorTransaction: Undo Create Actors
[2018.10.22-13.31.42:242][132]LogSlate: Took 0.000327 seconds to synchronously load lazily loaded font '../../../Engine/Content/Slate/Fonts/Roboto-Light.ttf' (167K)
[2018.10.22-13.31.56:136][309]LogSlate: FSceneViewport::OnFocusLost() reason 2
[2018.10.22-13.31.58:552][309]LogSlate: Window 'Save Content' being destroyed
[2018.10.22-13.31.58:673][309]LogSlate: Window 'Youtube - Unreal Editor' being destroyed
[2018.10.22-13.31.59:087][310]Cmd: QUIT_EDITOR
[2018.10.22-13.31.59:431][310]LogWindowsTextInputMethodSystem: Display: IME system now deactivated.
[2018.10.22-13.31.59:483][310]LogExit: Preparing to exit.
[2018.10.22-13.32.00:147][310]LogExit: Editor shut down
[2018.10.22-13.32.00:148][310]LogExit: Transaction tracking system shut down
[2018.10.22-13.32.03:488][310]LogExit: Object subsystem successfully closed.
[2018.10.22-13.32.04:070][310]LogShaderCompilers: Display: Shaders left to compile 0
[2018.10.22-13.32.04:100][310]LogD3D11RHI: Shutdown
[2018.10.22-13.32.04:101][310]LogD3D11RHI: CleanupD3DDevice
[2018.10.22-13.32.04:144][310]LogD3D11RHI: ~FD3D11DynamicRHI
[2018.10.22-13.32.06:817][310]LogModuleManager: Shutting down and abandoning module ExternalImagePicker (616)
[2018.10.22-13.32.06:817][310]LogModuleManager: Shutting down and abandoning module HierarchicalLODOutliner (614)
[2018.10.22-13.32.06:817][310]LogModuleManager: Shutting down and abandoning module SceneOutliner (612)
[2018.10.22-13.32.06:817][310]LogModuleManager: Shutting down and abandoning module AddContentDialog (610)
[2018.10.22-13.32.06:818][310]LogModuleManager: Shutting down and abandoning module WidgetCarousel (609)
[2018.10.22-13.32.06:818][310]LogModuleManager: Shutting down and abandoning module EditorWidgets (606)
[2018.10.22-13.32.06:818][310]LogModuleManager: Shutting down and abandoning module CollectionManager (604)
[2018.10.22-13.32.06:838][310]LogModuleManager: Shutting down and abandoning module HierarchicalLODUtilities (602)
[2018.10.22-13.32.06:839][310]LogModuleManager: Shutting down and abandoning module StatsViewer (600)
[2018.10.22-13.32.06:839][310]LogModuleManager: Shutting down and abandoning module FoliageEdit (598)
[2018.10.22-13.32.06:839][310]LogModuleManager: Shutting down and abandoning module LandscapeEditor (596)
[2018.10.22-13.32.06:840][310]LogModuleManager: Shutting down and abandoning module MeshPaintMode (594)
[2018.10.22-13.32.06:854][310]LogModuleManager: Shutting down and abandoning module SceneDepthPickerMode (592)
[2018.10.22-13.32.06:854][310]LogModuleManager: Shutting down and abandoning module ActorPickerMode (590)
[2018.10.22-13.32.06:854][310]LogModuleManager: Shutting down and abandoning module GeometryMode (588)
[2018.10.22-13.32.06:854][310]LogModuleManager: Shutting down and abandoning module TextureAlignMode (586)
[2018.10.22-13.32.06:854][310]LogModuleManager: Shutting down and abandoning module BspMode (584)
[2018.10.22-13.32.06:855][310]LogModuleManager: Shutting down and abandoning module PIEPreviewDeviceProfileSelector (582)
[2018.10.22-13.32.06:855][310]LogModuleManager: Shutting down and abandoning module SequenceRecorderSections (580)
[2018.10.22-13.32.06:860][310]LogModuleManager: Shutting down and abandoning module AutomationWorker (578)
[2018.10.22-13.32.06:860][310]LogModuleManager: Shutting down and abandoning module AudioCaptureEditor (576)
[2018.10.22-13.32.06:860][310]LogModuleManager: Shutting down and abandoning module SequenceRecorder (575)
[2018.10.22-13.32.06:912][310]LogModuleManager: Shutting down and abandoning module MatineeToLevelSequence (572)
[2018.10.22-13.32.07:025][310]LogModuleManager: Shutting down and abandoning module LevelSequenceEditor (570)
[2018.10.22-13.32.07:154][310]LogModuleManager: Shutting down and abandoning module PlacementMode (569)
[2018.10.22-13.32.07:154][310]LogModuleManager: Shutting down and abandoning module MaterialEditor (568)
[2018.10.22-13.32.07:154][310]LogModuleManager: Shutting down and abandoning module WmfMediaFactory (564)
[2018.10.22-13.32.07:155][310]LogModuleManager: Shutting down and abandoning module WmfMediaEditor (562)
[2018.10.22-13.32.07:155][310]LogModuleManager: Shutting down and abandoning module MediaPlayerEditor (560)
[2018.10.22-13.32.07:298][310]LogModuleManager: Shutting down and abandoning module OpenExrWrapper (558)
[2018.10.22-13.32.07:298][310]LogModuleManager: Shutting down and abandoning module ImgMediaFactory (556)
[2018.10.22-13.32.07:298][310]LogModuleManager: Shutting down and abandoning module ImgMediaEditor (554)
[2018.10.22-13.32.07:299][310]LogModuleManager: Shutting down and abandoning module AvfMediaFactory (552)
[2018.10.22-13.32.07:299][310]LogModuleManager: Shutting down and abandoning module AvfMediaEditor (550)
[2018.10.22-13.32.07:299][310]LogModuleManager: Shutting down and abandoning module AndroidMediaFactory (548)
[2018.10.22-13.32.07:299][310]LogModuleManager: Shutting down and abandoning module AndroidMediaEditor (546)
[2018.10.22-13.32.07:299][310]LogModuleManager: Shutting down and abandoning module MagicLeapCameraPreviewFactory (544)
[2018.10.22-13.32.07:299][310]LogModuleManager: Shutting down and abandoning module MagicLeapMediaFactory (542)
[2018.10.22-13.32.07:299][310]LogModuleManager: Shutting down and abandoning module MagicLeapMediaEditor (540)
[2018.10.22-13.32.07:300][310]LogModuleManager: Shutting down and abandoning module CharacterAI (538)
[2018.10.22-13.32.07:300][310]LogModuleManager: Shutting down and abandoning module SmartSnapping (536)
[2018.10.22-13.32.07:300][310]LogModuleManager: Shutting down and abandoning module SessionServices (534)
[2018.10.22-13.32.07:300][310]LogModuleManager: Shutting down and abandoning module ViewportSnapping (532)
[2018.10.22-13.32.07:300][310]LogModuleManager: Shutting down and abandoning module ViewportInteraction (530)
[2018.10.22-13.32.07:300][310]LogModuleManager: Shutting down and abandoning module ClothPainter (528)
[2018.10.22-13.32.07:329][310]LogModuleManager: Shutting down and abandoning module SkeletalMeshEditor (527)
[2018.10.22-13.32.07:384][310]LogModuleManager: Shutting down and abandoning module LogVisualizer (524)
[2018.10.22-13.32.07:405][310]LogModuleManager: Shutting down and abandoning module IntroTutorials (522)
[2018.10.22-13.32.07:432][310]LogModuleManager: Shutting down and abandoning module GameProjectGeneration (521)
[2018.10.22-13.32.07:433][310]LogModuleManager: Shutting down and abandoning module LuminPlatformEditor (518)
[2018.10.22-13.32.07:433][310]LogModuleManager: Shutting down and abandoning module IOSPlatformEditor (516)
[2018.10.22-13.32.07:433][310]LogModuleManager: Shutting down and abandoning module HTML5PlatformEditor (514)
[2018.10.22-13.32.07:433][310]LogModuleManager: Shutting down and abandoning module AndroidPlatformEditor (512)
[2018.10.22-13.32.07:433][310]LogModuleManager: Shutting down and abandoning module AndroidDeviceDetection (511)
[2018.10.22-13.32.07:727][310]LogModuleManager: Shutting down and abandoning module WindowsPlatformEditor (508)
[2018.10.22-13.32.07:727][310]LogModuleManager: Shutting down and abandoning module LuminRuntimeSettings (506)
[2018.10.22-13.32.07:728][310]LogModuleManager: Shutting down and abandoning module IOSRuntimeSettings (504)
[2018.10.22-13.32.07:728][310]LogModuleManager: Shutting down and abandoning module AndroidRuntimeSettings (502)
[2018.10.22-13.32.07:728][310]LogModuleManager: Shutting down and abandoning module InputBindingEditor (500)
[2018.10.22-13.32.07:797][310]LogModuleManager: Shutting down and abandoning module MergeActors (498)
[2018.10.22-13.32.07:873][310]LogModuleManager: Shutting down and abandoning module LocalizationDashboard (496)
[2018.10.22-13.32.07:963][310]LogModuleManager: Shutting down and abandoning module LocalizationService (495)
[2018.10.22-13.32.08:019][310]LogModuleManager: Shutting down and abandoning module HardwareTargeting (492)
[2018.10.22-13.32.08:019][310]LogModuleManager: Shutting down and abandoning module DeviceProfileEditor (490)
[2018.10.22-13.32.08:019][310]LogModuleManager: Shutting down and abandoning module UndoHistory (488)
[2018.10.22-13.32.08:047][310]LogModuleManager: Shutting down and abandoning module XmlParser (486)
[2018.10.22-13.32.08:047][310]LogModuleManager: Shutting down and abandoning module Blutility (484)
[2018.10.22-13.32.08:092][310]LogModuleManager: Shutting down and abandoning module ProjectSettingsViewer (482)
[2018.10.22-13.32.08:092][310]LogModuleManager: Shutting down and abandoning module ProjectTargetPlatformEditor (481)
[2018.10.22-13.32.08:092][310]LogModuleManager: Shutting down and abandoning module EditorSettingsViewer (478)
[2018.10.22-13.32.08:092][310]LogModuleManager: Shutting down and abandoning module SettingsEditor (476)
[2018.10.22-13.32.08:254][310]LogModuleManager: Shutting down and abandoning module ProjectLauncher (474)
[2018.10.22-13.32.08:337][310]LogModuleManager: Shutting down and abandoning module SessionFrontend (472)
[2018.10.22-13.32.08:374][310]LogModuleManager: Shutting down and abandoning module ProfilerClient (470)
[2018.10.22-13.32.08:407][310]LogModuleManager: Shutting down and abandoning module DeviceManager (468)
[2018.10.22-13.32.08:446][310]LogModuleManager: Shutting down and abandoning module TargetDeviceServices (467)
[2018.10.22-13.32.08:501][310]LogModuleManager: Shutting down and abandoning module AutomationController (464)
[2018.10.22-13.32.08:634][310]LogModuleManager: Shutting down and abandoning module AutomationWindow (462)
[2018.10.22-13.32.08:718][310]LogModuleManager: Shutting down and abandoning module Layers (460)
[2018.10.22-13.32.08:954][310]LogModuleManager: Shutting down and abandoning module ComponentVisualizers (458)
[2018.10.22-13.32.08:954][310]LogModuleManager: Shutting down and abandoning module DetailCustomizations (456)
[2018.10.22-13.32.08:955][310]LogModuleManager: Shutting down and abandoning module PackagesDialog (454)
[2018.10.22-13.32.08:955][310]LogModuleManager: Shutting down and abandoning module Persona (452)
[2018.10.22-13.32.09:038][310]LogModuleManager: Shutting down and abandoning module AdvancedPreviewScene (451)
[2018.10.22-13.32.09:038][310]LogModuleManager: Shutting down and abandoning module AnimGraph (449)
[2018.10.22-13.32.09:038][310]LogModuleManager: Shutting down and abandoning module Kismet (446)
[2018.10.22-13.32.09:038][310]LogModuleManager: Shutting down and abandoning module GraphEditor (444)
[2018.10.22-13.32.09:038][310]LogModuleManager: Shutting down and abandoning module ClassViewer (442)
[2018.10.22-13.32.09:038][310]LogModuleManager: Shutting down and abandoning module Toolbox (440)
[2018.10.22-13.32.09:039][310]LogModuleManager: Shutting down and abandoning module DesktopPlatform (439)
[2018.10.22-13.32.09:039][310]LogModuleManager: Shutting down and abandoning module ModuleUI (436)
[2018.10.22-13.32.09:108][310]LogModuleManager: Shutting down and abandoning module MovieSceneTools (434)
[2018.10.22-13.32.09:108][310]LogModuleManager: Shutting down and abandoning module OutputLog (432)
[2018.10.22-13.32.09:108][310]LogModuleManager: Shutting down and abandoning module GammaUI (430)
[2018.10.22-13.32.09:153][310]LogModuleManager: Shutting down and abandoning module Documentation (428)
[2018.10.22-13.32.09:153][310]LogModuleManager: Shutting down and abandoning module MovieSceneTracks (426)
[2018.10.22-13.32.09:153][310]LogModuleManager: Shutting down and abandoning module MovieScene (424)
[2018.10.22-13.32.09:153][310]LogModuleManager: Shutting down and abandoning module StreamingPauseRendering (422)
[2018.10.22-13.32.09:204][310]LogModuleManager: Shutting down and abandoning module LauncherPlatform (420)
[2018.10.22-13.32.09:204][310]LogModuleManager: Shutting down and abandoning module AnalyticsET (418)
[2018.10.22-13.32.09:204][310]LogModuleManager: Shutting down and abandoning module PortalServices (416)
[2018.10.22-13.32.09:204][310]LogModuleManager: Shutting down and abandoning module PortalRpc (414)
[2018.10.22-13.32.09:204][310]LogModuleManager: Shutting down and abandoning module MessagingRpc (412)
[2018.10.22-13.32.09:204][310]LogModuleManager: Shutting down and abandoning module AIModule (410)
[2018.10.22-13.32.09:205][310]LogModuleManager: Shutting down and abandoning module GameplayDebugger (409)
[2018.10.22-13.32.09:205][310]LogModuleManager: Shutting down and abandoning module AITestSuite (407)
[2018.10.22-13.32.09:219][310]LogModuleManager: Shutting down and abandoning module NavigationSystem (405)
[2018.10.22-13.32.09:219][310]LogModuleManager: Shutting down and abandoning module ProfilerService (402)
[2018.10.22-13.32.09:459][310]LogModuleManager: Shutting down and abandoning module TaskGraph (400)
[2018.10.22-13.32.09:606][310]LogModuleManager: Shutting down and abandoning module SteamVRController (398)
[2018.10.22-13.32.09:606][310]LogModuleManager: Shutting down and abandoning module ProceduralMeshComponentEditor (396)
[2018.10.22-13.32.09:607][310]LogModuleManager: Shutting down and abandoning module ProceduralMeshComponent (394)
[2018.10.22-13.32.09:607][310]LogModuleManager: Shutting down and abandoning module OculusInput (392)
[2018.10.22-13.32.09:607][310]LogModuleManager: Shutting down and abandoning module MobilePatchingUtils (390)
[2018.10.22-13.32.09:607][310]LogModuleManager: Shutting down and abandoning module EditableMesh (388)
[2018.10.22-13.32.09:639][310]LogModuleManager: Shutting down and abandoning module CustomMeshComponent (386)
[2018.10.22-13.32.09:639][310]LogModuleManager: Shutting down and abandoning module CableComponent (384)
[2018.10.22-13.32.09:639][310]LogModuleManager: Shutting down and abandoning module AudioCapture (382)
[2018.10.22-13.32.09:639][310]LogModuleManager: Shutting down and abandoning module ArchVisCharacter (380)
[2018.10.22-13.32.09:639][310]LogModuleManager: Shutting down and abandoning module AndroidPermission (378)
[2018.10.22-13.32.09:639][310]LogModuleManager: Shutting down and abandoning module NUTUnrealEngine4 (376)
[2018.10.22-13.32.09:639][310]LogModuleManager: Shutting down and abandoning module NetcodeUnitTest (374)
[2018.10.22-13.32.09:800][310]LogModuleManager: Shutting down and abandoning module MediaCompositingEditor (372)
[2018.10.22-13.32.09:800][310]LogModuleManager: Shutting down and abandoning module MediaCompositing (370)
[2018.10.22-13.32.09:800][310]LogModuleManager: Shutting down and abandoning module LinearTimecode (368)
[2018.10.22-13.32.09:800][310]LogModuleManager: Shutting down and abandoning module ImgMedia (366)
[2018.10.22-13.32.09:840][310]LogModuleManager: Shutting down and abandoning module HTML5Networking (364)
[2018.10.22-13.32.09:840][310]LogModuleManager: Shutting down and abandoning module GeometryCacheTracks (362)
[2018.10.22-13.32.09:840][310]LogModuleManager: Shutting down and abandoning module GeometryCacheSequencer (360)
[2018.10.22-13.32.09:840][310]LogModuleManager: Shutting down and abandoning module BackChannel (358)
[2018.10.22-13.32.09:911][310]LogModuleManager: Shutting down and abandoning module AppleVision (356)
[2018.10.22-13.32.09:911][310]LogModuleManager: Shutting down and abandoning module AppleImageUtils (354)
[2018.10.22-13.32.09:911][310]LogModuleManager: Shutting down and abandoning module AlembicImporter (352)
[2018.10.22-13.32.09:911][310]LogModuleManager: Shutting down and abandoning module AlembicLibrary (351)
[2018.10.22-13.32.09:911][310]LogModuleManager: Shutting down and abandoning module GeometryCache (350)
[2018.10.22-13.32.09:911][310]LogModuleManager: Shutting down and abandoning module GeometryCacheEd (349)
[2018.10.22-13.32.09:911][310]LogModuleManager: Shutting down and abandoning module DatasmithContentEditor (344)
[2018.10.22-13.32.09:940][310]LogModuleManager: Shutting down and abandoning module DatasmithContent (342)
[2018.10.22-13.32.09:940][310]LogModuleManager: Shutting down and abandoning module SpeedTreeImporter (340)
[2018.10.22-13.32.09:940][310]LogModuleManager: Shutting down and abandoning module PluginBrowser (338)
[2018.10.22-13.32.10:139][310]LogModuleManager: Shutting down and abandoning module MobileLauncherProfileWizard (336)
[2018.10.22-13.32.10:168][310]LogModuleManager: Shutting down and abandoning module PolygonModeling (334)
[2018.10.22-13.32.10:168][310]LogModuleManager: Shutting down and abandoning module MeshEditor (332)
[2018.10.22-13.32.10:197][310]LogModuleManager: Shutting down and abandoning module CryptoKeysOpenSSL (330)
[2018.10.22-13.32.10:243][310]LogModuleManager: Shutting down and abandoning module CryptoKeys (328)
[2018.10.22-13.32.10:243][310]LogModuleManager: Shutting down and abandoning module VisualStudioSourceCodeAccess (326)
[2018.10.22-13.32.10:243][310]LogModuleManager: Shutting down and abandoning module VisualStudioCodeSourceCodeAccess (324)
[2018.10.22-13.32.10:243][310]LogModuleManager: Shutting down and abandoning module UObjectPlugin (322)
[2018.10.22-13.32.10:243][310]LogModuleManager: Shutting down and abandoning module SubversionSourceControl (320)
[2018.10.22-13.32.10:317][310]LogModuleManager: Shutting down and abandoning module PerforceSourceControl (318)
[2018.10.22-13.32.10:482][310]LogModuleManager: Shutting down and abandoning module GitSourceControl (316)
[2018.10.22-13.32.10:616][310]LogModuleManager: Shutting down and abandoning module SourceControl (315)
[2018.10.22-13.32.10:616][310]LogModuleManager: Shutting down and abandoning module CLionSourceCodeAccess (312)
[2018.10.22-13.32.10:616][310]LogModuleManager: Shutting down and abandoning module LightPropagationVolumeEditor (310)
[2018.10.22-13.32.10:616][310]LogModuleManager: Shutting down and abandoning module PaperTiledImporter (308)
[2018.10.22-13.32.10:616][310]LogModuleManager: Shutting down and abandoning module PaperSpriteSheetImporter (306)
[2018.10.22-13.32.10:616][310]LogModuleManager: Shutting down and abandoning module Paper2DEditor (304)
[2018.10.22-13.32.10:746][310]LogModuleManager: Shutting down and abandoning module MeshPaint (303)
[2018.10.22-13.32.10:785][310]LogModuleManager: Shutting down and abandoning module Youtube (300)
[2018.10.22-13.32.10:786][310]LogModuleManager: Shutting down and abandoning module RuntimePhysXCooking (298)
[2018.10.22-13.32.10:786][310]LogModuleManager: Shutting down and abandoning module PhysXVehiclesEditor (296)
[2018.10.22-13.32.10:786][310]LogModuleManager: Shutting down and abandoning module PhysXVehicles (294)
[2018.10.22-13.32.10:786][310]LogModuleManager: Shutting down and abandoning module OculusEditor (292)
[2018.10.22-13.32.10:786][310]LogModuleManager: Shutting down and abandoning module LocationServicesBPLibrary (290)
[2018.10.22-13.32.10:786][310]LogModuleManager: Shutting down and abandoning module ImmediatePhysicsEditor (288)
[2018.10.22-13.32.10:786][310]LogModuleManager: Shutting down and abandoning module ImmediatePhysics (286)
[2018.10.22-13.32.10:816][310]LogModuleManager: Shutting down and abandoning module ActorSequence (284)
[2018.10.22-13.32.10:816][310]LogModuleManager: Shutting down and abandoning module UdpMessaging (282)
[2018.10.22-13.32.10:917][310]LogModuleManager: Shutting down and abandoning module TcpMessaging (280)
[2018.10.22-13.32.11:043][310]LogModuleManager: Shutting down and abandoning module MagicLeapAudio (278)
[2018.10.22-13.32.11:043][310]LogModuleManager: Shutting down and abandoning module GameplayTagsEditor (276)
[2018.10.22-13.32.11:043][310]LogModuleManager: Shutting down and abandoning module FacialAnimationEditor (274)
[2018.10.22-13.32.11:043][310]LogModuleManager: Shutting down and abandoning module FacialAnimation (272)
[2018.10.22-13.32.11:043][310]LogModuleManager: Shutting down and abandoning module DataValidation (270)
[2018.10.22-13.32.11:044][310]LogModuleManager: Shutting down and abandoning module AssetManagerEditor (268)
[2018.10.22-13.32.11:102][310]LogModuleManager: Shutting down and abandoning module LevelEditor (267)
[2018.10.22-13.32.11:103][310]LogModuleManager: Shutting down and abandoning module PixelInspectorModule (266)
[2018.10.22-13.32.11:150][310]LogModuleManager: Shutting down and abandoning module CommonMenuExtensions (264)
[2018.10.22-13.32.11:151][310]LogModuleManager: Shutting down and abandoning module MainFrame (262)
[2018.10.22-13.32.11:218][310]LogModuleManager: Shutting down and abandoning module HotReload (261)
[2018.10.22-13.32.11:341][310]LogModuleManager: Shutting down and abandoning module ContentBrowser (257)
[2018.10.22-13.32.11:342][310]LogModuleManager: Shutting down and abandoning module TreeMap (255)
[2018.10.22-13.32.11:440][310]LogModuleManager: Shutting down and abandoning module LightPropagationVolumeRuntime (252)
[2018.10.22-13.32.11:441][310]LogModuleManager: Shutting down and abandoning module AISupportModule (250)
[2018.10.22-13.32.11:441][310]LogModuleManager: Shutting down and abandoning module Paper2D (248)
[2018.10.22-13.32.11:510][310]LogModuleManager: Shutting down and abandoning module WindowsMoviePlayer (246)
[2018.10.22-13.32.11:619][310]LogModuleManager: Shutting down and abandoning module WmfMedia (244)
[2018.10.22-13.32.11:644][310]LogModuleManager: Shutting down and abandoning module Media (243)
[2018.10.22-13.32.11:651][310]LogModuleManager: Shutting down and abandoning module PacketHandler (240)
[2018.10.22-13.32.11:652][310]LogModuleManager: Shutting down and abandoning module ClothingSystemEditor (238)
[2018.10.22-13.32.11:654][310]LogModuleManager: Shutting down and abandoning module ClothingSystemRuntime (236)
[2018.10.22-13.32.11:792][310]LogModuleManager: Shutting down and abandoning module MediaAssets (234)
[2018.10.22-13.32.11:793][310]LogModuleManager: Shutting down and abandoning module Overlay (232)
[2018.10.22-13.32.11:793][310]LogModuleManager: Shutting down and abandoning module OverlayEditor (231)
[2018.10.22-13.32.11:793][310]LogModuleManager: Shutting down and abandoning module VREditor (228)
[2018.10.22-13.32.11:832][310]LogModuleManager: Shutting down and abandoning module StringTableEditor (226)
[2018.10.22-13.32.11:913][310]LogModuleManager: Shutting down and abandoning module GameplayTasksEditor (224)
[2018.10.22-13.32.11:913][310]LogModuleManager: Shutting down and abandoning module BehaviorTreeEditor (222)
[2018.10.22-13.32.12:237][310]LogModuleManager: Shutting down and abandoning module FunctionalTesting (220)
[2018.10.22-13.32.12:326][310]LogModuleManager: Shutting down and abandoning module CollisionAnalyzer (218)
[2018.10.22-13.32.12:432][310]LogModuleManager: Shutting down and abandoning module WorkspaceMenuStructure (217)
[2018.10.22-13.32.12:432][310]LogModuleManager: Shutting down and abandoning module UMG (214)
[2018.10.22-13.32.12:432][310]LogModuleManager: Shutting down and abandoning module UMGEditor (213)
[2018.10.22-13.32.12:432][310]LogModuleManager: Shutting down and abandoning module Sequencer (212)
[2018.10.22-13.32.12:432][310]LogModuleManager: Shutting down and abandoning module MessageLog (209)
[2018.10.22-13.32.12:432][310]LogModuleManager: Shutting down and abandoning module SlateReflector (204)
[2018.10.22-13.32.12:739][310]LogModuleManager: Shutting down and abandoning module Slate (202)
[2018.10.22-13.32.12:740][310]LogModuleManager: Shutting down and abandoning module EditorStyle (200)
[2018.10.22-13.32.12:742][310]LogModuleManager: Shutting down and abandoning module MRMesh (198)
[2018.10.22-13.32.12:742][310]LogModuleManager: Shutting down and abandoning module SourceCodeAccess (196)
[2018.10.22-13.32.12:742][310]LogModuleManager: Shutting down and abandoning module HeadMountedDisplay (194)
[2018.10.22-13.32.12:742][310]LogModuleManager: Shutting down and abandoning module XAudio2 (192)
[2018.10.22-13.32.12:743][310]LogModuleManager: Shutting down and abandoning module Networking (190)
[2018.10.22-13.32.12:743][310]LogModuleManager: Shutting down and abandoning module Core (188)
[2018.10.22-13.32.12:743][310]LogModuleManager: Shutting down and abandoning module LevelSequence (186)
[2018.10.22-13.32.12:743][310]LogModuleManager: Shutting down and abandoning module KismetCompiler (184)
[2018.10.22-13.32.12:743][310]LogModuleManager: Shutting down and abandoning module MeshUtilities (182)
[2018.10.22-13.32.12:844][310]LogModuleManager: Shutting down and abandoning module MeshMergeUtilities (181)
[2018.10.22-13.32.12:957][310]LogModuleManager: Shutting down and abandoning module MeshReductionInterface (180)
[2018.10.22-13.32.12:958][310]LogModuleManager: Shutting down and abandoning module SimplygonSwarm (179)
[2018.10.22-13.32.12:976][310]LogModuleManager: Shutting down and abandoning module ProxyLODMeshReduction (177)
[2018.10.22-13.32.13:028][310]LogModuleManager: Shutting down and abandoning module SimplygonMeshReduction (175)
[2018.10.22-13.32.13:028][310]LogModuleManager: Shutting down and abandoning module QuadricMeshReduction (173)
[2018.10.22-13.32.13:092][310]LogModuleManager: Shutting down and abandoning module MaterialBaking (169)
[2018.10.22-13.32.13:092][310]LogModuleManager: Shutting down and abandoning module DirectoryWatcher (165)
[2018.10.22-13.32.13:092][310]LogModuleManager: Shutting down and abandoning module DerivedDataCache (162)
[2018.10.22-13.32.13:099][310]LogDerivedDataCache: Shutdown
[2018.10.22-13.32.13:099][310]LogModuleManager: Shutting down and abandoning module XGEController (160)
[2018.10.22-13.32.13:099][310]LogXGEController: Cleaning working directory: C:/Users/Mika/AppData/Local/Temp/UnrealXGEWorkingDir/
[2018.10.22-13.32.13:099][310]LogModuleManager: Shutting down and abandoning module TargetPlatform (158)
[2018.10.22-13.32.13:099][310]LogModuleManager: Shutting down and abandoning module VulkanShaderFormat (157)
[2018.10.22-13.32.13:128][310]LogModuleManager: Shutting down and abandoning module ShaderFormatVectorVM (155)
[2018.10.22-13.32.13:182][310]LogModuleManager: Shutting down and abandoning module ShaderFormatOpenGL (153)
[2018.10.22-13.32.13:226][310]LogModuleManager: Shutting down and abandoning module ShaderFormatD3D (151)
[2018.10.22-13.32.13:228][310]LogModuleManager: Shutting down and abandoning module MetalShaderFormat (149)
[2018.10.22-13.32.13:272][310]LogModuleManager: Shutting down and abandoning module TextureFormatUncompressed (147)
[2018.10.22-13.32.13:273][310]LogModuleManager: Shutting down and abandoning module TextureFormatPVR (145)
[2018.10.22-13.32.13:274][310]LogModuleManager: Shutting down and abandoning module TextureFormatDXT (143)
[2018.10.22-13.32.13:339][310]LogModuleManager: Shutting down and abandoning module TextureFormatIntelISPCTexComp (141)
[2018.10.22-13.32.13:345][310]LogModuleManager: Shutting down and abandoning module TextureFormatASTC (139)
[2018.10.22-13.32.13:346][310]LogModuleManager: Shutting down and abandoning module ImageWrapper (138)
[2018.10.22-13.32.13:346][310]LogModuleManager: Shutting down and abandoning module TextureFormatAndroid (135)
[2018.10.22-13.32.13:346][310]LogModuleManager: Shutting down and abandoning module AudioFormatOpus (133)
[2018.10.22-13.32.13:346][310]LogModuleManager: Shutting down and abandoning module AudioFormatOgg (131)
[2018.10.22-13.32.13:346][310]LogModuleManager: Shutting down and abandoning module AudioFormatADPCM (129)
[2018.10.22-13.32.13:346][310]LogModuleManager: Shutting down and abandoning module LuminTargetPlatform (127)
[2018.10.22-13.32.13:346][310]LogModuleManager: Shutting down and abandoning module LinuxTargetPlatform (125)
[2018.10.22-13.32.13:346][310]LogModuleManager: Shutting down and abandoning module LinuxServerTargetPlatform (123)
[2018.10.22-13.32.13:346][310]LogModuleManager: Shutting down and abandoning module LinuxNoEditorTargetPlatform (121)
[2018.10.22-13.32.13:453][310]LogModuleManager: Shutting down and abandoning module LinuxClientTargetPlatform (119)
[2018.10.22-13.32.13:509][310]LogModuleManager: Shutting down and abandoning module TVOSTargetPlatform (117)
[2018.10.22-13.32.13:511][310]LogModuleManager: Shutting down and abandoning module Messaging (115)
[2018.10.22-13.32.13:511][310]LogModuleManager: Shutting down and abandoning module IOSTargetPlatform (113)
[2018.10.22-13.32.13:512][310]LogModuleManager: Shutting down and abandoning module HTML5TargetPlatform (111)
[2018.10.22-13.32.13:512][310]LogModuleManager: Shutting down and abandoning module AndroidTargetPlatform (109)
[2018.10.22-13.32.13:557][310]LogModuleManager: Shutting down and abandoning module WindowsTargetPlatform (107)
[2018.10.22-13.32.13:557][310]LogModuleManager: Shutting down and abandoning module WindowsServerTargetPlatform (105)
[2018.10.22-13.32.13:557][310]LogModuleManager: Shutting down and abandoning module WindowsNoEditorTargetPlatform (103)
[2018.10.22-13.32.13:557][310]LogModuleManager: Shutting down and abandoning module WindowsClientTargetPlatform (101)
[2018.10.22-13.32.13:558][310]LogModuleManager: Shutting down and abandoning module MacTargetPlatform (99)
[2018.10.22-13.32.13:558][310]LogModuleManager: Shutting down and abandoning module MacServerTargetPlatform (97)
[2018.10.22-13.32.13:558][310]LogModuleManager: Shutting down and abandoning module MacNoEditorTargetPlatform (95)
[2018.10.22-13.32.13:558][310]LogModuleManager: Shutting down and abandoning module MacClientTargetPlatform (93)
[2018.10.22-13.32.13:558][310]LogModuleManager: Shutting down and abandoning module AllDesktopTargetPlatform (91)
[2018.10.22-13.32.13:558][310]LogModuleManager: Shutting down and abandoning module InputCore (88)
[2018.10.22-13.32.13:558][310]LogModuleManager: Shutting down and abandoning module Settings (86)
[2018.10.22-13.32.13:559][310]LogModuleManager: Shutting down and abandoning module PhysXCooking (84)
[2018.10.22-13.32.13:559][310]LogModuleManager: Shutting down and abandoning module SteamVR (82)
[2018.10.22-13.32.13:559][310]LogModuleManager: Shutting down and abandoning module OculusHMD (80)
[2018.10.22-13.32.13:559][310]LogModuleManager: Shutting down and abandoning module ExampleDeviceProfileSelector (78)
[2018.10.22-13.32.13:559][310]LogModuleManager: Shutting down and abandoning module LauncherChunkInstaller (76)
[2018.10.22-13.32.13:559][310]LogModuleManager: Shutting down and abandoning module OnlineBlueprintSupport (74)
[2018.10.22-13.32.13:559][310]LogModuleManager: Shutting down and abandoning module OnlineSubsystem (70)
[2018.10.22-13.32.13:561][310]LogModuleManager: Shutting down and abandoning module XMPP (65)
[2018.10.22-13.32.13:561][310]LogModuleManager: Shutting down and abandoning module WebSockets (64)
[2018.10.22-13.32.13:586][310]LogModuleManager: Shutting down and abandoning module HTTP (61)
[2018.10.22-13.32.13:586][310]LogHttp: Display: Http module shutting down, but needs to wait on 1 outstanding Http requests:
[2018.10.22-13.32.13:586][310]LogHttp: Display: 	verb=[POST] url=[https://datarouter.ol.epicgames.com/datarouter/api/v1/public/data?SessionID=%7BACEF4B2D-463C-E5EE-4D16-E88DB398C6EC%7D&AppID=UEEditor.Rocket.Release&AppVersion=4.20.3-4369336%2B%2B%2BUE4%2BRelease-4.20&UserID=1efc369d420bcfe3ade55aa125a5d260%7Cb330d9178038414b88190f046419eaec%7C683c1d4b-4133-4a89-8092-53e72ab21a90&AppEnvironment=datacollector-binary&UploadType=eteventstream] status=Processing
[2018.10.22-13.32.13:601][310]LogModuleManager: Shutting down and abandoning module SSL (60)
[2018.10.22-13.32.13:602][310]LogModuleManager: Shutting down and abandoning module MagicLeapEmulator (56)
[2018.10.22-13.32.13:603][310]LogModuleManager: Shutting down and abandoning module MagicLeapPrivileges (54)
[2018.10.22-13.32.13:603][310]LogModuleManager: Shutting down and abandoning module MagicLeapIdentity (52)
[2018.10.22-13.32.13:603][310]LogModuleManager: Shutting down and abandoning module MagicLeapHelperVulkan (50)
[2018.10.22-13.32.13:603][310]LogModuleManager: Shutting down and abandoning module MagicLeapHelperOpenGL (48)
[2018.10.22-13.32.13:603][310]LogModuleManager: Shutting down and abandoning module MagicLeapSecureStorage (46)
[2018.10.22-13.32.13:603][310]LogModuleManager: Shutting down and abandoning module MagicLeapGestures (44)
[2018.10.22-13.32.13:603][310]LogModuleManager: Shutting down and abandoning module MagicLeapEyeTracker (42)
[2018.10.22-13.32.13:603][310]LogModuleManager: Shutting down and abandoning module MagicLeapController (40)
[2018.10.22-13.32.13:603][310]LogSlate: Slate User Destroyed.  User Index 0, Is Virtual User: 0
[2018.10.22-13.32.13:603][310]LogModuleManager: Shutting down and abandoning module MagicLeap (38)
[2018.10.22-13.32.13:603][310]LogModuleManager: Shutting down and abandoning module AnimationModifiers (36)
[2018.10.22-13.32.13:603][310]LogModuleManager: Shutting down and abandoning module PropertyEditor (35)
[2018.10.22-13.32.13:603][310]LogModuleManager: Shutting down and abandoning module AudioEditor (32)
[2018.10.22-13.32.13:603][310]LogModuleManager: Shutting down and abandoning module TextureCompressor (30)
[2018.10.22-13.32.13:746][310]LogModuleManager: Shutting down and abandoning module ShaderCore (28)
[2018.10.22-13.32.13:746][310]LogModuleManager: Shutting down and abandoning module Landscape (26)
[2018.10.22-13.32.13:746][310]LogModuleManager: Shutting down and abandoning module SlateRHIRenderer (24)
[2018.10.22-13.32.13:751][310]LogModuleManager: Shutting down and abandoning module OpenGLDrv (22)
[2018.10.22-13.32.13:752][310]LogModuleManager: Shutting down and abandoning module D3D11RHI (20)
[2018.10.22-13.32.13:752][310]LogModuleManager: Shutting down and abandoning module AnimGraphRuntime (18)
[2018.10.22-13.32.13:752][310]LogModuleManager: Shutting down and abandoning module Renderer (16)
[2018.10.22-13.32.13:752][310]LogModuleManager: Shutting down and abandoning module Engine (14)
[2018.10.22-13.32.13:752][310]LogModuleManager: Shutting down and abandoning module CoreUObject (12)
[2018.10.22-13.32.13:752][310]LogModuleManager: Shutting down and abandoning module NetworkFile (10)
[2018.10.22-13.32.13:753][310]LogModuleManager: Shutting down and abandoning module CookedIterativeFile (8)
[2018.10.22-13.32.13:753][310]LogModuleManager: Shutting down and abandoning module StreamingFile (6)
[2018.10.22-13.32.13:754][310]LogModuleManager: Shutting down and abandoning module SandboxFile (4)
[2018.10.22-13.32.13:754][310]LogModuleManager: Shutting down and abandoning module PakFile (2)
[2018.10.22-13.32.13:768][310]LogExit: Exiting.
[2018.10.22-13.32.13:782][310]Log file closed, 10/22/18 16:32:13
