Log file open, 10/22/18 17:57:12
LogWindows: Failed to load 'aqProf.dll' (GetLastError=126)
LogWindows: File 'aqProf.dll' does not exist
LogWindows: Failed to load 'VtuneApi.dll' (GetLastError=126)
LogWindows: File 'VtuneApi.dll' does not exist
LogWindows: Failed to load 'VtuneApi32e.dll' (GetLastError=126)
LogWindows: File 'VtuneApi32e.dll' does not exist
LogInit: Display: Running engine for game: Youtube
LogPlatformFile: Not using cached read wrapper
LogTaskGraph: Started task graph with 5 named threads and 14 total threads with 3 sets of task threads.
LogStats: Stats thread started at 0.285257
LogD3D11RHI: Loaded GFSDK_Aftermath_Lib.x64.dll
LogICUInternationalization: Display: ICU TimeZone Detection - Raw Offset: +2:00, Platform Override: ''
LogPluginManager: Mounting plugin Paper2D
LogPluginManager: Mounting plugin AISupport
LogPluginManager: Mounting plugin LightPropagationVolume
LogPluginManager: Mounting plugin CLionSourceCodeAccess
LogPluginManager: Mounting plugin CodeLiteSourceCodeAccess
LogPluginManager: Mounting plugin GitSourceControl
LogPluginManager: Mounting plugin KDevelopSourceCodeAccess
LogPluginManager: Mounting plugin NullSourceCodeAccess
LogPluginManager: Mounting plugin PerforceSourceControl
LogPluginManager: Mounting plugin SubversionSourceControl
LogPluginManager: Mounting plugin UObjectPlugin
LogPluginManager: Mounting plugin VisualStudioCodeSourceCodeAccess
LogPluginManager: Mounting plugin VisualStudioSourceCodeAccess
LogPluginManager: Mounting plugin XCodeSourceCodeAccess
LogPluginManager: Mounting plugin AssetManagerEditor
LogPluginManager: Mounting plugin CryptoKeys
LogPluginManager: Mounting plugin DataValidation
LogPluginManager: Mounting plugin FacialAnimation
LogPluginManager: Mounting plugin GameplayTagsEditor
LogPluginManager: Mounting plugin MacGraphicsSwitching
LogPluginManager: Mounting plugin MeshEditor
LogPluginManager: Mounting plugin MobileLauncherProfileWizard
LogPluginManager: Mounting plugin PluginBrowser
LogPluginManager: Mounting plugin SpeedTreeImporter
LogPluginManager: Mounting plugin DatasmithContent
LogPluginManager: Mounting plugin AlembicImporter
LogPluginManager: Mounting plugin AppleImageUtils
LogPluginManager: Mounting plugin AppleVision
LogPluginManager: Mounting plugin BackChannel
LogPluginManager: Mounting plugin CharacterAI
LogPluginManager: Mounting plugin GeometryCache
LogPluginManager: Mounting plugin HTML5Networking
LogPluginManager: Mounting plugin ProxyLODPlugin
LogPluginManager: Mounting plugin MagicLeap
LogPluginManager: Mounting plugin MagicLeapEmulator
LogPluginManager: Mounting plugin MagicLeapMedia
LogPluginManager: Mounting plugin AndroidMedia
LogPluginManager: Mounting plugin AvfMedia
LogPluginManager: Mounting plugin ImgMedia
LogPluginManager: Mounting plugin LinearTimecode
LogPluginManager: Mounting plugin MediaCompositing
LogPluginManager: Mounting plugin MediaPlayerEditor
LogPluginManager: Mounting plugin WmfMedia
LogPluginManager: Mounting plugin TcpMessaging
LogPluginManager: Mounting plugin UdpMessaging
LogPluginManager: Mounting plugin ActorSequence
LogPluginManager: Mounting plugin LevelSequenceEditor
LogPluginManager: Mounting plugin MatineeToLevelSequence
LogPluginManager: Mounting plugin NetcodeUnitTest
LogPluginManager: Mounting plugin NUTUnrealEngine4
LogPluginManager: Mounting plugin OnlineSubsystemGooglePlay
LogPluginManager: Mounting plugin OnlineSubsystemIOS
LogPluginManager: Mounting plugin OnlineSubsystem
LogPluginManager: Mounting plugin OnlineSubsystemNull
LogPluginManager: Mounting plugin OnlineSubsystemUtils
LogPluginManager: Mounting plugin LauncherChunkInstaller
LogPluginManager: Mounting plugin AndroidDeviceProfileSelector
LogPluginManager: Mounting plugin AndroidMoviePlayer
LogPluginManager: Mounting plugin AndroidPermission
LogPluginManager: Mounting plugin AppleMoviePlayer
LogPluginManager: Mounting plugin ArchVisCharacter
LogPluginManager: Mounting plugin AudioCapture
LogPluginManager: Mounting plugin CableComponent
LogPluginManager: Mounting plugin CustomMeshComponent
LogPluginManager: Mounting plugin EditableMesh
LogPluginManager: Mounting plugin ExampleDeviceProfileSelector
LogPluginManager: Mounting plugin GoogleCloudMessaging
LogPluginManager: Mounting plugin ImmediatePhysics
LogPluginManager: Mounting plugin IOSDeviceProfileSelector
LogPluginManager: Mounting plugin LinuxDeviceProfileSelector
LogPluginManager: Mounting plugin LocationServicesBPLibrary
LogPluginManager: Mounting plugin MobilePatchingUtils
LogPluginManager: Mounting plugin OculusVR
LogPluginManager: Plugin shader directory ../../../Engine/Plugins/Runtime/Oculus/OculusVR/Shaders found
LogPluginManager: Mapping shader source directory ../../../Engine/Plugins/Runtime/Oculus/OculusVR/Shaders to virtual directory /Plugin/OculusVR
LogPluginManager: Mounting plugin PhysXVehicles
LogPluginManager: Mounting plugin ProceduralMeshComponent
LogPluginManager: Mounting plugin RuntimePhysXCooking
LogPluginManager: Mounting plugin SteamVR
LogPluginManager: Mounting plugin WindowsMoviePlayer
LogStreaming: Display: Took  0.262s to configure plugins.
LogInit: Using libcurl 7.55.1-DEV
LogInit:  - built for x86_64-pc-win32
LogInit:  - supports SSL with OpenSSL/1.0.2h
LogInit:  - supports HTTP deflate (compression) using libz 1.2.8
LogInit:  - other features:
LogInit:      CURL_VERSION_SSL
LogInit:      CURL_VERSION_LIBZ
LogInit:      CURL_VERSION_IPV6
LogInit:      CURL_VERSION_ASYNCHDNS
LogInit:      CURL_VERSION_LARGEFILE
LogInit:      CURL_VERSION_IDN
LogInit:  CurlRequestOptions (configurable via config and command line):
LogInit:  - bVerifyPeer = false  - Libcurl will NOT verify peer certificate
LogInit:  - bUseHttpProxy = false  - Libcurl will NOT use HTTP proxy
LogInit:  - bDontReuseConnections = false  - Libcurl will reuse connections
LogInit:  - CertBundlePath = nullptr  - Libcurl will use whatever was configured at build time.
LogInit:  - MaxHostConnections = 16  - Libcurl will limit the number of connections to a host
LogInit:  - LocalHostAddr = Default
LogInit:  - BufferSize = 65536
LogInit: WinSock: version 1.1 (2.2), MaxSocks=32767, MaxUdp=65467
LogInit: Build: ++UE4+Release-4.20-CL-4369336
LogInit: Engine Version: 4.20.3-4369336+++UE4+Release-4.20
LogInit: Compatible Engine Version: 4.20.0-4212847+++UE4+Release-4.20
LogInit: Net CL: 4212847
LogInit: OS: Windows 10 (), CPU: Intel(R) Core(TM) i5-4460  CPU @ 3.20GHz, GPU: NVIDIA GeForce GTX 750 Ti
LogInit: Compiled (64-bit): Sep 17 2018 12:26:19
LogInit: Compiled with Visual C++: 19.13.26129.00
LogInit: Build Configuration: Development
LogInit: Branch Name: ++UE4+Release-4.20
LogInit: Command Line:  -skipcompile
LogInit: Base Directory: D:/Program Files/Epic Games/UE_4.20/Engine/Binaries/Win64/
LogInit: Installed Engine Build: 1
LogDevObjectVersion: Number of dev versions registered: 20
LogDevObjectVersion:   Dev-Blueprints (B0D832E4-1F89-4F0D-ACCF-7EB736FD4AA2): 10
LogDevObjectVersion:   Dev-Build (E1C64328-A22C-4D53-A36C-8E866417BD8C): 0
LogDevObjectVersion:   Dev-Core (375EC13C-06E4-48FB-B500-84F0262A717E): 2
LogDevObjectVersion:   Dev-Editor (E4B068ED-F494-42E9-A231-DA0B2E46BB41): 24
LogDevObjectVersion:   Dev-Framework (CFFC743F-43B0-4480-9391-14DF171D2073): 34
LogDevObjectVersion:   Dev-Mobile (B02B49B5-BB20-44E9-A304-32B752E40360): 2
LogDevObjectVersion:   Dev-Networking (A4E4105C-59A1-49B5-A7C5-40C4547EDFEE): 0
LogDevObjectVersion:   Dev-Online (39C831C9-5AE6-47DC-9A44-9C173E1C8E7C): 0
LogDevObjectVersion:   Dev-Physics (78F01B33-EBEA-4F98-B9B4-84EACCB95AA2): 0
LogDevObjectVersion:   Dev-Platform (6631380F-2D4D-43E0-8009-CF276956A95A): 0
LogDevObjectVersion:   Dev-Rendering (12F88B9F-8875-4AFC-A67C-D90C383ABD29): 26
LogDevObjectVersion:   Dev-Sequencer (7B5AE74C-D270-4C10-A958-57980B212A5A): 9
LogDevObjectVersion:   Dev-VR (D7296918-1DD6-4BDD-9DE2-64A83CC13884): 2
LogDevObjectVersion:   Dev-LoadTimes (C2A15278-BFE7-4AFE-6C17-90FF531DF755): 1
LogDevObjectVersion:   Private-Geometry (6EACA3D4-40EC-4CC1-B786-8BED09428FC5): 3
LogDevObjectVersion:   Dev-AnimPhys (29E575DD-E0A3-4627-9D10-D276232CDCEA): 17
LogDevObjectVersion:   Dev-ReflectionCapture (6B266CEC-1EC7-4B8F-A30B-E4D90942FC07): 1
LogDevObjectVersion:   Dev-Automation (0DF73D61-A23F-47EA-B727-89E90C41499A): 1
LogDevObjectVersion:   FortniteMain (601D1886-AC64-4F84-AA16-D3DE0DEAC7D6): 12
LogDevObjectVersion:   Dev-Enterprise (9DFFBCD6-494F-0158-E221-12823C92A888): 1
LogStreaming: Display: Took  0.002s to delete old logs.
LogInit: Presizing for max 8388607 objects, including 0 objects not considered by GC, pre-allocating 0 bytes for permanent pool.
LogInit: Object subsystem initialized
[2018.10.22-14.57.12:771][  0]LogInit: Selected Device Profile: [Windows]
[2018.10.22-14.57.12:771][  0]LogInit: Applying CVar settings loaded from the selected device profile: [Windows]
[2018.10.22-14.57.12:781][  0]LogHAL: Display: Platform has ~ 8 GB [8481820672 / 8589934592 / 8], which maps to Default [LargestMinGB=32, LargerMinGB=12, DefaultMinGB=8, SmallerMinGB=6, SmallestMinGB=0)
[2018.10.22-14.57.12:781][  0]LogInit: Setting Device Profile CVar: [[r.Vulkan.UseRealUBs:1]]
[2018.10.22-14.57.12:781][  0]LogInit: Going up to parent DeviceProfile []
[2018.10.22-14.57.12:782][  0]LogInit: Computer: MIKA-PC
[2018.10.22-14.57.12:782][  0]LogInit: User: Mika
[2018.10.22-14.57.12:782][  0]LogInit: CPU Page size=4096, Cores=4
[2018.10.22-14.57.12:782][  0]LogInit: High frequency timer resolution =3.117787 MHz
[2018.10.22-14.57.12:782][  0]LogMemory: Memory total: Physical=7.9GB (8GB approx)
[2018.10.22-14.57.12:782][  0]LogMemory: Platform Memory Stats for Windows
[2018.10.22-14.57.12:782][  0]LogMemory: Process Physical Memory: 103.27 MB used, 103.27 MB peak
[2018.10.22-14.57.12:782][  0]LogMemory: Process Virtual Memory: 82.91 MB used, 82.91 MB peak
[2018.10.22-14.57.12:782][  0]LogMemory: Physical Memory: 5714.91 MB used,  2373.99 MB free, 8088.89 MB total
[2018.10.22-14.57.12:783][  0]LogMemory: Virtual Memory: 4624.35 MB used,  2373.99 MB free, 134217728.00 MB total
[2018.10.22-14.57.12:919][  0]LogInit: Using OS detected language (fi-FI).
[2018.10.22-14.57.12:919][  0]LogInit: Using OS detected locale (fi-FI).
[2018.10.22-14.57.12:920][  0]LogTextLocalizationManager: No localization for 'fi-FI' exists, so 'en' will be used for the language.
[2018.10.22-14.57.13:339][  0]LogStreaming: Display: Took  0.421s to InitEngineTextLocalization.
[2018.10.22-14.57.13:340][  0]LogInit: Setting process to per monitor DPI aware
[2018.10.22-14.57.13:406][  0]LogSlate: New Slate User Created.  User Index 0, Is Virtual User: 0
[2018.10.22-14.57.13:407][  0]LogSlate: Slate User Registered.  User Index 0, Is Virtual User: 0
[2018.10.22-14.57.13:644][  0]LogHMD: Failed to initialize OpenVR with code 105
[2018.10.22-14.57.13:644][  0]LogD3D11RHI: D3D11 adapters:
[2018.10.22-14.57.13:750][  0]LogD3D11RHI:    0. 'NVIDIA GeForce GTX 750 Ti' (Feature Level 11_0)
[2018.10.22-14.57.13:750][  0]LogD3D11RHI:       2007/0/4044 MB DedicatedVideo/DedicatedSystem/SharedSystem, Outputs:1, VendorId:0x10de
[2018.10.22-14.57.13:776][  0]LogD3D11RHI:    1. 'Intel(R) HD Graphics 4600' (Feature Level 11_0)
[2018.10.22-14.57.13:776][  0]LogD3D11RHI:       112/0/2048 MB DedicatedVideo/DedicatedSystem/SharedSystem, Outputs:0, VendorId:0x8086
[2018.10.22-14.57.13:782][  0]LogD3D11RHI:    2. 'Microsoft Basic Render Driver' (Feature Level 11_0)
[2018.10.22-14.57.13:782][  0]LogD3D11RHI:       0/0/4044 MB DedicatedVideo/DedicatedSystem/SharedSystem, Outputs:0, VendorId:0x1414
[2018.10.22-14.57.13:783][  0]LogD3D11RHI: Chosen D3D11 Adapter: 0
[2018.10.22-14.57.13:790][  0]LogD3D11RHI: Creating new Direct3DDevice
[2018.10.22-14.57.13:790][  0]LogD3D11RHI:     GPU DeviceId: 0x1380 (for the marketing name, search the web for "GPU Device Id")
[2018.10.22-14.57.13:790][  0]LogWindows: EnumDisplayDevices:
[2018.10.22-14.57.13:790][  0]LogWindows:    0. 'NVIDIA GeForce GTX 750 Ti' (P:1 D:1)
[2018.10.22-14.57.13:791][  0]LogWindows:    1. 'NVIDIA GeForce GTX 750 Ti' (P:0 D:0)
[2018.10.22-14.57.13:791][  0]LogWindows:    2. 'NVIDIA GeForce GTX 750 Ti' (P:0 D:0)
[2018.10.22-14.57.13:791][  0]LogWindows:    3. 'NVIDIA GeForce GTX 750 Ti' (P:0 D:0)
[2018.10.22-14.57.13:792][  0]LogWindows:    4. 'Intel(R) HD Graphics 4600' (P:0 D:0)
[2018.10.22-14.57.13:792][  0]LogWindows:    5. 'Intel(R) HD Graphics 4600' (P:0 D:0)
[2018.10.22-14.57.13:792][  0]LogWindows:    6. 'Intel(R) HD Graphics 4600' (P:0 D:0)
[2018.10.22-14.57.13:793][  0]LogWindows: DebugString: PrimaryIsNotTheChoosenAdapter PrimaryIsNotTheChoosenAdapter PrimaryIsNotTheChoosenAdapter FoundDriverCount:4 
[2018.10.22-14.57.13:793][  0]LogD3D11RHI:     Adapter Name: NVIDIA GeForce GTX 750 Ti
[2018.10.22-14.57.13:793][  0]LogD3D11RHI:   Driver Version: 398.11 (internal:24.21.13.9811, unified:398.11)
[2018.10.22-14.57.13:793][  0]LogD3D11RHI:      Driver Date: 6-1-2018
[2018.10.22-14.57.13:793][  0]LogRHI: Texture pool is 1405 MB (70% of 2007 MB)
[2018.10.22-14.57.13:893][  0]LogD3D11RHI: Async texture creation enabled
[2018.10.22-14.57.13:910][  0]LogD3D11RHI: GPU Timing Frequency: 1000.000000 (Debug: 2 2)
[2018.10.22-14.57.13:912][  0]LogShaderCompilers: Guid format shader working directory is -18 characters bigger than the processId version (../../../../../../Users/Mika/Documents/Unreal Projects/Youtube/Intermediate/Shaders/WorkingDirectory/18128/).
[2018.10.22-14.57.13:912][  0]LogShaderCompilers: Cleaned the shader compiler working directory 'C:/Users/Mika/AppData/Local/Temp/UnrealShaderWorkingDir/2F79A34541C13AF8EE02A6A07B3E91E9/'.
[2018.10.22-14.57.14:223][  0]LogTemp: Display: Loaded TP AllDesktopTargetPlatform
[2018.10.22-14.57.14:239][  0]LogTemp: Display: Loaded TP MacClientTargetPlatform
[2018.10.22-14.57.14:259][  0]LogTemp: Display: Loaded TP MacNoEditorTargetPlatform
[2018.10.22-14.57.14:276][  0]LogTemp: Display: Loaded TP MacServerTargetPlatform
[2018.10.22-14.57.14:295][  0]LogTemp: Display: Loaded TP MacTargetPlatform
[2018.10.22-14.57.14:311][  0]LogTemp: Display: Loaded TP WindowsClientTargetPlatform
[2018.10.22-14.57.14:329][  0]LogTemp: Display: Loaded TP WindowsNoEditorTargetPlatform
[2018.10.22-14.57.14:346][  0]LogTemp: Display: Loaded TP WindowsServerTargetPlatform
[2018.10.22-14.57.14:357][  0]LogTemp: Display: Loaded TP WindowsTargetPlatform
[2018.10.22-14.57.14:443][  0]LogTemp: Display: Loaded TP AndroidTargetPlatform
[2018.10.22-14.57.14:443][  0]LogTemp: Display: Loaded TP AndroidTargetPlatform
[2018.10.22-14.57.14:443][  0]LogTemp: Display: Loaded TP AndroidTargetPlatform
[2018.10.22-14.57.14:443][  0]LogTemp: Display: Loaded TP AndroidTargetPlatform
[2018.10.22-14.57.14:443][  0]LogTemp: Display: Loaded TP AndroidTargetPlatform
[2018.10.22-14.57.14:443][  0]LogTemp: Display: Loaded TP AndroidTargetPlatform
[2018.10.22-14.57.14:443][  0]LogTemp: Display: Loaded TP AndroidTargetPlatform
[2018.10.22-14.57.14:443][  0]LogTemp: Display: Loaded TP AndroidTargetPlatform
[2018.10.22-14.57.14:443][  0]LogTemp: Display: Loaded TP AndroidTargetPlatform
[2018.10.22-14.57.14:443][  0]LogTemp: Display: Loaded TP AndroidTargetPlatform
[2018.10.22-14.57.14:443][  0]LogTemp: Display: Loaded TP AndroidTargetPlatform
[2018.10.22-14.57.14:444][  0]LogTemp: Display: Loaded TP AndroidTargetPlatform
[2018.10.22-14.57.14:444][  0]LogTemp: Display: Loaded TP AndroidTargetPlatform
[2018.10.22-14.57.14:444][  0]LogTemp: Display: Loaded TP AndroidTargetPlatform
[2018.10.22-14.57.14:444][  0]LogTemp: Display: Loaded TP AndroidTargetPlatform
[2018.10.22-14.57.14:444][  0]LogTemp: Display: Loaded TP AndroidTargetPlatform
[2018.10.22-14.57.14:444][  0]LogTemp: Display: Loaded TP AndroidTargetPlatform
[2018.10.22-14.57.14:444][  0]LogTemp: Display: Loaded TP AndroidTargetPlatform
[2018.10.22-14.57.14:448][  0]LogTemp: Display: Loaded TP HTML5TargetPlatform
[2018.10.22-14.57.14:525][  0]LogTemp: Display: Loaded TP IOSTargetPlatform
[2018.10.22-14.57.14:525][  0]LogTemp: Display: Loaded TP IOSTargetPlatform
[2018.10.22-14.57.14:553][  0]LogTemp: Display: Loaded TP TVOSTargetPlatform
[2018.10.22-14.57.14:553][  0]LogTemp: Display: Loaded TP TVOSTargetPlatform
[2018.10.22-14.57.14:574][  0]LogTemp: Display: Loaded TP LinuxClientTargetPlatform
[2018.10.22-14.57.14:589][  0]LogTemp: Display: Loaded TP LinuxNoEditorTargetPlatform
[2018.10.22-14.57.14:606][  0]LogTemp: Display: Loaded TP LinuxServerTargetPlatform
[2018.10.22-14.57.14:622][  0]LogTemp: Display: Loaded TP LinuxTargetPlatform
[2018.10.22-14.57.14:637][  0]LogTemp: Display: Loaded TP LuminTargetPlatform
[2018.10.22-14.57.14:637][  0]LogTargetPlatformManager: Display: Building Assets For Windows
[2018.10.22-14.57.14:773][  0]LogXGEController: Cleaning working directory: C:/Users/Mika/AppData/Local/Temp/UnrealXGEWorkingDir/
[2018.10.22-14.57.14:773][  0]LogXGEController: Cannot use XGE Controller as Incredibuild is not installed on this machine.
[2018.10.22-14.57.14:773][  0]LogShaderCompilers: Cannot use XGE Shader Compiler as Incredibuild is not installed on this machine.
[2018.10.22-14.57.14:773][  0]LogShaderCompilers: Display: Using Local Shader Compiler.
[2018.10.22-14.57.15:561][  0]LogDerivedDataCache: Display: Max Cache Size: 512 MB
[2018.10.22-14.57.15:616][  0]LogDerivedDataCache: Loaded boot cache 0.06s 71MB C:/Users/Mika/AppData/Local/UnrealEngine/4.20/DerivedDataCache/Boot.ddc.
[2018.10.22-14.57.15:617][  0]LogDerivedDataCache: Display: Loaded Boot cache: C:/Users/Mika/AppData/Local/UnrealEngine/4.20/DerivedDataCache/Boot.ddc
[2018.10.22-14.57.15:617][  0]LogDerivedDataCache: FDerivedDataBackendGraph:  Pak pak cache file ../../../../../../Users/Mika/Documents/Unreal Projects/Youtube/DerivedDataCache/DDC.ddp not found, will not use a pak cache.
[2018.10.22-14.57.15:617][  0]LogDerivedDataCache: Unable to find inner node Pak for hierarchical cache Hierarchy.
[2018.10.22-14.57.15:617][  0]LogDerivedDataCache: FDerivedDataBackendGraph:  CompressedPak pak cache file ../../../../../../Users/Mika/Documents/Unreal Projects/Youtube/DerivedDataCache/Compressed.ddp not found, will not use a pak cache.
[2018.10.22-14.57.15:617][  0]LogDerivedDataCache: Unable to find inner node CompressedPak for hierarchical cache Hierarchy.
[2018.10.22-14.57.15:632][  0]LogDerivedDataCache: Display: Pak cache opened for reading ../../../Engine/DerivedDataCache/Compressed.ddp.
[2018.10.22-14.57.15:646][  0]LogDerivedDataCache: Using Local data cache path C:/Users/Mika/AppData/Local/UnrealEngine/Common/DerivedDataCache: Writable
[2018.10.22-14.57.15:646][  0]LogDerivedDataCache: Shared data cache path not found in *engine.ini, will not use an Shared cache.
[2018.10.22-14.57.15:647][  0]LogDerivedDataCache: Unable to find inner node Shared for hierarchical cache Hierarchy.
[2018.10.22-14.57.15:666][  0]LogMaterial: Verifying Global Shaders for PCD3D_SM5
[2018.10.22-14.57.15:668][  0]LogSlate: Using FreeType 2.6.0
[2018.10.22-14.57.15:669][  0]LogSlate: SlateFontServices - WITH_FREETYPE: 1, WITH_HARFBUZZ: 1
[2018.10.22-14.57.15:758][  0]LogAssetRegistry: FAssetRegistry took 0.0288 seconds to start up
[2018.10.22-14.57.16:097][  0]LogInit: Selected Device Profile: [Windows]
[2018.10.22-14.57.16:268][  0]LogSimplygon: Simplygon DLL not present - disabling.
[2018.10.22-14.57.16:292][  0]LogMeshReduction: Using SimplygonSwarm for distributed automatic mesh merging
[2018.10.22-14.57.16:293][  0]LogMeshReduction: Using ProxyLODMeshReduction for automatic mesh merging
[2018.10.22-14.57.16:293][  0]LogMeshReduction: Using QuadricMeshReduction for automatic static mesh reduction
[2018.10.22-14.57.16:293][  0]LogMeshReduction: No automatic skeletal mesh reduction module available
[2018.10.22-14.57.16:307][  0]LogNetVersion: Youtube 1.0.0, NetCL: 4212847, EngineNetVer: 5, GameNetVer: 0 (Checksum: 222399930)
[2018.10.22-14.57.16:812][  0]LogPackageLocalizationCache: Processed 11 localized package path(s) for 1 prioritized culture(s) in 0.053489 seconds
[2018.10.22-14.57.16:818][  0]LogUObjectArray: 38425 objects as part of root set at end of initial load.
[2018.10.22-14.57.16:818][  0]LogUObjectAllocator: 6690872 out of 0 bytes used by permanent object pool.
[2018.10.22-14.57.16:818][  0]LogUObjectArray: CloseDisregardForGC: 0/0 objects in disregard for GC pool
[2018.10.22-14.57.17:948][  0]LogTcpMessaging: Initializing TcpMessaging bridge
[2018.10.22-14.57.17:967][  0]LogUdpMessaging: Initializing bridge on interface 0.0.0.0:0 to multicast group 230.0.0.1:6666.
[2018.10.22-14.57.18:175][  0]SourceControl: Source control is disabled
[2018.10.22-14.57.18:175][  0]SourceControl: Source control is disabled
[2018.10.22-14.57.18:180][  0]SourceControl: Source control is disabled
[2018.10.22-14.57.18:183][  0]SourceControl: Source control is disabled
[2018.10.22-14.57.18:475][  0]LogAndroidPermission: UAndroidPermissionCallbackProxy::GetInstance
[2018.10.22-14.57.18:579][  0]LogOcInput: OculusInput pre-init called
[2018.10.22-14.57.18:670][  0]LogEngine: Initializing Engine...
[2018.10.22-14.57.18:683][  0]LogHMD: Failed to initialize OpenVR with code 105
[2018.10.22-14.57.18:684][  0]LogStats: UGameplayTagsManager::ConstructGameplayTagTree: ImportINI prefixes -  0.000 s
[2018.10.22-14.57.18:684][  0]LogStats: UGameplayTagsManager::ConstructGameplayTagTree: Construct from data asset -  0.000 s
[2018.10.22-14.57.18:685][  0]LogStats: UGameplayTagsManager::ConstructGameplayTagTree: ImportINI -  0.000 s
[2018.10.22-14.57.18:685][  0]LogStats: UGameplayTagsManager::ConstructGameplayTagTree: GameplayTagTreeChangedEvent.Broadcast -  0.000 s
[2018.10.22-14.57.18:931][  0]LogInit: Initializing FReadOnlyCVARCache
[2018.10.22-14.57.18:946][  0]LogAIModule: Creating AISystem for world Untitled
[2018.10.22-14.57.18:960][  0]LogInit: XAudio2 using 'Speakers (Logitech G35 Headset)' : 2 channels at 44.1 kHz using 16 bits per sample (channel mask 0x3)
[2018.10.22-14.57.18:987][  0]LogInit: FAudioDevice initialized.
[2018.10.22-14.57.18:987][  0]LogNetVersion: Set ProjectVersion to 1.0.0.0. Version Checksum will be recalculated on next use.
[2018.10.22-14.57.19:121][  0]LogDerivedDataCache: Saved boot cache 0.13s 71MB C:/Users/Mika/AppData/Local/UnrealEngine/4.20/DerivedDataCache/Boot.ddc.
[2018.10.22-14.57.19:128][  0]LogInit: Texture streaming: Enabled
[2018.10.22-14.57.19:160][  0]LogEngineSessionManager: EngineSessionManager initialized
[2018.10.22-14.57.19:173][  0]LogInit: Transaction tracking system initialized
[2018.10.22-14.57.19:217][  0]BlueprintLog: New page: Editor Load
[2018.10.22-14.57.19:372][  0]LocalizationService: Localization service is disabled
[2018.10.22-14.57.19:664][  0]LogCook: Display: Max memory allowance for cook 16384mb min free memory 0mb
[2018.10.22-14.57.19:664][  0]LogCook: Display: Mobile HDR setting 1
[2018.10.22-14.57.19:664][  0]LogGameplayTags: Display: UGameplayTagsManager::DoneAddingNativeTags. DelegateIsBound: 0
[2018.10.22-14.57.19:664][  0]LogStats: UGameplayTagsManager::ConstructGameplayTagTree: ImportINI prefixes -  0.000 s
[2018.10.22-14.57.19:665][  0]LogStats: UGameplayTagsManager::ConstructGameplayTagTree: Construct from data asset -  0.000 s
[2018.10.22-14.57.19:665][  0]LogFileCache: Scanning file cache for directory 'D:/Users/Mika/Documents/Unreal Projects/Youtube/Content/' took 0.01s
[2018.10.22-14.57.19:665][  0]LogStats: UGameplayTagsManager::ConstructGameplayTagTree: ImportINI -  0.000 s
[2018.10.22-14.57.19:665][  0]LogStats: UGameplayTagsManager::ConstructGameplayTagTree: GameplayTagTreeChangedEvent.Broadcast -  0.000 s
[2018.10.22-14.57.19:865][  0]SourceControl: Source control is disabled
[2018.10.22-14.57.19:865][  0]Cmd: MAP LOAD FILE="../../../Engine/Content/Maps/Templates/Template_Default.umap" TEMPLATE=1 SHOWPROGRESS=1 FEATURELEVEL=3
[2018.10.22-14.57.19:866][  0]LightingResults: New page: Lighting Build
[2018.10.22-14.57.19:869][  0]MapCheck: New page: Map Check
[2018.10.22-14.57.19:869][  0]LightingResults: New page: Lighting Build
[2018.10.22-14.57.20:086][  0]LogAIModule: Creating AISystem for world Untitled_1
[2018.10.22-14.57.20:092][  0]LogEditorServer: Finished looking for orphan Actors (0.000 secs)
[2018.10.22-14.57.20:118][  0]Cmd: MAP CHECKDEP NOCLEARLOG
[2018.10.22-14.57.20:179][  0]MapCheck: Map check complete: 0 Error(s), 0 Warning(s), took 59,905ms to complete.
[2018.10.22-14.57.20:179][  0]LogFileHelpers: Loading map 'Template_Default' took 0.313
[2018.10.22-14.57.20:323][  0]LogSlate: Updating window title bar state: overlay mode, drag disabled, window buttons hidden, title bar hidden
[2018.10.22-14.57.20:331][  0]LogSlate: Updating window title bar state: overlay mode, drag disabled, window buttons hidden, title bar hidden
[2018.10.22-14.57.20:339][  0]LogSlate: Updating window title bar state: overlay mode, drag disabled, window buttons hidden, title bar hidden
[2018.10.22-14.57.20:347][  0]LogSlate: Updating window title bar state: overlay mode, drag disabled, window buttons hidden, title bar hidden
[2018.10.22-14.57.20:360][  0]LogCollectionManager: Loaded 0 collections in 0.001973 seconds
[2018.10.22-14.57.20:409][  0]LogFileCache: Scanning file cache for directory 'D:/Users/Mika/Documents/Unreal Projects/Youtube/Saved/Collections/' took 0.01s
[2018.10.22-14.57.20:410][  0]LogFileCache: Scanning file cache for directory 'D:/Users/Mika/Documents/Unreal Projects/Youtube/Content/Developers/Mika/Collections/' took 0.01s
[2018.10.22-14.57.20:410][  0]LogFileCache: Scanning file cache for directory 'D:/Users/Mika/Documents/Unreal Projects/Youtube/Content/Collections/' took 0.01s
[2018.10.22-14.57.20:410][  0]LogCollectionManager: Rebuilt the GUID cache for 0 collections in 0.000000 seconds
[2018.10.22-14.57.20:420][  0]LogContentBrowser: Native class hierarchy populated in 0.0100 seconds. Added 2575 classes and 605 folders.
[2018.10.22-14.57.20:427][  0]LogContentBrowser: Native class hierarchy updated for 'WidgetCarousel' in 0.0004 seconds. Added 0 classes and 0 folders.
[2018.10.22-14.57.20:477][  0]LogContentBrowser: Native class hierarchy updated for 'AddContentDialog' in 0.0004 seconds. Added 0 classes and 0 folders.
[2018.10.22-14.57.20:484][  0]LogContentBrowser: Native class hierarchy updated for 'SceneOutliner' in 0.0004 seconds. Added 1 classes and 2 folders.
[2018.10.22-14.57.20:499][  0]LogSlate: Took 0.000631 seconds to synchronously load lazily loaded font '../../../Engine/Content/Slate/Fonts/Roboto-Regular.ttf' (155K)
[2018.10.22-14.57.20:503][  0]LogSlate: Took 0.000231 seconds to synchronously load lazily loaded font '../../../Engine/Content/Slate/Fonts/Roboto-Bold.ttf' (160K)
[2018.10.22-14.57.20:508][  0]LogSlate: Took 0.000274 seconds to synchronously load lazily loaded font '../../../Engine/Content/Editor/Slate/Fonts/FontAwesome.ttf' (139K)
[2018.10.22-14.57.20:600][  0]LogRenderer: Reallocating scene render targets to support 1144x600 Format 10 NumSamples 1 (Frame:1).
[2018.10.22-14.57.20:783][  0]LogContentBrowser: Native class hierarchy updated for 'HierarchicalLODOutliner' in 0.0005 seconds. Added 0 classes and 0 folders.
[2018.10.22-14.57.20:783][  0]LogLoad: (Engine Initialization) Total time: 10.13 seconds
[2018.10.22-14.57.20:783][  0]LogLoad: (Engine Initialization) Total Blueprint compile time: 0.00 seconds
[2018.10.22-14.57.20:793][  0]LogWindowsTextInputMethodSystem: Display: IME system now deactivated.
[2018.10.22-14.57.20:813][  0]LogContentStreaming: Texture pool size now 1000 MB
[2018.10.22-14.57.20:833][  0]LogSlate: Took 0.000208 seconds to synchronously load lazily loaded font '../../../Engine/Content/Slate/Fonts/Roboto-Light.ttf' (167K)
[2018.10.22-14.57.20:858][  1]LogAssetRegistry: Asset discovery search completed in 5.1244 seconds
[2018.10.22-14.57.20:859][  1]LogCollectionManager: Rebuilt the object cache for 0 collections in 0.000000 seconds (found 0 objects)
[2018.10.22-14.57.20:860][  1]LogCollectionManager: Fixed up redirectors for 0 collections in 0.000284 seconds (updated 0 objects)
[2018.10.22-14.57.23:249][267]LogSlate: FSceneViewport::OnFocusLost() reason 2
[2018.10.22-14.57.24:284][386]LogSlate: FSceneViewport::OnFocusLost() reason 2
[2018.10.22-14.57.25:503][528]Cmd: MAP LOAD FILE="../../../../../../Users/Mika/Documents/Unreal Projects/Youtube/Content/Testi.umap" TEMPLATE=0 SHOWPROGRESS=1 FEATURELEVEL=3
[2018.10.22-14.57.25:508][528]LogSlate: Took 0.000216 seconds to synchronously load lazily loaded font '../../../Engine/Content/Slate/Fonts/Roboto-Light.ttf' (167K)
[2018.10.22-14.57.25:516][528]LightingResults: New page: Lighting Build
[2018.10.22-14.57.25:518][528]LoadErrors: New page: Loading map: Testi.umap
[2018.10.22-14.57.25:520][528]MapCheck: New page: Map Check
[2018.10.22-14.57.25:522][528]LightingResults: New page: Lighting Build
[2018.10.22-14.57.25:559][528]LogAIModule: Creating AISystem for world Testi
[2018.10.22-14.57.25:565][528]LogEditorServer: Finished looking for orphan Actors (0.000 secs)
[2018.10.22-14.57.25:610][528]Cmd: MAP CHECKDEP NOCLEARLOG
[2018.10.22-14.57.25:672][528]MapCheck: Map check complete: 0 Error(s), 0 Warning(s), took 62,074ms to complete.
[2018.10.22-14.57.25:673][528]LogFileHelpers: Loading map 'Testi' took 0.170
[2018.10.22-14.57.25:674][528]LogSlate: Window 'Open Level' being destroyed
[2018.10.22-14.57.27:136][695]LogEditorViewport: Clicking on Actor (LMB): MyActor (MyActor1)
[2018.10.22-14.57.33:458][433]LogSlate: FSceneViewport::OnFocusLost() reason 0
[2018.10.22-14.57.33:566][446]LogTemp: Repeating last play command: Simulate
[2018.10.22-14.57.33:579][446]LogPlayLevel: PlayLevel: No blueprints needed recompiling
[2018.10.22-14.57.33:593][446]PIE: New page: SIE session: Testi (22.10.2018 20.57.33)
[2018.10.22-14.57.33:594][446]LogPlayLevel: Creating play world package: /Game/UEDPIE_0_Testi
[2018.10.22-14.57.33:596][446]LogPlayLevel: PIE: StaticDuplicateObject took: (0.002436s)
[2018.10.22-14.57.33:597][446]LogAIModule: Creating AISystem for world Testi
[2018.10.22-14.57.33:597][446]LogPlayLevel: PIE: World Init took: (0.000849s)
[2018.10.22-14.57.33:597][446]LogPlayLevel: PIE: Created PIE world by copying editor world from /Game/Testi.Testi to /Game/UEDPIE_0_Testi.Testi (0.003659s)
[2018.10.22-14.57.33:624][446]LogInit: XAudio2 using 'Speakers (Logitech G35 Headset)' : 2 channels at 44.1 kHz using 16 bits per sample (channel mask 0x3)
[2018.10.22-14.57.33:637][446]LogInit: FAudioDevice initialized.
[2018.10.22-14.57.33:697][446]LogLoad: Game class is 'BP_MyYoutubeGameMode_C'
[2018.10.22-14.57.33:699][446]LogWorld: Bringing World /Game/UEDPIE_0_Testi.Testi up for play (max tick rate 0) at 2018.10.22-17.57.33
[2018.10.22-14.57.33:699][446]LogWorld: Bringing up level for play took: 0.000864
[2018.10.22-14.57.33:718][446]LogContentBrowser: Native class hierarchy updated for 'MovieSceneCapture' in 0.0004 seconds. Added 10 classes and 0 folders.
[2018.10.22-14.57.33:720][446]PIE: Play in editor start time for /Game/UEDPIE_0_Testi 0,55
[2018.10.22-14.57.33:776][447]LogActor: Warning: BP_MyPawn_C /Engine/Transient.World_0:PersistentLevel.BP_MyPawn_C_0 has natively added scene component(s), but none of them were set as the actor's RootComponent - picking one arbitrarily
[2018.10.22-14.57.42:657][471]LogEditorViewport: Clicking on Actor (LMB): StaticMeshActor (Floor)
[2018.10.22-14.57.43:643][569]Cmd: EDIT COPY
[2018.10.22-14.57.43:932][592]Cmd: EDIT PASTE
[2018.10.22-14.57.59:177][217]LogEditorViewport: Clicking on Actor (LMB): StaticMeshActor (Floor)
[2018.10.22-14.58.00:200][313]LogEditorViewport: Clicking on Actor (LMB): StaticMeshActor (Floor)
[2018.10.22-14.58.02:472][555]LogEditorViewport: Clicking on Actor (LMB): StaticMeshActor (Floor)
[2018.10.22-14.58.03:906][694]LogEditorViewport: Clicking on Actor (LMB): StaticMeshActor (Floor2)
[2018.10.22-14.58.04:989][783]LogEditorViewport: Clicking on Actor (LMB): StaticMeshActor (Floor2)
[2018.10.22-14.58.27:405][964]LogEditorViewport: Clicking on Actor (LMB): StaticMeshActor (Floor)
[2018.10.22-14.58.28:635][ 77]PIE: Warning: Mobility of /Game/UEDPIE_0_Testi.Testi:PersistentLevel.Floor : StaticMeshComponent0 has to be 'Movable' if you'd like to move. 
[2018.10.22-14.58.28:635][ 77]PIE: Warning: Mobility of /Game/UEDPIE_0_Testi.Testi:PersistentLevel.Floor : StaticMeshComponent0 has to be 'Movable' if you'd like to move. 
[2018.10.22-14.58.29:195][140]PIE: Warning: Mobility of /Game/UEDPIE_0_Testi.Testi:PersistentLevel.Floor : StaticMeshComponent0 has to be 'Movable' if you'd like to move. 
[2018.10.22-14.58.29:195][140]PIE: Warning: Mobility of /Game/UEDPIE_0_Testi.Testi:PersistentLevel.Floor : StaticMeshComponent0 has to be 'Movable' if you'd like to move. 
[2018.10.22-14.58.29:815][214]PIE: Warning: Mobility of /Game/UEDPIE_0_Testi.Testi:PersistentLevel.Floor : StaticMeshComponent0 has to be 'Movable' if you'd like to move. 
[2018.10.22-14.58.29:815][214]PIE: Warning: Mobility of /Game/UEDPIE_0_Testi.Testi:PersistentLevel.Floor : StaticMeshComponent0 has to be 'Movable' if you'd like to move. 
[2018.10.22-14.58.30:224][263]PIE: Warning: Mobility of /Game/UEDPIE_0_Testi.Testi:PersistentLevel.Floor : StaticMeshComponent0 has to be 'Movable' if you'd like to move. 
[2018.10.22-14.58.30:224][263]PIE: Warning: Mobility of /Game/UEDPIE_0_Testi.Testi:PersistentLevel.Floor : StaticMeshComponent0 has to be 'Movable' if you'd like to move. 
[2018.10.22-14.58.31:551][400]LogEditorViewport: Clicking on Actor (LMB): StaticMeshActor (Floor)
[2018.10.22-14.58.33:188][556]PIE: Warning: Mobility of /Game/UEDPIE_0_Testi.Testi:PersistentLevel.Floor : StaticMeshComponent0 has to be 'Movable' if you'd like to move. 
[2018.10.22-14.58.33:188][556]PIE: Warning: Mobility of /Game/UEDPIE_0_Testi.Testi:PersistentLevel.Floor : StaticMeshComponent0 has to be 'Movable' if you'd like to move. 
[2018.10.22-14.58.33:214][559]PIE: Warning: Mobility of /Game/UEDPIE_0_Testi.Testi:PersistentLevel.Floor : StaticMeshComponent0 has to be 'Movable' if you'd like to move. 
[2018.10.22-14.58.33:214][559]PIE: Warning: Mobility of /Game/UEDPIE_0_Testi.Testi:PersistentLevel.Floor : StaticMeshComponent0 has to be 'Movable' if you'd like to move. 
[2018.10.22-14.58.33:231][561]PIE: Warning: Mobility of /Game/UEDPIE_0_Testi.Testi:PersistentLevel.Floor : StaticMeshComponent0 has to be 'Movable' if you'd like to move. 
[2018.10.22-14.58.33:231][561]PIE: Warning: Mobility of /Game/UEDPIE_0_Testi.Testi:PersistentLevel.Floor : StaticMeshComponent0 has to be 'Movable' if you'd like to move. 
[2018.10.22-14.58.33:247][563]PIE: Warning: Mobility of /Game/UEDPIE_0_Testi.Testi:PersistentLevel.Floor : StaticMeshComponent0 has to be 'Movable' if you'd like to move. 
[2018.10.22-14.58.33:247][563]PIE: Warning: Mobility of /Game/UEDPIE_0_Testi.Testi:PersistentLevel.Floor : StaticMeshComponent0 has to be 'Movable' if you'd like to move. 
[2018.10.22-14.58.33:264][565]PIE: Warning: Mobility of /Game/UEDPIE_0_Testi.Testi:PersistentLevel.Floor : StaticMeshComponent0 has to be 'Movable' if you'd like to move. 
[2018.10.22-14.58.33:264][565]PIE: Warning: Mobility of /Game/UEDPIE_0_Testi.Testi:PersistentLevel.Floor : StaticMeshComponent0 has to be 'Movable' if you'd like to move. 
[2018.10.22-14.58.34:738][692]LogEditorViewport: Clicking on Actor (LMB): StaticMeshActor (Floor)
[2018.10.22-14.58.35:729][788]PIE: Warning: Mobility of /Game/UEDPIE_0_Testi.Testi:PersistentLevel.Floor : StaticMeshComponent0 has to be 'Movable' if you'd like to move. 
[2018.10.22-14.58.35:729][788]PIE: Warning: Mobility of /Game/UEDPIE_0_Testi.Testi:PersistentLevel.Floor : StaticMeshComponent0 has to be 'Movable' if you'd like to move. 
[2018.10.22-14.58.35:763][792]PIE: Warning: Mobility of /Game/UEDPIE_0_Testi.Testi:PersistentLevel.Floor : StaticMeshComponent0 has to be 'Movable' if you'd like to move. 
[2018.10.22-14.58.35:763][792]PIE: Warning: Mobility of /Game/UEDPIE_0_Testi.Testi:PersistentLevel.Floor : StaticMeshComponent0 has to be 'Movable' if you'd like to move. 
[2018.10.22-14.58.35:780][794]PIE: Warning: Mobility of /Game/UEDPIE_0_Testi.Testi:PersistentLevel.Floor : StaticMeshComponent0 has to be 'Movable' if you'd like to move. 
[2018.10.22-14.58.35:781][794]PIE: Warning: Mobility of /Game/UEDPIE_0_Testi.Testi:PersistentLevel.Floor : StaticMeshComponent0 has to be 'Movable' if you'd like to move. 
[2018.10.22-14.58.35:797][796]PIE: Warning: Mobility of /Game/UEDPIE_0_Testi.Testi:PersistentLevel.Floor : StaticMeshComponent0 has to be 'Movable' if you'd like to move. 
[2018.10.22-14.58.35:797][796]PIE: Warning: Mobility of /Game/UEDPIE_0_Testi.Testi:PersistentLevel.Floor : StaticMeshComponent0 has to be 'Movable' if you'd like to move. 
[2018.10.22-14.58.35:831][800]PIE: Warning: Mobility of /Game/UEDPIE_0_Testi.Testi:PersistentLevel.Floor : StaticMeshComponent0 has to be 'Movable' if you'd like to move. 
[2018.10.22-14.58.35:832][800]PIE: Warning: Mobility of /Game/UEDPIE_0_Testi.Testi:PersistentLevel.Floor : StaticMeshComponent0 has to be 'Movable' if you'd like to move. 
[2018.10.22-14.58.35:873][805]PIE: Warning: Mobility of /Game/UEDPIE_0_Testi.Testi:PersistentLevel.Floor : StaticMeshComponent0 has to be 'Movable' if you'd like to move. 
[2018.10.22-14.58.35:874][805]PIE: Warning: Mobility of /Game/UEDPIE_0_Testi.Testi:PersistentLevel.Floor : StaticMeshComponent0 has to be 'Movable' if you'd like to move. 
[2018.10.22-14.58.35:881][806]PIE: Warning: Mobility of /Game/UEDPIE_0_Testi.Testi:PersistentLevel.Floor : StaticMeshComponent0 has to be 'Movable' if you'd like to move. 
[2018.10.22-14.58.35:881][806]PIE: Warning: Mobility of /Game/UEDPIE_0_Testi.Testi:PersistentLevel.Floor : StaticMeshComponent0 has to be 'Movable' if you'd like to move. 
[2018.10.22-14.58.36:771][888]LogEditorViewport: Clicking on Actor (LMB): StaticMeshActor (Floor)
[2018.10.22-14.58.36:872][895]LogEditorViewport: Clicking on Component (LMB): StaticMeshComponent (StaticMeshComponent0)
[2018.10.22-14.58.37:403][939]LogEditorViewport: Clicking Background
[2018.10.22-14.58.37:688][966]LogEditorViewport: Clicking on Actor (LMB): StaticMeshActor (Floor2)
[2018.10.22-14.58.54:345][670]LogEditorViewport: Clicking on Actor (LMB): MyActor (MyActor1)
[2018.10.22-14.58.55:860][810]LogSlate: FSceneViewport::OnFocusLost() reason 0
[2018.10.22-14.58.58:313][ 39]LogEditorViewport: Clicking on Actor (LMB): MyActor (MyActor1)
[2018.10.22-14.59.00:490][268]LogEditorViewport: Clicking on Actor (LMB): MyActor (MyActor1)
[2018.10.22-14.59.02:750][503]LogSlate: FSceneViewport::OnFocusLost() reason 0
[2018.10.22-14.59.02:843][514]LogSlate: Updating window title bar state: overlay mode, drag disabled, window buttons hidden, title bar hidden
[2018.10.22-14.59.02:883][514]LogPlayLevel: Display: Shutting down PIE online subsystems
[2018.10.22-14.59.02:907][514]LogSlate: Updating window title bar state: overlay mode, drag disabled, window buttons hidden, title bar hidden
[2018.10.22-14.59.02:950][518]LogPlayLevel: Display: Destroying online subsystem :Context_1
[2018.10.22-14.59.08:606][183]LogEditorViewport: Clicking on Actor (LMB): StaticMeshActor (Floor)
[2018.10.22-14.59.09:306][259]Cmd: EDIT COPY
[2018.10.22-14.59.09:558][288]Cmd: EDIT PASTE
[2018.10.22-14.59.12:249][600]LogSlate: FSceneViewport::OnFocusLost() reason 0
[2018.10.22-14.59.12:366][614]LogTemp: Repeating last play command: Simulate
[2018.10.22-14.59.12:378][614]LogPlayLevel: PlayLevel: No blueprints needed recompiling
[2018.10.22-14.59.12:379][614]PIE: New page: SIE session: Testi (22.10.2018 20.59.12)
[2018.10.22-14.59.12:379][614]LogPlayLevel: Creating play world package: /Game/UEDPIE_0_Testi
[2018.10.22-14.59.12:381][614]LogPlayLevel: PIE: StaticDuplicateObject took: (0.002144s)
[2018.10.22-14.59.12:382][614]LogAIModule: Creating AISystem for world Testi
[2018.10.22-14.59.12:382][614]LogPlayLevel: PIE: World Init took: (0.000923s)
[2018.10.22-14.59.12:382][614]LogPlayLevel: PIE: Created PIE world by copying editor world from /Game/Testi.Testi to /Game/UEDPIE_0_Testi.Testi (0.003420s)
[2018.10.22-14.59.12:408][614]LogInit: XAudio2 using 'Speakers (Logitech G35 Headset)' : 2 channels at 44.1 kHz using 16 bits per sample (channel mask 0x3)
[2018.10.22-14.59.12:419][614]LogInit: FAudioDevice initialized.
[2018.10.22-14.59.12:453][614]LogLoad: Game class is 'BP_MyYoutubeGameMode_C'
[2018.10.22-14.59.12:454][614]LogWorld: Bringing World /Game/UEDPIE_0_Testi.Testi up for play (max tick rate 0) at 2018.10.22-17.59.12
[2018.10.22-14.59.12:455][614]LogWorld: Bringing up level for play took: 0.000750
[2018.10.22-14.59.12:469][614]PIE: Play in editor start time for /Game/UEDPIE_0_Testi −0,7
[2018.10.22-14.59.15:419][944]LogSlate: Updating window title bar state: overlay mode, drag disabled, window buttons hidden, title bar hidden
[2018.10.22-14.59.15:457][944]LogPlayLevel: Display: Shutting down PIE online subsystems
[2018.10.22-14.59.15:481][944]LogSlate: Updating window title bar state: overlay mode, drag disabled, window buttons hidden, title bar hidden
[2018.10.22-14.59.15:519][948]LogPlayLevel: Display: Destroying online subsystem :Context_5
[2018.10.22-14.59.16:682][ 85]LogEditorViewport: Clicking on Actor (LMB): StaticMeshActor (Floor2)
[2018.10.22-14.59.21:756][674]LogSlate: FSceneViewport::OnFocusLost() reason 0
[2018.10.22-14.59.21:881][689]LogTemp: Repeating last play command: Simulate
[2018.10.22-14.59.21:892][689]LogPlayLevel: PlayLevel: No blueprints needed recompiling
[2018.10.22-14.59.21:893][689]PIE: New page: SIE session: Testi (22.10.2018 20.59.21)
[2018.10.22-14.59.21:893][689]LogPlayLevel: Creating play world package: /Game/UEDPIE_0_Testi
[2018.10.22-14.59.21:895][689]LogPlayLevel: PIE: StaticDuplicateObject took: (0.001804s)
[2018.10.22-14.59.21:895][689]LogAIModule: Creating AISystem for world Testi
[2018.10.22-14.59.21:896][689]LogPlayLevel: PIE: World Init took: (0.000899s)
[2018.10.22-14.59.21:896][689]LogPlayLevel: PIE: Created PIE world by copying editor world from /Game/Testi.Testi to /Game/UEDPIE_0_Testi.Testi (0.002984s)
[2018.10.22-14.59.21:921][689]LogInit: XAudio2 using 'Speakers (Logitech G35 Headset)' : 2 channels at 44.1 kHz using 16 bits per sample (channel mask 0x3)
[2018.10.22-14.59.21:931][689]LogInit: FAudioDevice initialized.
[2018.10.22-14.59.21:969][689]LogLoad: Game class is 'BP_MyYoutubeGameMode_C'
[2018.10.22-14.59.21:970][689]LogWorld: Bringing World /Game/UEDPIE_0_Testi.Testi up for play (max tick rate 0) at 2018.10.22-17.59.21
[2018.10.22-14.59.21:971][689]LogWorld: Bringing up level for play took: 0.000673
[2018.10.22-14.59.21:984][689]PIE: Play in editor start time for /Game/UEDPIE_0_Testi 0,815
[2018.10.22-14.59.26:224][148]LogSlate: FSceneViewport::OnFocusLost() reason 0
[2018.10.22-14.59.26:328][160]LogSlate: Updating window title bar state: overlay mode, drag disabled, window buttons hidden, title bar hidden
[2018.10.22-14.59.26:366][160]LogPlayLevel: Display: Shutting down PIE online subsystems
[2018.10.22-14.59.26:390][160]LogSlate: Updating window title bar state: overlay mode, drag disabled, window buttons hidden, title bar hidden
[2018.10.22-14.59.26:436][165]LogPlayLevel: Display: Destroying online subsystem :Context_6
[2018.10.22-14.59.26:776][204]LogEditorViewport: Clicking on Actor (LMB): StaticMeshActor (Floor2)
[2018.10.22-14.59.29:789][548]LogSlate: FSceneViewport::OnFocusLost() reason 0
[2018.10.22-14.59.29:873][558]LogTemp: Repeating last play command: Simulate
[2018.10.22-14.59.29:885][558]LogPlayLevel: PlayLevel: No blueprints needed recompiling
[2018.10.22-14.59.29:885][558]PIE: New page: SIE session: Testi (22.10.2018 20.59.29)
[2018.10.22-14.59.29:885][558]LogPlayLevel: Creating play world package: /Game/UEDPIE_0_Testi
[2018.10.22-14.59.29:887][558]LogPlayLevel: PIE: StaticDuplicateObject took: (0.001818s)
[2018.10.22-14.59.29:888][558]LogAIModule: Creating AISystem for world Testi
[2018.10.22-14.59.29:888][558]LogPlayLevel: PIE: World Init took: (0.001035s)
[2018.10.22-14.59.29:889][558]LogPlayLevel: PIE: Created PIE world by copying editor world from /Game/Testi.Testi to /Game/UEDPIE_0_Testi.Testi (0.003318s)
[2018.10.22-14.59.29:914][558]LogInit: XAudio2 using 'Speakers (Logitech G35 Headset)' : 2 channels at 44.1 kHz using 16 bits per sample (channel mask 0x3)
[2018.10.22-14.59.29:925][558]LogInit: FAudioDevice initialized.
[2018.10.22-14.59.29:957][558]LogLoad: Game class is 'BP_MyYoutubeGameMode_C'
[2018.10.22-14.59.29:958][558]LogWorld: Bringing World /Game/UEDPIE_0_Testi.Testi up for play (max tick rate 0) at 2018.10.22-17.59.29
[2018.10.22-14.59.29:958][558]LogWorld: Bringing up level for play took: 0.000723
[2018.10.22-14.59.29:972][558]PIE: Play in editor start time for /Game/UEDPIE_0_Testi 0,803
[2018.10.22-14.59.38:091][421]LogEditorViewport: Clicking on Actor (LMB): MyActor (MyActor1)
[2018.10.22-14.59.39:922][610]LogSlate: FSceneViewport::OnFocusLost() reason 0
[2018.10.22-14.59.40:007][620]LogSlate: Updating window title bar state: overlay mode, drag disabled, window buttons hidden, title bar hidden
[2018.10.22-14.59.40:048][620]LogPlayLevel: Display: Shutting down PIE online subsystems
[2018.10.22-14.59.40:073][620]LogSlate: Updating window title bar state: overlay mode, drag disabled, window buttons hidden, title bar hidden
[2018.10.22-14.59.40:110][624]LogPlayLevel: Display: Destroying online subsystem :Context_7
[2018.10.22-14.59.40:912][719]LogEditorViewport: Clicking on Actor (LMB): MyActor (MyActor1)
[2018.10.22-14.59.41:768][816]Cmd: EDIT COPY
[2018.10.22-14.59.42:797][939]Cmd: EDIT PASTE
[2018.10.22-14.59.42:801][939]LogActor: Warning: MyActor /Game/Testi.Testi:PersistentLevel.MyActor_0 has natively added scene component(s), but none of them were set as the actor's RootComponent - picking one arbitrarily
[2018.10.22-14.59.43:096][971]Cmd: EDIT PASTE
[2018.10.22-14.59.43:100][971]LogActor: Warning: MyActor /Game/Testi.Testi:PersistentLevel.MyActor_2 has natively added scene component(s), but none of them were set as the actor's RootComponent - picking one arbitrarily
[2018.10.22-14.59.43:341][997]Cmd: EDIT PASTE
[2018.10.22-14.59.43:345][997]LogActor: Warning: MyActor /Game/Testi.Testi:PersistentLevel.MyActor_3 has natively added scene component(s), but none of them were set as the actor's RootComponent - picking one arbitrarily
[2018.10.22-14.59.43:502][ 13]Cmd: EDIT PASTE
[2018.10.22-14.59.43:506][ 13]LogActor: Warning: MyActor /Game/Testi.Testi:PersistentLevel.MyActor_4 has natively added scene component(s), but none of them were set as the actor's RootComponent - picking one arbitrarily
[2018.10.22-14.59.45:692][265]LogEditorViewport: Clicking on Actor (LMB): MyActor (MyActor4)
[2018.10.22-14.59.49:030][652]LogEditorViewport: Clicking on Actor (LMB): MyActor (MyActor5)
[2018.10.22-14.59.49:860][746]LogEditorViewport: Clicking on Actor (LMB): MyActor (MyActor3)
[2018.10.22-14.59.53:902][207]LogEditorViewport: Clicking on Actor (LMB): MyActor (MyActor2)
[2018.10.22-14.59.59:973][914]LogEditorViewport: Clicking on Actor (LMB): MyActor (MyActor1)
[2018.10.22-15.00.02:770][234]LogSlate: FSceneViewport::OnFocusLost() reason 0
[2018.10.22-15.00.02:863][245]LogTemp: Repeating last play command: Simulate
[2018.10.22-15.00.02:875][245]LogPlayLevel: PlayLevel: No blueprints needed recompiling
[2018.10.22-15.00.02:875][245]PIE: New page: SIE session: Testi (22.10.2018 21.00.02)
[2018.10.22-15.00.02:876][245]LogPlayLevel: Creating play world package: /Game/UEDPIE_0_Testi
[2018.10.22-15.00.02:878][245]LogPlayLevel: PIE: StaticDuplicateObject took: (0.001998s)
[2018.10.22-15.00.02:879][245]LogAIModule: Creating AISystem for world Testi
[2018.10.22-15.00.02:879][245]LogPlayLevel: PIE: World Init took: (0.000998s)
[2018.10.22-15.00.02:879][245]LogPlayLevel: PIE: Created PIE world by copying editor world from /Game/Testi.Testi to /Game/UEDPIE_0_Testi.Testi (0.003439s)
[2018.10.22-15.00.02:904][245]LogInit: XAudio2 using 'Speakers (Logitech G35 Headset)' : 2 channels at 44.1 kHz using 16 bits per sample (channel mask 0x3)
[2018.10.22-15.00.02:920][245]LogInit: FAudioDevice initialized.
[2018.10.22-15.00.02:954][245]LogLoad: Game class is 'BP_MyYoutubeGameMode_C'
[2018.10.22-15.00.02:955][245]LogWorld: Bringing World /Game/UEDPIE_0_Testi.Testi up for play (max tick rate 0) at 2018.10.22-18.00.02
[2018.10.22-15.00.02:956][245]LogWorld: Bringing up level for play took: 0.000961
[2018.10.22-15.00.02:969][245]PIE: Play in editor start time for /Game/UEDPIE_0_Testi −0,2
[2018.10.22-15.00.19:710][209]LogSlate: FSceneViewport::OnFocusLost() reason 0
[2018.10.22-15.00.19:813][221]LogSlate: Updating window title bar state: overlay mode, drag disabled, window buttons hidden, title bar hidden
[2018.10.22-15.00.19:850][221]LogPlayLevel: Display: Shutting down PIE online subsystems
[2018.10.22-15.00.19:872][221]LogSlate: Updating window title bar state: overlay mode, drag disabled, window buttons hidden, title bar hidden
[2018.10.22-15.00.19:919][226]LogPlayLevel: Display: Destroying online subsystem :Context_8
[2018.10.22-15.00.21:356][397]LogEditorViewport: Clicking on Actor (LMB): MyActor (MyActor3)
[2018.10.22-15.00.21:955][463]Cmd: DELETE
[2018.10.22-15.00.21:956][463]Cmd: ACTOR DELETE
[2018.10.22-15.00.21:958][463]LogEditorActor: Deleted Actor: MyActor
[2018.10.22-15.00.21:980][463]LogEditorActor: Deleted 1 Actors (0.024 secs)
[2018.10.22-15.00.22:545][527]LogEditorViewport: Clicking on Actor (LMB): MyActor (MyActor4)
[2018.10.22-15.00.22:858][559]Cmd: DELETE
[2018.10.22-15.00.22:859][559]Cmd: ACTOR DELETE
[2018.10.22-15.00.22:860][559]LogEditorActor: Deleted Actor: MyActor
[2018.10.22-15.00.22:883][559]LogEditorActor: Deleted 1 Actors (0.024 secs)
[2018.10.22-15.00.23:284][606]LogEditorViewport: Clicking on Actor (LMB): MyActor (MyActor5)
[2018.10.22-15.00.23:610][639]Cmd: DELETE
[2018.10.22-15.00.23:610][639]Cmd: ACTOR DELETE
[2018.10.22-15.00.23:613][639]LogEditorActor: Deleted Actor: MyActor
[2018.10.22-15.00.23:635][639]LogEditorActor: Deleted 1 Actors (0.024 secs)
[2018.10.22-15.00.23:921][672]LogEditorViewport: Clicking on Actor (LMB): MyActor (MyActor2)
[2018.10.22-15.00.24:211][701]Cmd: DELETE
[2018.10.22-15.00.24:211][701]Cmd: ACTOR DELETE
[2018.10.22-15.00.24:213][701]LogEditorActor: Deleted Actor: MyActor
[2018.10.22-15.00.24:235][701]LogEditorActor: Deleted 1 Actors (0.024 secs)
[2018.10.22-15.00.24:735][760]LogSlate: FSceneViewport::OnFocusLost() reason 0
[2018.10.22-15.00.24:869][776]LogTemp: Repeating last play command: Simulate
[2018.10.22-15.00.24:880][776]LogPlayLevel: PlayLevel: No blueprints needed recompiling
[2018.10.22-15.00.24:882][776]PIE: New page: SIE session: Testi (22.10.2018 21.00.24)
[2018.10.22-15.00.24:882][776]LogPlayLevel: Creating play world package: /Game/UEDPIE_0_Testi
[2018.10.22-15.00.24:885][776]LogPlayLevel: PIE: StaticDuplicateObject took: (0.001985s)
[2018.10.22-15.00.24:886][776]LogAIModule: Creating AISystem for world Testi
[2018.10.22-15.00.24:886][776]LogPlayLevel: PIE: World Init took: (0.000978s)
[2018.10.22-15.00.24:886][776]LogPlayLevel: PIE: Created PIE world by copying editor world from /Game/Testi.Testi to /Game/UEDPIE_0_Testi.Testi (0.004079s)
[2018.10.22-15.00.24:911][776]LogInit: XAudio2 using 'Speakers (Logitech G35 Headset)' : 2 channels at 44.1 kHz using 16 bits per sample (channel mask 0x3)
[2018.10.22-15.00.24:921][776]LogInit: FAudioDevice initialized.
[2018.10.22-15.00.24:961][776]LogLoad: Game class is 'BP_MyYoutubeGameMode_C'
[2018.10.22-15.00.24:962][776]LogWorld: Bringing World /Game/UEDPIE_0_Testi.Testi up for play (max tick rate 0) at 2018.10.22-18.00.24
[2018.10.22-15.00.24:962][776]LogWorld: Bringing up level for play took: 0.000755
[2018.10.22-15.00.24:981][776]PIE: Play in editor start time for /Game/UEDPIE_0_Testi −0,188
[2018.10.22-15.00.28:560][158]LogActor: Warning: BP_MyPawn_C /Game/UEDPIE_0_Testi.Testi:PersistentLevel.BP_MyPawn_C_0 has natively added scene component(s), but none of them were set as the actor's RootComponent - picking one arbitrarily
[2018.10.22-15.00.28:574][158]LogSpawn: Warning: SpawnActor failed because of collision at the spawn location [X=-330.000 Y=-450.000 Z=-80.000] for [BP_MyPawn_C]
[2018.10.22-15.00.29:012][210]LogActor: Warning: BP_MyPawn_C /Game/UEDPIE_0_Testi.Testi:PersistentLevel.BP_MyPawn_C_1 has natively added scene component(s), but none of them were set as the actor's RootComponent - picking one arbitrarily
[2018.10.22-15.00.29:012][210]LogSpawn: Warning: SpawnActor failed because of collision at the spawn location [X=120.000 Y=0.000 Z=-80.000] for [BP_MyPawn_C]
[2018.10.22-15.00.31:924][536]LogActor: Warning: BP_MyPawn_C /Game/UEDPIE_0_Testi.Testi:PersistentLevel.BP_MyPawn_C_2 has natively added scene component(s), but none of them were set as the actor's RootComponent - picking one arbitrarily
[2018.10.22-15.00.32:390][591]LogActor: Warning: BP_MyPawn_C /Game/UEDPIE_0_Testi.Testi:PersistentLevel.BP_MyPawn_C_3 has natively added scene component(s), but none of them were set as the actor's RootComponent - picking one arbitrarily
[2018.10.22-15.00.34:766][810]LogEditorViewport: Clicking on Actor (context menu): BP_MyPawn_C (BP_MyPawn)
[2018.10.22-15.00.34:790][810]LogSlate: FSceneViewport::OnFocusLost() reason 2
[2018.10.22-15.00.35:522][890]LogEditorViewport: Clicking on Actor (LMB): BP_MyPawn_C (BP_MyPawn)
[2018.10.22-15.00.38:407][141]LogSlate: Took 0.019161 seconds to synchronously load lazily loaded font '../../../Engine/Content/Slate/Fonts/Roboto-Italic.ttf' (157K)
[2018.10.22-15.00.39:165][217]LogSlate: FSceneViewport::OnFocusLost() reason 0
[2018.10.22-15.01.02:031][493]LogSlate: FSceneViewport::OnFocusLost() reason 0
[2018.10.22-15.01.02:170][503]LogSlate: Updating window title bar state: overlay mode, drag disabled, window buttons hidden, title bar hidden
[2018.10.22-15.01.02:208][503]LogPlayLevel: Display: Shutting down PIE online subsystems
[2018.10.22-15.01.02:232][503]LogSlate: Updating window title bar state: overlay mode, drag disabled, window buttons hidden, title bar hidden
[2018.10.22-15.01.02:245][504]LogPlayLevel: Display: Destroying online subsystem :Context_9
[2018.10.22-15.01.05:743][889]LogActor: Warning: BP_MyPawn_C /Game/Testi.Testi:PersistentLevel.BP_MyPawn_C_0 has natively added scene component(s), but none of them were set as the actor's RootComponent - picking one arbitrarily
[2018.10.22-15.01.06:320][957]LogActor: Warning: BP_MyPawn_C /Game/Testi.Testi:PersistentLevel.BP_MyPawn_C_1 has natively added scene component(s), but none of them were set as the actor's RootComponent - picking one arbitrarily
[2018.10.22-15.01.09:163][226]LogSlate: FSceneViewport::OnFocusLost() reason 2
[2018.10.22-15.01.10:718][396]LogSlate: FSceneViewport::OnFocusLost() reason 0
[2018.10.22-15.01.10:822][408]LogTemp: Repeating last play command: Simulate
[2018.10.22-15.01.10:834][408]LogPlayLevel: PlayLevel: No blueprints needed recompiling
[2018.10.22-15.01.10:834][408]PIE: New page: SIE session: Testi (22.10.2018 21.01.10)
[2018.10.22-15.01.10:834][408]LogPlayLevel: Creating play world package: /Game/UEDPIE_0_Testi
[2018.10.22-15.01.10:836][408]LogPlayLevel: PIE: StaticDuplicateObject took: (0.001910s)
[2018.10.22-15.01.10:837][408]LogAIModule: Creating AISystem for world Testi
[2018.10.22-15.01.10:837][408]LogPlayLevel: PIE: World Init took: (0.000780s)
[2018.10.22-15.01.10:837][408]LogPlayLevel: PIE: Created PIE world by copying editor world from /Game/Testi.Testi to /Game/UEDPIE_0_Testi.Testi (0.002993s)
[2018.10.22-15.01.10:900][408]LogInit: XAudio2 using 'Speakers (Logitech G35 Headset)' : 2 channels at 44.1 kHz using 16 bits per sample (channel mask 0x3)
[2018.10.22-15.01.10:910][408]LogInit: FAudioDevice initialized.
[2018.10.22-15.01.10:947][408]LogLoad: Game class is 'BP_MyYoutubeGameMode_C'
[2018.10.22-15.01.10:948][408]LogWorld: Bringing World /Game/UEDPIE_0_Testi.Testi up for play (max tick rate 0) at 2018.10.22-18.01.10
[2018.10.22-15.01.10:948][408]LogWorld: Bringing up level for play took: 0.000912
[2018.10.22-15.01.10:963][408]PIE: Play in editor start time for /Game/UEDPIE_0_Testi −0,206
[2018.10.22-15.01.12:172][539]LogSlate: Updating window title bar state: overlay mode, drag disabled, window buttons hidden, title bar hidden
[2018.10.22-15.01.12:211][539]LogPlayLevel: Display: Shutting down PIE online subsystems
[2018.10.22-15.01.12:235][539]LogSlate: Updating window title bar state: overlay mode, drag disabled, window buttons hidden, title bar hidden
[2018.10.22-15.01.12:274][543]LogPlayLevel: Display: Destroying online subsystem :Context_10
[2018.10.22-15.01.14:374][792]LogPlayLevel: PlayLevel: No blueprints needed recompiling
[2018.10.22-15.01.14:374][792]PIE: New page: PIE session: Testi (22.10.2018 21.01.14)
[2018.10.22-15.01.14:374][792]LogPlayLevel: Creating play world package: /Game/UEDPIE_0_Testi
[2018.10.22-15.01.14:376][792]LogPlayLevel: PIE: StaticDuplicateObject took: (0.002193s)
[2018.10.22-15.01.14:383][792]LogAIModule: Creating AISystem for world Testi
[2018.10.22-15.01.14:383][792]LogPlayLevel: PIE: World Init took: (0.001105s)
[2018.10.22-15.01.14:384][792]LogPlayLevel: PIE: Created PIE world by copying editor world from /Game/Testi.Testi to /Game/UEDPIE_0_Testi.Testi (0.009587s)
[2018.10.22-15.01.14:408][792]LogInit: XAudio2 using 'Speakers (Logitech G35 Headset)' : 2 channels at 44.1 kHz using 16 bits per sample (channel mask 0x3)
[2018.10.22-15.01.14:420][792]LogInit: FAudioDevice initialized.
[2018.10.22-15.01.14:463][792]LogLoad: Game class is 'BP_MyYoutubeGameMode_C'
[2018.10.22-15.01.14:464][792]LogWorld: Bringing World /Game/UEDPIE_0_Testi.Testi up for play (max tick rate 0) at 2018.10.22-18.01.14
[2018.10.22-15.01.14:465][792]LogWorld: Bringing up level for play took: 0.000867
[2018.10.22-15.01.14:482][792]PIE: Play in editor start time for /Game/UEDPIE_0_Testi −0,686
[2018.10.22-15.01.22:607][759]LogSlate: Updating window title bar state: overlay mode, drag disabled, window buttons hidden, title bar hidden
[2018.10.22-15.01.22:648][759]LogPlayLevel: Display: Shutting down PIE online subsystems
[2018.10.22-15.01.22:672][759]LogSlate: Updating window title bar state: overlay mode, drag disabled, window buttons hidden, title bar hidden
[2018.10.22-15.01.22:708][762]LogPlayLevel: Display: Destroying online subsystem :Context_11
[2018.10.22-15.01.30:408][676]LogSlate: FSceneViewport::OnFocusLost() reason 0
[2018.10.22-15.01.30:483][685]LogTemp: Repeating last play command: Selected Viewport
[2018.10.22-15.01.30:496][685]LogPlayLevel: PlayLevel: No blueprints needed recompiling
[2018.10.22-15.01.30:497][685]PIE: New page: PIE session: Testi (22.10.2018 21.01.30)
[2018.10.22-15.01.30:497][685]LogPlayLevel: Creating play world package: /Game/UEDPIE_0_Testi
[2018.10.22-15.01.30:500][685]LogPlayLevel: PIE: StaticDuplicateObject took: (0.002223s)
[2018.10.22-15.01.30:500][685]LogAIModule: Creating AISystem for world Testi
[2018.10.22-15.01.30:501][685]LogPlayLevel: PIE: World Init took: (0.001104s)
[2018.10.22-15.01.30:501][685]LogPlayLevel: PIE: Created PIE world by copying editor world from /Game/Testi.Testi to /Game/UEDPIE_0_Testi.Testi (0.003786s)
[2018.10.22-15.01.30:526][685]LogInit: XAudio2 using 'Speakers (Logitech G35 Headset)' : 2 channels at 44.1 kHz using 16 bits per sample (channel mask 0x3)
[2018.10.22-15.01.30:537][685]LogInit: FAudioDevice initialized.
[2018.10.22-15.01.30:578][685]LogLoad: Game class is 'BP_MyYoutubeGameMode_C'
[2018.10.22-15.01.30:579][685]LogWorld: Bringing World /Game/UEDPIE_0_Testi.Testi up for play (max tick rate 0) at 2018.10.22-18.01.30
[2018.10.22-15.01.30:580][685]LogWorld: Bringing up level for play took: 0.000897
[2018.10.22-15.01.30:594][685]PIE: Play in editor start time for /Game/UEDPIE_0_Testi −0,575
[2018.10.22-15.01.33:847][ 71]LogSlate: Updating window title bar state: overlay mode, drag disabled, window buttons hidden, title bar hidden
[2018.10.22-15.01.33:884][ 71]LogPlayLevel: Display: Shutting down PIE online subsystems
[2018.10.22-15.01.33:908][ 71]LogSlate: Updating window title bar state: overlay mode, drag disabled, window buttons hidden, title bar hidden
[2018.10.22-15.01.33:965][ 75]LogPlayLevel: Display: Destroying online subsystem :Context_12
[2018.10.22-15.01.36:109][330]LogEditorViewport: Clicking on Actor (LMB): BP_MyPawn_C (BP_MyPawn)
[2018.10.22-15.01.40:254][720]LogEditorViewport: Clicking on Actor (LMB): BP_MyPawn_C (BP_MyPawn)
[2018.10.22-15.01.40:357][727]LogEditorViewport: Clicking on Component (LMB): CameraComponent (Camera)
[2018.10.22-15.01.45:876][249]LogEditorViewport: Clicking on Component (LMB): CameraComponent (Camera)
[2018.10.22-15.01.46:630][320]LogSlate: FSceneViewport::OnFocusLost() reason 0
[2018.10.22-15.01.47:587][411]LogTemp: Repeating last play command: Selected Viewport
[2018.10.22-15.01.47:601][411]LogPlayLevel: PlayLevel: No blueprints needed recompiling
[2018.10.22-15.01.47:602][411]PIE: New page: PIE session: Testi (22.10.2018 21.01.47)
[2018.10.22-15.01.47:602][411]LogPlayLevel: Creating play world package: /Game/UEDPIE_0_Testi
[2018.10.22-15.01.47:604][411]LogPlayLevel: PIE: StaticDuplicateObject took: (0.002132s)
[2018.10.22-15.01.47:605][411]LogAIModule: Creating AISystem for world Testi
[2018.10.22-15.01.47:605][411]LogPlayLevel: PIE: World Init took: (0.001009s)
[2018.10.22-15.01.47:605][411]LogPlayLevel: PIE: Created PIE world by copying editor world from /Game/Testi.Testi to /Game/UEDPIE_0_Testi.Testi (0.003458s)
[2018.10.22-15.01.47:674][411]LogInit: XAudio2 using 'Speakers (Logitech G35 Headset)' : 2 channels at 44.1 kHz using 16 bits per sample (channel mask 0x3)
[2018.10.22-15.01.47:688][411]LogInit: FAudioDevice initialized.
[2018.10.22-15.01.47:726][411]LogLoad: Game class is 'BP_MyYoutubeGameMode_C'
[2018.10.22-15.01.47:727][411]LogWorld: Bringing World /Game/UEDPIE_0_Testi.Testi up for play (max tick rate 0) at 2018.10.22-18.01.47
[2018.10.22-15.01.47:728][411]LogWorld: Bringing up level for play took: 0.001549
[2018.10.22-15.01.47:744][411]PIE: Play in editor start time for /Game/UEDPIE_0_Testi 0,575
[2018.10.22-15.01.56:675][476]LogSlate: Updating window title bar state: overlay mode, drag disabled, window buttons hidden, title bar hidden
[2018.10.22-15.01.56:715][476]LogPlayLevel: Display: Shutting down PIE online subsystems
[2018.10.22-15.01.56:738][476]LogSlate: Updating window title bar state: overlay mode, drag disabled, window buttons hidden, title bar hidden
[2018.10.22-15.01.56:780][478]LogPlayLevel: Display: Destroying online subsystem :Context_13
[2018.10.22-15.01.59:777][835]LogSlate: FSceneViewport::OnFocusLost() reason 0
[2018.10.22-15.03.39:855][565]Cmd: OBJ SAVEPACKAGE PACKAGE="/Game/Testi" FILE="../../../../../../Users/Mika/Documents/Unreal Projects/Youtube/Content/Testi.umap" SILENT=true AUTOSAVING=false KEEPDIRTY=false
[2018.10.22-15.03.39:915][565]LogSavePackage: Moving '../../../../../../Users/Mika/Documents/Unreal Projects/Youtube/Saved/Testi2B5F70A04E0AF348425662AF71D021BB.tmp' to '../../../../../../Users/Mika/Documents/Unreal Projects/Youtube/Content/Testi.umap'
[2018.10.22-15.03.39:942][565]Cmd: OBJ SAVEPACKAGE PACKAGE="/Game/Testi_BuiltData" FILE="../../../../../../Users/Mika/Documents/Unreal Projects/Youtube/Content/Testi_BuiltData.uasset" SILENT=true
[2018.10.22-15.03.40:021][565]LogSavePackage: Moving '../../../../../../Users/Mika/Documents/Unreal Projects/Youtube/Saved/Testi_BuiltDataC41F0494455889E34FF4759BB1FE03BB.tmp' to '../../../../../../Users/Mika/Documents/Unreal Projects/Youtube/Content/Testi_BuiltData.uasset'
[2018.10.22-15.03.46:950][346]LogSlate: Window 'Youtube - Unreal Editor' being destroyed
[2018.10.22-15.03.47:149][347]Cmd: QUIT_EDITOR
[2018.10.22-15.03.47:170][347]LogWindowsTextInputMethodSystem: Display: IME system now deactivated.
[2018.10.22-15.03.47:182][347]LogExit: Preparing to exit.
[2018.10.22-15.03.47:952][347]LogExit: Editor shut down
[2018.10.22-15.03.47:953][347]LogExit: Transaction tracking system shut down
[2018.10.22-15.03.48:230][347]LogExit: Object subsystem successfully closed.
[2018.10.22-15.03.48:265][347]LogShaderCompilers: Display: Shaders left to compile 0
[2018.10.22-15.03.48:269][347]LogD3D11RHI: Shutdown
[2018.10.22-15.03.48:269][347]LogD3D11RHI: CleanupD3DDevice
[2018.10.22-15.03.48:271][347]LogD3D11RHI: ~FD3D11DynamicRHI
[2018.10.22-15.03.48:285][347]LogModuleManager: Shutting down and abandoning module MovieSceneCapture (618)
[2018.10.22-15.03.48:285][347]LogModuleManager: Shutting down and abandoning module Voice (616)
[2018.10.22-15.03.48:285][347]LogModuleManager: Shutting down and abandoning module HierarchicalLODOutliner (614)
[2018.10.22-15.03.48:285][347]LogModuleManager: Shutting down and abandoning module SceneOutliner (612)
[2018.10.22-15.03.48:285][347]LogModuleManager: Shutting down and abandoning module AddContentDialog (610)
[2018.10.22-15.03.48:286][347]LogModuleManager: Shutting down and abandoning module WidgetCarousel (609)
[2018.10.22-15.03.48:286][347]LogModuleManager: Shutting down and abandoning module EditorWidgets (606)
[2018.10.22-15.03.48:286][347]LogModuleManager: Shutting down and abandoning module CollectionManager (604)
[2018.10.22-15.03.48:287][347]LogModuleManager: Shutting down and abandoning module HierarchicalLODUtilities (602)
[2018.10.22-15.03.48:287][347]LogModuleManager: Shutting down and abandoning module StatsViewer (600)
[2018.10.22-15.03.48:287][347]LogModuleManager: Shutting down and abandoning module FoliageEdit (598)
[2018.10.22-15.03.48:287][347]LogModuleManager: Shutting down and abandoning module LandscapeEditor (596)
[2018.10.22-15.03.48:287][347]LogModuleManager: Shutting down and abandoning module MeshPaintMode (594)
[2018.10.22-15.03.48:288][347]LogModuleManager: Shutting down and abandoning module SceneDepthPickerMode (592)
[2018.10.22-15.03.48:288][347]LogModuleManager: Shutting down and abandoning module ActorPickerMode (590)
[2018.10.22-15.03.48:288][347]LogModuleManager: Shutting down and abandoning module GeometryMode (588)
[2018.10.22-15.03.48:288][347]LogModuleManager: Shutting down and abandoning module TextureAlignMode (586)
[2018.10.22-15.03.48:288][347]LogModuleManager: Shutting down and abandoning module BspMode (584)
[2018.10.22-15.03.48:288][347]LogModuleManager: Shutting down and abandoning module PIEPreviewDeviceProfileSelector (582)
[2018.10.22-15.03.48:288][347]LogModuleManager: Shutting down and abandoning module SequenceRecorderSections (580)
[2018.10.22-15.03.48:288][347]LogModuleManager: Shutting down and abandoning module AutomationWorker (578)
[2018.10.22-15.03.48:288][347]LogModuleManager: Shutting down and abandoning module AudioCaptureEditor (576)
[2018.10.22-15.03.48:289][347]LogModuleManager: Shutting down and abandoning module SequenceRecorder (575)
[2018.10.22-15.03.48:289][347]LogModuleManager: Shutting down and abandoning module MatineeToLevelSequence (572)
[2018.10.22-15.03.48:289][347]LogModuleManager: Shutting down and abandoning module LevelSequenceEditor (570)
[2018.10.22-15.03.48:289][347]LogModuleManager: Shutting down and abandoning module PlacementMode (569)
[2018.10.22-15.03.48:289][347]LogModuleManager: Shutting down and abandoning module MaterialEditor (568)
[2018.10.22-15.03.48:289][347]LogModuleManager: Shutting down and abandoning module WmfMediaFactory (564)
[2018.10.22-15.03.48:290][347]LogModuleManager: Shutting down and abandoning module WmfMediaEditor (562)
[2018.10.22-15.03.48:290][347]LogModuleManager: Shutting down and abandoning module MediaPlayerEditor (560)
[2018.10.22-15.03.48:291][347]LogModuleManager: Shutting down and abandoning module OpenExrWrapper (558)
[2018.10.22-15.03.48:292][347]LogModuleManager: Shutting down and abandoning module ImgMediaFactory (556)
[2018.10.22-15.03.48:292][347]LogModuleManager: Shutting down and abandoning module ImgMediaEditor (554)
[2018.10.22-15.03.48:292][347]LogModuleManager: Shutting down and abandoning module AvfMediaFactory (552)
[2018.10.22-15.03.48:292][347]LogModuleManager: Shutting down and abandoning module AvfMediaEditor (550)
[2018.10.22-15.03.48:292][347]LogModuleManager: Shutting down and abandoning module AndroidMediaFactory (548)
[2018.10.22-15.03.48:293][347]LogModuleManager: Shutting down and abandoning module AndroidMediaEditor (546)
[2018.10.22-15.03.48:293][347]LogModuleManager: Shutting down and abandoning module MagicLeapCameraPreviewFactory (544)
[2018.10.22-15.03.48:293][347]LogModuleManager: Shutting down and abandoning module MagicLeapMediaFactory (542)
[2018.10.22-15.03.48:293][347]LogModuleManager: Shutting down and abandoning module MagicLeapMediaEditor (540)
[2018.10.22-15.03.48:293][347]LogModuleManager: Shutting down and abandoning module CharacterAI (538)
[2018.10.22-15.03.48:293][347]LogModuleManager: Shutting down and abandoning module SmartSnapping (536)
[2018.10.22-15.03.48:293][347]LogModuleManager: Shutting down and abandoning module SessionServices (534)
[2018.10.22-15.03.48:293][347]LogModuleManager: Shutting down and abandoning module ViewportSnapping (532)
[2018.10.22-15.03.48:293][347]LogModuleManager: Shutting down and abandoning module ViewportInteraction (530)
[2018.10.22-15.03.48:294][347]LogModuleManager: Shutting down and abandoning module ClothPainter (528)
[2018.10.22-15.03.48:294][347]LogModuleManager: Shutting down and abandoning module SkeletalMeshEditor (527)
[2018.10.22-15.03.48:294][347]LogModuleManager: Shutting down and abandoning module LogVisualizer (524)
[2018.10.22-15.03.48:294][347]LogModuleManager: Shutting down and abandoning module IntroTutorials (522)
[2018.10.22-15.03.48:294][347]LogModuleManager: Shutting down and abandoning module GameProjectGeneration (521)
[2018.10.22-15.03.48:294][347]LogModuleManager: Shutting down and abandoning module LuminPlatformEditor (518)
[2018.10.22-15.03.48:294][347]LogModuleManager: Shutting down and abandoning module IOSPlatformEditor (516)
[2018.10.22-15.03.48:295][347]LogModuleManager: Shutting down and abandoning module HTML5PlatformEditor (514)
[2018.10.22-15.03.48:295][347]LogModuleManager: Shutting down and abandoning module AndroidPlatformEditor (512)
[2018.10.22-15.03.48:295][347]LogModuleManager: Shutting down and abandoning module AndroidDeviceDetection (511)
[2018.10.22-15.03.49:070][347]LogModuleManager: Shutting down and abandoning module WindowsPlatformEditor (508)
[2018.10.22-15.03.49:071][347]LogModuleManager: Shutting down and abandoning module LuminRuntimeSettings (506)
[2018.10.22-15.03.49:071][347]LogModuleManager: Shutting down and abandoning module IOSRuntimeSettings (504)
[2018.10.22-15.03.49:071][347]LogModuleManager: Shutting down and abandoning module AndroidRuntimeSettings (502)
[2018.10.22-15.03.49:071][347]LogModuleManager: Shutting down and abandoning module InputBindingEditor (500)
[2018.10.22-15.03.49:071][347]LogModuleManager: Shutting down and abandoning module MergeActors (498)
[2018.10.22-15.03.49:071][347]LogModuleManager: Shutting down and abandoning module LocalizationDashboard (496)
[2018.10.22-15.03.49:071][347]LogModuleManager: Shutting down and abandoning module LocalizationService (495)
[2018.10.22-15.03.49:072][347]LogModuleManager: Shutting down and abandoning module HardwareTargeting (492)
[2018.10.22-15.03.49:072][347]LogModuleManager: Shutting down and abandoning module DeviceProfileEditor (490)
[2018.10.22-15.03.49:072][347]LogModuleManager: Shutting down and abandoning module UndoHistory (488)
[2018.10.22-15.03.49:072][347]LogModuleManager: Shutting down and abandoning module XmlParser (486)
[2018.10.22-15.03.49:072][347]LogModuleManager: Shutting down and abandoning module Blutility (484)
[2018.10.22-15.03.49:072][347]LogModuleManager: Shutting down and abandoning module ProjectSettingsViewer (482)
[2018.10.22-15.03.49:072][347]LogModuleManager: Shutting down and abandoning module ProjectTargetPlatformEditor (481)
[2018.10.22-15.03.49:075][347]LogModuleManager: Shutting down and abandoning module EditorSettingsViewer (478)
[2018.10.22-15.03.49:076][347]LogModuleManager: Shutting down and abandoning module SettingsEditor (476)
[2018.10.22-15.03.49:076][347]LogModuleManager: Shutting down and abandoning module ProjectLauncher (474)
[2018.10.22-15.03.49:076][347]LogModuleManager: Shutting down and abandoning module SessionFrontend (472)
[2018.10.22-15.03.49:076][347]LogModuleManager: Shutting down and abandoning module ProfilerClient (470)
[2018.10.22-15.03.49:076][347]LogModuleManager: Shutting down and abandoning module DeviceManager (468)
[2018.10.22-15.03.49:076][347]LogModuleManager: Shutting down and abandoning module TargetDeviceServices (467)
[2018.10.22-15.03.49:132][347]LogModuleManager: Shutting down and abandoning module AutomationController (464)
[2018.10.22-15.03.49:132][347]LogModuleManager: Shutting down and abandoning module AutomationWindow (462)
[2018.10.22-15.03.49:132][347]LogModuleManager: Shutting down and abandoning module Layers (460)
[2018.10.22-15.03.49:132][347]LogModuleManager: Shutting down and abandoning module ComponentVisualizers (458)
[2018.10.22-15.03.49:132][347]LogModuleManager: Shutting down and abandoning module DetailCustomizations (456)
[2018.10.22-15.03.49:132][347]LogModuleManager: Shutting down and abandoning module PackagesDialog (454)
[2018.10.22-15.03.49:133][347]LogModuleManager: Shutting down and abandoning module Persona (452)
[2018.10.22-15.03.49:133][347]LogModuleManager: Shutting down and abandoning module AdvancedPreviewScene (451)
[2018.10.22-15.03.49:133][347]LogModuleManager: Shutting down and abandoning module AnimGraph (449)
[2018.10.22-15.03.49:133][347]LogModuleManager: Shutting down and abandoning module Kismet (446)
[2018.10.22-15.03.49:134][347]LogModuleManager: Shutting down and abandoning module GraphEditor (444)
[2018.10.22-15.03.49:134][347]LogModuleManager: Shutting down and abandoning module ClassViewer (442)
[2018.10.22-15.03.49:134][347]LogModuleManager: Shutting down and abandoning module Toolbox (440)
[2018.10.22-15.03.49:134][347]LogModuleManager: Shutting down and abandoning module DesktopPlatform (439)
[2018.10.22-15.03.49:134][347]LogModuleManager: Shutting down and abandoning module ModuleUI (436)
[2018.10.22-15.03.49:134][347]LogModuleManager: Shutting down and abandoning module MovieSceneTools (434)
[2018.10.22-15.03.49:134][347]LogModuleManager: Shutting down and abandoning module OutputLog (432)
[2018.10.22-15.03.49:134][347]LogModuleManager: Shutting down and abandoning module GammaUI (430)
[2018.10.22-15.03.49:135][347]LogModuleManager: Shutting down and abandoning module Documentation (428)
[2018.10.22-15.03.49:135][347]LogModuleManager: Shutting down and abandoning module MovieSceneTracks (426)
[2018.10.22-15.03.49:135][347]LogModuleManager: Shutting down and abandoning module MovieScene (424)
[2018.10.22-15.03.49:135][347]LogModuleManager: Shutting down and abandoning module StreamingPauseRendering (422)
[2018.10.22-15.03.49:135][347]LogModuleManager: Shutting down and abandoning module LauncherPlatform (420)
[2018.10.22-15.03.49:135][347]LogModuleManager: Shutting down and abandoning module AnalyticsET (418)
[2018.10.22-15.03.49:135][347]LogModuleManager: Shutting down and abandoning module PortalServices (416)
[2018.10.22-15.03.49:135][347]LogModuleManager: Shutting down and abandoning module PortalRpc (414)
[2018.10.22-15.03.49:135][347]LogModuleManager: Shutting down and abandoning module MessagingRpc (412)
[2018.10.22-15.03.49:135][347]LogModuleManager: Shutting down and abandoning module AIModule (410)
[2018.10.22-15.03.49:135][347]LogModuleManager: Shutting down and abandoning module GameplayDebugger (409)
[2018.10.22-15.03.49:135][347]LogModuleManager: Shutting down and abandoning module AITestSuite (407)
[2018.10.22-15.03.49:136][347]LogModuleManager: Shutting down and abandoning module NavigationSystem (405)
[2018.10.22-15.03.49:136][347]LogModuleManager: Shutting down and abandoning module ProfilerService (402)
[2018.10.22-15.03.49:305][347]LogModuleManager: Shutting down and abandoning module TaskGraph (400)
[2018.10.22-15.03.49:306][347]LogModuleManager: Shutting down and abandoning module SteamVRController (398)
[2018.10.22-15.03.49:306][347]LogModuleManager: Shutting down and abandoning module ProceduralMeshComponentEditor (396)
[2018.10.22-15.03.49:306][347]LogModuleManager: Shutting down and abandoning module ProceduralMeshComponent (394)
[2018.10.22-15.03.49:308][347]LogModuleManager: Shutting down and abandoning module OculusInput (392)
[2018.10.22-15.03.49:308][347]LogModuleManager: Shutting down and abandoning module MobilePatchingUtils (390)
[2018.10.22-15.03.49:308][347]LogModuleManager: Shutting down and abandoning module EditableMesh (388)
[2018.10.22-15.03.49:309][347]LogModuleManager: Shutting down and abandoning module CustomMeshComponent (386)
[2018.10.22-15.03.49:309][347]LogModuleManager: Shutting down and abandoning module CableComponent (384)
[2018.10.22-15.03.49:309][347]LogModuleManager: Shutting down and abandoning module AudioCapture (382)
[2018.10.22-15.03.49:309][347]LogModuleManager: Shutting down and abandoning module ArchVisCharacter (380)
[2018.10.22-15.03.49:309][347]LogModuleManager: Shutting down and abandoning module AndroidPermission (378)
[2018.10.22-15.03.49:309][347]LogModuleManager: Shutting down and abandoning module NUTUnrealEngine4 (376)
[2018.10.22-15.03.49:309][347]LogModuleManager: Shutting down and abandoning module NetcodeUnitTest (374)
[2018.10.22-15.03.49:310][347]LogModuleManager: Shutting down and abandoning module MediaCompositingEditor (372)
[2018.10.22-15.03.49:311][347]LogModuleManager: Shutting down and abandoning module MediaCompositing (370)
[2018.10.22-15.03.49:311][347]LogModuleManager: Shutting down and abandoning module LinearTimecode (368)
[2018.10.22-15.03.49:311][347]LogModuleManager: Shutting down and abandoning module ImgMedia (366)
[2018.10.22-15.03.49:320][347]LogModuleManager: Shutting down and abandoning module HTML5Networking (364)
[2018.10.22-15.03.49:321][347]LogModuleManager: Shutting down and abandoning module GeometryCacheTracks (362)
[2018.10.22-15.03.49:321][347]LogModuleManager: Shutting down and abandoning module GeometryCacheSequencer (360)
[2018.10.22-15.03.49:321][347]LogModuleManager: Shutting down and abandoning module BackChannel (358)
[2018.10.22-15.03.49:321][347]LogModuleManager: Shutting down and abandoning module AppleVision (356)
[2018.10.22-15.03.49:321][347]LogModuleManager: Shutting down and abandoning module AppleImageUtils (354)
[2018.10.22-15.03.49:321][347]LogModuleManager: Shutting down and abandoning module AlembicImporter (352)
[2018.10.22-15.03.49:321][347]LogModuleManager: Shutting down and abandoning module AlembicLibrary (351)
[2018.10.22-15.03.49:321][347]LogModuleManager: Shutting down and abandoning module GeometryCache (350)
[2018.10.22-15.03.49:321][347]LogModuleManager: Shutting down and abandoning module GeometryCacheEd (349)
[2018.10.22-15.03.49:321][347]LogModuleManager: Shutting down and abandoning module DatasmithContentEditor (344)
[2018.10.22-15.03.49:321][347]LogModuleManager: Shutting down and abandoning module DatasmithContent (342)
[2018.10.22-15.03.49:322][347]LogModuleManager: Shutting down and abandoning module SpeedTreeImporter (340)
[2018.10.22-15.03.49:322][347]LogModuleManager: Shutting down and abandoning module PluginBrowser (338)
[2018.10.22-15.03.49:324][347]LogModuleManager: Shutting down and abandoning module MobileLauncherProfileWizard (336)
[2018.10.22-15.03.49:324][347]LogModuleManager: Shutting down and abandoning module PolygonModeling (334)
[2018.10.22-15.03.49:324][347]LogModuleManager: Shutting down and abandoning module MeshEditor (332)
[2018.10.22-15.03.49:325][347]LogModuleManager: Shutting down and abandoning module CryptoKeysOpenSSL (330)
[2018.10.22-15.03.49:325][347]LogModuleManager: Shutting down and abandoning module CryptoKeys (328)
[2018.10.22-15.03.49:325][347]LogModuleManager: Shutting down and abandoning module VisualStudioSourceCodeAccess (326)
[2018.10.22-15.03.49:325][347]LogModuleManager: Shutting down and abandoning module VisualStudioCodeSourceCodeAccess (324)
[2018.10.22-15.03.49:325][347]LogModuleManager: Shutting down and abandoning module UObjectPlugin (322)
[2018.10.22-15.03.49:325][347]LogModuleManager: Shutting down and abandoning module SubversionSourceControl (320)
[2018.10.22-15.03.49:326][347]LogModuleManager: Shutting down and abandoning module PerforceSourceControl (318)
[2018.10.22-15.03.49:326][347]LogModuleManager: Shutting down and abandoning module GitSourceControl (316)
[2018.10.22-15.03.49:326][347]LogModuleManager: Shutting down and abandoning module SourceControl (315)
[2018.10.22-15.03.49:326][347]LogModuleManager: Shutting down and abandoning module CLionSourceCodeAccess (312)
[2018.10.22-15.03.49:326][347]LogModuleManager: Shutting down and abandoning module LightPropagationVolumeEditor (310)
[2018.10.22-15.03.49:326][347]LogModuleManager: Shutting down and abandoning module PaperTiledImporter (308)
[2018.10.22-15.03.49:326][347]LogModuleManager: Shutting down and abandoning module PaperSpriteSheetImporter (306)
[2018.10.22-15.03.49:326][347]LogModuleManager: Shutting down and abandoning module Paper2DEditor (304)
[2018.10.22-15.03.49:326][347]LogModuleManager: Shutting down and abandoning module MeshPaint (303)
[2018.10.22-15.03.49:327][347]LogModuleManager: Shutting down and abandoning module Youtube (300)
[2018.10.22-15.03.49:327][347]LogModuleManager: Shutting down and abandoning module RuntimePhysXCooking (298)
[2018.10.22-15.03.49:327][347]LogModuleManager: Shutting down and abandoning module PhysXVehiclesEditor (296)
[2018.10.22-15.03.49:327][347]LogModuleManager: Shutting down and abandoning module PhysXVehicles (294)
[2018.10.22-15.03.49:327][347]LogModuleManager: Shutting down and abandoning module OculusEditor (292)
[2018.10.22-15.03.49:327][347]LogModuleManager: Shutting down and abandoning module LocationServicesBPLibrary (290)
[2018.10.22-15.03.49:327][347]LogModuleManager: Shutting down and abandoning module ImmediatePhysicsEditor (288)
[2018.10.22-15.03.49:327][347]LogModuleManager: Shutting down and abandoning module ImmediatePhysics (286)
[2018.10.22-15.03.49:327][347]LogModuleManager: Shutting down and abandoning module ActorSequence (284)
[2018.10.22-15.03.49:328][347]LogModuleManager: Shutting down and abandoning module UdpMessaging (282)
[2018.10.22-15.03.49:429][347]LogModuleManager: Shutting down and abandoning module TcpMessaging (280)
[2018.10.22-15.03.49:530][347]LogModuleManager: Shutting down and abandoning module MagicLeapAudio (278)
[2018.10.22-15.03.49:530][347]LogModuleManager: Shutting down and abandoning module GameplayTagsEditor (276)
[2018.10.22-15.03.49:530][347]LogModuleManager: Shutting down and abandoning module FacialAnimationEditor (274)
[2018.10.22-15.03.49:530][347]LogModuleManager: Shutting down and abandoning module FacialAnimation (272)
[2018.10.22-15.03.49:530][347]LogModuleManager: Shutting down and abandoning module DataValidation (270)
[2018.10.22-15.03.49:531][347]LogModuleManager: Shutting down and abandoning module AssetManagerEditor (268)
[2018.10.22-15.03.49:531][347]LogModuleManager: Shutting down and abandoning module LevelEditor (267)
[2018.10.22-15.03.49:532][347]LogModuleManager: Shutting down and abandoning module PixelInspectorModule (266)
[2018.10.22-15.03.49:532][347]LogModuleManager: Shutting down and abandoning module CommonMenuExtensions (264)
[2018.10.22-15.03.49:533][347]LogModuleManager: Shutting down and abandoning module MainFrame (262)
[2018.10.22-15.03.49:533][347]LogModuleManager: Shutting down and abandoning module HotReload (261)
[2018.10.22-15.03.49:534][347]LogModuleManager: Shutting down and abandoning module ContentBrowser (257)
[2018.10.22-15.03.49:535][347]LogModuleManager: Shutting down and abandoning module TreeMap (255)
[2018.10.22-15.03.49:535][347]LogModuleManager: Shutting down and abandoning module LightPropagationVolumeRuntime (252)
[2018.10.22-15.03.49:535][347]LogModuleManager: Shutting down and abandoning module AISupportModule (250)
[2018.10.22-15.03.49:535][347]LogModuleManager: Shutting down and abandoning module Paper2D (248)
[2018.10.22-15.03.49:535][347]LogModuleManager: Shutting down and abandoning module WindowsMoviePlayer (246)
[2018.10.22-15.03.49:535][347]LogModuleManager: Shutting down and abandoning module WmfMedia (244)
[2018.10.22-15.03.49:538][347]LogModuleManager: Shutting down and abandoning module Media (243)
[2018.10.22-15.03.49:545][347]LogModuleManager: Shutting down and abandoning module PacketHandler (240)
[2018.10.22-15.03.49:545][347]LogModuleManager: Shutting down and abandoning module ClothingSystemEditor (238)
[2018.10.22-15.03.49:545][347]LogModuleManager: Shutting down and abandoning module ClothingSystemRuntime (236)
[2018.10.22-15.03.49:545][347]LogModuleManager: Shutting down and abandoning module MediaAssets (234)
[2018.10.22-15.03.49:545][347]LogModuleManager: Shutting down and abandoning module Overlay (232)
[2018.10.22-15.03.49:545][347]LogModuleManager: Shutting down and abandoning module OverlayEditor (231)
[2018.10.22-15.03.49:546][347]LogModuleManager: Shutting down and abandoning module VREditor (228)
[2018.10.22-15.03.49:546][347]LogModuleManager: Shutting down and abandoning module StringTableEditor (226)
[2018.10.22-15.03.49:546][347]LogModuleManager: Shutting down and abandoning module GameplayTasksEditor (224)
[2018.10.22-15.03.49:546][347]LogModuleManager: Shutting down and abandoning module BehaviorTreeEditor (222)
[2018.10.22-15.03.49:546][347]LogModuleManager: Shutting down and abandoning module FunctionalTesting (220)
[2018.10.22-15.03.49:546][347]LogModuleManager: Shutting down and abandoning module CollisionAnalyzer (218)
[2018.10.22-15.03.49:546][347]LogModuleManager: Shutting down and abandoning module WorkspaceMenuStructure (217)
[2018.10.22-15.03.49:546][347]LogModuleManager: Shutting down and abandoning module UMG (214)
[2018.10.22-15.03.49:546][347]LogModuleManager: Shutting down and abandoning module UMGEditor (213)
[2018.10.22-15.03.49:546][347]LogModuleManager: Shutting down and abandoning module Sequencer (212)
[2018.10.22-15.03.49:547][347]LogModuleManager: Shutting down and abandoning module MessageLog (209)
[2018.10.22-15.03.49:547][347]LogModuleManager: Shutting down and abandoning module SlateReflector (204)
[2018.10.22-15.03.49:547][347]LogModuleManager: Shutting down and abandoning module Slate (202)
[2018.10.22-15.03.49:547][347]LogModuleManager: Shutting down and abandoning module EditorStyle (200)
[2018.10.22-15.03.49:549][347]LogModuleManager: Shutting down and abandoning module MRMesh (198)
[2018.10.22-15.03.49:549][347]LogModuleManager: Shutting down and abandoning module SourceCodeAccess (196)
[2018.10.22-15.03.49:549][347]LogModuleManager: Shutting down and abandoning module HeadMountedDisplay (194)
[2018.10.22-15.03.49:549][347]LogModuleManager: Shutting down and abandoning module XAudio2 (192)
[2018.10.22-15.03.49:549][347]LogModuleManager: Shutting down and abandoning module Networking (190)
[2018.10.22-15.03.49:549][347]LogModuleManager: Shutting down and abandoning module Core (188)
[2018.10.22-15.03.49:549][347]LogModuleManager: Shutting down and abandoning module LevelSequence (186)
[2018.10.22-15.03.49:549][347]LogModuleManager: Shutting down and abandoning module KismetCompiler (184)
[2018.10.22-15.03.49:549][347]LogModuleManager: Shutting down and abandoning module MeshUtilities (182)
[2018.10.22-15.03.49:549][347]LogModuleManager: Shutting down and abandoning module MeshMergeUtilities (181)
[2018.10.22-15.03.49:550][347]LogModuleManager: Shutting down and abandoning module MeshReductionInterface (180)
[2018.10.22-15.03.49:550][347]LogModuleManager: Shutting down and abandoning module SimplygonSwarm (179)
[2018.10.22-15.03.49:550][347]LogModuleManager: Shutting down and abandoning module ProxyLODMeshReduction (177)
[2018.10.22-15.03.49:550][347]LogModuleManager: Shutting down and abandoning module SimplygonMeshReduction (175)
[2018.10.22-15.03.49:550][347]LogModuleManager: Shutting down and abandoning module QuadricMeshReduction (173)
[2018.10.22-15.03.49:550][347]LogModuleManager: Shutting down and abandoning module MaterialBaking (169)
[2018.10.22-15.03.49:550][347]LogModuleManager: Shutting down and abandoning module DirectoryWatcher (165)
[2018.10.22-15.03.49:550][347]LogModuleManager: Shutting down and abandoning module DerivedDataCache (162)
[2018.10.22-15.03.49:603][347]LogDerivedDataCache: Shutdown
[2018.10.22-15.03.49:603][347]LogModuleManager: Shutting down and abandoning module XGEController (160)
[2018.10.22-15.03.49:603][347]LogXGEController: Cleaning working directory: C:/Users/Mika/AppData/Local/Temp/UnrealXGEWorkingDir/
[2018.10.22-15.03.49:604][347]LogModuleManager: Shutting down and abandoning module TargetPlatform (158)
[2018.10.22-15.03.49:604][347]LogModuleManager: Shutting down and abandoning module VulkanShaderFormat (157)
[2018.10.22-15.03.49:604][347]LogModuleManager: Shutting down and abandoning module ShaderFormatVectorVM (155)
[2018.10.22-15.03.49:605][347]LogModuleManager: Shutting down and abandoning module ShaderFormatOpenGL (153)
[2018.10.22-15.03.49:610][347]LogModuleManager: Shutting down and abandoning module ShaderFormatD3D (151)
[2018.10.22-15.03.49:610][347]LogModuleManager: Shutting down and abandoning module MetalShaderFormat (149)
[2018.10.22-15.03.49:610][347]LogModuleManager: Shutting down and abandoning module TextureFormatUncompressed (147)
[2018.10.22-15.03.49:610][347]LogModuleManager: Shutting down and abandoning module TextureFormatPVR (145)
[2018.10.22-15.03.49:610][347]LogModuleManager: Shutting down and abandoning module TextureFormatDXT (143)
[2018.10.22-15.03.49:610][347]LogModuleManager: Shutting down and abandoning module TextureFormatIntelISPCTexComp (141)
[2018.10.22-15.03.49:613][347]LogModuleManager: Shutting down and abandoning module TextureFormatASTC (139)
[2018.10.22-15.03.49:614][347]LogModuleManager: Shutting down and abandoning module ImageWrapper (138)
[2018.10.22-15.03.49:614][347]LogModuleManager: Shutting down and abandoning module TextureFormatAndroid (135)
[2018.10.22-15.03.49:614][347]LogModuleManager: Shutting down and abandoning module AudioFormatOpus (133)
[2018.10.22-15.03.49:614][347]LogModuleManager: Shutting down and abandoning module AudioFormatOgg (131)
[2018.10.22-15.03.49:615][347]LogModuleManager: Shutting down and abandoning module AudioFormatADPCM (129)
[2018.10.22-15.03.49:615][347]LogModuleManager: Shutting down and abandoning module LuminTargetPlatform (127)
[2018.10.22-15.03.49:615][347]LogModuleManager: Shutting down and abandoning module LinuxTargetPlatform (125)
[2018.10.22-15.03.49:616][347]LogModuleManager: Shutting down and abandoning module LinuxServerTargetPlatform (123)
[2018.10.22-15.03.49:616][347]LogModuleManager: Shutting down and abandoning module LinuxNoEditorTargetPlatform (121)
[2018.10.22-15.03.49:616][347]LogModuleManager: Shutting down and abandoning module LinuxClientTargetPlatform (119)
[2018.10.22-15.03.49:616][347]LogModuleManager: Shutting down and abandoning module TVOSTargetPlatform (117)
[2018.10.22-15.03.49:617][347]LogModuleManager: Shutting down and abandoning module Messaging (115)
[2018.10.22-15.03.49:617][347]LogModuleManager: Shutting down and abandoning module IOSTargetPlatform (113)
[2018.10.22-15.03.49:618][347]LogModuleManager: Shutting down and abandoning module HTML5TargetPlatform (111)
[2018.10.22-15.03.49:619][347]LogModuleManager: Shutting down and abandoning module AndroidTargetPlatform (109)
[2018.10.22-15.03.49:629][347]LogModuleManager: Shutting down and abandoning module WindowsTargetPlatform (107)
[2018.10.22-15.03.49:629][347]LogModuleManager: Shutting down and abandoning module WindowsServerTargetPlatform (105)
[2018.10.22-15.03.49:629][347]LogModuleManager: Shutting down and abandoning module WindowsNoEditorTargetPlatform (103)
[2018.10.22-15.03.49:629][347]LogModuleManager: Shutting down and abandoning module WindowsClientTargetPlatform (101)
[2018.10.22-15.03.49:629][347]LogModuleManager: Shutting down and abandoning module MacTargetPlatform (99)
[2018.10.22-15.03.49:629][347]LogModuleManager: Shutting down and abandoning module MacServerTargetPlatform (97)
[2018.10.22-15.03.49:629][347]LogModuleManager: Shutting down and abandoning module MacNoEditorTargetPlatform (95)
[2018.10.22-15.03.49:629][347]LogModuleManager: Shutting down and abandoning module MacClientTargetPlatform (93)
[2018.10.22-15.03.49:629][347]LogModuleManager: Shutting down and abandoning module AllDesktopTargetPlatform (91)
[2018.10.22-15.03.49:629][347]LogModuleManager: Shutting down and abandoning module InputCore (88)
[2018.10.22-15.03.49:629][347]LogModuleManager: Shutting down and abandoning module Settings (86)
[2018.10.22-15.03.49:629][347]LogModuleManager: Shutting down and abandoning module PhysXCooking (84)
[2018.10.22-15.03.49:629][347]LogModuleManager: Shutting down and abandoning module SteamVR (82)
[2018.10.22-15.03.49:630][347]LogModuleManager: Shutting down and abandoning module OculusHMD (80)
[2018.10.22-15.03.49:630][347]LogModuleManager: Shutting down and abandoning module ExampleDeviceProfileSelector (78)
[2018.10.22-15.03.49:630][347]LogModuleManager: Shutting down and abandoning module LauncherChunkInstaller (76)
[2018.10.22-15.03.49:630][347]LogModuleManager: Shutting down and abandoning module OnlineBlueprintSupport (74)
[2018.10.22-15.03.49:630][347]LogModuleManager: Shutting down and abandoning module OnlineSubsystem (70)
[2018.10.22-15.03.49:632][347]LogModuleManager: Shutting down and abandoning module XMPP (65)
[2018.10.22-15.03.49:632][347]LogModuleManager: Shutting down and abandoning module WebSockets (64)
[2018.10.22-15.03.49:662][347]LogModuleManager: Shutting down and abandoning module HTTP (61)
[2018.10.22-15.03.49:663][347]LogHttp: Display: Http module shutting down, but needs to wait on 1 outstanding Http requests:
[2018.10.22-15.03.49:663][347]LogHttp: Display: 	verb=[POST] url=[https://datarouter.ol.epicgames.com/datarouter/api/v1/public/data?SessionID=%7B25529948-4FAB-7522-EB23-709EE445B9FC%7D&AppID=UEEditor.Rocket.Release&AppVersion=4.20.3-4369336%2B%2B%2BUE4%2BRelease-4.20&UserID=1efc369d420bcfe3ade55aa125a5d260%7Cb330d9178038414b88190f046419eaec%7C683c1d4b-4133-4a89-8092-53e72ab21a90&AppEnvironment=datacollector-binary&UploadType=eteventstream] status=Processing
[2018.10.22-15.03.49:668][347]LogModuleManager: Shutting down and abandoning module SSL (60)
[2018.10.22-15.03.49:669][347]LogModuleManager: Shutting down and abandoning module MagicLeapEmulator (56)
[2018.10.22-15.03.49:670][347]LogModuleManager: Shutting down and abandoning module MagicLeapPrivileges (54)
[2018.10.22-15.03.49:670][347]LogModuleManager: Shutting down and abandoning module MagicLeapIdentity (52)
[2018.10.22-15.03.49:670][347]LogModuleManager: Shutting down and abandoning module MagicLeapHelperVulkan (50)
[2018.10.22-15.03.49:670][347]LogModuleManager: Shutting down and abandoning module MagicLeapHelperOpenGL (48)
[2018.10.22-15.03.49:670][347]LogModuleManager: Shutting down and abandoning module MagicLeapSecureStorage (46)
[2018.10.22-15.03.49:670][347]LogModuleManager: Shutting down and abandoning module MagicLeapGestures (44)
[2018.10.22-15.03.49:670][347]LogModuleManager: Shutting down and abandoning module MagicLeapEyeTracker (42)
[2018.10.22-15.03.49:670][347]LogModuleManager: Shutting down and abandoning module MagicLeapController (40)
[2018.10.22-15.03.49:671][347]LogSlate: Slate User Destroyed.  User Index 0, Is Virtual User: 0
[2018.10.22-15.03.49:671][347]LogModuleManager: Shutting down and abandoning module MagicLeap (38)
[2018.10.22-15.03.49:671][347]LogModuleManager: Shutting down and abandoning module AnimationModifiers (36)
[2018.10.22-15.03.49:671][347]LogModuleManager: Shutting down and abandoning module PropertyEditor (35)
[2018.10.22-15.03.49:671][347]LogModuleManager: Shutting down and abandoning module AudioEditor (32)
[2018.10.22-15.03.49:671][347]LogModuleManager: Shutting down and abandoning module TextureCompressor (30)
[2018.10.22-15.03.49:675][347]LogModuleManager: Shutting down and abandoning module ShaderCore (28)
[2018.10.22-15.03.49:675][347]LogModuleManager: Shutting down and abandoning module Landscape (26)
[2018.10.22-15.03.49:675][347]LogModuleManager: Shutting down and abandoning module SlateRHIRenderer (24)
[2018.10.22-15.03.49:675][347]LogModuleManager: Shutting down and abandoning module OpenGLDrv (22)
[2018.10.22-15.03.49:676][347]LogModuleManager: Shutting down and abandoning module D3D11RHI (20)
[2018.10.22-15.03.49:676][347]LogModuleManager: Shutting down and abandoning module AnimGraphRuntime (18)
[2018.10.22-15.03.49:676][347]LogModuleManager: Shutting down and abandoning module Renderer (16)
[2018.10.22-15.03.49:676][347]LogModuleManager: Shutting down and abandoning module Engine (14)
[2018.10.22-15.03.49:676][347]LogModuleManager: Shutting down and abandoning module CoreUObject (12)
[2018.10.22-15.03.49:676][347]LogModuleManager: Shutting down and abandoning module NetworkFile (10)
[2018.10.22-15.03.49:676][347]LogModuleManager: Shutting down and abandoning module CookedIterativeFile (8)
[2018.10.22-15.03.49:676][347]LogModuleManager: Shutting down and abandoning module StreamingFile (6)
[2018.10.22-15.03.49:676][347]LogModuleManager: Shutting down and abandoning module SandboxFile (4)
[2018.10.22-15.03.49:676][347]LogModuleManager: Shutting down and abandoning module PakFile (2)
[2018.10.22-15.03.49:685][347]LogExit: Exiting.
[2018.10.22-15.03.49:697][347]Log file closed, 10/22/18 18:03:49
