Log file open, 10/22/18 16:41:03
LogWindows: Failed to load 'aqProf.dll' (GetLastError=126)
LogWindows: File 'aqProf.dll' does not exist
LogWindows: Failed to load 'VtuneApi.dll' (GetLastError=126)
LogWindows: File 'VtuneApi.dll' does not exist
LogWindows: Failed to load 'VtuneApi32e.dll' (GetLastError=126)
LogWindows: File 'VtuneApi32e.dll' does not exist
LogInit: Display: Running engine for game: Youtube
LogPlatformFile: Not using cached read wrapper
LogTaskGraph: Started task graph with 5 named threads and 14 total threads with 3 sets of task threads.
LogStats: Stats thread started at 0.408408
LogD3D11RHI: Loaded GFSDK_Aftermath_Lib.x64.dll
LogICUInternationalization: Display: ICU TimeZone Detection - Raw Offset: +2:00, Platform Override: ''
LogPluginManager: Mounting plugin Paper2D
LogPluginManager: Mounting plugin AISupport
LogPluginManager: Mounting plugin LightPropagationVolume
LogPluginManager: Mounting plugin CLionSourceCodeAccess
LogPluginManager: Mounting plugin CodeLiteSourceCodeAccess
LogPluginManager: Mounting plugin GitSourceControl
LogPluginManager: Mounting plugin KDevelopSourceCodeAccess
LogPluginManager: Mounting plugin NullSourceCodeAccess
LogPluginManager: Mounting plugin PerforceSourceControl
LogPluginManager: Mounting plugin SubversionSourceControl
LogPluginManager: Mounting plugin UObjectPlugin
LogPluginManager: Mounting plugin VisualStudioCodeSourceCodeAccess
LogPluginManager: Mounting plugin VisualStudioSourceCodeAccess
LogPluginManager: Mounting plugin XCodeSourceCodeAccess
LogPluginManager: Mounting plugin AssetManagerEditor
LogPluginManager: Mounting plugin CryptoKeys
LogPluginManager: Mounting plugin DataValidation
LogPluginManager: Mounting plugin FacialAnimation
LogPluginManager: Mounting plugin GameplayTagsEditor
LogPluginManager: Mounting plugin MacGraphicsSwitching
LogPluginManager: Mounting plugin MeshEditor
LogPluginManager: Mounting plugin MobileLauncherProfileWizard
LogPluginManager: Mounting plugin PluginBrowser
LogPluginManager: Mounting plugin SpeedTreeImporter
LogPluginManager: Mounting plugin DatasmithContent
LogPluginManager: Mounting plugin AlembicImporter
LogPluginManager: Mounting plugin AppleImageUtils
LogPluginManager: Mounting plugin AppleVision
LogPluginManager: Mounting plugin BackChannel
LogPluginManager: Mounting plugin CharacterAI
LogPluginManager: Mounting plugin GeometryCache
LogPluginManager: Mounting plugin HTML5Networking
LogPluginManager: Mounting plugin ProxyLODPlugin
LogPluginManager: Mounting plugin MagicLeap
LogPluginManager: Mounting plugin MagicLeapEmulator
LogPluginManager: Mounting plugin MagicLeapMedia
LogPluginManager: Mounting plugin AndroidMedia
LogPluginManager: Mounting plugin AvfMedia
LogPluginManager: Mounting plugin ImgMedia
LogPluginManager: Mounting plugin LinearTimecode
LogPluginManager: Mounting plugin MediaCompositing
LogPluginManager: Mounting plugin MediaPlayerEditor
LogPluginManager: Mounting plugin WmfMedia
LogPluginManager: Mounting plugin TcpMessaging
LogPluginManager: Mounting plugin UdpMessaging
LogPluginManager: Mounting plugin ActorSequence
LogPluginManager: Mounting plugin LevelSequenceEditor
LogPluginManager: Mounting plugin MatineeToLevelSequence
LogPluginManager: Mounting plugin NetcodeUnitTest
LogPluginManager: Mounting plugin NUTUnrealEngine4
LogPluginManager: Mounting plugin OnlineSubsystemGooglePlay
LogPluginManager: Mounting plugin OnlineSubsystemIOS
LogPluginManager: Mounting plugin OnlineSubsystem
LogPluginManager: Mounting plugin OnlineSubsystemNull
LogPluginManager: Mounting plugin OnlineSubsystemUtils
LogPluginManager: Mounting plugin LauncherChunkInstaller
LogPluginManager: Mounting plugin AndroidDeviceProfileSelector
LogPluginManager: Mounting plugin AndroidMoviePlayer
LogPluginManager: Mounting plugin AndroidPermission
LogPluginManager: Mounting plugin AppleMoviePlayer
LogPluginManager: Mounting plugin ArchVisCharacter
LogPluginManager: Mounting plugin AudioCapture
LogPluginManager: Mounting plugin CableComponent
LogPluginManager: Mounting plugin CustomMeshComponent
LogPluginManager: Mounting plugin EditableMesh
LogPluginManager: Mounting plugin ExampleDeviceProfileSelector
LogPluginManager: Mounting plugin GoogleCloudMessaging
LogPluginManager: Mounting plugin ImmediatePhysics
LogPluginManager: Mounting plugin IOSDeviceProfileSelector
LogPluginManager: Mounting plugin LinuxDeviceProfileSelector
LogPluginManager: Mounting plugin LocationServicesBPLibrary
LogPluginManager: Mounting plugin MobilePatchingUtils
LogPluginManager: Mounting plugin OculusVR
LogPluginManager: Plugin shader directory ../../../Engine/Plugins/Runtime/Oculus/OculusVR/Shaders found
LogPluginManager: Mapping shader source directory ../../../Engine/Plugins/Runtime/Oculus/OculusVR/Shaders to virtual directory /Plugin/OculusVR
LogPluginManager: Mounting plugin PhysXVehicles
LogPluginManager: Mounting plugin ProceduralMeshComponent
LogPluginManager: Mounting plugin RuntimePhysXCooking
LogPluginManager: Mounting plugin SteamVR
LogPluginManager: Mounting plugin WindowsMoviePlayer
LogStreaming: Display: Took  0.182s to configure plugins.
LogInit: Using libcurl 7.55.1-DEV
LogInit:  - built for x86_64-pc-win32
LogInit:  - supports SSL with OpenSSL/1.0.2h
LogInit:  - supports HTTP deflate (compression) using libz 1.2.8
LogInit:  - other features:
LogInit:      CURL_VERSION_SSL
LogInit:      CURL_VERSION_LIBZ
LogInit:      CURL_VERSION_IPV6
LogInit:      CURL_VERSION_ASYNCHDNS
LogInit:      CURL_VERSION_LARGEFILE
LogInit:      CURL_VERSION_IDN
LogInit:  CurlRequestOptions (configurable via config and command line):
LogInit:  - bVerifyPeer = false  - Libcurl will NOT verify peer certificate
LogInit:  - bUseHttpProxy = false  - Libcurl will NOT use HTTP proxy
LogInit:  - bDontReuseConnections = false  - Libcurl will reuse connections
LogInit:  - CertBundlePath = nullptr  - Libcurl will use whatever was configured at build time.
LogInit:  - MaxHostConnections = 16  - Libcurl will limit the number of connections to a host
LogInit:  - LocalHostAddr = Default
LogInit:  - BufferSize = 65536
LogInit: WinSock: version 1.1 (2.2), MaxSocks=32767, MaxUdp=65467
LogInit: Build: ++UE4+Release-4.20-CL-4369336
LogInit: Engine Version: 4.20.3-4369336+++UE4+Release-4.20
LogInit: Compatible Engine Version: 4.20.0-4212847+++UE4+Release-4.20
LogInit: Net CL: 4212847
LogInit: OS: Windows 10 (), CPU: Intel(R) Core(TM) i5-4460  CPU @ 3.20GHz, GPU: NVIDIA GeForce GTX 750 Ti
LogInit: Compiled (64-bit): Sep 17 2018 12:26:19
LogInit: Compiled with Visual C++: 19.13.26129.00
LogInit: Build Configuration: Development
LogInit: Branch Name: ++UE4+Release-4.20
LogInit: Command Line:  -skipcompile
LogInit: Base Directory: D:/Program Files/Epic Games/UE_4.20/Engine/Binaries/Win64/
LogInit: Installed Engine Build: 1
LogDevObjectVersion: Number of dev versions registered: 20
LogDevObjectVersion:   Dev-Blueprints (B0D832E4-1F89-4F0D-ACCF-7EB736FD4AA2): 10
LogDevObjectVersion:   Dev-Build (E1C64328-A22C-4D53-A36C-8E866417BD8C): 0
LogDevObjectVersion:   Dev-Core (375EC13C-06E4-48FB-B500-84F0262A717E): 2
LogDevObjectVersion:   Dev-Editor (E4B068ED-F494-42E9-A231-DA0B2E46BB41): 24
LogDevObjectVersion:   Dev-Framework (CFFC743F-43B0-4480-9391-14DF171D2073): 34
LogDevObjectVersion:   Dev-Mobile (B02B49B5-BB20-44E9-A304-32B752E40360): 2
LogDevObjectVersion:   Dev-Networking (A4E4105C-59A1-49B5-A7C5-40C4547EDFEE): 0
LogDevObjectVersion:   Dev-Online (39C831C9-5AE6-47DC-9A44-9C173E1C8E7C): 0
LogDevObjectVersion:   Dev-Physics (78F01B33-EBEA-4F98-B9B4-84EACCB95AA2): 0
LogDevObjectVersion:   Dev-Platform (6631380F-2D4D-43E0-8009-CF276956A95A): 0
LogDevObjectVersion:   Dev-Rendering (12F88B9F-8875-4AFC-A67C-D90C383ABD29): 26
LogDevObjectVersion:   Dev-Sequencer (7B5AE74C-D270-4C10-A958-57980B212A5A): 9
LogDevObjectVersion:   Dev-VR (D7296918-1DD6-4BDD-9DE2-64A83CC13884): 2
LogDevObjectVersion:   Dev-LoadTimes (C2A15278-BFE7-4AFE-6C17-90FF531DF755): 1
LogDevObjectVersion:   Private-Geometry (6EACA3D4-40EC-4CC1-B786-8BED09428FC5): 3
LogDevObjectVersion:   Dev-AnimPhys (29E575DD-E0A3-4627-9D10-D276232CDCEA): 17
LogDevObjectVersion:   Dev-ReflectionCapture (6B266CEC-1EC7-4B8F-A30B-E4D90942FC07): 1
LogDevObjectVersion:   Dev-Automation (0DF73D61-A23F-47EA-B727-89E90C41499A): 1
LogDevObjectVersion:   FortniteMain (601D1886-AC64-4F84-AA16-D3DE0DEAC7D6): 12
LogDevObjectVersion:   Dev-Enterprise (9DFFBCD6-494F-0158-E221-12823C92A888): 1
LogStreaming: Display: Took  0.001s to delete old logs.
LogInit: Presizing for max 8388607 objects, including 0 objects not considered by GC, pre-allocating 0 bytes for permanent pool.
LogInit: Object subsystem initialized
[2018.10.22-13.41.03:991][  0]LogInit: Selected Device Profile: [Windows]
[2018.10.22-13.41.03:991][  0]LogInit: Applying CVar settings loaded from the selected device profile: [Windows]
[2018.10.22-13.41.04:001][  0]LogHAL: Display: Platform has ~ 8 GB [8481820672 / 8589934592 / 8], which maps to Default [LargestMinGB=32, LargerMinGB=12, DefaultMinGB=8, SmallerMinGB=6, SmallestMinGB=0)
[2018.10.22-13.41.04:001][  0]LogInit: Setting Device Profile CVar: [[r.Vulkan.UseRealUBs:1]]
[2018.10.22-13.41.04:001][  0]LogInit: Going up to parent DeviceProfile []
[2018.10.22-13.41.04:002][  0]LogInit: Computer: MIKA-PC
[2018.10.22-13.41.04:002][  0]LogInit: User: Mika
[2018.10.22-13.41.04:002][  0]LogInit: CPU Page size=4096, Cores=4
[2018.10.22-13.41.04:002][  0]LogInit: High frequency timer resolution =3.117787 MHz
[2018.10.22-13.41.04:002][  0]LogMemory: Memory total: Physical=7.9GB (8GB approx)
[2018.10.22-13.41.04:002][  0]LogMemory: Platform Memory Stats for Windows
[2018.10.22-13.41.04:002][  0]LogMemory: Process Physical Memory: 103.55 MB used, 103.55 MB peak
[2018.10.22-13.41.04:003][  0]LogMemory: Process Virtual Memory: 83.07 MB used, 83.07 MB peak
[2018.10.22-13.41.04:003][  0]LogMemory: Physical Memory: 5871.57 MB used,  2217.32 MB free, 8088.89 MB total
[2018.10.22-13.41.04:003][  0]LogMemory: Virtual Memory: 4624.35 MB used,  2217.32 MB free, 134217728.00 MB total
[2018.10.22-13.41.04:130][  0]LogInit: Using OS detected language (fi-FI).
[2018.10.22-13.41.04:130][  0]LogInit: Using OS detected locale (fi-FI).
[2018.10.22-13.41.04:131][  0]LogTextLocalizationManager: No localization for 'fi-FI' exists, so 'en' will be used for the language.
[2018.10.22-13.41.04:545][  0]LogStreaming: Display: Took  0.416s to InitEngineTextLocalization.
[2018.10.22-13.41.04:545][  0]LogInit: Setting process to per monitor DPI aware
[2018.10.22-13.41.04:624][  0]LogSlate: New Slate User Created.  User Index 0, Is Virtual User: 0
[2018.10.22-13.41.04:626][  0]LogSlate: Slate User Registered.  User Index 0, Is Virtual User: 0
[2018.10.22-13.41.04:864][  0]LogHMD: Failed to initialize OpenVR with code 105
[2018.10.22-13.41.04:864][  0]LogD3D11RHI: D3D11 adapters:
[2018.10.22-13.41.04:942][  0]LogD3D11RHI:    0. 'NVIDIA GeForce GTX 750 Ti' (Feature Level 11_0)
[2018.10.22-13.41.04:942][  0]LogD3D11RHI:       2007/0/4044 MB DedicatedVideo/DedicatedSystem/SharedSystem, Outputs:1, VendorId:0x10de
[2018.10.22-13.41.04:959][  0]LogD3D11RHI:    1. 'Intel(R) HD Graphics 4600' (Feature Level 11_0)
[2018.10.22-13.41.04:959][  0]LogD3D11RHI:       112/0/2048 MB DedicatedVideo/DedicatedSystem/SharedSystem, Outputs:0, VendorId:0x8086
[2018.10.22-13.41.04:964][  0]LogD3D11RHI:    2. 'Microsoft Basic Render Driver' (Feature Level 11_0)
[2018.10.22-13.41.04:964][  0]LogD3D11RHI:       0/0/4044 MB DedicatedVideo/DedicatedSystem/SharedSystem, Outputs:0, VendorId:0x1414
[2018.10.22-13.41.04:964][  0]LogD3D11RHI: Chosen D3D11 Adapter: 0
[2018.10.22-13.41.04:971][  0]LogD3D11RHI: Creating new Direct3DDevice
[2018.10.22-13.41.04:971][  0]LogD3D11RHI:     GPU DeviceId: 0x1380 (for the marketing name, search the web for "GPU Device Id")
[2018.10.22-13.41.04:971][  0]LogWindows: EnumDisplayDevices:
[2018.10.22-13.41.04:971][  0]LogWindows:    0. 'NVIDIA GeForce GTX 750 Ti' (P:1 D:1)
[2018.10.22-13.41.04:972][  0]LogWindows:    1. 'NVIDIA GeForce GTX 750 Ti' (P:0 D:0)
[2018.10.22-13.41.04:972][  0]LogWindows:    2. 'NVIDIA GeForce GTX 750 Ti' (P:0 D:0)
[2018.10.22-13.41.04:972][  0]LogWindows:    3. 'NVIDIA GeForce GTX 750 Ti' (P:0 D:0)
[2018.10.22-13.41.04:973][  0]LogWindows:    4. 'Intel(R) HD Graphics 4600' (P:0 D:0)
[2018.10.22-13.41.04:973][  0]LogWindows:    5. 'Intel(R) HD Graphics 4600' (P:0 D:0)
[2018.10.22-13.41.04:973][  0]LogWindows:    6. 'Intel(R) HD Graphics 4600' (P:0 D:0)
[2018.10.22-13.41.04:974][  0]LogWindows: DebugString: PrimaryIsNotTheChoosenAdapter PrimaryIsNotTheChoosenAdapter PrimaryIsNotTheChoosenAdapter FoundDriverCount:4 
[2018.10.22-13.41.04:974][  0]LogD3D11RHI:     Adapter Name: NVIDIA GeForce GTX 750 Ti
[2018.10.22-13.41.04:974][  0]LogD3D11RHI:   Driver Version: 398.11 (internal:24.21.13.9811, unified:398.11)
[2018.10.22-13.41.04:974][  0]LogD3D11RHI:      Driver Date: 6-1-2018
[2018.10.22-13.41.04:974][  0]LogRHI: Texture pool is 1405 MB (70% of 2007 MB)
[2018.10.22-13.41.05:017][  0]LogD3D11RHI: Async texture creation enabled
[2018.10.22-13.41.05:033][  0]LogD3D11RHI: GPU Timing Frequency: 1000.000000 (Debug: 2 2)
[2018.10.22-13.41.05:035][  0]LogShaderCompilers: Guid format shader working directory is -18 characters bigger than the processId version (../../../../../../Users/Mika/Documents/Unreal Projects/Youtube/Intermediate/Shaders/WorkingDirectory/17264/).
[2018.10.22-13.41.05:035][  0]LogShaderCompilers: Cleaned the shader compiler working directory 'C:/Users/Mika/AppData/Local/Temp/UnrealShaderWorkingDir/FDF7D6CD43F76F3777EDA78DD76FB0A6/'.
[2018.10.22-13.41.05:338][  0]LogTemp: Display: Loaded TP AllDesktopTargetPlatform
[2018.10.22-13.41.05:356][  0]LogTemp: Display: Loaded TP MacClientTargetPlatform
[2018.10.22-13.41.05:372][  0]LogTemp: Display: Loaded TP MacNoEditorTargetPlatform
[2018.10.22-13.41.05:388][  0]LogTemp: Display: Loaded TP MacServerTargetPlatform
[2018.10.22-13.41.05:431][  0]LogTemp: Display: Loaded TP MacTargetPlatform
[2018.10.22-13.41.05:448][  0]LogTemp: Display: Loaded TP WindowsClientTargetPlatform
[2018.10.22-13.41.05:465][  0]LogTemp: Display: Loaded TP WindowsNoEditorTargetPlatform
[2018.10.22-13.41.05:483][  0]LogTemp: Display: Loaded TP WindowsServerTargetPlatform
[2018.10.22-13.41.05:493][  0]LogTemp: Display: Loaded TP WindowsTargetPlatform
[2018.10.22-13.41.05:596][  0]LogTemp: Display: Loaded TP AndroidTargetPlatform
[2018.10.22-13.41.05:596][  0]LogTemp: Display: Loaded TP AndroidTargetPlatform
[2018.10.22-13.41.05:597][  0]LogTemp: Display: Loaded TP AndroidTargetPlatform
[2018.10.22-13.41.05:597][  0]LogTemp: Display: Loaded TP AndroidTargetPlatform
[2018.10.22-13.41.05:597][  0]LogTemp: Display: Loaded TP AndroidTargetPlatform
[2018.10.22-13.41.05:597][  0]LogTemp: Display: Loaded TP AndroidTargetPlatform
[2018.10.22-13.41.05:597][  0]LogTemp: Display: Loaded TP AndroidTargetPlatform
[2018.10.22-13.41.05:597][  0]LogTemp: Display: Loaded TP AndroidTargetPlatform
[2018.10.22-13.41.05:597][  0]LogTemp: Display: Loaded TP AndroidTargetPlatform
[2018.10.22-13.41.05:597][  0]LogTemp: Display: Loaded TP AndroidTargetPlatform
[2018.10.22-13.41.05:597][  0]LogTemp: Display: Loaded TP AndroidTargetPlatform
[2018.10.22-13.41.05:597][  0]LogTemp: Display: Loaded TP AndroidTargetPlatform
[2018.10.22-13.41.05:597][  0]LogTemp: Display: Loaded TP AndroidTargetPlatform
[2018.10.22-13.41.05:597][  0]LogTemp: Display: Loaded TP AndroidTargetPlatform
[2018.10.22-13.41.05:597][  0]LogTemp: Display: Loaded TP AndroidTargetPlatform
[2018.10.22-13.41.05:598][  0]LogTemp: Display: Loaded TP AndroidTargetPlatform
[2018.10.22-13.41.05:598][  0]LogTemp: Display: Loaded TP AndroidTargetPlatform
[2018.10.22-13.41.05:598][  0]LogTemp: Display: Loaded TP AndroidTargetPlatform
[2018.10.22-13.41.05:603][  0]LogTemp: Display: Loaded TP HTML5TargetPlatform
[2018.10.22-13.41.05:695][  0]LogTemp: Display: Loaded TP IOSTargetPlatform
[2018.10.22-13.41.05:695][  0]LogTemp: Display: Loaded TP IOSTargetPlatform
[2018.10.22-13.41.05:723][  0]LogTemp: Display: Loaded TP TVOSTargetPlatform
[2018.10.22-13.41.05:724][  0]LogTemp: Display: Loaded TP TVOSTargetPlatform
[2018.10.22-13.41.05:741][  0]LogTemp: Display: Loaded TP LinuxClientTargetPlatform
[2018.10.22-13.41.05:757][  0]LogTemp: Display: Loaded TP LinuxNoEditorTargetPlatform
[2018.10.22-13.41.05:773][  0]LogTemp: Display: Loaded TP LinuxServerTargetPlatform
[2018.10.22-13.41.05:813][  0]LogTemp: Display: Loaded TP LinuxTargetPlatform
[2018.10.22-13.41.05:825][  0]LogTemp: Display: Loaded TP LuminTargetPlatform
[2018.10.22-13.41.05:825][  0]LogTargetPlatformManager: Display: Building Assets For Windows
[2018.10.22-13.41.05:946][  0]LogXGEController: Cleaning working directory: C:/Users/Mika/AppData/Local/Temp/UnrealXGEWorkingDir/
[2018.10.22-13.41.05:946][  0]LogXGEController: Cannot use XGE Controller as Incredibuild is not installed on this machine.
[2018.10.22-13.41.05:946][  0]LogShaderCompilers: Cannot use XGE Shader Compiler as Incredibuild is not installed on this machine.
[2018.10.22-13.41.05:946][  0]LogShaderCompilers: Display: Using Local Shader Compiler.
[2018.10.22-13.41.06:854][  0]LogDerivedDataCache: Display: Max Cache Size: 512 MB
[2018.10.22-13.41.06:909][  0]LogDerivedDataCache: Loaded boot cache 0.06s 71MB C:/Users/Mika/AppData/Local/UnrealEngine/4.20/DerivedDataCache/Boot.ddc.
[2018.10.22-13.41.06:910][  0]LogDerivedDataCache: Display: Loaded Boot cache: C:/Users/Mika/AppData/Local/UnrealEngine/4.20/DerivedDataCache/Boot.ddc
[2018.10.22-13.41.06:910][  0]LogDerivedDataCache: FDerivedDataBackendGraph:  Pak pak cache file ../../../../../../Users/Mika/Documents/Unreal Projects/Youtube/DerivedDataCache/DDC.ddp not found, will not use a pak cache.
[2018.10.22-13.41.06:910][  0]LogDerivedDataCache: Unable to find inner node Pak for hierarchical cache Hierarchy.
[2018.10.22-13.41.06:910][  0]LogDerivedDataCache: FDerivedDataBackendGraph:  CompressedPak pak cache file ../../../../../../Users/Mika/Documents/Unreal Projects/Youtube/DerivedDataCache/Compressed.ddp not found, will not use a pak cache.
[2018.10.22-13.41.06:910][  0]LogDerivedDataCache: Unable to find inner node CompressedPak for hierarchical cache Hierarchy.
[2018.10.22-13.41.06:925][  0]LogDerivedDataCache: Display: Pak cache opened for reading ../../../Engine/DerivedDataCache/Compressed.ddp.
[2018.10.22-13.41.06:939][  0]LogDerivedDataCache: Using Local data cache path C:/Users/Mika/AppData/Local/UnrealEngine/Common/DerivedDataCache: Writable
[2018.10.22-13.41.06:939][  0]LogDerivedDataCache: Shared data cache path not found in *engine.ini, will not use an Shared cache.
[2018.10.22-13.41.06:939][  0]LogDerivedDataCache: Unable to find inner node Shared for hierarchical cache Hierarchy.
[2018.10.22-13.41.06:958][  0]LogMaterial: Verifying Global Shaders for PCD3D_SM5
[2018.10.22-13.41.06:960][  0]LogSlate: Using FreeType 2.6.0
[2018.10.22-13.41.06:970][  0]LogSlate: SlateFontServices - WITH_FREETYPE: 1, WITH_HARFBUZZ: 1
[2018.10.22-13.41.07:058][  0]LogAssetRegistry: FAssetRegistry took 0.0284 seconds to start up
[2018.10.22-13.41.07:397][  0]LogInit: Selected Device Profile: [Windows]
[2018.10.22-13.41.07:558][  0]LogSimplygon: Simplygon DLL not present - disabling.
[2018.10.22-13.41.07:572][  0]LogMeshReduction: Using SimplygonSwarm for distributed automatic mesh merging
[2018.10.22-13.41.07:572][  0]LogMeshReduction: Using ProxyLODMeshReduction for automatic mesh merging
[2018.10.22-13.41.07:572][  0]LogMeshReduction: Using QuadricMeshReduction for automatic static mesh reduction
[2018.10.22-13.41.07:572][  0]LogMeshReduction: No automatic skeletal mesh reduction module available
[2018.10.22-13.41.07:590][  0]LogNetVersion: Youtube 1.0.0, NetCL: 4212847, EngineNetVer: 5, GameNetVer: 0 (Checksum: 222399930)
[2018.10.22-13.41.08:084][  0]LogPackageLocalizationCache: Processed 11 localized package path(s) for 1 prioritized culture(s) in 0.057337 seconds
[2018.10.22-13.41.08:091][  0]LogUObjectArray: 38425 objects as part of root set at end of initial load.
[2018.10.22-13.41.08:091][  0]LogUObjectAllocator: 6690872 out of 0 bytes used by permanent object pool.
[2018.10.22-13.41.08:091][  0]LogUObjectArray: CloseDisregardForGC: 0/0 objects in disregard for GC pool
[2018.10.22-13.41.09:182][  0]LogTcpMessaging: Initializing TcpMessaging bridge
[2018.10.22-13.41.09:202][  0]LogUdpMessaging: Initializing bridge on interface 0.0.0.0:0 to multicast group 230.0.0.1:6666.
[2018.10.22-13.41.09:532][  0]SourceControl: Source control is disabled
[2018.10.22-13.41.09:532][  0]SourceControl: Source control is disabled
[2018.10.22-13.41.09:536][  0]SourceControl: Source control is disabled
[2018.10.22-13.41.09:541][  0]SourceControl: Source control is disabled
[2018.10.22-13.41.09:793][  0]LogAndroidPermission: UAndroidPermissionCallbackProxy::GetInstance
[2018.10.22-13.41.09:889][  0]LogOcInput: OculusInput pre-init called
[2018.10.22-13.41.09:959][  0]LogEngine: Initializing Engine...
[2018.10.22-13.41.09:972][  0]LogHMD: Failed to initialize OpenVR with code 105
[2018.10.22-13.41.09:974][  0]LogStats: UGameplayTagsManager::ConstructGameplayTagTree: ImportINI prefixes -  0.000 s
[2018.10.22-13.41.09:974][  0]LogStats: UGameplayTagsManager::ConstructGameplayTagTree: Construct from data asset -  0.000 s
[2018.10.22-13.41.09:974][  0]LogStats: UGameplayTagsManager::ConstructGameplayTagTree: ImportINI -  0.000 s
[2018.10.22-13.41.09:974][  0]LogStats: UGameplayTagsManager::ConstructGameplayTagTree: GameplayTagTreeChangedEvent.Broadcast -  0.000 s
[2018.10.22-13.41.10:192][  0]LogInit: Initializing FReadOnlyCVARCache
[2018.10.22-13.41.10:212][  0]LogAIModule: Creating AISystem for world Untitled
[2018.10.22-13.41.10:227][  0]LogInit: XAudio2 using 'Speakers (Logitech G35 Headset)' : 2 channels at 44.1 kHz using 16 bits per sample (channel mask 0x3)
[2018.10.22-13.41.10:246][  0]LogInit: FAudioDevice initialized.
[2018.10.22-13.41.10:246][  0]LogNetVersion: Set ProjectVersion to 1.0.0.0. Version Checksum will be recalculated on next use.
[2018.10.22-13.41.10:374][  0]LogDerivedDataCache: Saved boot cache 0.13s 71MB C:/Users/Mika/AppData/Local/UnrealEngine/4.20/DerivedDataCache/Boot.ddc.
[2018.10.22-13.41.10:380][  0]LogInit: Texture streaming: Enabled
[2018.10.22-13.41.10:412][  0]LogEngineSessionManager: EngineSessionManager initialized
[2018.10.22-13.41.10:426][  0]LogInit: Transaction tracking system initialized
[2018.10.22-13.41.10:475][  0]BlueprintLog: New page: Editor Load
[2018.10.22-13.41.10:628][  0]LocalizationService: Localization service is disabled
[2018.10.22-13.41.10:916][  0]LogCook: Display: Max memory allowance for cook 16384mb min free memory 0mb
[2018.10.22-13.41.10:916][  0]LogCook: Display: Mobile HDR setting 1
[2018.10.22-13.41.10:916][  0]LogGameplayTags: Display: UGameplayTagsManager::DoneAddingNativeTags. DelegateIsBound: 0
[2018.10.22-13.41.10:916][  0]LogStats: UGameplayTagsManager::ConstructGameplayTagTree: ImportINI prefixes -  0.000 s
[2018.10.22-13.41.10:917][  0]LogStats: UGameplayTagsManager::ConstructGameplayTagTree: Construct from data asset -  0.000 s
[2018.10.22-13.41.10:917][  0]LogFileCache: Scanning file cache for directory 'D:/Users/Mika/Documents/Unreal Projects/Youtube/Content/' took 0.01s
[2018.10.22-13.41.10:917][  0]LogStats: UGameplayTagsManager::ConstructGameplayTagTree: ImportINI -  0.000 s
[2018.10.22-13.41.10:917][  0]LogStats: UGameplayTagsManager::ConstructGameplayTagTree: GameplayTagTreeChangedEvent.Broadcast -  0.000 s
[2018.10.22-13.41.11:104][  0]SourceControl: Source control is disabled
[2018.10.22-13.41.11:105][  0]Cmd: MAP LOAD FILE="../../../Engine/Content/Maps/Templates/Template_Default.umap" TEMPLATE=1 SHOWPROGRESS=1 FEATURELEVEL=3
[2018.10.22-13.41.11:105][  0]LightingResults: New page: Lighting Build
[2018.10.22-13.41.11:108][  0]MapCheck: New page: Map Check
[2018.10.22-13.41.11:108][  0]LightingResults: New page: Lighting Build
[2018.10.22-13.41.11:319][  0]LogAIModule: Creating AISystem for world Untitled_1
[2018.10.22-13.41.11:329][  0]LogEditorServer: Finished looking for orphan Actors (0.000 secs)
[2018.10.22-13.41.11:352][  0]Cmd: MAP CHECKDEP NOCLEARLOG
[2018.10.22-13.41.11:415][  0]MapCheck: Map check complete: 0 Error(s), 0 Warning(s), took 62,146ms to complete.
[2018.10.22-13.41.11:415][  0]LogFileHelpers: Loading map 'Template_Default' took 0.310
[2018.10.22-13.41.11:539][  0]LogSlate: Updating window title bar state: overlay mode, drag disabled, window buttons hidden, title bar hidden
[2018.10.22-13.41.11:547][  0]LogSlate: Updating window title bar state: overlay mode, drag disabled, window buttons hidden, title bar hidden
[2018.10.22-13.41.11:555][  0]LogSlate: Updating window title bar state: overlay mode, drag disabled, window buttons hidden, title bar hidden
[2018.10.22-13.41.11:563][  0]LogSlate: Updating window title bar state: overlay mode, drag disabled, window buttons hidden, title bar hidden
[2018.10.22-13.41.11:575][  0]LogCollectionManager: Loaded 0 collections in 0.001986 seconds
[2018.10.22-13.41.11:625][  0]LogFileCache: Scanning file cache for directory 'D:/Users/Mika/Documents/Unreal Projects/Youtube/Saved/Collections/' took 0.01s
[2018.10.22-13.41.11:625][  0]LogFileCache: Scanning file cache for directory 'D:/Users/Mika/Documents/Unreal Projects/Youtube/Content/Developers/Mika/Collections/' took 0.01s
[2018.10.22-13.41.11:625][  0]LogFileCache: Scanning file cache for directory 'D:/Users/Mika/Documents/Unreal Projects/Youtube/Content/Collections/' took 0.01s
[2018.10.22-13.41.11:625][  0]LogCollectionManager: Rebuilt the GUID cache for 0 collections in 0.000000 seconds
[2018.10.22-13.41.11:636][  0]LogContentBrowser: Native class hierarchy populated in 0.0100 seconds. Added 2575 classes and 605 folders.
[2018.10.22-13.41.11:643][  0]LogContentBrowser: Native class hierarchy updated for 'WidgetCarousel' in 0.0004 seconds. Added 0 classes and 0 folders.
[2018.10.22-13.41.11:696][  0]LogContentBrowser: Native class hierarchy updated for 'AddContentDialog' in 0.0004 seconds. Added 0 classes and 0 folders.
[2018.10.22-13.41.11:703][  0]LogContentBrowser: Native class hierarchy updated for 'SceneOutliner' in 0.0004 seconds. Added 1 classes and 2 folders.
[2018.10.22-13.41.11:752][  0]LogContentBrowser: Native class hierarchy updated for 'HierarchicalLODOutliner' in 0.0004 seconds. Added 0 classes and 0 folders.
[2018.10.22-13.41.11:752][  0]LogLoad: (Engine Initialization) Total time: 9.82 seconds
[2018.10.22-13.41.11:752][  0]LogLoad: (Engine Initialization) Total Blueprint compile time: 0.00 seconds
[2018.10.22-13.41.11:762][  0]LogWindowsTextInputMethodSystem: Display: IME system now deactivated.
[2018.10.22-13.41.11:782][  0]LogContentStreaming: Texture pool size now 1000 MB
[2018.10.22-13.41.11:784][  0]LogSlate: Took 0.000263 seconds to synchronously load lazily loaded font '../../../Engine/Content/Slate/Fonts/Roboto-Regular.ttf' (155K)
[2018.10.22-13.41.11:785][  0]LogSlate: Took 0.000196 seconds to synchronously load lazily loaded font '../../../Engine/Content/Slate/Fonts/Roboto-Bold.ttf' (160K)
[2018.10.22-13.41.11:790][  0]LogSlate: Took 0.000267 seconds to synchronously load lazily loaded font '../../../Engine/Content/Editor/Slate/Fonts/FontAwesome.ttf' (139K)
[2018.10.22-13.41.11:879][  0]LogSlate: Took 0.000251 seconds to synchronously load lazily loaded font '../../../Engine/Content/Slate/Fonts/Roboto-Light.ttf' (167K)
[2018.10.22-13.41.11:902][  1]LogAssetRegistry: Asset discovery search completed in 4.8683 seconds
[2018.10.22-13.41.11:904][  1]LogCollectionManager: Rebuilt the object cache for 0 collections in 0.000000 seconds (found 0 objects)
[2018.10.22-13.41.11:904][  1]LogCollectionManager: Fixed up redirectors for 0 collections in 0.000191 seconds (updated 0 objects)
[2018.10.22-13.41.11:919][  2]LogRenderer: Reallocating scene render targets to support 760x360 Format 10 NumSamples 1 (Frame:1).
[2018.10.22-13.41.14:296][245]LogSlate: FSceneViewport::OnFocusLost() reason 0
[2018.10.22-13.41.14:464][257]LogRenderer: Reallocating scene render targets to support 1144x600 Format 10 NumSamples 1 (Frame:247).
[2018.10.22-13.41.18:877][780]LogEditor: Attempting to add actor of class 'MyPawn' to level at -560.00,-410.00,40.00
[2018.10.22-13.41.18:877][780]LogActor: Warning: MyPawn /Temp/Untitled_1.Untitled_1:PersistentLevel.MyPawn_0 has natively added scene component(s), but none of them were set as the actor's RootComponent - picking one arbitrarily
[2018.10.22-13.41.19:297][815]LogEditor: Attempting to add actor of class 'MyPawn' to level at -240.00,-130.00,300.00
[2018.10.22-13.41.19:299][815]LogActor: Warning: MyPawn /Temp/Untitled_1.Untitled_1:PersistentLevel.MyPawn_1 has natively added scene component(s), but none of them were set as the actor's RootComponent - picking one arbitrarily
[2018.10.22-13.41.24:887][374]LogSlate: FSceneViewport::OnFocusLost() reason 0
[2018.10.22-13.41.25:174][405]LogActorFactory: Actor Factory created Cube
[2018.10.22-13.41.26:660][567]LogSlate: Took 0.000283 seconds to synchronously load lazily loaded font '../../../Engine/Content/Slate/Fonts/Roboto-Italic.ttf' (157K)
[2018.10.22-13.41.26:919][593]LogSlate: FSceneViewport::OnFocusLost() reason 0
[2018.10.22-13.41.28:765][780]LogActorFactory: Actor Factory created Cube
[2018.10.22-13.41.30:562][961]LogEditorViewport: Clicking on Component (LMB): StaticMeshComponent (CubeMesh)
[2018.10.22-13.41.35:663][377]LogSlate: FSceneViewport::OnFocusLost() reason 0
[2018.10.22-13.41.52:678][610]LogEditorViewport: Clicking on Component (LMB): StaticMeshComponent (CubeMesh)
[2018.10.22-13.41.59:178][259]LogEditorViewport: Clicking on Component (LMB): CameraComponent (Camera)
[2018.10.22-13.42.02:272][569]LogEditorViewport: Clicking on Component (LMB): StaticMeshComponent (CubeMesh)
[2018.10.22-13.42.02:610][597]LogEditorViewport: Clicking on Component (LMB): StaticMeshComponent (CubeMesh)
[2018.10.22-13.42.02:853][619]LogEditorViewport: Clicking on Actor (double click): MyPawn (MyPawn1)
[2018.10.22-13.42.04:597][790]LogEditorViewport: Clicking on Actor (LMB): MyPawn (MyPawn1)
[2018.10.22-13.42.05:027][832]LogEditorViewport: Clicking on Actor (LMB): MyPawn (MyPawn1)
[2018.10.22-13.42.05:145][841]LogEditorViewport: Clicking on Component (LMB): CameraComponent (Camera)
[2018.10.22-13.42.22:888][559]LogSlate: FSceneViewport::OnFocusLost() reason 0
[2018.10.22-13.42.24:854][788]LogPlayLevel: PlayLevel: No blueprints needed recompiling
[2018.10.22-13.42.24:870][788]PIE: New page: SIE session: Untitled_1 (22.10.2018 19.42.24)
[2018.10.22-13.42.24:870][788]LogPlayLevel: Creating play world package: /Temp/UEDPIE_0_Untitled_1
[2018.10.22-13.42.24:872][788]LogPlayLevel: PIE: StaticDuplicateObject took: (0.002409s)
[2018.10.22-13.42.24:873][788]LogAIModule: Creating AISystem for world Untitled_1
[2018.10.22-13.42.24:874][788]LogPlayLevel: PIE: World Init took: (0.001166s)
[2018.10.22-13.42.24:874][788]LogPlayLevel: PIE: Created PIE world by copying editor world from /Temp/Untitled_1.Untitled_1 to /Temp/UEDPIE_0_Untitled_1.Untitled_1 (0.003920s)
[2018.10.22-13.42.24:930][788]LogInit: XAudio2 using 'Speakers (Logitech G35 Headset)' : 2 channels at 44.1 kHz using 16 bits per sample (channel mask 0x3)
[2018.10.22-13.42.24:941][788]LogInit: FAudioDevice initialized.
[2018.10.22-13.42.24:994][788]LogLoad: Game class is 'GameModeBase'
[2018.10.22-13.42.24:996][788]LogWorld: Bringing World /Temp/UEDPIE_0_Untitled_1.Untitled_1 up for play (max tick rate 0) at 2018.10.22-16.42.24
[2018.10.22-13.42.25:007][788]LogWorld: Bringing up level for play took: 0.011700
[2018.10.22-13.42.25:035][788]LogContentBrowser: Native class hierarchy updated for 'MovieSceneCapture' in 0.0005 seconds. Added 10 classes and 0 folders.
[2018.10.22-13.42.25:036][788]PIE: Play in editor start time for /Temp/UEDPIE_0_Untitled_1 −0,133
[2018.10.22-13.42.33:021][682]LogEditorViewport: Clicking on Actor (LMB): MyPawn (MyPawn1)
[2018.10.22-13.42.35:776][916]LogSlate: FSceneViewport::OnFocusLost() reason 0
[2018.10.22-13.42.35:965][933]LogSlate: Updating window title bar state: overlay mode, drag disabled, window buttons hidden, title bar hidden
[2018.10.22-13.42.36:005][933]LogPlayLevel: Display: Shutting down PIE online subsystems
[2018.10.22-13.42.36:028][933]LogSlate: Updating window title bar state: overlay mode, drag disabled, window buttons hidden, title bar hidden
[2018.10.22-13.42.36:041][934]LogPlayLevel: Display: Destroying online subsystem :Context_3
[2018.10.22-13.42.37:066][ 57]LogTemp: Repeating last play command: Simulate
[2018.10.22-13.42.37:076][ 57]LogPlayLevel: PlayLevel: No blueprints needed recompiling
[2018.10.22-13.42.37:077][ 57]PIE: New page: SIE session: Untitled_1 (22.10.2018 19.42.37)
[2018.10.22-13.42.37:077][ 57]LogPlayLevel: Creating play world package: /Temp/UEDPIE_0_Untitled_1
[2018.10.22-13.42.37:079][ 57]LogPlayLevel: PIE: StaticDuplicateObject took: (0.002077s)
[2018.10.22-13.42.37:080][ 57]LogAIModule: Creating AISystem for world Untitled_1
[2018.10.22-13.42.37:080][ 57]LogPlayLevel: PIE: World Init took: (0.000791s)
[2018.10.22-13.42.37:080][ 57]LogPlayLevel: PIE: Created PIE world by copying editor world from /Temp/Untitled_1.Untitled_1 to /Temp/UEDPIE_0_Untitled_1.Untitled_1 (0.003185s)
[2018.10.22-13.42.37:104][ 57]LogInit: XAudio2 using 'Speakers (Logitech G35 Headset)' : 2 channels at 44.1 kHz using 16 bits per sample (channel mask 0x3)
[2018.10.22-13.42.37:114][ 57]LogInit: FAudioDevice initialized.
[2018.10.22-13.42.37:149][ 57]LogLoad: Game class is 'GameModeBase'
[2018.10.22-13.42.37:151][ 57]LogWorld: Bringing World /Temp/UEDPIE_0_Untitled_1.Untitled_1 up for play (max tick rate 0) at 2018.10.22-16.42.37
[2018.10.22-13.42.37:151][ 57]LogWorld: Bringing up level for play took: 0.001050
[2018.10.22-13.42.37:198][ 57]PIE: Play in editor start time for /Temp/UEDPIE_0_Untitled_1 0,029
[2018.10.22-13.42.37:882][137]LogSlate: Updating window title bar state: overlay mode, drag disabled, window buttons hidden, title bar hidden
[2018.10.22-13.42.37:920][137]LogPlayLevel: Display: Shutting down PIE online subsystems
[2018.10.22-13.42.37:944][137]LogSlate: Updating window title bar state: overlay mode, drag disabled, window buttons hidden, title bar hidden
[2018.10.22-13.42.37:981][141]LogPlayLevel: Display: Destroying online subsystem :Context_4
[2018.10.22-13.42.46:594][787]LogSlate: Window 'Save Level As' being destroyed
[2018.10.22-13.42.46:598][787]LogPlayLevel: Warning: PIE failed because map save was canceled
[2018.10.22-13.42.46:601][787]PIE: Warning: PIE failed because map save was canceled
[2018.10.22-13.42.49:104][ 78]LogSlate: Window 'Message Log' being destroyed
[2018.10.22-13.42.49:107][ 78]LogSlate: Window 'Message Log' being destroyed
[2018.10.22-13.42.53:632][277]LogTextFormatter: Warning: Failed to parse argument "ExistingAsset" as a number (using "0" as a fallback). Please check your format string for errors: "{ExistingAsset} already exists. Do you want to replace it?".
[2018.10.22-13.42.54:572][277]LogSlate: Window 'Message' being destroyed
[2018.10.22-13.42.54:577][277]LogSlate: Window 'Save Level As' being destroyed
[2018.10.22-13.42.54:667][277]LogSlate: Took 0.000257 seconds to synchronously load lazily loaded font '../../../Engine/Content/Slate/Fonts/Roboto-Light.ttf' (167K)
[2018.10.22-13.42.54:683][277]Cmd: OBJ SAVEPACKAGE PACKAGE="/Game/Testi" FILE="../../../../../../Users/Mika/Documents/Unreal Projects/Youtube/Content/Testi.umap" SILENT=true AUTOSAVING=false KEEPDIRTY=false
[2018.10.22-13.42.54:940][277]LogSavePackage: Moving '../../../../../../Users/Mika/Documents/Unreal Projects/Youtube/Saved/Testi49B9554043E4975E096972A36684EA28.tmp' to '../../../../../../Users/Mika/Documents/Unreal Projects/Youtube/Content/Testi.umap'
[2018.10.22-13.42.55:011][277]Cmd: OBJ SAVEPACKAGE PACKAGE="/Game/Testi_BuiltData" FILE="../../../../../../Users/Mika/Documents/Unreal Projects/Youtube/Content/Testi_BuiltData.uasset" SILENT=true
[2018.10.22-13.42.55:067][277]LogSavePackage: Moving '../../../../../../Users/Mika/Documents/Unreal Projects/Youtube/Saved/Testi_BuiltData250C561348896B781C5568964CBFA2FB.tmp' to '../../../../../../Users/Mika/Documents/Unreal Projects/Youtube/Content/Testi_BuiltData.uasset'
[2018.10.22-13.42.55:074][277]LogFileHelpers: Saving map 'Testi' took 0.492
[2018.10.22-13.42.57:438][557]LogTemp: Repeating last play command: Standalone Game
[2018.10.22-13.43.33:423][973]LogPlayLevel: PlayLevel: No blueprints needed recompiling
[2018.10.22-13.43.33:423][973]PIE: New page: SIE session: Testi (22.10.2018 19.43.33)
[2018.10.22-13.43.33:423][973]LogPlayLevel: Creating play world package: /Game/UEDPIE_0_Testi
[2018.10.22-13.43.33:425][973]LogPlayLevel: PIE: StaticDuplicateObject took: (0.002076s)
[2018.10.22-13.43.33:426][973]LogAIModule: Creating AISystem for world Testi
[2018.10.22-13.43.33:426][973]LogPlayLevel: PIE: World Init took: (0.000999s)
[2018.10.22-13.43.33:427][973]LogPlayLevel: PIE: Created PIE world by copying editor world from /Game/Testi.Testi to /Game/UEDPIE_0_Testi.Testi (0.003502s)
[2018.10.22-13.43.33:454][973]LogInit: XAudio2 using 'Speakers (Logitech G35 Headset)' : 2 channels at 44.1 kHz using 16 bits per sample (channel mask 0x3)
[2018.10.22-13.43.33:467][973]LogInit: FAudioDevice initialized.
[2018.10.22-13.43.33:500][973]LogLoad: Game class is 'GameModeBase'
[2018.10.22-13.43.33:501][973]LogWorld: Bringing World /Game/UEDPIE_0_Testi.Testi up for play (max tick rate 0) at 2018.10.22-16.43.33
[2018.10.22-13.43.33:501][973]LogWorld: Bringing up level for play took: 0.000836
[2018.10.22-13.43.33:515][973]PIE: Play in editor start time for /Game/UEDPIE_0_Testi 0,346
[2018.10.22-13.43.34:488][ 77]LogSlate: Updating window title bar state: overlay mode, drag disabled, window buttons hidden, title bar hidden
[2018.10.22-13.43.34:531][ 77]LogPlayLevel: Display: Shutting down PIE online subsystems
[2018.10.22-13.43.34:554][ 77]LogSlate: Updating window title bar state: overlay mode, drag disabled, window buttons hidden, title bar hidden
[2018.10.22-13.43.34:591][ 81]LogPlayLevel: Display: Destroying online subsystem :Context_5
[2018.10.22-13.43.52:726][408]LogEditorViewport: Clicking on Actor (LMB): MyPawn (MyPawn1)
[2018.10.22-13.43.54:317][557]LogSlate: FSceneViewport::OnFocusLost() reason 0
[2018.10.22-13.44.13:763][618]LogPlayLevel: PlayLevel: No blueprints needed recompiling
[2018.10.22-13.44.13:763][618]PIE: New page: SIE session: Testi (22.10.2018 19.44.13)
[2018.10.22-13.44.13:763][618]LogPlayLevel: Creating play world package: /Game/UEDPIE_0_Testi
[2018.10.22-13.44.13:766][618]LogPlayLevel: PIE: StaticDuplicateObject took: (0.002408s)
[2018.10.22-13.44.13:767][618]LogAIModule: Creating AISystem for world Testi
[2018.10.22-13.44.13:768][618]LogPlayLevel: PIE: World Init took: (0.001697s)
[2018.10.22-13.44.13:768][618]LogPlayLevel: PIE: Created PIE world by copying editor world from /Game/Testi.Testi to /Game/UEDPIE_0_Testi.Testi (0.004555s)
[2018.10.22-13.44.13:837][618]LogInit: XAudio2 using 'Speakers (Logitech G35 Headset)' : 2 channels at 44.1 kHz using 16 bits per sample (channel mask 0x3)
[2018.10.22-13.44.13:848][618]LogInit: FAudioDevice initialized.
[2018.10.22-13.44.13:888][618]LogLoad: Game class is 'GameModeBase'
[2018.10.22-13.44.13:890][618]LogWorld: Bringing World /Game/UEDPIE_0_Testi.Testi up for play (max tick rate 0) at 2018.10.22-16.44.13
[2018.10.22-13.44.13:908][618]LogWorld: Bringing up level for play took: 0.018986
[2018.10.22-13.44.13:922][618]PIE: Play in editor start time for /Game/UEDPIE_0_Testi 0,753
[2018.10.22-13.44.41:904][162]LogEditorViewport: Clicking on Actor (LMB): MyPawn (Pelaaja)
[2018.10.22-13.44.44:061][345]LogEditorViewport: Clicking on Actor (LMB): BP_Sky_Sphere_C (Sky Sphere)
[2018.10.22-13.44.45:306][465]LogEditorViewport: Clicking on Actor (LMB): BP_Sky_Sphere_C (Sky Sphere)
[2018.10.22-13.44.47:461][677]LogEditorViewport: Clicking on Actor (LMB): MyPawn (Pelaaja)
[2018.10.22-13.44.53:383][225]LogSlate: FSceneViewport::OnFocusLost() reason 0
[2018.10.22-13.44.53:527][236]LogSlate: Updating window title bar state: overlay mode, drag disabled, window buttons hidden, title bar hidden
[2018.10.22-13.44.53:565][236]LogPlayLevel: Display: Shutting down PIE online subsystems
[2018.10.22-13.44.53:589][236]LogSlate: Updating window title bar state: overlay mode, drag disabled, window buttons hidden, title bar hidden
[2018.10.22-13.44.53:602][237]LogPlayLevel: Display: Destroying online subsystem :Context_6
[2018.10.22-13.44.55:764][493]LogPlayLevel: PlayLevel: No blueprints needed recompiling
[2018.10.22-13.44.55:764][493]PIE: New page: PIE session: Testi (22.10.2018 19.44.55)
[2018.10.22-13.44.55:764][493]LogPlayLevel: Creating play world package: /Game/UEDPIE_0_Testi
[2018.10.22-13.44.55:767][493]LogPlayLevel: PIE: StaticDuplicateObject took: (0.002343s)
[2018.10.22-13.44.55:768][493]LogAIModule: Creating AISystem for world Testi
[2018.10.22-13.44.55:768][493]LogPlayLevel: PIE: World Init took: (0.000834s)
[2018.10.22-13.44.55:768][493]LogPlayLevel: PIE: Created PIE world by copying editor world from /Game/Testi.Testi to /Game/UEDPIE_0_Testi.Testi (0.003646s)
[2018.10.22-13.44.55:793][493]LogInit: XAudio2 using 'Speakers (Logitech G35 Headset)' : 2 channels at 44.1 kHz using 16 bits per sample (channel mask 0x3)
[2018.10.22-13.44.55:803][493]LogInit: FAudioDevice initialized.
[2018.10.22-13.44.55:842][493]LogLoad: Game class is 'GameModeBase'
[2018.10.22-13.44.55:843][493]LogWorld: Bringing World /Game/UEDPIE_0_Testi.Testi up for play (max tick rate 0) at 2018.10.22-16.44.55
[2018.10.22-13.44.55:844][493]LogWorld: Bringing up level for play took: 0.001106
[2018.10.22-13.44.55:858][493]PIE: Play in editor start time for /Game/UEDPIE_0_Testi 0,689
[2018.10.22-13.45.05:905][684]LogSlate: Updating window title bar state: overlay mode, drag disabled, window buttons hidden, title bar hidden
[2018.10.22-13.45.05:955][684]LogPlayLevel: Display: Shutting down PIE online subsystems
[2018.10.22-13.45.05:981][684]LogSlate: Updating window title bar state: overlay mode, drag disabled, window buttons hidden, title bar hidden
[2018.10.22-13.45.06:024][686]LogPlayLevel: Display: Destroying online subsystem :Context_7
[2018.10.22-13.45.09:132][ 55]LogEditorViewport: Clicking on Actor (LMB): MyPawn (Pelaaja)
[2018.10.22-13.45.10:049][138]LogEditorViewport: Clicking on Actor (LMB): MyPawn (Pelaaja)
[2018.10.22-13.45.10:975][232]LogEditorViewport: Clicking on Actor (LMB): MyPawn (Pelaaja)
[2018.10.22-13.45.16:558][809]LogSlate: FSceneViewport::OnFocusLost() reason 0
[2018.10.22-13.45.16:665][820]LogTemp: Repeating last play command: Selected Viewport
[2018.10.22-13.45.16:689][820]LogPlayLevel: PlayLevel: No blueprints needed recompiling
[2018.10.22-13.45.16:689][820]PIE: New page: PIE session: Testi (22.10.2018 19.45.16)
[2018.10.22-13.45.16:689][820]LogPlayLevel: Creating play world package: /Game/UEDPIE_0_Testi
[2018.10.22-13.45.16:691][820]LogPlayLevel: PIE: StaticDuplicateObject took: (0.002060s)
[2018.10.22-13.45.16:692][820]LogAIModule: Creating AISystem for world Testi
[2018.10.22-13.45.16:692][820]LogPlayLevel: PIE: World Init took: (0.000838s)
[2018.10.22-13.45.16:692][820]LogPlayLevel: PIE: Created PIE world by copying editor world from /Game/Testi.Testi to /Game/UEDPIE_0_Testi.Testi (0.003204s)
[2018.10.22-13.45.16:759][820]LogInit: XAudio2 using 'Speakers (Logitech G35 Headset)' : 2 channels at 44.1 kHz using 16 bits per sample (channel mask 0x3)
[2018.10.22-13.45.16:770][820]LogInit: FAudioDevice initialized.
[2018.10.22-13.45.16:805][820]LogLoad: Game class is 'GameModeBase'
[2018.10.22-13.45.16:806][820]LogWorld: Bringing World /Game/UEDPIE_0_Testi.Testi up for play (max tick rate 0) at 2018.10.22-16.45.16
[2018.10.22-13.45.16:807][820]LogWorld: Bringing up level for play took: 0.000973
[2018.10.22-13.45.16:821][820]PIE: Play in editor start time for /Game/UEDPIE_0_Testi −0,348
[2018.10.22-13.46.05:115][578]LogSlate: Updating window title bar state: overlay mode, drag disabled, window buttons hidden, title bar hidden
[2018.10.22-13.46.05:155][578]LogPlayLevel: Display: Shutting down PIE online subsystems
[2018.10.22-13.46.05:181][578]LogSlate: Updating window title bar state: overlay mode, drag disabled, window buttons hidden, title bar hidden
[2018.10.22-13.46.05:225][580]LogPlayLevel: Display: Destroying online subsystem :Context_8
[2018.10.22-13.46.11:673][344]LogSlate: FSceneViewport::OnFocusLost() reason 0
[2018.10.22-13.48.32:488][ 90]Cmd: OBJ SAVEPACKAGE PACKAGE="/Game/Testi" FILE="../../../../../../Users/Mika/Documents/Unreal Projects/Youtube/Content/Testi.umap" SILENT=true AUTOSAVING=false KEEPDIRTY=false
[2018.10.22-13.48.32:766][ 90]LogSavePackage: Moving '../../../../../../Users/Mika/Documents/Unreal Projects/Youtube/Saved/TestiDEC8A7CE4BAFEBB8CAA1FEA85DD5B826.tmp' to '../../../../../../Users/Mika/Documents/Unreal Projects/Youtube/Content/Testi.umap'
[2018.10.22-13.48.32:791][ 90]Cmd: OBJ SAVEPACKAGE PACKAGE="/Game/Testi_BuiltData" FILE="../../../../../../Users/Mika/Documents/Unreal Projects/Youtube/Content/Testi_BuiltData.uasset" SILENT=true
[2018.10.22-13.48.33:617][ 90]LogSavePackage: Moving '../../../../../../Users/Mika/Documents/Unreal Projects/Youtube/Saved/Testi_BuiltDataC238EDAE4C44C396A90A88AB2E21F81B.tmp' to '../../../../../../Users/Mika/Documents/Unreal Projects/Youtube/Content/Testi_BuiltData.uasset'
[2018.10.22-13.48.36:049][373]LogEditor: Attempting to add actor of class 'MyActor' to level at -220.00,190.00,20.00
[2018.10.22-13.48.36:049][373]LogActor: Warning: MyActor /Game/Testi.Testi:PersistentLevel.MyActor_0 has natively added scene component(s), but none of them were set as the actor's RootComponent - picking one arbitrarily
[2018.10.22-13.48.36:704][445]LogEditor: Attempting to add actor of class 'MyActor' to level at 440.00,300.00,110.00
[2018.10.22-13.48.36:705][445]LogActor: Warning: MyActor /Game/Testi.Testi:PersistentLevel.MyActor_1 has natively added scene component(s), but none of them were set as the actor's RootComponent - picking one arbitrarily
[2018.10.22-13.48.47:542][697]LogSlate: FSceneViewport::OnFocusLost() reason 0
[2018.10.22-13.48.53:996][457]LogSlate: FSceneViewport::OnFocusLost() reason 0
[2018.10.22-13.49.04:190][650]LogSlate: FSceneViewport::OnFocusLost() reason 0
[2018.10.22-13.49.07:534][ 36]LogActorFactory: Actor Factory created Sphere
[2018.10.22-13.49.10:272][336]LogSlate: FSceneViewport::OnFocusLost() reason 0
[2018.10.22-13.49.20:627][544]LogSlate: FSceneViewport::OnFocusLost() reason 0
[2018.10.22-13.54.59:281][768]LogSlate: Window 'Save Content' being destroyed
[2018.10.22-13.54.59:378][768]Cmd: OBJ SAVEPACKAGE PACKAGE="/Game/Testi" FILE="../../../../../../Users/Mika/Documents/Unreal Projects/Youtube/Content/Testi.umap" SILENT=true AUTOSAVING=false KEEPDIRTY=false
[2018.10.22-13.54.59:490][768]LogSavePackage: Moving '../../../../../../Users/Mika/Documents/Unreal Projects/Youtube/Saved/TestiE417A76641428D64DDF739861E699DD6.tmp' to '../../../../../../Users/Mika/Documents/Unreal Projects/Youtube/Content/Testi.umap'
[2018.10.22-13.54.59:519][768]LogFileHelpers: Saving map 'Testi' took 0.216
[2018.10.22-13.54.59:583][768]LogSlate: Window 'Youtube - Unreal Editor' being destroyed
[2018.10.22-13.54.59:787][769]Cmd: QUIT_EDITOR
[2018.10.22-13.55.00:302][769]LogWindowsTextInputMethodSystem: Display: IME system now deactivated.
[2018.10.22-13.55.00:314][769]LogExit: Preparing to exit.
[2018.10.22-13.55.01:324][769]LogExit: Editor shut down
[2018.10.22-13.55.01:324][769]LogExit: Transaction tracking system shut down
[2018.10.22-13.55.01:860][769]LogExit: Object subsystem successfully closed.
[2018.10.22-13.55.01:882][769]LogShaderCompilers: Display: Shaders left to compile 0
[2018.10.22-13.55.01:886][769]LogD3D11RHI: Shutdown
[2018.10.22-13.55.01:886][769]LogD3D11RHI: CleanupD3DDevice
[2018.10.22-13.55.01:888][769]LogD3D11RHI: ~FD3D11DynamicRHI
[2018.10.22-13.55.01:900][769]LogModuleManager: Shutting down and abandoning module MovieSceneCapture (618)
[2018.10.22-13.55.01:900][769]LogModuleManager: Shutting down and abandoning module Voice (616)
[2018.10.22-13.55.01:900][769]LogModuleManager: Shutting down and abandoning module HierarchicalLODOutliner (614)
[2018.10.22-13.55.01:900][769]LogModuleManager: Shutting down and abandoning module SceneOutliner (612)
[2018.10.22-13.55.01:900][769]LogModuleManager: Shutting down and abandoning module AddContentDialog (610)
[2018.10.22-13.55.01:901][769]LogModuleManager: Shutting down and abandoning module WidgetCarousel (609)
[2018.10.22-13.55.01:901][769]LogModuleManager: Shutting down and abandoning module EditorWidgets (606)
[2018.10.22-13.55.01:901][769]LogModuleManager: Shutting down and abandoning module CollectionManager (604)
[2018.10.22-13.55.01:902][769]LogModuleManager: Shutting down and abandoning module HierarchicalLODUtilities (602)
[2018.10.22-13.55.01:902][769]LogModuleManager: Shutting down and abandoning module StatsViewer (600)
[2018.10.22-13.55.01:902][769]LogModuleManager: Shutting down and abandoning module FoliageEdit (598)
[2018.10.22-13.55.01:902][769]LogModuleManager: Shutting down and abandoning module LandscapeEditor (596)
[2018.10.22-13.55.01:902][769]LogModuleManager: Shutting down and abandoning module MeshPaintMode (594)
[2018.10.22-13.55.01:902][769]LogModuleManager: Shutting down and abandoning module SceneDepthPickerMode (592)
[2018.10.22-13.55.01:902][769]LogModuleManager: Shutting down and abandoning module ActorPickerMode (590)
[2018.10.22-13.55.01:903][769]LogModuleManager: Shutting down and abandoning module GeometryMode (588)
[2018.10.22-13.55.01:903][769]LogModuleManager: Shutting down and abandoning module TextureAlignMode (586)
[2018.10.22-13.55.01:903][769]LogModuleManager: Shutting down and abandoning module BspMode (584)
[2018.10.22-13.55.01:903][769]LogModuleManager: Shutting down and abandoning module PIEPreviewDeviceProfileSelector (582)
[2018.10.22-13.55.01:903][769]LogModuleManager: Shutting down and abandoning module SequenceRecorderSections (580)
[2018.10.22-13.55.01:903][769]LogModuleManager: Shutting down and abandoning module AutomationWorker (578)
[2018.10.22-13.55.01:903][769]LogModuleManager: Shutting down and abandoning module AudioCaptureEditor (576)
[2018.10.22-13.55.01:903][769]LogModuleManager: Shutting down and abandoning module SequenceRecorder (575)
[2018.10.22-13.55.01:904][769]LogModuleManager: Shutting down and abandoning module MatineeToLevelSequence (572)
[2018.10.22-13.55.01:904][769]LogModuleManager: Shutting down and abandoning module LevelSequenceEditor (570)
[2018.10.22-13.55.01:904][769]LogModuleManager: Shutting down and abandoning module PlacementMode (569)
[2018.10.22-13.55.01:904][769]LogModuleManager: Shutting down and abandoning module MaterialEditor (568)
[2018.10.22-13.55.01:904][769]LogModuleManager: Shutting down and abandoning module WmfMediaFactory (564)
[2018.10.22-13.55.01:904][769]LogModuleManager: Shutting down and abandoning module WmfMediaEditor (562)
[2018.10.22-13.55.01:904][769]LogModuleManager: Shutting down and abandoning module MediaPlayerEditor (560)
[2018.10.22-13.55.01:905][769]LogModuleManager: Shutting down and abandoning module OpenExrWrapper (558)
[2018.10.22-13.55.01:905][769]LogModuleManager: Shutting down and abandoning module ImgMediaFactory (556)
[2018.10.22-13.55.01:905][769]LogModuleManager: Shutting down and abandoning module ImgMediaEditor (554)
[2018.10.22-13.55.01:905][769]LogModuleManager: Shutting down and abandoning module AvfMediaFactory (552)
[2018.10.22-13.55.01:905][769]LogModuleManager: Shutting down and abandoning module AvfMediaEditor (550)
[2018.10.22-13.55.01:905][769]LogModuleManager: Shutting down and abandoning module AndroidMediaFactory (548)
[2018.10.22-13.55.01:905][769]LogModuleManager: Shutting down and abandoning module AndroidMediaEditor (546)
[2018.10.22-13.55.01:906][769]LogModuleManager: Shutting down and abandoning module MagicLeapCameraPreviewFactory (544)
[2018.10.22-13.55.01:906][769]LogModuleManager: Shutting down and abandoning module MagicLeapMediaFactory (542)
[2018.10.22-13.55.01:906][769]LogModuleManager: Shutting down and abandoning module MagicLeapMediaEditor (540)
[2018.10.22-13.55.01:906][769]LogModuleManager: Shutting down and abandoning module CharacterAI (538)
[2018.10.22-13.55.01:906][769]LogModuleManager: Shutting down and abandoning module SmartSnapping (536)
[2018.10.22-13.55.01:906][769]LogModuleManager: Shutting down and abandoning module SessionServices (534)
[2018.10.22-13.55.01:906][769]LogModuleManager: Shutting down and abandoning module ViewportSnapping (532)
[2018.10.22-13.55.01:906][769]LogModuleManager: Shutting down and abandoning module ViewportInteraction (530)
[2018.10.22-13.55.01:906][769]LogModuleManager: Shutting down and abandoning module ClothPainter (528)
[2018.10.22-13.55.01:906][769]LogModuleManager: Shutting down and abandoning module SkeletalMeshEditor (527)
[2018.10.22-13.55.01:906][769]LogModuleManager: Shutting down and abandoning module LogVisualizer (524)
[2018.10.22-13.55.01:906][769]LogModuleManager: Shutting down and abandoning module IntroTutorials (522)
[2018.10.22-13.55.01:908][769]LogModuleManager: Shutting down and abandoning module GameProjectGeneration (521)
[2018.10.22-13.55.01:908][769]LogModuleManager: Shutting down and abandoning module LuminPlatformEditor (518)
[2018.10.22-13.55.01:908][769]LogModuleManager: Shutting down and abandoning module IOSPlatformEditor (516)
[2018.10.22-13.55.01:908][769]LogModuleManager: Shutting down and abandoning module HTML5PlatformEditor (514)
[2018.10.22-13.55.01:908][769]LogModuleManager: Shutting down and abandoning module AndroidPlatformEditor (512)
[2018.10.22-13.55.01:908][769]LogModuleManager: Shutting down and abandoning module AndroidDeviceDetection (511)
[2018.10.22-13.55.02:535][769]LogModuleManager: Shutting down and abandoning module WindowsPlatformEditor (508)
[2018.10.22-13.55.02:536][769]LogModuleManager: Shutting down and abandoning module LuminRuntimeSettings (506)
[2018.10.22-13.55.02:536][769]LogModuleManager: Shutting down and abandoning module IOSRuntimeSettings (504)
[2018.10.22-13.55.02:536][769]LogModuleManager: Shutting down and abandoning module AndroidRuntimeSettings (502)
[2018.10.22-13.55.02:536][769]LogModuleManager: Shutting down and abandoning module InputBindingEditor (500)
[2018.10.22-13.55.02:537][769]LogModuleManager: Shutting down and abandoning module MergeActors (498)
[2018.10.22-13.55.02:537][769]LogModuleManager: Shutting down and abandoning module LocalizationDashboard (496)
[2018.10.22-13.55.02:538][769]LogModuleManager: Shutting down and abandoning module LocalizationService (495)
[2018.10.22-13.55.02:538][769]LogModuleManager: Shutting down and abandoning module HardwareTargeting (492)
[2018.10.22-13.55.02:538][769]LogModuleManager: Shutting down and abandoning module DeviceProfileEditor (490)
[2018.10.22-13.55.02:538][769]LogModuleManager: Shutting down and abandoning module UndoHistory (488)
[2018.10.22-13.55.02:539][769]LogModuleManager: Shutting down and abandoning module XmlParser (486)
[2018.10.22-13.55.02:539][769]LogModuleManager: Shutting down and abandoning module Blutility (484)
[2018.10.22-13.55.02:539][769]LogModuleManager: Shutting down and abandoning module ProjectSettingsViewer (482)
[2018.10.22-13.55.02:540][769]LogModuleManager: Shutting down and abandoning module ProjectTargetPlatformEditor (481)
[2018.10.22-13.55.02:540][769]LogModuleManager: Shutting down and abandoning module EditorSettingsViewer (478)
[2018.10.22-13.55.02:541][769]LogModuleManager: Shutting down and abandoning module SettingsEditor (476)
[2018.10.22-13.55.02:542][769]LogModuleManager: Shutting down and abandoning module ProjectLauncher (474)
[2018.10.22-13.55.02:542][769]LogModuleManager: Shutting down and abandoning module SessionFrontend (472)
[2018.10.22-13.55.02:542][769]LogModuleManager: Shutting down and abandoning module ProfilerClient (470)
[2018.10.22-13.55.02:542][769]LogModuleManager: Shutting down and abandoning module DeviceManager (468)
[2018.10.22-13.55.02:543][769]LogModuleManager: Shutting down and abandoning module TargetDeviceServices (467)
[2018.10.22-13.55.02:598][769]LogModuleManager: Shutting down and abandoning module AutomationController (464)
[2018.10.22-13.55.02:598][769]LogModuleManager: Shutting down and abandoning module AutomationWindow (462)
[2018.10.22-13.55.02:598][769]LogModuleManager: Shutting down and abandoning module Layers (460)
[2018.10.22-13.55.02:598][769]LogModuleManager: Shutting down and abandoning module ComponentVisualizers (458)
[2018.10.22-13.55.02:598][769]LogModuleManager: Shutting down and abandoning module DetailCustomizations (456)
[2018.10.22-13.55.02:598][769]LogModuleManager: Shutting down and abandoning module PackagesDialog (454)
[2018.10.22-13.55.02:598][769]LogModuleManager: Shutting down and abandoning module Persona (452)
[2018.10.22-13.55.02:599][769]LogModuleManager: Shutting down and abandoning module AdvancedPreviewScene (451)
[2018.10.22-13.55.02:599][769]LogModuleManager: Shutting down and abandoning module AnimGraph (449)
[2018.10.22-13.55.02:599][769]LogModuleManager: Shutting down and abandoning module Kismet (446)
[2018.10.22-13.55.02:599][769]LogModuleManager: Shutting down and abandoning module GraphEditor (444)
[2018.10.22-13.55.02:600][769]LogModuleManager: Shutting down and abandoning module ClassViewer (442)
[2018.10.22-13.55.02:600][769]LogModuleManager: Shutting down and abandoning module Toolbox (440)
[2018.10.22-13.55.02:600][769]LogModuleManager: Shutting down and abandoning module DesktopPlatform (439)
[2018.10.22-13.55.02:600][769]LogModuleManager: Shutting down and abandoning module ModuleUI (436)
[2018.10.22-13.55.02:600][769]LogModuleManager: Shutting down and abandoning module MovieSceneTools (434)
[2018.10.22-13.55.02:604][769]LogModuleManager: Shutting down and abandoning module OutputLog (432)
[2018.10.22-13.55.02:604][769]LogModuleManager: Shutting down and abandoning module GammaUI (430)
[2018.10.22-13.55.02:605][769]LogModuleManager: Shutting down and abandoning module Documentation (428)
[2018.10.22-13.55.02:606][769]LogModuleManager: Shutting down and abandoning module MovieSceneTracks (426)
[2018.10.22-13.55.02:607][769]LogModuleManager: Shutting down and abandoning module MovieScene (424)
[2018.10.22-13.55.02:608][769]LogModuleManager: Shutting down and abandoning module StreamingPauseRendering (422)
[2018.10.22-13.55.02:608][769]LogModuleManager: Shutting down and abandoning module LauncherPlatform (420)
[2018.10.22-13.55.02:610][769]LogModuleManager: Shutting down and abandoning module AnalyticsET (418)
[2018.10.22-13.55.02:610][769]LogModuleManager: Shutting down and abandoning module PortalServices (416)
[2018.10.22-13.55.02:611][769]LogModuleManager: Shutting down and abandoning module PortalRpc (414)
[2018.10.22-13.55.02:612][769]LogModuleManager: Shutting down and abandoning module MessagingRpc (412)
[2018.10.22-13.55.02:613][769]LogModuleManager: Shutting down and abandoning module AIModule (410)
[2018.10.22-13.55.02:613][769]LogModuleManager: Shutting down and abandoning module GameplayDebugger (409)
[2018.10.22-13.55.02:613][769]LogModuleManager: Shutting down and abandoning module AITestSuite (407)
[2018.10.22-13.55.02:613][769]LogModuleManager: Shutting down and abandoning module NavigationSystem (405)
[2018.10.22-13.55.02:613][769]LogModuleManager: Shutting down and abandoning module ProfilerService (402)
[2018.10.22-13.55.02:625][769]LogModuleManager: Shutting down and abandoning module TaskGraph (400)
[2018.10.22-13.55.02:625][769]LogModuleManager: Shutting down and abandoning module SteamVRController (398)
[2018.10.22-13.55.02:626][769]LogModuleManager: Shutting down and abandoning module ProceduralMeshComponentEditor (396)
[2018.10.22-13.55.02:626][769]LogModuleManager: Shutting down and abandoning module ProceduralMeshComponent (394)
[2018.10.22-13.55.02:626][769]LogModuleManager: Shutting down and abandoning module OculusInput (392)
[2018.10.22-13.55.02:626][769]LogModuleManager: Shutting down and abandoning module MobilePatchingUtils (390)
[2018.10.22-13.55.02:626][769]LogModuleManager: Shutting down and abandoning module EditableMesh (388)
[2018.10.22-13.55.02:626][769]LogModuleManager: Shutting down and abandoning module CustomMeshComponent (386)
[2018.10.22-13.55.02:626][769]LogModuleManager: Shutting down and abandoning module CableComponent (384)
[2018.10.22-13.55.02:626][769]LogModuleManager: Shutting down and abandoning module AudioCapture (382)
[2018.10.22-13.55.02:626][769]LogModuleManager: Shutting down and abandoning module ArchVisCharacter (380)
[2018.10.22-13.55.02:626][769]LogModuleManager: Shutting down and abandoning module AndroidPermission (378)
[2018.10.22-13.55.02:626][769]LogModuleManager: Shutting down and abandoning module NUTUnrealEngine4 (376)
[2018.10.22-13.55.02:626][769]LogModuleManager: Shutting down and abandoning module NetcodeUnitTest (374)
[2018.10.22-13.55.02:627][769]LogModuleManager: Shutting down and abandoning module MediaCompositingEditor (372)
[2018.10.22-13.55.02:627][769]LogModuleManager: Shutting down and abandoning module MediaCompositing (370)
[2018.10.22-13.55.02:627][769]LogModuleManager: Shutting down and abandoning module LinearTimecode (368)
[2018.10.22-13.55.02:627][769]LogModuleManager: Shutting down and abandoning module ImgMedia (366)
[2018.10.22-13.55.02:634][769]LogModuleManager: Shutting down and abandoning module HTML5Networking (364)
[2018.10.22-13.55.02:634][769]LogModuleManager: Shutting down and abandoning module GeometryCacheTracks (362)
[2018.10.22-13.55.02:634][769]LogModuleManager: Shutting down and abandoning module GeometryCacheSequencer (360)
[2018.10.22-13.55.02:634][769]LogModuleManager: Shutting down and abandoning module BackChannel (358)
[2018.10.22-13.55.02:634][769]LogModuleManager: Shutting down and abandoning module AppleVision (356)
[2018.10.22-13.55.02:634][769]LogModuleManager: Shutting down and abandoning module AppleImageUtils (354)
[2018.10.22-13.55.02:634][769]LogModuleManager: Shutting down and abandoning module AlembicImporter (352)
[2018.10.22-13.55.02:634][769]LogModuleManager: Shutting down and abandoning module AlembicLibrary (351)
[2018.10.22-13.55.02:635][769]LogModuleManager: Shutting down and abandoning module GeometryCache (350)
[2018.10.22-13.55.02:635][769]LogModuleManager: Shutting down and abandoning module GeometryCacheEd (349)
[2018.10.22-13.55.02:635][769]LogModuleManager: Shutting down and abandoning module DatasmithContentEditor (344)
[2018.10.22-13.55.02:635][769]LogModuleManager: Shutting down and abandoning module DatasmithContent (342)
[2018.10.22-13.55.02:635][769]LogModuleManager: Shutting down and abandoning module SpeedTreeImporter (340)
[2018.10.22-13.55.02:635][769]LogModuleManager: Shutting down and abandoning module PluginBrowser (338)
[2018.10.22-13.55.02:635][769]LogModuleManager: Shutting down and abandoning module MobileLauncherProfileWizard (336)
[2018.10.22-13.55.02:635][769]LogModuleManager: Shutting down and abandoning module PolygonModeling (334)
[2018.10.22-13.55.02:635][769]LogModuleManager: Shutting down and abandoning module MeshEditor (332)
[2018.10.22-13.55.02:636][769]LogModuleManager: Shutting down and abandoning module CryptoKeysOpenSSL (330)
[2018.10.22-13.55.02:636][769]LogModuleManager: Shutting down and abandoning module CryptoKeys (328)
[2018.10.22-13.55.02:636][769]LogModuleManager: Shutting down and abandoning module VisualStudioSourceCodeAccess (326)
[2018.10.22-13.55.02:636][769]LogModuleManager: Shutting down and abandoning module VisualStudioCodeSourceCodeAccess (324)
[2018.10.22-13.55.02:636][769]LogModuleManager: Shutting down and abandoning module UObjectPlugin (322)
[2018.10.22-13.55.02:636][769]LogModuleManager: Shutting down and abandoning module SubversionSourceControl (320)
[2018.10.22-13.55.02:636][769]LogModuleManager: Shutting down and abandoning module PerforceSourceControl (318)
[2018.10.22-13.55.02:636][769]LogModuleManager: Shutting down and abandoning module GitSourceControl (316)
[2018.10.22-13.55.02:636][769]LogModuleManager: Shutting down and abandoning module SourceControl (315)
[2018.10.22-13.55.02:636][769]LogModuleManager: Shutting down and abandoning module CLionSourceCodeAccess (312)
[2018.10.22-13.55.02:636][769]LogModuleManager: Shutting down and abandoning module LightPropagationVolumeEditor (310)
[2018.10.22-13.55.02:637][769]LogModuleManager: Shutting down and abandoning module PaperTiledImporter (308)
[2018.10.22-13.55.02:637][769]LogModuleManager: Shutting down and abandoning module PaperSpriteSheetImporter (306)
[2018.10.22-13.55.02:637][769]LogModuleManager: Shutting down and abandoning module Paper2DEditor (304)
[2018.10.22-13.55.02:637][769]LogModuleManager: Shutting down and abandoning module MeshPaint (303)
[2018.10.22-13.55.02:637][769]LogModuleManager: Shutting down and abandoning module Youtube (300)
[2018.10.22-13.55.02:637][769]LogModuleManager: Shutting down and abandoning module RuntimePhysXCooking (298)
[2018.10.22-13.55.02:637][769]LogModuleManager: Shutting down and abandoning module PhysXVehiclesEditor (296)
[2018.10.22-13.55.02:637][769]LogModuleManager: Shutting down and abandoning module PhysXVehicles (294)
[2018.10.22-13.55.02:637][769]LogModuleManager: Shutting down and abandoning module OculusEditor (292)
[2018.10.22-13.55.02:637][769]LogModuleManager: Shutting down and abandoning module LocationServicesBPLibrary (290)
[2018.10.22-13.55.02:637][769]LogModuleManager: Shutting down and abandoning module ImmediatePhysicsEditor (288)
[2018.10.22-13.55.02:637][769]LogModuleManager: Shutting down and abandoning module ImmediatePhysics (286)
[2018.10.22-13.55.02:637][769]LogModuleManager: Shutting down and abandoning module ActorSequence (284)
[2018.10.22-13.55.02:637][769]LogModuleManager: Shutting down and abandoning module UdpMessaging (282)
[2018.10.22-13.55.02:738][769]LogModuleManager: Shutting down and abandoning module TcpMessaging (280)
[2018.10.22-13.55.02:839][769]LogModuleManager: Shutting down and abandoning module MagicLeapAudio (278)
[2018.10.22-13.55.02:839][769]LogModuleManager: Shutting down and abandoning module GameplayTagsEditor (276)
[2018.10.22-13.55.02:839][769]LogModuleManager: Shutting down and abandoning module FacialAnimationEditor (274)
[2018.10.22-13.55.02:839][769]LogModuleManager: Shutting down and abandoning module FacialAnimation (272)
[2018.10.22-13.55.02:840][769]LogModuleManager: Shutting down and abandoning module DataValidation (270)
[2018.10.22-13.55.02:840][769]LogModuleManager: Shutting down and abandoning module AssetManagerEditor (268)
[2018.10.22-13.55.02:841][769]LogModuleManager: Shutting down and abandoning module LevelEditor (267)
[2018.10.22-13.55.02:843][769]LogModuleManager: Shutting down and abandoning module PixelInspectorModule (266)
[2018.10.22-13.55.02:844][769]LogModuleManager: Shutting down and abandoning module CommonMenuExtensions (264)
[2018.10.22-13.55.02:844][769]LogModuleManager: Shutting down and abandoning module MainFrame (262)
[2018.10.22-13.55.02:844][769]LogModuleManager: Shutting down and abandoning module HotReload (261)
[2018.10.22-13.55.02:845][769]LogModuleManager: Shutting down and abandoning module ContentBrowser (257)
[2018.10.22-13.55.02:847][769]LogModuleManager: Shutting down and abandoning module TreeMap (255)
[2018.10.22-13.55.02:847][769]LogModuleManager: Shutting down and abandoning module LightPropagationVolumeRuntime (252)
[2018.10.22-13.55.02:847][769]LogModuleManager: Shutting down and abandoning module AISupportModule (250)
[2018.10.22-13.55.02:847][769]LogModuleManager: Shutting down and abandoning module Paper2D (248)
[2018.10.22-13.55.02:847][769]LogModuleManager: Shutting down and abandoning module WindowsMoviePlayer (246)
[2018.10.22-13.55.02:847][769]LogModuleManager: Shutting down and abandoning module WmfMedia (244)
[2018.10.22-13.55.02:851][769]LogModuleManager: Shutting down and abandoning module Media (243)
[2018.10.22-13.55.02:858][769]LogModuleManager: Shutting down and abandoning module PacketHandler (240)
[2018.10.22-13.55.02:858][769]LogModuleManager: Shutting down and abandoning module ClothingSystemEditor (238)
[2018.10.22-13.55.02:858][769]LogModuleManager: Shutting down and abandoning module ClothingSystemRuntime (236)
[2018.10.22-13.55.02:858][769]LogModuleManager: Shutting down and abandoning module MediaAssets (234)
[2018.10.22-13.55.02:858][769]LogModuleManager: Shutting down and abandoning module Overlay (232)
[2018.10.22-13.55.02:858][769]LogModuleManager: Shutting down and abandoning module OverlayEditor (231)
[2018.10.22-13.55.02:859][769]LogModuleManager: Shutting down and abandoning module VREditor (228)
[2018.10.22-13.55.02:860][769]LogModuleManager: Shutting down and abandoning module StringTableEditor (226)
[2018.10.22-13.55.02:860][769]LogModuleManager: Shutting down and abandoning module GameplayTasksEditor (224)
[2018.10.22-13.55.02:860][769]LogModuleManager: Shutting down and abandoning module BehaviorTreeEditor (222)
[2018.10.22-13.55.02:861][769]LogModuleManager: Shutting down and abandoning module FunctionalTesting (220)
[2018.10.22-13.55.02:861][769]LogModuleManager: Shutting down and abandoning module CollisionAnalyzer (218)
[2018.10.22-13.55.02:861][769]LogModuleManager: Shutting down and abandoning module WorkspaceMenuStructure (217)
[2018.10.22-13.55.02:861][769]LogModuleManager: Shutting down and abandoning module UMG (214)
[2018.10.22-13.55.02:861][769]LogModuleManager: Shutting down and abandoning module UMGEditor (213)
[2018.10.22-13.55.02:861][769]LogModuleManager: Shutting down and abandoning module Sequencer (212)
[2018.10.22-13.55.02:861][769]LogModuleManager: Shutting down and abandoning module MessageLog (209)
[2018.10.22-13.55.02:861][769]LogModuleManager: Shutting down and abandoning module SlateReflector (204)
[2018.10.22-13.55.02:862][769]LogModuleManager: Shutting down and abandoning module Slate (202)
[2018.10.22-13.55.02:862][769]LogModuleManager: Shutting down and abandoning module EditorStyle (200)
[2018.10.22-13.55.02:863][769]LogModuleManager: Shutting down and abandoning module MRMesh (198)
[2018.10.22-13.55.02:864][769]LogModuleManager: Shutting down and abandoning module SourceCodeAccess (196)
[2018.10.22-13.55.02:864][769]LogModuleManager: Shutting down and abandoning module HeadMountedDisplay (194)
[2018.10.22-13.55.02:864][769]LogModuleManager: Shutting down and abandoning module XAudio2 (192)
[2018.10.22-13.55.02:864][769]LogModuleManager: Shutting down and abandoning module Networking (190)
[2018.10.22-13.55.02:864][769]LogModuleManager: Shutting down and abandoning module Core (188)
[2018.10.22-13.55.02:864][769]LogModuleManager: Shutting down and abandoning module LevelSequence (186)
[2018.10.22-13.55.02:864][769]LogModuleManager: Shutting down and abandoning module KismetCompiler (184)
[2018.10.22-13.55.02:864][769]LogModuleManager: Shutting down and abandoning module MeshUtilities (182)
[2018.10.22-13.55.02:864][769]LogModuleManager: Shutting down and abandoning module MeshMergeUtilities (181)
[2018.10.22-13.55.02:864][769]LogModuleManager: Shutting down and abandoning module MeshReductionInterface (180)
[2018.10.22-13.55.02:864][769]LogModuleManager: Shutting down and abandoning module SimplygonSwarm (179)
[2018.10.22-13.55.02:864][769]LogModuleManager: Shutting down and abandoning module ProxyLODMeshReduction (177)
[2018.10.22-13.55.02:864][769]LogModuleManager: Shutting down and abandoning module SimplygonMeshReduction (175)
[2018.10.22-13.55.02:864][769]LogModuleManager: Shutting down and abandoning module QuadricMeshReduction (173)
[2018.10.22-13.55.02:865][769]LogModuleManager: Shutting down and abandoning module MaterialBaking (169)
[2018.10.22-13.55.02:865][769]LogModuleManager: Shutting down and abandoning module DirectoryWatcher (165)
[2018.10.22-13.55.02:865][769]LogModuleManager: Shutting down and abandoning module DerivedDataCache (162)
[2018.10.22-13.55.02:916][769]LogDerivedDataCache: Shutdown
[2018.10.22-13.55.02:916][769]LogModuleManager: Shutting down and abandoning module XGEController (160)
[2018.10.22-13.55.02:916][769]LogXGEController: Cleaning working directory: C:/Users/Mika/AppData/Local/Temp/UnrealXGEWorkingDir/
[2018.10.22-13.55.02:917][769]LogModuleManager: Shutting down and abandoning module TargetPlatform (158)
[2018.10.22-13.55.02:917][769]LogModuleManager: Shutting down and abandoning module VulkanShaderFormat (157)
[2018.10.22-13.55.02:917][769]LogModuleManager: Shutting down and abandoning module ShaderFormatVectorVM (155)
[2018.10.22-13.55.02:917][769]LogModuleManager: Shutting down and abandoning module ShaderFormatOpenGL (153)
[2018.10.22-13.55.02:917][769]LogModuleManager: Shutting down and abandoning module ShaderFormatD3D (151)
[2018.10.22-13.55.02:917][769]LogModuleManager: Shutting down and abandoning module MetalShaderFormat (149)
[2018.10.22-13.55.02:917][769]LogModuleManager: Shutting down and abandoning module TextureFormatUncompressed (147)
[2018.10.22-13.55.02:917][769]LogModuleManager: Shutting down and abandoning module TextureFormatPVR (145)
[2018.10.22-13.55.02:917][769]LogModuleManager: Shutting down and abandoning module TextureFormatDXT (143)
[2018.10.22-13.55.02:918][769]LogModuleManager: Shutting down and abandoning module TextureFormatIntelISPCTexComp (141)
[2018.10.22-13.55.02:919][769]LogModuleManager: Shutting down and abandoning module TextureFormatASTC (139)
[2018.10.22-13.55.02:919][769]LogModuleManager: Shutting down and abandoning module ImageWrapper (138)
[2018.10.22-13.55.02:919][769]LogModuleManager: Shutting down and abandoning module TextureFormatAndroid (135)
[2018.10.22-13.55.02:919][769]LogModuleManager: Shutting down and abandoning module AudioFormatOpus (133)
[2018.10.22-13.55.02:919][769]LogModuleManager: Shutting down and abandoning module AudioFormatOgg (131)
[2018.10.22-13.55.02:920][769]LogModuleManager: Shutting down and abandoning module AudioFormatADPCM (129)
[2018.10.22-13.55.02:920][769]LogModuleManager: Shutting down and abandoning module LuminTargetPlatform (127)
[2018.10.22-13.55.02:920][769]LogModuleManager: Shutting down and abandoning module LinuxTargetPlatform (125)
[2018.10.22-13.55.02:920][769]LogModuleManager: Shutting down and abandoning module LinuxServerTargetPlatform (123)
[2018.10.22-13.55.02:920][769]LogModuleManager: Shutting down and abandoning module LinuxNoEditorTargetPlatform (121)
[2018.10.22-13.55.02:920][769]LogModuleManager: Shutting down and abandoning module LinuxClientTargetPlatform (119)
[2018.10.22-13.55.02:920][769]LogModuleManager: Shutting down and abandoning module TVOSTargetPlatform (117)
[2018.10.22-13.55.02:921][769]LogModuleManager: Shutting down and abandoning module Messaging (115)
[2018.10.22-13.55.02:921][769]LogModuleManager: Shutting down and abandoning module IOSTargetPlatform (113)
[2018.10.22-13.55.02:922][769]LogModuleManager: Shutting down and abandoning module HTML5TargetPlatform (111)
[2018.10.22-13.55.02:922][769]LogModuleManager: Shutting down and abandoning module AndroidTargetPlatform (109)
[2018.10.22-13.55.02:929][769]LogModuleManager: Shutting down and abandoning module WindowsTargetPlatform (107)
[2018.10.22-13.55.02:929][769]LogModuleManager: Shutting down and abandoning module WindowsServerTargetPlatform (105)
[2018.10.22-13.55.02:930][769]LogModuleManager: Shutting down and abandoning module WindowsNoEditorTargetPlatform (103)
[2018.10.22-13.55.02:930][769]LogModuleManager: Shutting down and abandoning module WindowsClientTargetPlatform (101)
[2018.10.22-13.55.02:930][769]LogModuleManager: Shutting down and abandoning module MacTargetPlatform (99)
[2018.10.22-13.55.02:930][769]LogModuleManager: Shutting down and abandoning module MacServerTargetPlatform (97)
[2018.10.22-13.55.02:930][769]LogModuleManager: Shutting down and abandoning module MacNoEditorTargetPlatform (95)
[2018.10.22-13.55.02:930][769]LogModuleManager: Shutting down and abandoning module MacClientTargetPlatform (93)
[2018.10.22-13.55.02:930][769]LogModuleManager: Shutting down and abandoning module AllDesktopTargetPlatform (91)
[2018.10.22-13.55.02:930][769]LogModuleManager: Shutting down and abandoning module InputCore (88)
[2018.10.22-13.55.02:930][769]LogModuleManager: Shutting down and abandoning module Settings (86)
[2018.10.22-13.55.02:930][769]LogModuleManager: Shutting down and abandoning module PhysXCooking (84)
[2018.10.22-13.55.02:930][769]LogModuleManager: Shutting down and abandoning module SteamVR (82)
[2018.10.22-13.55.02:930][769]LogModuleManager: Shutting down and abandoning module OculusHMD (80)
[2018.10.22-13.55.02:930][769]LogModuleManager: Shutting down and abandoning module ExampleDeviceProfileSelector (78)
[2018.10.22-13.55.02:931][769]LogModuleManager: Shutting down and abandoning module LauncherChunkInstaller (76)
[2018.10.22-13.55.02:931][769]LogModuleManager: Shutting down and abandoning module OnlineBlueprintSupport (74)
[2018.10.22-13.55.02:931][769]LogModuleManager: Shutting down and abandoning module OnlineSubsystem (70)
[2018.10.22-13.55.02:932][769]LogModuleManager: Shutting down and abandoning module XMPP (65)
[2018.10.22-13.55.02:932][769]LogModuleManager: Shutting down and abandoning module WebSockets (64)
[2018.10.22-13.55.02:945][769]LogModuleManager: Shutting down and abandoning module HTTP (61)
[2018.10.22-13.55.02:945][769]LogHttp: Display: Http module shutting down, but needs to wait on 1 outstanding Http requests:
[2018.10.22-13.55.02:945][769]LogHttp: Display: 	verb=[POST] url=[https://datarouter.ol.epicgames.com/datarouter/api/v1/public/data?SessionID=%7B2DCCF10A-4E01-5A17-2E94-97A5F8EB6F59%7D&AppID=UEEditor.Rocket.Release&AppVersion=4.20.3-4369336%2B%2B%2BUE4%2BRelease-4.20&UserID=1efc369d420bcfe3ade55aa125a5d260%7Cb330d9178038414b88190f046419eaec%7C683c1d4b-4133-4a89-8092-53e72ab21a90&AppEnvironment=datacollector-binary&UploadType=eteventstream] status=Processing
[2018.10.22-13.55.02:974][769]LogModuleManager: Shutting down and abandoning module SSL (60)
[2018.10.22-13.55.02:975][769]LogModuleManager: Shutting down and abandoning module MagicLeapEmulator (56)
[2018.10.22-13.55.02:977][769]LogModuleManager: Shutting down and abandoning module MagicLeapPrivileges (54)
[2018.10.22-13.55.02:977][769]LogModuleManager: Shutting down and abandoning module MagicLeapIdentity (52)
[2018.10.22-13.55.02:977][769]LogModuleManager: Shutting down and abandoning module MagicLeapHelperVulkan (50)
[2018.10.22-13.55.02:977][769]LogModuleManager: Shutting down and abandoning module MagicLeapHelperOpenGL (48)
[2018.10.22-13.55.02:977][769]LogModuleManager: Shutting down and abandoning module MagicLeapSecureStorage (46)
[2018.10.22-13.55.02:977][769]LogModuleManager: Shutting down and abandoning module MagicLeapGestures (44)
[2018.10.22-13.55.02:977][769]LogModuleManager: Shutting down and abandoning module MagicLeapEyeTracker (42)
[2018.10.22-13.55.02:977][769]LogModuleManager: Shutting down and abandoning module MagicLeapController (40)
[2018.10.22-13.55.02:977][769]LogSlate: Slate User Destroyed.  User Index 0, Is Virtual User: 0
[2018.10.22-13.55.02:978][769]LogModuleManager: Shutting down and abandoning module MagicLeap (38)
[2018.10.22-13.55.02:978][769]LogModuleManager: Shutting down and abandoning module AnimationModifiers (36)
[2018.10.22-13.55.02:978][769]LogModuleManager: Shutting down and abandoning module PropertyEditor (35)
[2018.10.22-13.55.02:978][769]LogModuleManager: Shutting down and abandoning module AudioEditor (32)
[2018.10.22-13.55.02:978][769]LogModuleManager: Shutting down and abandoning module TextureCompressor (30)
[2018.10.22-13.55.02:980][769]LogModuleManager: Shutting down and abandoning module ShaderCore (28)
[2018.10.22-13.55.02:981][769]LogModuleManager: Shutting down and abandoning module Landscape (26)
[2018.10.22-13.55.02:981][769]LogModuleManager: Shutting down and abandoning module SlateRHIRenderer (24)
[2018.10.22-13.55.02:981][769]LogModuleManager: Shutting down and abandoning module OpenGLDrv (22)
[2018.10.22-13.55.02:981][769]LogModuleManager: Shutting down and abandoning module D3D11RHI (20)
[2018.10.22-13.55.02:981][769]LogModuleManager: Shutting down and abandoning module AnimGraphRuntime (18)
[2018.10.22-13.55.02:981][769]LogModuleManager: Shutting down and abandoning module Renderer (16)
[2018.10.22-13.55.02:981][769]LogModuleManager: Shutting down and abandoning module Engine (14)
[2018.10.22-13.55.02:981][769]LogModuleManager: Shutting down and abandoning module CoreUObject (12)
[2018.10.22-13.55.02:981][769]LogModuleManager: Shutting down and abandoning module NetworkFile (10)
[2018.10.22-13.55.02:981][769]LogModuleManager: Shutting down and abandoning module CookedIterativeFile (8)
[2018.10.22-13.55.02:982][769]LogModuleManager: Shutting down and abandoning module StreamingFile (6)
[2018.10.22-13.55.02:982][769]LogModuleManager: Shutting down and abandoning module SandboxFile (4)
[2018.10.22-13.55.02:982][769]LogModuleManager: Shutting down and abandoning module PakFile (2)
[2018.10.22-13.55.02:991][769]LogExit: Exiting.
[2018.10.22-13.55.03:017][769]Log file closed, 10/22/18 16:55:03
