Log file open, 10/22/18 16:09:22
LogWindows: Failed to load 'aqProf.dll' (GetLastError=126)
LogWindows: File 'aqProf.dll' does not exist
LogWindows: Failed to load 'VtuneApi.dll' (GetLastError=126)
LogWindows: File 'VtuneApi.dll' does not exist
LogWindows: Failed to load 'VtuneApi32e.dll' (GetLastError=126)
LogWindows: File 'VtuneApi32e.dll' does not exist
LogInit: Display: Running engine for game: Youtube
LogPlatformFile: Not using cached read wrapper
LogTaskGraph: Started task graph with 5 named threads and 14 total threads with 3 sets of task threads.
LogStats: Stats thread started at 2.981681
LogD3D11RHI: Loaded GFSDK_Aftermath_Lib.x64.dll
LogICUInternationalization: Display: ICU TimeZone Detection - Raw Offset: +2:00, Platform Override: ''
LogPluginManager: Mounting plugin Paper2D
LogPluginManager: Mounting plugin AISupport
LogPluginManager: Mounting plugin LightPropagationVolume
LogPluginManager: Mounting plugin CLionSourceCodeAccess
LogPluginManager: Mounting plugin CodeLiteSourceCodeAccess
LogPluginManager: Mounting plugin GitSourceControl
LogPluginManager: Mounting plugin KDevelopSourceCodeAccess
LogPluginManager: Mounting plugin NullSourceCodeAccess
LogPluginManager: Mounting plugin PerforceSourceControl
LogPluginManager: Mounting plugin SubversionSourceControl
LogPluginManager: Mounting plugin UObjectPlugin
LogPluginManager: Mounting plugin VisualStudioCodeSourceCodeAccess
LogPluginManager: Mounting plugin VisualStudioSourceCodeAccess
LogPluginManager: Mounting plugin XCodeSourceCodeAccess
LogPluginManager: Mounting plugin AssetManagerEditor
LogPluginManager: Mounting plugin CryptoKeys
LogPluginManager: Mounting plugin DataValidation
LogPluginManager: Mounting plugin FacialAnimation
LogPluginManager: Mounting plugin GameplayTagsEditor
LogPluginManager: Mounting plugin MacGraphicsSwitching
LogPluginManager: Mounting plugin MeshEditor
LogPluginManager: Mounting plugin MobileLauncherProfileWizard
LogPluginManager: Mounting plugin PluginBrowser
LogPluginManager: Mounting plugin SpeedTreeImporter
LogPluginManager: Mounting plugin DatasmithContent
LogPluginManager: Mounting plugin AlembicImporter
LogPluginManager: Mounting plugin AppleImageUtils
LogPluginManager: Mounting plugin AppleVision
LogPluginManager: Mounting plugin BackChannel
LogPluginManager: Mounting plugin CharacterAI
LogPluginManager: Mounting plugin GeometryCache
LogPluginManager: Mounting plugin HTML5Networking
LogPluginManager: Mounting plugin ProxyLODPlugin
LogPluginManager: Mounting plugin MagicLeap
LogPluginManager: Mounting plugin MagicLeapEmulator
LogPluginManager: Mounting plugin MagicLeapMedia
LogPluginManager: Mounting plugin AndroidMedia
LogPluginManager: Mounting plugin AvfMedia
LogPluginManager: Mounting plugin ImgMedia
LogPluginManager: Mounting plugin LinearTimecode
LogPluginManager: Mounting plugin MediaCompositing
LogPluginManager: Mounting plugin MediaPlayerEditor
LogPluginManager: Mounting plugin WmfMedia
LogPluginManager: Mounting plugin TcpMessaging
LogPluginManager: Mounting plugin UdpMessaging
LogPluginManager: Mounting plugin ActorSequence
LogPluginManager: Mounting plugin LevelSequenceEditor
LogPluginManager: Mounting plugin MatineeToLevelSequence
LogPluginManager: Mounting plugin NetcodeUnitTest
LogPluginManager: Mounting plugin NUTUnrealEngine4
LogPluginManager: Mounting plugin OnlineSubsystemGooglePlay
LogPluginManager: Mounting plugin OnlineSubsystemIOS
LogPluginManager: Mounting plugin OnlineSubsystem
LogPluginManager: Mounting plugin OnlineSubsystemNull
LogPluginManager: Mounting plugin OnlineSubsystemUtils
LogPluginManager: Mounting plugin LauncherChunkInstaller
LogPluginManager: Mounting plugin AndroidDeviceProfileSelector
LogPluginManager: Mounting plugin AndroidMoviePlayer
LogPluginManager: Mounting plugin AndroidPermission
LogPluginManager: Mounting plugin AppleMoviePlayer
LogPluginManager: Mounting plugin ArchVisCharacter
LogPluginManager: Mounting plugin AudioCapture
LogPluginManager: Mounting plugin CableComponent
LogPluginManager: Mounting plugin CustomMeshComponent
LogPluginManager: Mounting plugin EditableMesh
LogPluginManager: Mounting plugin ExampleDeviceProfileSelector
LogPluginManager: Mounting plugin GoogleCloudMessaging
LogPluginManager: Mounting plugin ImmediatePhysics
LogPluginManager: Mounting plugin IOSDeviceProfileSelector
LogPluginManager: Mounting plugin LinuxDeviceProfileSelector
LogPluginManager: Mounting plugin LocationServicesBPLibrary
LogPluginManager: Mounting plugin MobilePatchingUtils
LogPluginManager: Mounting plugin OculusVR
LogPluginManager: Plugin shader directory ../../../Engine/Plugins/Runtime/Oculus/OculusVR/Shaders found
LogPluginManager: Mapping shader source directory ../../../Engine/Plugins/Runtime/Oculus/OculusVR/Shaders to virtual directory /Plugin/OculusVR
LogPluginManager: Mounting plugin PhysXVehicles
LogPluginManager: Mounting plugin ProceduralMeshComponent
LogPluginManager: Mounting plugin RuntimePhysXCooking
LogPluginManager: Mounting plugin SteamVR
LogPluginManager: Mounting plugin WindowsMoviePlayer
LogStreaming: Display: Took  0.366s to configure plugins.
LogInit: Using libcurl 7.55.1-DEV
LogInit:  - built for x86_64-pc-win32
LogInit:  - supports SSL with OpenSSL/1.0.2h
LogInit:  - supports HTTP deflate (compression) using libz 1.2.8
LogInit:  - other features:
LogInit:      CURL_VERSION_SSL
LogInit:      CURL_VERSION_LIBZ
LogInit:      CURL_VERSION_IPV6
LogInit:      CURL_VERSION_ASYNCHDNS
LogInit:      CURL_VERSION_LARGEFILE
LogInit:      CURL_VERSION_IDN
LogInit:  CurlRequestOptions (configurable via config and command line):
LogInit:  - bVerifyPeer = false  - Libcurl will NOT verify peer certificate
LogInit:  - bUseHttpProxy = false  - Libcurl will NOT use HTTP proxy
LogInit:  - bDontReuseConnections = false  - Libcurl will reuse connections
LogInit:  - CertBundlePath = nullptr  - Libcurl will use whatever was configured at build time.
LogInit:  - MaxHostConnections = 16  - Libcurl will limit the number of connections to a host
LogInit:  - LocalHostAddr = Default
LogInit:  - BufferSize = 65536
LogInit: WinSock: version 1.1 (2.2), MaxSocks=32767, MaxUdp=65467
LogInit: Build: ++UE4+Release-4.20-CL-4369336
LogInit: Engine Version: 4.20.3-4369336+++UE4+Release-4.20
LogInit: Compatible Engine Version: 4.20.0-4212847+++UE4+Release-4.20
LogInit: Net CL: 4212847
LogInit: OS: Windows 10 (), CPU: Intel(R) Core(TM) i5-4460  CPU @ 3.20GHz, GPU: NVIDIA GeForce GTX 750 Ti
LogInit: Compiled (64-bit): Sep 17 2018 12:26:19
LogInit: Compiled with Visual C++: 19.13.26129.00
LogInit: Build Configuration: Development
LogInit: Branch Name: ++UE4+Release-4.20
LogInit: Command Line:  
LogInit: Base Directory: D:/Program Files/Epic Games/UE_4.20/Engine/Binaries/Win64/
LogInit: Installed Engine Build: 1
LogDevObjectVersion: Number of dev versions registered: 20
LogDevObjectVersion:   Dev-Blueprints (B0D832E4-1F89-4F0D-ACCF-7EB736FD4AA2): 10
LogDevObjectVersion:   Dev-Build (E1C64328-A22C-4D53-A36C-8E866417BD8C): 0
LogDevObjectVersion:   Dev-Core (375EC13C-06E4-48FB-B500-84F0262A717E): 2
LogDevObjectVersion:   Dev-Editor (E4B068ED-F494-42E9-A231-DA0B2E46BB41): 24
LogDevObjectVersion:   Dev-Framework (CFFC743F-43B0-4480-9391-14DF171D2073): 34
LogDevObjectVersion:   Dev-Mobile (B02B49B5-BB20-44E9-A304-32B752E40360): 2
LogDevObjectVersion:   Dev-Networking (A4E4105C-59A1-49B5-A7C5-40C4547EDFEE): 0
LogDevObjectVersion:   Dev-Online (39C831C9-5AE6-47DC-9A44-9C173E1C8E7C): 0
LogDevObjectVersion:   Dev-Physics (78F01B33-EBEA-4F98-B9B4-84EACCB95AA2): 0
LogDevObjectVersion:   Dev-Platform (6631380F-2D4D-43E0-8009-CF276956A95A): 0
LogDevObjectVersion:   Dev-Rendering (12F88B9F-8875-4AFC-A67C-D90C383ABD29): 26
LogDevObjectVersion:   Dev-Sequencer (7B5AE74C-D270-4C10-A958-57980B212A5A): 9
LogDevObjectVersion:   Dev-VR (D7296918-1DD6-4BDD-9DE2-64A83CC13884): 2
LogDevObjectVersion:   Dev-LoadTimes (C2A15278-BFE7-4AFE-6C17-90FF531DF755): 1
LogDevObjectVersion:   Private-Geometry (6EACA3D4-40EC-4CC1-B786-8BED09428FC5): 3
LogDevObjectVersion:   Dev-AnimPhys (29E575DD-E0A3-4627-9D10-D276232CDCEA): 17
LogDevObjectVersion:   Dev-ReflectionCapture (6B266CEC-1EC7-4B8F-A30B-E4D90942FC07): 1
LogDevObjectVersion:   Dev-Automation (0DF73D61-A23F-47EA-B727-89E90C41499A): 1
LogDevObjectVersion:   FortniteMain (601D1886-AC64-4F84-AA16-D3DE0DEAC7D6): 12
LogDevObjectVersion:   Dev-Enterprise (9DFFBCD6-494F-0158-E221-12823C92A888): 1
LogStreaming: Display: Took  0.001s to delete old logs.
LogInit: Presizing for max 8388607 objects, including 0 objects not considered by GC, pre-allocating 0 bytes for permanent pool.
LogInit: Object subsystem initialized
[2018.10.22-13.09.24:805][  0]LogInit: Selected Device Profile: [Windows]
[2018.10.22-13.09.24:806][  0]LogInit: Applying CVar settings loaded from the selected device profile: [Windows]
[2018.10.22-13.09.24:854][  0]LogHAL: Display: Platform has ~ 8 GB [8481820672 / 8589934592 / 8], which maps to Default [LargestMinGB=32, LargerMinGB=12, DefaultMinGB=8, SmallerMinGB=6, SmallestMinGB=0)
[2018.10.22-13.09.24:857][  0]LogInit: Setting Device Profile CVar: [[r.Vulkan.UseRealUBs:1]]
[2018.10.22-13.09.24:857][  0]LogInit: Going up to parent DeviceProfile []
[2018.10.22-13.09.24:899][  0]LogInit: Computer: MIKA-PC
[2018.10.22-13.09.24:899][  0]LogInit: User: Mika
[2018.10.22-13.09.24:899][  0]LogInit: CPU Page size=4096, Cores=4
[2018.10.22-13.09.24:899][  0]LogInit: High frequency timer resolution =3.117787 MHz
[2018.10.22-13.09.24:899][  0]LogMemory: Memory total: Physical=7.9GB (8GB approx)
[2018.10.22-13.09.24:899][  0]LogMemory: Platform Memory Stats for Windows
[2018.10.22-13.09.24:899][  0]LogMemory: Process Physical Memory: 99.24 MB used, 99.24 MB peak
[2018.10.22-13.09.24:899][  0]LogMemory: Process Virtual Memory: 82.72 MB used, 82.72 MB peak
[2018.10.22-13.09.24:899][  0]LogMemory: Physical Memory: 5334.91 MB used,  2753.98 MB free, 8088.89 MB total
[2018.10.22-13.09.24:899][  0]LogMemory: Virtual Memory: 4623.80 MB used,  2753.98 MB free, 134217728.00 MB total
[2018.10.22-13.09.25:554][  0]LogInit: Using OS detected language (fi-FI).
[2018.10.22-13.09.25:554][  0]LogInit: Using OS detected locale (fi-FI).
[2018.10.22-13.09.25:573][  0]LogTextLocalizationManager: No localization for 'fi-FI' exists, so 'en' will be used for the language.
[2018.10.22-13.09.26:339][  0]LogStreaming: Display: Took  0.764s to InitEngineTextLocalization.
[2018.10.22-13.09.26:349][  0]LogInit: Setting process to per monitor DPI aware
[2018.10.22-13.09.26:731][  0]LogSlate: New Slate User Created.  User Index 0, Is Virtual User: 0
[2018.10.22-13.09.26:731][  0]LogSlate: Slate User Registered.  User Index 0, Is Virtual User: 0
[2018.10.22-13.09.30:257][  0]LogHMD: Failed to initialize OpenVR with code 105
[2018.10.22-13.09.30:257][  0]LogD3D11RHI: D3D11 adapters:
[2018.10.22-13.09.30:527][  0]LogD3D11RHI:    0. 'NVIDIA GeForce GTX 750 Ti' (Feature Level 11_0)
[2018.10.22-13.09.30:527][  0]LogD3D11RHI:       2007/0/4044 MB DedicatedVideo/DedicatedSystem/SharedSystem, Outputs:1, VendorId:0x10de
[2018.10.22-13.09.30:718][  0]LogD3D11RHI:    1. 'Intel(R) HD Graphics 4600' (Feature Level 11_0)
[2018.10.22-13.09.30:718][  0]LogD3D11RHI:       112/0/2048 MB DedicatedVideo/DedicatedSystem/SharedSystem, Outputs:0, VendorId:0x8086
[2018.10.22-13.09.30:739][  0]LogD3D11RHI:    2. 'Microsoft Basic Render Driver' (Feature Level 11_0)
[2018.10.22-13.09.30:739][  0]LogD3D11RHI:       0/0/4044 MB DedicatedVideo/DedicatedSystem/SharedSystem, Outputs:0, VendorId:0x1414
[2018.10.22-13.09.30:739][  0]LogD3D11RHI: Chosen D3D11 Adapter: 0
[2018.10.22-13.09.30:767][  0]LogD3D11RHI: Creating new Direct3DDevice
[2018.10.22-13.09.30:767][  0]LogD3D11RHI:     GPU DeviceId: 0x1380 (for the marketing name, search the web for "GPU Device Id")
[2018.10.22-13.09.30:786][  0]LogWindows: EnumDisplayDevices:
[2018.10.22-13.09.30:786][  0]LogWindows:    0. 'NVIDIA GeForce GTX 750 Ti' (P:1 D:1)
[2018.10.22-13.09.30:786][  0]LogWindows:    1. 'NVIDIA GeForce GTX 750 Ti' (P:0 D:0)
[2018.10.22-13.09.30:786][  0]LogWindows:    2. 'NVIDIA GeForce GTX 750 Ti' (P:0 D:0)
[2018.10.22-13.09.30:786][  0]LogWindows:    3. 'NVIDIA GeForce GTX 750 Ti' (P:0 D:0)
[2018.10.22-13.09.30:787][  0]LogWindows:    4. 'Intel(R) HD Graphics 4600' (P:0 D:0)
[2018.10.22-13.09.30:787][  0]LogWindows:    5. 'Intel(R) HD Graphics 4600' (P:0 D:0)
[2018.10.22-13.09.30:788][  0]LogWindows:    6. 'Intel(R) HD Graphics 4600' (P:0 D:0)
[2018.10.22-13.09.30:788][  0]LogWindows: DebugString: PrimaryIsNotTheChoosenAdapter PrimaryIsNotTheChoosenAdapter PrimaryIsNotTheChoosenAdapter FoundDriverCount:4 
[2018.10.22-13.09.30:788][  0]LogD3D11RHI:     Adapter Name: NVIDIA GeForce GTX 750 Ti
[2018.10.22-13.09.30:800][  0]LogD3D11RHI:   Driver Version: 398.11 (internal:24.21.13.9811, unified:398.11)
[2018.10.22-13.09.30:800][  0]LogD3D11RHI:      Driver Date: 6-1-2018
[2018.10.22-13.09.30:800][  0]LogRHI: Texture pool is 1405 MB (70% of 2007 MB)
[2018.10.22-13.09.30:939][  0]LogD3D11RHI: Async texture creation enabled
[2018.10.22-13.09.31:156][  0]LogD3D11RHI: GPU Timing Frequency: 1000.000000 (Debug: 2 4)
[2018.10.22-13.09.31:227][  0]LogShaderCompilers: Guid format shader working directory is -17 characters bigger than the processId version (../../../../../../Users/Mika/Documents/Unreal Projects/Youtube/Intermediate/Shaders/WorkingDirectory/4392/).
[2018.10.22-13.09.31:227][  0]LogShaderCompilers: Cleaned the shader compiler working directory 'C:/Users/Mika/AppData/Local/Temp/UnrealShaderWorkingDir/2FE888274FA33514292CCC9816DADC63/'.
[2018.10.22-13.09.32:157][  0]LogTemp: Display: Loaded TP AllDesktopTargetPlatform
[2018.10.22-13.09.32:192][  0]LogTemp: Display: Loaded TP MacClientTargetPlatform
[2018.10.22-13.09.32:214][  0]LogTemp: Display: Loaded TP MacNoEditorTargetPlatform
[2018.10.22-13.09.32:236][  0]LogTemp: Display: Loaded TP MacServerTargetPlatform
[2018.10.22-13.09.32:271][  0]LogTemp: Display: Loaded TP MacTargetPlatform
[2018.10.22-13.09.32:311][  0]LogTemp: Display: Loaded TP WindowsClientTargetPlatform
[2018.10.22-13.09.32:349][  0]LogTemp: Display: Loaded TP WindowsNoEditorTargetPlatform
[2018.10.22-13.09.32:386][  0]LogTemp: Display: Loaded TP WindowsServerTargetPlatform
[2018.10.22-13.09.32:406][  0]LogTemp: Display: Loaded TP WindowsTargetPlatform
[2018.10.22-13.09.32:545][  0]LogTemp: Display: Loaded TP AndroidTargetPlatform
[2018.10.22-13.09.32:545][  0]LogTemp: Display: Loaded TP AndroidTargetPlatform
[2018.10.22-13.09.32:545][  0]LogTemp: Display: Loaded TP AndroidTargetPlatform
[2018.10.22-13.09.32:545][  0]LogTemp: Display: Loaded TP AndroidTargetPlatform
[2018.10.22-13.09.32:545][  0]LogTemp: Display: Loaded TP AndroidTargetPlatform
[2018.10.22-13.09.32:545][  0]LogTemp: Display: Loaded TP AndroidTargetPlatform
[2018.10.22-13.09.32:545][  0]LogTemp: Display: Loaded TP AndroidTargetPlatform
[2018.10.22-13.09.32:545][  0]LogTemp: Display: Loaded TP AndroidTargetPlatform
[2018.10.22-13.09.32:545][  0]LogTemp: Display: Loaded TP AndroidTargetPlatform
[2018.10.22-13.09.32:545][  0]LogTemp: Display: Loaded TP AndroidTargetPlatform
[2018.10.22-13.09.32:545][  0]LogTemp: Display: Loaded TP AndroidTargetPlatform
[2018.10.22-13.09.32:545][  0]LogTemp: Display: Loaded TP AndroidTargetPlatform
[2018.10.22-13.09.32:545][  0]LogTemp: Display: Loaded TP AndroidTargetPlatform
[2018.10.22-13.09.32:545][  0]LogTemp: Display: Loaded TP AndroidTargetPlatform
[2018.10.22-13.09.32:545][  0]LogTemp: Display: Loaded TP AndroidTargetPlatform
[2018.10.22-13.09.32:545][  0]LogTemp: Display: Loaded TP AndroidTargetPlatform
[2018.10.22-13.09.32:545][  0]LogTemp: Display: Loaded TP AndroidTargetPlatform
[2018.10.22-13.09.32:545][  0]LogTemp: Display: Loaded TP AndroidTargetPlatform
[2018.10.22-13.09.32:560][  0]LogTemp: Display: Loaded TP HTML5TargetPlatform
[2018.10.22-13.09.32:674][  0]LogTemp: Display: Loaded TP IOSTargetPlatform
[2018.10.22-13.09.32:674][  0]LogTemp: Display: Loaded TP IOSTargetPlatform
[2018.10.22-13.09.32:708][  0]LogTemp: Display: Loaded TP TVOSTargetPlatform
[2018.10.22-13.09.32:708][  0]LogTemp: Display: Loaded TP TVOSTargetPlatform
[2018.10.22-13.09.32:736][  0]LogTemp: Display: Loaded TP LinuxClientTargetPlatform
[2018.10.22-13.09.32:764][  0]LogTemp: Display: Loaded TP LinuxNoEditorTargetPlatform
[2018.10.22-13.09.32:792][  0]LogTemp: Display: Loaded TP LinuxServerTargetPlatform
[2018.10.22-13.09.32:827][  0]LogTemp: Display: Loaded TP LinuxTargetPlatform
[2018.10.22-13.09.32:847][  0]LogTemp: Display: Loaded TP LuminTargetPlatform
[2018.10.22-13.09.32:847][  0]LogTargetPlatformManager: Display: Building Assets For Windows
[2018.10.22-13.09.33:634][  0]LogXGEController: Cleaning working directory: C:/Users/Mika/AppData/Local/Temp/UnrealXGEWorkingDir/
[2018.10.22-13.09.33:635][  0]LogXGEController: Cannot use XGE Controller as Incredibuild is not installed on this machine.
[2018.10.22-13.09.33:635][  0]LogShaderCompilers: Cannot use XGE Shader Compiler as Incredibuild is not installed on this machine.
[2018.10.22-13.09.33:635][  0]LogShaderCompilers: Display: Using Local Shader Compiler.
[2018.10.22-13.09.35:482][  0]LogDerivedDataCache: Display: Max Cache Size: 512 MB
[2018.10.22-13.09.36:190][  0]LogDerivedDataCache: Loaded boot cache 0.71s 71MB C:/Users/Mika/AppData/Local/UnrealEngine/4.20/DerivedDataCache/Boot.ddc.
[2018.10.22-13.09.36:190][  0]LogDerivedDataCache: Display: Loaded Boot cache: C:/Users/Mika/AppData/Local/UnrealEngine/4.20/DerivedDataCache/Boot.ddc
[2018.10.22-13.09.36:190][  0]LogDerivedDataCache: FDerivedDataBackendGraph:  Pak pak cache file ../../../../../../Users/Mika/Documents/Unreal Projects/Youtube/DerivedDataCache/DDC.ddp not found, will not use a pak cache.
[2018.10.22-13.09.36:190][  0]LogDerivedDataCache: Unable to find inner node Pak for hierarchical cache Hierarchy.
[2018.10.22-13.09.36:190][  0]LogDerivedDataCache: FDerivedDataBackendGraph:  CompressedPak pak cache file ../../../../../../Users/Mika/Documents/Unreal Projects/Youtube/DerivedDataCache/Compressed.ddp not found, will not use a pak cache.
[2018.10.22-13.09.36:190][  0]LogDerivedDataCache: Unable to find inner node CompressedPak for hierarchical cache Hierarchy.
[2018.10.22-13.09.36:291][  0]LogDerivedDataCache: Display: Pak cache opened for reading ../../../Engine/DerivedDataCache/Compressed.ddp.
[2018.10.22-13.09.36:335][  0]LogDerivedDataCache: Using Local data cache path C:/Users/Mika/AppData/Local/UnrealEngine/Common/DerivedDataCache: Writable
[2018.10.22-13.09.36:335][  0]LogDerivedDataCache: Shared data cache path not found in *engine.ini, will not use an Shared cache.
[2018.10.22-13.09.36:335][  0]LogDerivedDataCache: Unable to find inner node Shared for hierarchical cache Hierarchy.
[2018.10.22-13.09.36:388][  0]LogMaterial: Verifying Global Shaders for PCD3D_SM5
[2018.10.22-13.09.36:438][  0]LogSlate: Using FreeType 2.6.0
[2018.10.22-13.09.36:460][  0]LogSlate: SlateFontServices - WITH_FREETYPE: 1, WITH_HARFBUZZ: 1
[2018.10.22-13.09.38:133][  0]LogAssetRegistry: FAssetRegistry took 0.0806 seconds to start up
[2018.10.22-13.09.39:771][  0]LogInit: Selected Device Profile: [Windows]
[2018.10.22-13.09.41:106][  0]LogSimplygon: Simplygon DLL not present - disabling.
[2018.10.22-13.09.41:220][  0]LogMeshReduction: Using SimplygonSwarm for distributed automatic mesh merging
[2018.10.22-13.09.41:220][  0]LogMeshReduction: Using ProxyLODMeshReduction for automatic mesh merging
[2018.10.22-13.09.41:221][  0]LogMeshReduction: Using QuadricMeshReduction for automatic static mesh reduction
[2018.10.22-13.09.41:221][  0]LogMeshReduction: No automatic skeletal mesh reduction module available
[2018.10.22-13.09.41:583][  0]LogNetVersion: Youtube 1.0.0, NetCL: 4212847, EngineNetVer: 5, GameNetVer: 0 (Checksum: 222399930)
[2018.10.22-13.09.47:130][  0]LogPackageLocalizationCache: Processed 11 localized package path(s) for 1 prioritized culture(s) in 0.124684 seconds
[2018.10.22-13.09.47:193][  0]LogUObjectArray: 38425 objects as part of root set at end of initial load.
[2018.10.22-13.09.47:193][  0]LogUObjectAllocator: 6690872 out of 0 bytes used by permanent object pool.
[2018.10.22-13.09.47:193][  0]LogUObjectArray: CloseDisregardForGC: 0/0 objects in disregard for GC pool
[2018.10.22-13.10.07:972][  0]LogTcpMessaging: Initializing TcpMessaging bridge
[2018.10.22-13.10.08:008][  0]LogUdpMessaging: Initializing bridge on interface 0.0.0.0:0 to multicast group 230.0.0.1:6666.
[2018.10.22-13.10.09:356][  0]SourceControl: Source control is disabled
[2018.10.22-13.10.09:357][  0]SourceControl: Source control is disabled
[2018.10.22-13.10.09:407][  0]SourceControl: Source control is disabled
[2018.10.22-13.10.09:426][  0]SourceControl: Source control is disabled
[2018.10.22-13.10.10:848][  0]LogAndroidPermission: UAndroidPermissionCallbackProxy::GetInstance
[2018.10.22-13.10.11:050][  0]LogOcInput: OculusInput pre-init called
[2018.10.22-13.10.11:807][  0]LogEngine: Initializing Engine...
[2018.10.22-13.10.11:860][  0]LogHMD: Failed to initialize OpenVR with code 105
[2018.10.22-13.10.11:906][  0]LogStats: UGameplayTagsManager::ConstructGameplayTagTree: ImportINI prefixes -  0.000 s
[2018.10.22-13.10.11:906][  0]LogStats: UGameplayTagsManager::ConstructGameplayTagTree: Construct from data asset -  0.000 s
[2018.10.22-13.10.11:906][  0]LogStats: UGameplayTagsManager::ConstructGameplayTagTree: ImportINI -  0.000 s
[2018.10.22-13.10.11:906][  0]LogStats: UGameplayTagsManager::ConstructGameplayTagTree: GameplayTagTreeChangedEvent.Broadcast -  0.000 s
[2018.10.22-13.10.12:834][  0]LogInit: Initializing FReadOnlyCVARCache
[2018.10.22-13.10.13:446][  0]LogAIModule: Creating AISystem for world Untitled
[2018.10.22-13.10.13:724][  0]LogInit: XAudio2 using 'Speakers (Logitech G35 Headset)' : 2 channels at 44.1 kHz using 16 bits per sample (channel mask 0x3)
[2018.10.22-13.10.13:800][  0]LogInit: FAudioDevice initialized.
[2018.10.22-13.10.13:801][  0]LogNetVersion: Set ProjectVersion to 1.0.0.0. Version Checksum will be recalculated on next use.
[2018.10.22-13.10.13:889][  0]LogDerivedDataCache: Saved boot cache 0.09s 71MB C:/Users/Mika/AppData/Local/UnrealEngine/4.20/DerivedDataCache/Boot.ddc.
[2018.10.22-13.10.13:889][  0]LogInit: Texture streaming: Enabled
[2018.10.22-13.10.14:102][  0]LogEngineSessionManager: EngineSessionManager initialized
[2018.10.22-13.10.14:324][  0]LogInit: Transaction tracking system initialized
[2018.10.22-13.10.15:132][  0]BlueprintLog: New page: Editor Load
[2018.10.22-13.10.16:770][  0]LocalizationService: Localization service is disabled
[2018.10.22-13.10.20:122][  0]LogFileCache: Scanning file cache for directory 'D:/Users/Mika/Documents/Unreal Projects/Youtube/Content/' took 0.04s
[2018.10.22-13.10.20:122][  0]LogCook: Display: Max memory allowance for cook 16384mb min free memory 0mb
[2018.10.22-13.10.20:132][  0]LogCook: Display: Mobile HDR setting 1
[2018.10.22-13.10.20:139][  0]LogGameplayTags: Display: UGameplayTagsManager::DoneAddingNativeTags. DelegateIsBound: 0
[2018.10.22-13.10.20:155][  0]LogStats: UGameplayTagsManager::ConstructGameplayTagTree: ImportINI prefixes -  0.000 s
[2018.10.22-13.10.20:155][  0]LogStats: UGameplayTagsManager::ConstructGameplayTagTree: Construct from data asset -  0.000 s
[2018.10.22-13.10.20:155][  0]LogStats: UGameplayTagsManager::ConstructGameplayTagTree: ImportINI -  0.000 s
[2018.10.22-13.10.20:155][  0]LogStats: UGameplayTagsManager::ConstructGameplayTagTree: GameplayTagTreeChangedEvent.Broadcast -  0.000 s
[2018.10.22-13.10.23:067][  0]SourceControl: Source control is disabled
[2018.10.22-13.10.23:161][  0]Cmd: MAP LOAD FILE="../../../Engine/Content/Maps/Templates/Template_Default.umap" TEMPLATE=1 SHOWPROGRESS=1 FEATURELEVEL=3
[2018.10.22-13.10.23:322][  0]LightingResults: New page: Lighting Build
[2018.10.22-13.10.24:001][  0]MapCheck: New page: Map Check
[2018.10.22-13.10.24:001][  0]LightingResults: New page: Lighting Build
[2018.10.22-13.10.26:393][  0]LogAIModule: Creating AISystem for world Untitled_1
[2018.10.22-13.10.27:284][  0]LogEditorServer: Finished looking for orphan Actors (0.000 secs)
[2018.10.22-13.10.27:460][  0]Cmd: MAP CHECKDEP NOCLEARLOG
[2018.10.22-13.10.27:531][  0]MapCheck: Map check complete: 0 Error(s), 0 Warning(s), took 70,578ms to complete.
[2018.10.22-13.10.27:531][  0]LogFileHelpers: Loading map 'Template_Default' took 4.456
[2018.10.22-13.10.29:411][  0]LogSlate: Updating window title bar state: overlay mode, drag disabled, window buttons hidden, title bar hidden
[2018.10.22-13.10.29:431][  0]LogSlate: Updating window title bar state: overlay mode, drag disabled, window buttons hidden, title bar hidden
[2018.10.22-13.10.29:439][  0]LogSlate: Updating window title bar state: overlay mode, drag disabled, window buttons hidden, title bar hidden
[2018.10.22-13.10.29:447][  0]LogSlate: Updating window title bar state: overlay mode, drag disabled, window buttons hidden, title bar hidden
[2018.10.22-13.10.29:607][  0]LogCollectionManager: Loaded 0 collections in 0.002020 seconds
[2018.10.22-13.10.29:861][  0]LogFileCache: Scanning file cache for directory 'D:/Users/Mika/Documents/Unreal Projects/Youtube/Saved/Collections/' took 0.01s
[2018.10.22-13.10.29:861][  0]LogFileCache: Scanning file cache for directory 'D:/Users/Mika/Documents/Unreal Projects/Youtube/Content/Developers/Mika/Collections/' took 0.01s
[2018.10.22-13.10.29:861][  0]LogFileCache: Scanning file cache for directory 'D:/Users/Mika/Documents/Unreal Projects/Youtube/Content/Collections/' took 0.01s
[2018.10.22-13.10.29:861][  0]LogCollectionManager: Rebuilt the GUID cache for 0 collections in 0.000000 seconds
[2018.10.22-13.10.29:894][  0]LogContentBrowser: Native class hierarchy populated in 0.0315 seconds. Added 2575 classes and 605 folders.
[2018.10.22-13.10.30:022][  0]LogContentBrowser: Native class hierarchy updated for 'WidgetCarousel' in 0.0005 seconds. Added 0 classes and 0 folders.
[2018.10.22-13.10.30:840][  0]LogContentBrowser: Native class hierarchy updated for 'AddContentDialog' in 0.0005 seconds. Added 0 classes and 0 folders.
[2018.10.22-13.10.30:906][  0]LogContentBrowser: Native class hierarchy updated for 'SceneOutliner' in 0.0005 seconds. Added 1 classes and 2 folders.
[2018.10.22-13.10.31:537][  0]LogSlate: Took 0.011806 seconds to synchronously load lazily loaded font '../../../Engine/Content/Slate/Fonts/Roboto-Regular.ttf' (155K)
[2018.10.22-13.10.31:597][  0]LogSlate: Took 0.036540 seconds to synchronously load lazily loaded font '../../../Engine/Content/Slate/Fonts/Roboto-Bold.ttf' (160K)
[2018.10.22-13.10.31:672][  0]LogSlate: Took 0.018676 seconds to synchronously load lazily loaded font '../../../Engine/Content/Editor/Slate/Fonts/FontAwesome.ttf' (139K)
[2018.10.22-13.10.32:263][  0]LogRenderer: Reallocating scene render targets to support 1140x600 Format 10 NumSamples 1 (Frame:1).
[2018.10.22-13.10.33:706][  0]LogSlate: Took 0.017899 seconds to synchronously load lazily loaded font '../../../Engine/Content/Slate/Fonts/Roboto-Light.ttf' (167K)
[2018.10.22-13.10.34:124][  0]LogContentBrowser: Native class hierarchy updated for 'HierarchicalLODOutliner' in 0.0004 seconds. Added 0 classes and 0 folders.
[2018.10.22-13.10.34:124][  0]LogLoad: (Engine Initialization) Total time: 82.55 seconds
[2018.10.22-13.10.34:124][  0]LogLoad: (Engine Initialization) Total Blueprint compile time: 0.00 seconds
[2018.10.22-13.10.35:025][  0]LogContentStreaming: Texture pool size now 1000 MB
[2018.10.22-13.10.35:877][  3]LogAssetRegistry: Asset discovery search completed in 57.7633 seconds
[2018.10.22-13.10.35:897][  3]LogCollectionManager: Rebuilt the object cache for 0 collections in 0.000000 seconds (found 0 objects)
[2018.10.22-13.10.35:897][  3]LogCollectionManager: Fixed up redirectors for 0 collections in 0.000071 seconds (updated 0 objects)
[2018.10.22-13.10.43:489][157]LogEditorViewport: Clicking on Actor (LMB): SphereReflectionCapture (SphereReflectionCapture)
[2018.10.22-13.10.48:512][607]LogEditorViewport: Clicking on Actor (LMB): BP_Sky_Sphere_C (Sky Sphere)
[2018.10.22-13.10.50:254][792]LogEditorViewport: Clicking on Actor (LMB): SphereReflectionCapture (SphereReflectionCapture)
[2018.10.22-13.10.51:813][952]LogSlate: FSceneViewport::OnFocusLost() reason 0
[2018.10.22-13.12.30:230][762]MapCheck: New page: Map Check
[2018.10.22-13.12.30:314][762]Cmd: MAP REBUILD ALLVISIBLE
[2018.10.22-13.12.30:332][762]LogEditorServer: Rebuildmap Clear paths rebuilt
[2018.10.22-13.12.30:520][762]LogMaterial: Display: Missing cached shader map for material FDebugViewModeMaterialProxy DefaultMaterial, compiling. 
[2018.10.22-13.12.30:673][762]LogShaderCompilers: Display: Shaders left to compile 1
[2018.10.22-13.12.30:673][762]LogMaterial: Display: Missing cached shader map for material FDebugViewModeMaterialProxy MaterialInstanceDynamic_0, compiling. 
[2018.10.22-13.12.32:931][762]LogShaderCompilers: Display: Shaders left to compile 1
[2018.10.22-13.12.32:931][762]TextureStreamingBuild: Display: Compiling optional shaders took 2.420 seconds.
[2018.10.22-13.12.32:976][762]LogLevel: Display: Export Material TexCoord Scales took 0.045 seconds.
[2018.10.22-13.12.33:013][762]TextureStreamingBuild: Display: Build Texture Streaming took 0.033 seconds.
[2018.10.22-13.12.33:149][762]LightingResults: New page: Lighting Build - 22.10.2018 19.12.33
[2018.10.22-13.12.33:364][762]LogSwarmInterface: [OpenConnection] Registering TCP channel ...
[2018.10.22-13.12.33:603][762]LogSwarmInterface: [OpenConnection] Connecting to agent ...
[2018.10.22-13.12.33:648][762]LogSwarmInterface: [TryOpenConnection] Testing the Agent
[2018.10.22-13.12.35:447][762]LogSwarmInterface: [TryOpenConnection] Opening Connection to Agent
[2018.10.22-13.12.35:447][762]LogSwarmInterface: [TryOpenConnection] Local Process ID is 4392
[2018.10.22-13.12.43:906][762]LogStaticLightingSystem: Warning: No importance volume found, so the scene bounding box was used.  You can optimize your scene's quality and lighting build times by adding importance volumes.
[2018.10.22-13.12.43:916][762]LogStaticLightingSystem: Running Lightmass w/ ImmediateImport mode ENABLED
[2018.10.22-13.12.43:916][762]LogStaticLightingSystem: Running Lightmass w/ ImmediateProcess mode ENABLED
[2018.10.22-13.12.43:916][762]LogStaticLightingSystem: Running Lightmass w/ Sorting mode ENABLED
[2018.10.22-13.12.43:916][762]LogStaticLightingSystem: Running Lightmass w/ Mapping paddings ENABLED
[2018.10.22-13.12.43:916][762]LogStaticLightingSystem: Running Lightmass w/ Mapping debug paddings DISABLED
[2018.10.22-13.12.44:323][762]Cmd: MAP CHECK DONTDISPLAYDIALOG
[2018.10.22-13.12.44:323][762]MapCheck: New page: Untitled_1 - 22.10.2018 19.12.44
[2018.10.22-13.12.44:450][762]MapCheck: Map check complete: 0 Error(s), 0 Warning(s), took 126,586ms to complete.
[2018.10.22-13.12.44:487][762]LogEditorBuildUtils: Build time 0:14
[2018.10.22-13.12.44:506][762]LogMaterial: Display: Missing cached shader map for material FLightmassMaterialRenderer DefaultMaterial, compiling. 
[2018.10.22-13.12.44:605][762]LogShaderCompilers: Display: Shaders left to compile 2
[2018.10.22-13.12.44:606][762]LogMaterial: Display: Missing cached shader map for material FLightmassMaterialRenderer DefaultMaterial, compiling. 
[2018.10.22-13.12.44:691][762]LogShaderCompilers: Display: Shaders left to compile 2
[2018.10.22-13.12.44:703][763]LogMaterial: Display: Missing cached shader map for material FLightmassMaterialRenderer MaterialInstanceDynamic_0, compiling. 
[2018.10.22-13.12.44:727][763]LogShaderCompilers: Display: Shaders left to compile 2
[2018.10.22-13.12.44:727][763]LogMaterial: Display: Missing cached shader map for material FLightmassMaterialRenderer MaterialInstanceDynamic_0, compiling. 
[2018.10.22-13.12.44:858][764]LogMaterial: Display: Missing cached shader map for material FLightmassMaterialRenderer WorldGridMaterial, compiling. Is special engine material.
[2018.10.22-13.12.44:913][764]LogMaterial: Display: Missing cached shader map for material FLightmassMaterialRenderer WorldGridMaterial, compiling. Is special engine material.
[2018.10.22-13.12.47:136][766]LogShaderCompilers: Display: Shaders left to compile 6
[2018.10.22-13.12.54:230][278]Job is a success!
[2018.10.22-13.12.54:388][279]LogSlate: Took 0.016991 seconds to synchronously load lazily loaded font '../../../Engine/Content/Slate/Fonts/Roboto-Light.ttf' (167K)
[2018.10.22-13.12.54:534][279]LogVolumetricLightmapImport: Imported Volumetric Lightmap in 0.042s
[2018.10.22-13.12.54:534][279]LogVolumetricLightmapImport:      Indirection Texture 16x16x16 = 0.0Mb
[2018.10.22-13.12.54:534][279]LogVolumetricLightmapImport:      BrickData 30x5x5 = 0.0Mb
[2018.10.22-13.12.54:534][279]LogVolumetricLightmapImport:      Bricks at Level
[2018.10.22-13.12.54:534][279]LogVolumetricLightmapImport:          0: 16.7% covering 100.0% of volume
[2018.10.22-13.12.54:534][279]LogVolumetricLightmapImport:          1: 16.7% covering 1.6% of volume
[2018.10.22-13.12.54:534][279]LogVolumetricLightmapImport:          2: 66.7% covering 0.1% of volume
[2018.10.22-13.12.54:704][279]LogTexture: Display: Building textures: HQ_Lightmap0_1 (AutoDXT, 256X256)
[2018.10.22-13.12.54:704][279]LogTexture: Display: Building textures: LQ_Lightmap_0_1 (DXT1, 256X256)
[2018.10.22-13.12.54:704][279]LogTexture: Display: Building textures: HQ_Lightmap0_2 (AutoDXT, 64X64)
[2018.10.22-13.12.54:704][279]LogTexture: Display: Building textures: LQ_Lightmap_0_2 (DXT1, 64X64)
[2018.10.22-13.12.54:704][279]LogTexture: Display: Building textures: ShadowMapTexture2D_1 (G8, 32X32)
[2018.10.22-13.12.54:704][279]LogTexture: Display: Building textures: ShadowMapTexture2D_0 (G8, 128X128)
[2018.10.22-13.12.54:762][279]Lightmass on MIKA-PC: 5.85 sec total, 4.74 sec importing, 59 ms setup, 200 ms photons, 722 ms processing, 0 ms extra exporting [2/2 mappings]. Threads: 2.85 sec total, 159 ms processing.
[2018.10.22-13.12.54:833][279]LogStaticLightingSystem: Illumination: 21.6 sec (100 ms encoding lightmaps, 12 ms encoding shadowmaps)
[2018.10.22-13.12.54:833][279]LogStaticLightingSystem: Lightmap texture memory:  0.1 MB (0.1 MB streaming, 0.0 MB non-streaming), 4 textures
[2018.10.22-13.12.54:833][279]LogStaticLightingSystem: Shadowmap texture memory: 0.0 MB (0.0 MB streaming, 0.0 MB non-streaming), 2 textures
[2018.10.22-13.12.55:048][279]DumpUnbuiltLightIteractions
[2018.10.22-13.12.55:048][279]Lights with unbuilt interactions: 0
[2018.10.22-13.12.55:048][279]
[2018.10.22-13.12.55:048][279]Primitives with unbuilt interactions: 0
[2018.10.22-13.12.55:155][280]Cmd: MAP CHECK NOTIFYRESULTS
[2018.10.22-13.12.55:155][280]MapCheck: New page: Untitled_1 - 22.10.2018 19.12.55
[2018.10.22-13.12.55:217][280]MapCheck: Map check complete: 0 Error(s), 0 Warning(s), took 61,861ms to complete.
[2018.10.22-13.12.58:456][658]LogSlate: Took 0.008859 seconds to synchronously load lazily loaded font '../../../Engine/Content/Slate/Fonts/Roboto-Italic.ttf' (157K)
[2018.10.22-13.13.02:707][749]LogSlate: Window 'Save Content' being destroyed
[2018.10.22-13.13.05:253][749]LogSlate: Window 'Save Level As' being destroyed
[2018.10.22-13.13.06:941][810]LogSlate: Window 'Save Content' being destroyed
[2018.10.22-13.13.07:157][810]LogSlate: Window 'Youtube - Unreal Editor' being destroyed
[2018.10.22-13.13.07:588][811]Cmd: QUIT_EDITOR
[2018.10.22-13.13.07:974][811]LogWindowsTextInputMethodSystem: Display: IME system now deactivated.
[2018.10.22-13.13.08:075][811]LogExit: Preparing to exit.
[2018.10.22-13.13.09:859][811]LogExit: Editor shut down
[2018.10.22-13.13.09:860][811]LogExit: Transaction tracking system shut down
[2018.10.22-13.13.14:016][811]LogExit: Object subsystem successfully closed.
[2018.10.22-13.13.14:110][811]LogShaderCompilers: Display: Shaders left to compile 0
[2018.10.22-13.13.14:271][811]LogD3D11RHI: Shutdown
[2018.10.22-13.13.14:271][811]LogD3D11RHI: CleanupD3DDevice
[2018.10.22-13.13.14:327][811]LogD3D11RHI: ~FD3D11DynamicRHI
[2018.10.22-13.13.15:650][811]LogModuleManager: Shutting down and abandoning module HierarchicalLODOutliner (614)
[2018.10.22-13.13.15:650][811]LogModuleManager: Shutting down and abandoning module SceneOutliner (612)
[2018.10.22-13.13.15:650][811]LogModuleManager: Shutting down and abandoning module AddContentDialog (610)
[2018.10.22-13.13.15:651][811]LogModuleManager: Shutting down and abandoning module WidgetCarousel (609)
[2018.10.22-13.13.15:651][811]LogModuleManager: Shutting down and abandoning module EditorWidgets (606)
[2018.10.22-13.13.15:651][811]LogModuleManager: Shutting down and abandoning module CollectionManager (604)
[2018.10.22-13.13.15:680][811]LogModuleManager: Shutting down and abandoning module HierarchicalLODUtilities (602)
[2018.10.22-13.13.15:680][811]LogModuleManager: Shutting down and abandoning module StatsViewer (600)
[2018.10.22-13.13.15:680][811]LogModuleManager: Shutting down and abandoning module FoliageEdit (598)
[2018.10.22-13.13.15:680][811]LogModuleManager: Shutting down and abandoning module LandscapeEditor (596)
[2018.10.22-13.13.15:694][811]LogModuleManager: Shutting down and abandoning module MeshPaintMode (594)
[2018.10.22-13.13.15:695][811]LogModuleManager: Shutting down and abandoning module SceneDepthPickerMode (592)
[2018.10.22-13.13.15:695][811]LogModuleManager: Shutting down and abandoning module ActorPickerMode (590)
[2018.10.22-13.13.15:695][811]LogModuleManager: Shutting down and abandoning module GeometryMode (588)
[2018.10.22-13.13.15:695][811]LogModuleManager: Shutting down and abandoning module TextureAlignMode (586)
[2018.10.22-13.13.15:695][811]LogModuleManager: Shutting down and abandoning module BspMode (584)
[2018.10.22-13.13.15:695][811]LogModuleManager: Shutting down and abandoning module PIEPreviewDeviceProfileSelector (582)
[2018.10.22-13.13.15:695][811]LogModuleManager: Shutting down and abandoning module SequenceRecorderSections (580)
[2018.10.22-13.13.15:710][811]LogModuleManager: Shutting down and abandoning module AutomationWorker (578)
[2018.10.22-13.13.15:710][811]LogModuleManager: Shutting down and abandoning module AudioCaptureEditor (576)
[2018.10.22-13.13.15:710][811]LogModuleManager: Shutting down and abandoning module SequenceRecorder (575)
[2018.10.22-13.13.15:711][811]LogModuleManager: Shutting down and abandoning module MatineeToLevelSequence (572)
[2018.10.22-13.13.15:733][811]LogModuleManager: Shutting down and abandoning module LevelSequenceEditor (570)
[2018.10.22-13.13.15:863][811]LogModuleManager: Shutting down and abandoning module PlacementMode (569)
[2018.10.22-13.13.15:863][811]LogModuleManager: Shutting down and abandoning module MaterialEditor (568)
[2018.10.22-13.13.15:903][811]LogModuleManager: Shutting down and abandoning module WmfMediaFactory (564)
[2018.10.22-13.13.15:903][811]LogModuleManager: Shutting down and abandoning module WmfMediaEditor (562)
[2018.10.22-13.13.15:903][811]LogModuleManager: Shutting down and abandoning module MediaPlayerEditor (560)
[2018.10.22-13.13.15:933][811]LogModuleManager: Shutting down and abandoning module OpenExrWrapper (558)
[2018.10.22-13.13.15:933][811]LogModuleManager: Shutting down and abandoning module ImgMediaFactory (556)
[2018.10.22-13.13.15:933][811]LogModuleManager: Shutting down and abandoning module ImgMediaEditor (554)
[2018.10.22-13.13.15:933][811]LogModuleManager: Shutting down and abandoning module AvfMediaFactory (552)
[2018.10.22-13.13.15:933][811]LogModuleManager: Shutting down and abandoning module AvfMediaEditor (550)
[2018.10.22-13.13.15:933][811]LogModuleManager: Shutting down and abandoning module AndroidMediaFactory (548)
[2018.10.22-13.13.15:933][811]LogModuleManager: Shutting down and abandoning module AndroidMediaEditor (546)
[2018.10.22-13.13.15:933][811]LogModuleManager: Shutting down and abandoning module MagicLeapCameraPreviewFactory (544)
[2018.10.22-13.13.15:933][811]LogModuleManager: Shutting down and abandoning module MagicLeapMediaFactory (542)
[2018.10.22-13.13.15:933][811]LogModuleManager: Shutting down and abandoning module MagicLeapMediaEditor (540)
[2018.10.22-13.13.15:933][811]LogModuleManager: Shutting down and abandoning module CharacterAI (538)
[2018.10.22-13.13.15:933][811]LogModuleManager: Shutting down and abandoning module SmartSnapping (536)
[2018.10.22-13.13.15:933][811]LogModuleManager: Shutting down and abandoning module SessionServices (534)
[2018.10.22-13.13.15:933][811]LogModuleManager: Shutting down and abandoning module ViewportSnapping (532)
[2018.10.22-13.13.15:933][811]LogModuleManager: Shutting down and abandoning module ViewportInteraction (530)
[2018.10.22-13.13.15:933][811]LogModuleManager: Shutting down and abandoning module ClothPainter (528)
[2018.10.22-13.13.15:971][811]LogModuleManager: Shutting down and abandoning module SkeletalMeshEditor (527)
[2018.10.22-13.13.15:990][811]LogModuleManager: Shutting down and abandoning module LogVisualizer (524)
[2018.10.22-13.13.16:006][811]LogModuleManager: Shutting down and abandoning module IntroTutorials (522)
[2018.10.22-13.13.16:015][811]LogModuleManager: Shutting down and abandoning module GameProjectGeneration (521)
[2018.10.22-13.13.16:023][811]LogModuleManager: Shutting down and abandoning module LuminPlatformEditor (518)
[2018.10.22-13.13.16:023][811]LogModuleManager: Shutting down and abandoning module IOSPlatformEditor (516)
[2018.10.22-13.13.16:037][811]LogModuleManager: Shutting down and abandoning module HTML5PlatformEditor (514)
[2018.10.22-13.13.16:037][811]LogModuleManager: Shutting down and abandoning module AndroidPlatformEditor (512)
[2018.10.22-13.13.16:037][811]LogModuleManager: Shutting down and abandoning module AndroidDeviceDetection (511)
[2018.10.22-13.13.16:107][811]LogModuleManager: Shutting down and abandoning module WindowsPlatformEditor (508)
[2018.10.22-13.13.16:107][811]LogModuleManager: Shutting down and abandoning module LuminRuntimeSettings (506)
[2018.10.22-13.13.16:107][811]LogModuleManager: Shutting down and abandoning module IOSRuntimeSettings (504)
[2018.10.22-13.13.16:107][811]LogModuleManager: Shutting down and abandoning module AndroidRuntimeSettings (502)
[2018.10.22-13.13.16:107][811]LogModuleManager: Shutting down and abandoning module InputBindingEditor (500)
[2018.10.22-13.13.16:156][811]LogModuleManager: Shutting down and abandoning module MergeActors (498)
[2018.10.22-13.13.16:207][811]LogModuleManager: Shutting down and abandoning module LocalizationDashboard (496)
[2018.10.22-13.13.16:230][811]LogModuleManager: Shutting down and abandoning module LocalizationService (495)
[2018.10.22-13.13.16:245][811]LogModuleManager: Shutting down and abandoning module HardwareTargeting (492)
[2018.10.22-13.13.16:245][811]LogModuleManager: Shutting down and abandoning module DeviceProfileEditor (490)
[2018.10.22-13.13.16:245][811]LogModuleManager: Shutting down and abandoning module UndoHistory (488)
[2018.10.22-13.13.16:273][811]LogModuleManager: Shutting down and abandoning module XmlParser (486)
[2018.10.22-13.13.16:273][811]LogModuleManager: Shutting down and abandoning module Blutility (484)
[2018.10.22-13.13.16:284][811]LogModuleManager: Shutting down and abandoning module ProjectSettingsViewer (482)
[2018.10.22-13.13.16:284][811]LogModuleManager: Shutting down and abandoning module ProjectTargetPlatformEditor (481)
[2018.10.22-13.13.16:285][811]LogModuleManager: Shutting down and abandoning module EditorSettingsViewer (478)
[2018.10.22-13.13.16:285][811]LogModuleManager: Shutting down and abandoning module SettingsEditor (476)
[2018.10.22-13.13.16:324][811]LogModuleManager: Shutting down and abandoning module ProjectLauncher (474)
[2018.10.22-13.13.16:337][811]LogModuleManager: Shutting down and abandoning module SessionFrontend (472)
[2018.10.22-13.13.16:350][811]LogModuleManager: Shutting down and abandoning module ProfilerClient (470)
[2018.10.22-13.13.16:358][811]LogModuleManager: Shutting down and abandoning module DeviceManager (468)
[2018.10.22-13.13.16:371][811]LogModuleManager: Shutting down and abandoning module TargetDeviceServices (467)
[2018.10.22-13.13.16:426][811]LogModuleManager: Shutting down and abandoning module AutomationController (464)
[2018.10.22-13.13.16:450][811]LogModuleManager: Shutting down and abandoning module AutomationWindow (462)
[2018.10.22-13.13.16:468][811]LogModuleManager: Shutting down and abandoning module Layers (460)
[2018.10.22-13.13.16:481][811]LogModuleManager: Shutting down and abandoning module ComponentVisualizers (458)
[2018.10.22-13.13.16:481][811]LogModuleManager: Shutting down and abandoning module DetailCustomizations (456)
[2018.10.22-13.13.16:501][811]LogModuleManager: Shutting down and abandoning module PackagesDialog (454)
[2018.10.22-13.13.16:501][811]LogModuleManager: Shutting down and abandoning module Persona (452)
[2018.10.22-13.13.16:530][811]LogModuleManager: Shutting down and abandoning module AdvancedPreviewScene (451)
[2018.10.22-13.13.16:530][811]LogModuleManager: Shutting down and abandoning module AnimGraph (449)
[2018.10.22-13.13.16:544][811]LogModuleManager: Shutting down and abandoning module Kismet (446)
[2018.10.22-13.13.16:590][811]LogModuleManager: Shutting down and abandoning module GraphEditor (444)
[2018.10.22-13.13.16:616][811]LogModuleManager: Shutting down and abandoning module ClassViewer (442)
[2018.10.22-13.13.16:616][811]LogModuleManager: Shutting down and abandoning module Toolbox (440)
[2018.10.22-13.13.16:616][811]LogModuleManager: Shutting down and abandoning module DesktopPlatform (439)
[2018.10.22-13.13.16:616][811]LogModuleManager: Shutting down and abandoning module ModuleUI (436)
[2018.10.22-13.13.16:633][811]LogModuleManager: Shutting down and abandoning module MovieSceneTools (434)
[2018.10.22-13.13.16:665][811]LogModuleManager: Shutting down and abandoning module OutputLog (432)
[2018.10.22-13.13.16:665][811]LogModuleManager: Shutting down and abandoning module GammaUI (430)
[2018.10.22-13.13.16:678][811]LogModuleManager: Shutting down and abandoning module Documentation (428)
[2018.10.22-13.13.16:678][811]LogModuleManager: Shutting down and abandoning module MovieSceneTracks (426)
[2018.10.22-13.13.16:678][811]LogModuleManager: Shutting down and abandoning module MovieScene (424)
[2018.10.22-13.13.16:684][811]LogModuleManager: Shutting down and abandoning module StreamingPauseRendering (422)
[2018.10.22-13.13.16:696][811]LogModuleManager: Shutting down and abandoning module LauncherPlatform (420)
[2018.10.22-13.13.16:696][811]LogModuleManager: Shutting down and abandoning module AnalyticsET (418)
[2018.10.22-13.13.16:696][811]LogModuleManager: Shutting down and abandoning module PortalServices (416)
[2018.10.22-13.13.16:696][811]LogModuleManager: Shutting down and abandoning module PortalRpc (414)
[2018.10.22-13.13.16:696][811]LogModuleManager: Shutting down and abandoning module MessagingRpc (412)
[2018.10.22-13.13.16:696][811]LogModuleManager: Shutting down and abandoning module AIModule (410)
[2018.10.22-13.13.16:713][811]LogModuleManager: Shutting down and abandoning module GameplayDebugger (409)
[2018.10.22-13.13.16:713][811]LogModuleManager: Shutting down and abandoning module AITestSuite (407)
[2018.10.22-13.13.16:719][811]LogModuleManager: Shutting down and abandoning module NavigationSystem (405)
[2018.10.22-13.13.16:719][811]LogModuleManager: Shutting down and abandoning module ProfilerService (402)
[2018.10.22-13.13.16:849][811]LogModuleManager: Shutting down and abandoning module TaskGraph (400)
[2018.10.22-13.13.16:874][811]LogModuleManager: Shutting down and abandoning module SteamVRController (398)
[2018.10.22-13.13.16:874][811]LogModuleManager: Shutting down and abandoning module ProceduralMeshComponentEditor (396)
[2018.10.22-13.13.16:874][811]LogModuleManager: Shutting down and abandoning module ProceduralMeshComponent (394)
[2018.10.22-13.13.16:897][811]LogModuleManager: Shutting down and abandoning module OculusInput (392)
[2018.10.22-13.13.16:897][811]LogModuleManager: Shutting down and abandoning module MobilePatchingUtils (390)
[2018.10.22-13.13.16:897][811]LogModuleManager: Shutting down and abandoning module EditableMesh (388)
[2018.10.22-13.13.16:916][811]LogModuleManager: Shutting down and abandoning module CustomMeshComponent (386)
[2018.10.22-13.13.16:916][811]LogModuleManager: Shutting down and abandoning module CableComponent (384)
[2018.10.22-13.13.16:916][811]LogModuleManager: Shutting down and abandoning module AudioCapture (382)
[2018.10.22-13.13.16:916][811]LogModuleManager: Shutting down and abandoning module ArchVisCharacter (380)
[2018.10.22-13.13.16:916][811]LogModuleManager: Shutting down and abandoning module AndroidPermission (378)
[2018.10.22-13.13.16:916][811]LogModuleManager: Shutting down and abandoning module NUTUnrealEngine4 (376)
[2018.10.22-13.13.16:916][811]LogModuleManager: Shutting down and abandoning module NetcodeUnitTest (374)
[2018.10.22-13.13.16:992][811]LogModuleManager: Shutting down and abandoning module MediaCompositingEditor (372)
[2018.10.22-13.13.16:992][811]LogModuleManager: Shutting down and abandoning module MediaCompositing (370)
[2018.10.22-13.13.16:992][811]LogModuleManager: Shutting down and abandoning module LinearTimecode (368)
[2018.10.22-13.13.16:992][811]LogModuleManager: Shutting down and abandoning module ImgMedia (366)
[2018.10.22-13.13.17:048][811]LogModuleManager: Shutting down and abandoning module HTML5Networking (364)
[2018.10.22-13.13.17:048][811]LogModuleManager: Shutting down and abandoning module GeometryCacheTracks (362)
[2018.10.22-13.13.17:048][811]LogModuleManager: Shutting down and abandoning module GeometryCacheSequencer (360)
[2018.10.22-13.13.17:048][811]LogModuleManager: Shutting down and abandoning module BackChannel (358)
[2018.10.22-13.13.17:111][811]LogModuleManager: Shutting down and abandoning module AppleVision (356)
[2018.10.22-13.13.17:111][811]LogModuleManager: Shutting down and abandoning module AppleImageUtils (354)
[2018.10.22-13.13.17:111][811]LogModuleManager: Shutting down and abandoning module AlembicImporter (352)
[2018.10.22-13.13.17:111][811]LogModuleManager: Shutting down and abandoning module AlembicLibrary (351)
[2018.10.22-13.13.17:111][811]LogModuleManager: Shutting down and abandoning module GeometryCache (350)
[2018.10.22-13.13.17:111][811]LogModuleManager: Shutting down and abandoning module GeometryCacheEd (349)
[2018.10.22-13.13.17:111][811]LogModuleManager: Shutting down and abandoning module DatasmithContentEditor (344)
[2018.10.22-13.13.17:148][811]LogModuleManager: Shutting down and abandoning module DatasmithContent (342)
[2018.10.22-13.13.17:149][811]LogModuleManager: Shutting down and abandoning module SpeedTreeImporter (340)
[2018.10.22-13.13.17:149][811]LogModuleManager: Shutting down and abandoning module PluginBrowser (338)
[2018.10.22-13.13.17:373][811]LogModuleManager: Shutting down and abandoning module MobileLauncherProfileWizard (336)
[2018.10.22-13.13.17:410][811]LogModuleManager: Shutting down and abandoning module PolygonModeling (334)
[2018.10.22-13.13.17:410][811]LogModuleManager: Shutting down and abandoning module MeshEditor (332)
[2018.10.22-13.13.17:447][811]LogModuleManager: Shutting down and abandoning module CryptoKeysOpenSSL (330)
[2018.10.22-13.13.17:477][811]LogModuleManager: Shutting down and abandoning module CryptoKeys (328)
[2018.10.22-13.13.17:477][811]LogModuleManager: Shutting down and abandoning module VisualStudioSourceCodeAccess (326)
[2018.10.22-13.13.17:477][811]LogModuleManager: Shutting down and abandoning module VisualStudioCodeSourceCodeAccess (324)
[2018.10.22-13.13.17:477][811]LogModuleManager: Shutting down and abandoning module UObjectPlugin (322)
[2018.10.22-13.13.17:477][811]LogModuleManager: Shutting down and abandoning module SubversionSourceControl (320)
[2018.10.22-13.13.17:534][811]LogModuleManager: Shutting down and abandoning module PerforceSourceControl (318)
[2018.10.22-13.13.17:635][811]LogModuleManager: Shutting down and abandoning module GitSourceControl (316)
[2018.10.22-13.13.17:666][811]LogModuleManager: Shutting down and abandoning module SourceControl (315)
[2018.10.22-13.13.17:666][811]LogModuleManager: Shutting down and abandoning module CLionSourceCodeAccess (312)
[2018.10.22-13.13.17:666][811]LogModuleManager: Shutting down and abandoning module LightPropagationVolumeEditor (310)
[2018.10.22-13.13.17:666][811]LogModuleManager: Shutting down and abandoning module PaperTiledImporter (308)
[2018.10.22-13.13.17:666][811]LogModuleManager: Shutting down and abandoning module PaperSpriteSheetImporter (306)
[2018.10.22-13.13.17:667][811]LogModuleManager: Shutting down and abandoning module Paper2DEditor (304)
[2018.10.22-13.13.17:699][811]LogModuleManager: Shutting down and abandoning module MeshPaint (303)
[2018.10.22-13.13.17:719][811]LogModuleManager: Shutting down and abandoning module Youtube (300)
[2018.10.22-13.13.17:719][811]LogModuleManager: Shutting down and abandoning module RuntimePhysXCooking (298)
[2018.10.22-13.13.17:719][811]LogModuleManager: Shutting down and abandoning module PhysXVehiclesEditor (296)
[2018.10.22-13.13.17:719][811]LogModuleManager: Shutting down and abandoning module PhysXVehicles (294)
[2018.10.22-13.13.17:719][811]LogModuleManager: Shutting down and abandoning module OculusEditor (292)
[2018.10.22-13.13.17:738][811]LogModuleManager: Shutting down and abandoning module LocationServicesBPLibrary (290)
[2018.10.22-13.13.17:738][811]LogModuleManager: Shutting down and abandoning module ImmediatePhysicsEditor (288)
[2018.10.22-13.13.17:738][811]LogModuleManager: Shutting down and abandoning module ImmediatePhysics (286)
[2018.10.22-13.13.17:750][811]LogModuleManager: Shutting down and abandoning module ActorSequence (284)
[2018.10.22-13.13.17:750][811]LogModuleManager: Shutting down and abandoning module UdpMessaging (282)
[2018.10.22-13.13.17:855][811]LogModuleManager: Shutting down and abandoning module TcpMessaging (280)
[2018.10.22-13.13.17:977][811]LogModuleManager: Shutting down and abandoning module MagicLeapAudio (278)
[2018.10.22-13.13.17:977][811]LogModuleManager: Shutting down and abandoning module GameplayTagsEditor (276)
[2018.10.22-13.13.17:995][811]LogModuleManager: Shutting down and abandoning module FacialAnimationEditor (274)
[2018.10.22-13.13.17:995][811]LogModuleManager: Shutting down and abandoning module FacialAnimation (272)
[2018.10.22-13.13.17:995][811]LogModuleManager: Shutting down and abandoning module DataValidation (270)
[2018.10.22-13.13.17:995][811]LogModuleManager: Shutting down and abandoning module AssetManagerEditor (268)
[2018.10.22-13.13.18:092][811]LogModuleManager: Shutting down and abandoning module LevelEditor (267)
[2018.10.22-13.13.18:093][811]LogModuleManager: Shutting down and abandoning module PixelInspectorModule (266)
[2018.10.22-13.13.18:123][811]LogModuleManager: Shutting down and abandoning module CommonMenuExtensions (264)
[2018.10.22-13.13.18:124][811]LogModuleManager: Shutting down and abandoning module MainFrame (262)
[2018.10.22-13.13.18:160][811]LogModuleManager: Shutting down and abandoning module HotReload (261)
[2018.10.22-13.13.18:316][811]LogModuleManager: Shutting down and abandoning module ContentBrowser (257)
[2018.10.22-13.13.18:317][811]LogModuleManager: Shutting down and abandoning module TreeMap (255)
[2018.10.22-13.13.18:341][811]LogModuleManager: Shutting down and abandoning module LightPropagationVolumeRuntime (252)
[2018.10.22-13.13.18:341][811]LogModuleManager: Shutting down and abandoning module AISupportModule (250)
[2018.10.22-13.13.18:341][811]LogModuleManager: Shutting down and abandoning module Paper2D (248)
[2018.10.22-13.13.18:361][811]LogModuleManager: Shutting down and abandoning module WindowsMoviePlayer (246)
[2018.10.22-13.13.18:403][811]LogModuleManager: Shutting down and abandoning module WmfMedia (244)
[2018.10.22-13.13.18:437][811]LogModuleManager: Shutting down and abandoning module Media (243)
[2018.10.22-13.13.18:443][811]LogModuleManager: Shutting down and abandoning module PacketHandler (240)
[2018.10.22-13.13.18:443][811]LogModuleManager: Shutting down and abandoning module ClothingSystemEditor (238)
[2018.10.22-13.13.18:443][811]LogModuleManager: Shutting down and abandoning module ClothingSystemRuntime (236)
[2018.10.22-13.13.18:443][811]LogModuleManager: Shutting down and abandoning module MediaAssets (234)
[2018.10.22-13.13.18:443][811]LogModuleManager: Shutting down and abandoning module Overlay (232)
[2018.10.22-13.13.18:443][811]LogModuleManager: Shutting down and abandoning module OverlayEditor (231)
[2018.10.22-13.13.18:443][811]LogModuleManager: Shutting down and abandoning module VREditor (228)
[2018.10.22-13.13.18:467][811]LogModuleManager: Shutting down and abandoning module StringTableEditor (226)
[2018.10.22-13.13.18:505][811]LogModuleManager: Shutting down and abandoning module GameplayTasksEditor (224)
[2018.10.22-13.13.18:505][811]LogModuleManager: Shutting down and abandoning module BehaviorTreeEditor (222)
[2018.10.22-13.13.18:670][811]LogModuleManager: Shutting down and abandoning module FunctionalTesting (220)
[2018.10.22-13.13.18:776][811]LogModuleManager: Shutting down and abandoning module CollisionAnalyzer (218)
[2018.10.22-13.13.18:907][811]LogModuleManager: Shutting down and abandoning module WorkspaceMenuStructure (217)
[2018.10.22-13.13.18:907][811]LogModuleManager: Shutting down and abandoning module UMG (214)
[2018.10.22-13.13.18:940][811]LogModuleManager: Shutting down and abandoning module UMGEditor (213)
[2018.10.22-13.13.19:113][811]LogModuleManager: Shutting down and abandoning module Sequencer (212)
[2018.10.22-13.13.19:317][811]LogModuleManager: Shutting down and abandoning module MessageLog (209)
[2018.10.22-13.13.19:317][811]LogModuleManager: Shutting down and abandoning module SlateReflector (204)
[2018.10.22-13.13.19:456][811]LogModuleManager: Shutting down and abandoning module Slate (202)
[2018.10.22-13.13.19:456][811]LogModuleManager: Shutting down and abandoning module EditorStyle (200)
[2018.10.22-13.13.19:457][811]LogModuleManager: Shutting down and abandoning module MRMesh (198)
[2018.10.22-13.13.19:484][811]LogModuleManager: Shutting down and abandoning module SourceCodeAccess (196)
[2018.10.22-13.13.19:484][811]LogModuleManager: Shutting down and abandoning module HeadMountedDisplay (194)
[2018.10.22-13.13.19:484][811]LogModuleManager: Shutting down and abandoning module XAudio2 (192)
[2018.10.22-13.13.19:484][811]LogModuleManager: Shutting down and abandoning module Networking (190)
[2018.10.22-13.13.19:484][811]LogModuleManager: Shutting down and abandoning module Core (188)
[2018.10.22-13.13.19:484][811]LogModuleManager: Shutting down and abandoning module LevelSequence (186)
[2018.10.22-13.13.19:484][811]LogModuleManager: Shutting down and abandoning module KismetCompiler (184)
[2018.10.22-13.13.19:484][811]LogModuleManager: Shutting down and abandoning module MeshUtilities (182)
[2018.10.22-13.13.19:569][811]LogModuleManager: Shutting down and abandoning module MeshMergeUtilities (181)
[2018.10.22-13.13.19:607][811]LogModuleManager: Shutting down and abandoning module MeshReductionInterface (180)
[2018.10.22-13.13.19:607][811]LogModuleManager: Shutting down and abandoning module SimplygonSwarm (179)
[2018.10.22-13.13.19:626][811]LogModuleManager: Shutting down and abandoning module ProxyLODMeshReduction (177)
[2018.10.22-13.13.19:694][811]LogModuleManager: Shutting down and abandoning module SimplygonMeshReduction (175)
[2018.10.22-13.13.19:694][811]LogModuleManager: Shutting down and abandoning module QuadricMeshReduction (173)
[2018.10.22-13.13.19:758][811]LogModuleManager: Shutting down and abandoning module MaterialBaking (169)
[2018.10.22-13.13.19:758][811]LogModuleManager: Shutting down and abandoning module DirectoryWatcher (165)
[2018.10.22-13.13.19:758][811]LogModuleManager: Shutting down and abandoning module DerivedDataCache (162)
[2018.10.22-13.13.19:807][811]LogDerivedDataCache: Shutdown
[2018.10.22-13.13.19:807][811]LogModuleManager: Shutting down and abandoning module XGEController (160)
[2018.10.22-13.13.19:807][811]LogXGEController: Cleaning working directory: C:/Users/Mika/AppData/Local/Temp/UnrealXGEWorkingDir/
[2018.10.22-13.13.19:807][811]LogModuleManager: Shutting down and abandoning module TargetPlatform (158)
[2018.10.22-13.13.19:807][811]LogModuleManager: Shutting down and abandoning module VulkanShaderFormat (157)
[2018.10.22-13.13.19:828][811]LogModuleManager: Shutting down and abandoning module ShaderFormatVectorVM (155)
[2018.10.22-13.13.19:857][811]LogModuleManager: Shutting down and abandoning module ShaderFormatOpenGL (153)
[2018.10.22-13.13.19:877][811]LogModuleManager: Shutting down and abandoning module ShaderFormatD3D (151)
[2018.10.22-13.13.19:877][811]LogModuleManager: Shutting down and abandoning module MetalShaderFormat (149)
[2018.10.22-13.13.19:923][811]LogModuleManager: Shutting down and abandoning module TextureFormatUncompressed (147)
[2018.10.22-13.13.19:923][811]LogModuleManager: Shutting down and abandoning module TextureFormatPVR (145)
[2018.10.22-13.13.19:923][811]LogModuleManager: Shutting down and abandoning module TextureFormatDXT (143)
[2018.10.22-13.13.19:923][811]LogModuleManager: Shutting down and abandoning module TextureFormatIntelISPCTexComp (141)
[2018.10.22-13.13.19:953][811]LogModuleManager: Shutting down and abandoning module TextureFormatASTC (139)
[2018.10.22-13.13.19:953][811]LogModuleManager: Shutting down and abandoning module ImageWrapper (138)
[2018.10.22-13.13.19:953][811]LogModuleManager: Shutting down and abandoning module TextureFormatAndroid (135)
[2018.10.22-13.13.19:953][811]LogModuleManager: Shutting down and abandoning module AudioFormatOpus (133)
[2018.10.22-13.13.19:953][811]LogModuleManager: Shutting down and abandoning module AudioFormatOgg (131)
[2018.10.22-13.13.19:953][811]LogModuleManager: Shutting down and abandoning module AudioFormatADPCM (129)
[2018.10.22-13.13.19:953][811]LogModuleManager: Shutting down and abandoning module LuminTargetPlatform (127)
[2018.10.22-13.13.19:953][811]LogModuleManager: Shutting down and abandoning module LinuxTargetPlatform (125)
[2018.10.22-13.13.19:953][811]LogModuleManager: Shutting down and abandoning module LinuxServerTargetPlatform (123)
[2018.10.22-13.13.19:953][811]LogModuleManager: Shutting down and abandoning module LinuxNoEditorTargetPlatform (121)
[2018.10.22-13.13.19:995][811]LogModuleManager: Shutting down and abandoning module LinuxClientTargetPlatform (119)
[2018.10.22-13.13.20:018][811]LogModuleManager: Shutting down and abandoning module TVOSTargetPlatform (117)
[2018.10.22-13.13.20:019][811]LogModuleManager: Shutting down and abandoning module Messaging (115)
[2018.10.22-13.13.20:019][811]LogModuleManager: Shutting down and abandoning module IOSTargetPlatform (113)
[2018.10.22-13.13.20:020][811]LogModuleManager: Shutting down and abandoning module HTML5TargetPlatform (111)
[2018.10.22-13.13.20:020][811]LogModuleManager: Shutting down and abandoning module AndroidTargetPlatform (109)
[2018.10.22-13.13.20:441][811]LogModuleManager: Shutting down and abandoning module WindowsTargetPlatform (107)
[2018.10.22-13.13.20:441][811]LogModuleManager: Shutting down and abandoning module WindowsServerTargetPlatform (105)
[2018.10.22-13.13.20:441][811]LogModuleManager: Shutting down and abandoning module WindowsNoEditorTargetPlatform (103)
[2018.10.22-13.13.20:441][811]LogModuleManager: Shutting down and abandoning module WindowsClientTargetPlatform (101)
[2018.10.22-13.13.20:441][811]LogModuleManager: Shutting down and abandoning module MacTargetPlatform (99)
[2018.10.22-13.13.20:441][811]LogModuleManager: Shutting down and abandoning module MacServerTargetPlatform (97)
[2018.10.22-13.13.20:441][811]LogModuleManager: Shutting down and abandoning module MacNoEditorTargetPlatform (95)
[2018.10.22-13.13.20:441][811]LogModuleManager: Shutting down and abandoning module MacClientTargetPlatform (93)
[2018.10.22-13.13.20:441][811]LogModuleManager: Shutting down and abandoning module AllDesktopTargetPlatform (91)
[2018.10.22-13.13.20:441][811]LogModuleManager: Shutting down and abandoning module InputCore (88)
[2018.10.22-13.13.20:441][811]LogModuleManager: Shutting down and abandoning module Settings (86)
[2018.10.22-13.13.20:441][811]LogModuleManager: Shutting down and abandoning module PhysXCooking (84)
[2018.10.22-13.13.20:441][811]LogModuleManager: Shutting down and abandoning module SteamVR (82)
[2018.10.22-13.13.20:441][811]LogModuleManager: Shutting down and abandoning module OculusHMD (80)
[2018.10.22-13.13.20:905][811]LogModuleManager: Shutting down and abandoning module ExampleDeviceProfileSelector (78)
[2018.10.22-13.13.20:905][811]LogModuleManager: Shutting down and abandoning module LauncherChunkInstaller (76)
[2018.10.22-13.13.20:905][811]LogModuleManager: Shutting down and abandoning module OnlineBlueprintSupport (74)
[2018.10.22-13.13.20:905][811]LogModuleManager: Shutting down and abandoning module OnlineSubsystem (70)
[2018.10.22-13.13.21:285][811]LogModuleManager: Shutting down and abandoning module XMPP (65)
[2018.10.22-13.13.21:380][811]LogModuleManager: Shutting down and abandoning module WebSockets (64)
[2018.10.22-13.13.21:538][811]LogModuleManager: Shutting down and abandoning module HTTP (61)
[2018.10.22-13.13.21:538][811]LogHttp: Display: Http module shutting down, but needs to wait on 1 outstanding Http requests:
[2018.10.22-13.13.21:538][811]LogHttp: Display: 	verb=[POST] url=[https://datarouter.ol.epicgames.com/datarouter/api/v1/public/data?SessionID=%7BC0BD26AB-4324-6A1C-6F5D-BAAD8B1EA54F%7D&AppID=UEEditor.Rocket.Release&AppVersion=4.20.3-4369336%2B%2B%2BUE4%2BRelease-4.20&UserID=1efc369d420bcfe3ade55aa125a5d260%7Cb330d9178038414b88190f046419eaec%7C683c1d4b-4133-4a89-8092-53e72ab21a90&AppEnvironment=datacollector-binary&UploadType=eteventstream] status=Processing
[2018.10.22-13.13.21:545][811]LogModuleManager: Shutting down and abandoning module SSL (60)
[2018.10.22-13.13.21:592][811]LogModuleManager: Shutting down and abandoning module MagicLeapEmulator (56)
[2018.10.22-13.13.21:592][811]LogModuleManager: Shutting down and abandoning module MagicLeapPrivileges (54)
[2018.10.22-13.13.21:592][811]LogModuleManager: Shutting down and abandoning module MagicLeapIdentity (52)
[2018.10.22-13.13.21:592][811]LogModuleManager: Shutting down and abandoning module MagicLeapHelperVulkan (50)
[2018.10.22-13.13.21:592][811]LogModuleManager: Shutting down and abandoning module MagicLeapHelperOpenGL (48)
[2018.10.22-13.13.21:592][811]LogModuleManager: Shutting down and abandoning module MagicLeapSecureStorage (46)
[2018.10.22-13.13.21:592][811]LogModuleManager: Shutting down and abandoning module MagicLeapGestures (44)
[2018.10.22-13.13.21:592][811]LogModuleManager: Shutting down and abandoning module MagicLeapEyeTracker (42)
[2018.10.22-13.13.21:592][811]LogModuleManager: Shutting down and abandoning module MagicLeapController (40)
[2018.10.22-13.13.21:592][811]LogSlate: Slate User Destroyed.  User Index 0, Is Virtual User: 0
[2018.10.22-13.13.21:592][811]LogModuleManager: Shutting down and abandoning module MagicLeap (38)
[2018.10.22-13.13.21:592][811]LogModuleManager: Shutting down and abandoning module AnimationModifiers (36)
[2018.10.22-13.13.21:664][811]LogModuleManager: Shutting down and abandoning module PropertyEditor (35)
[2018.10.22-13.13.21:683][811]LogModuleManager: Shutting down and abandoning module AudioEditor (32)
[2018.10.22-13.13.21:817][811]LogModuleManager: Shutting down and abandoning module TextureCompressor (30)
[2018.10.22-13.13.21:817][811]LogModuleManager: Shutting down and abandoning module ShaderCore (28)
[2018.10.22-13.13.21:817][811]LogModuleManager: Shutting down and abandoning module Landscape (26)
[2018.10.22-13.13.21:817][811]LogModuleManager: Shutting down and abandoning module SlateRHIRenderer (24)
[2018.10.22-13.13.21:874][811]LogModuleManager: Shutting down and abandoning module OpenGLDrv (22)
[2018.10.22-13.13.21:903][811]LogModuleManager: Shutting down and abandoning module D3D11RHI (20)
[2018.10.22-13.13.21:903][811]LogModuleManager: Shutting down and abandoning module AnimGraphRuntime (18)
[2018.10.22-13.13.21:926][811]LogModuleManager: Shutting down and abandoning module Renderer (16)
[2018.10.22-13.13.21:926][811]LogModuleManager: Shutting down and abandoning module Engine (14)
[2018.10.22-13.13.21:926][811]LogModuleManager: Shutting down and abandoning module CoreUObject (12)
[2018.10.22-13.13.21:926][811]LogModuleManager: Shutting down and abandoning module NetworkFile (10)
[2018.10.22-13.13.21:951][811]LogModuleManager: Shutting down and abandoning module CookedIterativeFile (8)
[2018.10.22-13.13.21:952][811]LogModuleManager: Shutting down and abandoning module StreamingFile (6)
[2018.10.22-13.13.21:983][811]LogModuleManager: Shutting down and abandoning module SandboxFile (4)
[2018.10.22-13.13.21:983][811]LogModuleManager: Shutting down and abandoning module PakFile (2)
[2018.10.22-13.13.22:054][811]LogExit: Exiting.
[2018.10.22-13.13.22:063][811]Log file closed, 10/22/18 16:13:22
