Log file open, 10/16/18 16:36:50
LogWindows: Failed to load 'aqProf.dll' (GetLastError=126)
LogWindows: File 'aqProf.dll' does not exist
LogWindows: Failed to load 'VtuneApi.dll' (GetLastError=126)
LogWindows: File 'VtuneApi.dll' does not exist
LogWindows: Failed to load 'VtuneApi32e.dll' (GetLastError=126)
LogWindows: File 'VtuneApi32e.dll' does not exist
LogInit: Display: Running engine for game: Youtube
LogPlatformFile: Not using cached read wrapper
LogTaskGraph: Started task graph with 5 named threads and 14 total threads with 3 sets of task threads.
LogStats: Stats thread started at 0.450831
LogD3D11RHI: Loaded GFSDK_Aftermath_Lib.x64.dll
LogICUInternationalization: Display: ICU TimeZone Detection - Raw Offset: +2:00, Platform Override: ''
LogPluginManager: Mounting plugin Paper2D
LogPluginManager: Mounting plugin AISupport
LogPluginManager: Mounting plugin LightPropagationVolume
LogPluginManager: Mounting plugin CLionSourceCodeAccess
LogPluginManager: Mounting plugin CodeLiteSourceCodeAccess
LogPluginManager: Mounting plugin GitSourceControl
LogPluginManager: Mounting plugin KDevelopSourceCodeAccess
LogPluginManager: Mounting plugin NullSourceCodeAccess
LogPluginManager: Mounting plugin PerforceSourceControl
LogPluginManager: Mounting plugin SubversionSourceControl
LogPluginManager: Mounting plugin UObjectPlugin
LogPluginManager: Mounting plugin VisualStudioCodeSourceCodeAccess
LogPluginManager: Mounting plugin VisualStudioSourceCodeAccess
LogPluginManager: Mounting plugin XCodeSourceCodeAccess
LogPluginManager: Mounting plugin AssetManagerEditor
LogPluginManager: Mounting plugin CryptoKeys
LogPluginManager: Mounting plugin DataValidation
LogPluginManager: Mounting plugin FacialAnimation
LogPluginManager: Mounting plugin GameplayTagsEditor
LogPluginManager: Mounting plugin MacGraphicsSwitching
LogPluginManager: Mounting plugin MeshEditor
LogPluginManager: Mounting plugin MobileLauncherProfileWizard
LogPluginManager: Mounting plugin PluginBrowser
LogPluginManager: Mounting plugin SpeedTreeImporter
LogPluginManager: Mounting plugin DatasmithContent
LogPluginManager: Mounting plugin AlembicImporter
LogPluginManager: Mounting plugin AppleImageUtils
LogPluginManager: Mounting plugin AppleVision
LogPluginManager: Mounting plugin BackChannel
LogPluginManager: Mounting plugin CharacterAI
LogPluginManager: Mounting plugin GeometryCache
LogPluginManager: Mounting plugin HTML5Networking
LogPluginManager: Mounting plugin ProxyLODPlugin
LogPluginManager: Mounting plugin MagicLeap
LogPluginManager: Mounting plugin MagicLeapEmulator
LogPluginManager: Mounting plugin MagicLeapMedia
LogPluginManager: Mounting plugin AndroidMedia
LogPluginManager: Mounting plugin AvfMedia
LogPluginManager: Mounting plugin ImgMedia
LogPluginManager: Mounting plugin LinearTimecode
LogPluginManager: Mounting plugin MediaCompositing
LogPluginManager: Mounting plugin MediaPlayerEditor
LogPluginManager: Mounting plugin WmfMedia
LogPluginManager: Mounting plugin TcpMessaging
LogPluginManager: Mounting plugin UdpMessaging
LogPluginManager: Mounting plugin ActorSequence
LogPluginManager: Mounting plugin LevelSequenceEditor
LogPluginManager: Mounting plugin MatineeToLevelSequence
LogPluginManager: Mounting plugin NetcodeUnitTest
LogPluginManager: Mounting plugin NUTUnrealEngine4
LogPluginManager: Mounting plugin OnlineSubsystemGooglePlay
LogPluginManager: Mounting plugin OnlineSubsystemIOS
LogPluginManager: Mounting plugin OnlineSubsystem
LogPluginManager: Mounting plugin OnlineSubsystemNull
LogPluginManager: Mounting plugin OnlineSubsystemUtils
LogPluginManager: Mounting plugin LauncherChunkInstaller
LogPluginManager: Mounting plugin AndroidDeviceProfileSelector
LogPluginManager: Mounting plugin AndroidMoviePlayer
LogPluginManager: Mounting plugin AndroidPermission
LogPluginManager: Mounting plugin AppleMoviePlayer
LogPluginManager: Mounting plugin ArchVisCharacter
LogPluginManager: Mounting plugin AudioCapture
LogPluginManager: Mounting plugin CableComponent
LogPluginManager: Mounting plugin CustomMeshComponent
LogPluginManager: Mounting plugin EditableMesh
LogPluginManager: Mounting plugin ExampleDeviceProfileSelector
LogPluginManager: Mounting plugin GoogleCloudMessaging
LogPluginManager: Mounting plugin ImmediatePhysics
LogPluginManager: Mounting plugin IOSDeviceProfileSelector
LogPluginManager: Mounting plugin LinuxDeviceProfileSelector
LogPluginManager: Mounting plugin LocationServicesBPLibrary
LogPluginManager: Mounting plugin MobilePatchingUtils
LogPluginManager: Mounting plugin OculusVR
LogPluginManager: Plugin shader directory ../../../Engine/Plugins/Runtime/Oculus/OculusVR/Shaders found
LogPluginManager: Mapping shader source directory ../../../Engine/Plugins/Runtime/Oculus/OculusVR/Shaders to virtual directory /Plugin/OculusVR
LogPluginManager: Mounting plugin PhysXVehicles
LogPluginManager: Mounting plugin ProceduralMeshComponent
LogPluginManager: Mounting plugin RuntimePhysXCooking
LogPluginManager: Mounting plugin SteamVR
LogPluginManager: Mounting plugin WindowsMoviePlayer
LogStreaming: Display: Took  0.168s to configure plugins.
LogInit: Using libcurl 7.55.1-DEV
LogInit:  - built for x86_64-pc-win32
LogInit:  - supports SSL with OpenSSL/1.0.2h
LogInit:  - supports HTTP deflate (compression) using libz 1.2.8
LogInit:  - other features:
LogInit:      CURL_VERSION_SSL
LogInit:      CURL_VERSION_LIBZ
LogInit:      CURL_VERSION_IPV6
LogInit:      CURL_VERSION_ASYNCHDNS
LogInit:      CURL_VERSION_LARGEFILE
LogInit:      CURL_VERSION_IDN
LogInit:  CurlRequestOptions (configurable via config and command line):
LogInit:  - bVerifyPeer = false  - Libcurl will NOT verify peer certificate
LogInit:  - bUseHttpProxy = false  - Libcurl will NOT use HTTP proxy
LogInit:  - bDontReuseConnections = false  - Libcurl will reuse connections
LogInit:  - CertBundlePath = nullptr  - Libcurl will use whatever was configured at build time.
LogInit:  - MaxHostConnections = 16  - Libcurl will limit the number of connections to a host
LogInit:  - LocalHostAddr = Default
LogInit:  - BufferSize = 65536
LogInit: WinSock: version 1.1 (2.2), MaxSocks=32767, MaxUdp=65467
LogInit: Build: ++UE4+Release-4.20-CL-4369336
LogInit: Engine Version: 4.20.3-4369336+++UE4+Release-4.20
LogInit: Compatible Engine Version: 4.20.0-4212847+++UE4+Release-4.20
LogInit: Net CL: 4212847
LogInit: OS: Windows 10 (), CPU: Intel(R) Core(TM) i5-4460  CPU @ 3.20GHz, GPU: NVIDIA GeForce GTX 750 Ti
LogInit: Compiled (64-bit): Sep 17 2018 12:26:19
LogInit: Compiled with Visual C++: 19.13.26129.00
LogInit: Build Configuration: Development
LogInit: Branch Name: ++UE4+Release-4.20
LogInit: Command Line:  -skipcompile
LogInit: Base Directory: D:/Program Files/Epic Games/UE_4.20/Engine/Binaries/Win64/
LogInit: Installed Engine Build: 1
LogDevObjectVersion: Number of dev versions registered: 20
LogDevObjectVersion:   Dev-Blueprints (B0D832E4-1F89-4F0D-ACCF-7EB736FD4AA2): 10
LogDevObjectVersion:   Dev-Build (E1C64328-A22C-4D53-A36C-8E866417BD8C): 0
LogDevObjectVersion:   Dev-Core (375EC13C-06E4-48FB-B500-84F0262A717E): 2
LogDevObjectVersion:   Dev-Editor (E4B068ED-F494-42E9-A231-DA0B2E46BB41): 24
LogDevObjectVersion:   Dev-Framework (CFFC743F-43B0-4480-9391-14DF171D2073): 34
LogDevObjectVersion:   Dev-Mobile (B02B49B5-BB20-44E9-A304-32B752E40360): 2
LogDevObjectVersion:   Dev-Networking (A4E4105C-59A1-49B5-A7C5-40C4547EDFEE): 0
LogDevObjectVersion:   Dev-Online (39C831C9-5AE6-47DC-9A44-9C173E1C8E7C): 0
LogDevObjectVersion:   Dev-Physics (78F01B33-EBEA-4F98-B9B4-84EACCB95AA2): 0
LogDevObjectVersion:   Dev-Platform (6631380F-2D4D-43E0-8009-CF276956A95A): 0
LogDevObjectVersion:   Dev-Rendering (12F88B9F-8875-4AFC-A67C-D90C383ABD29): 26
LogDevObjectVersion:   Dev-Sequencer (7B5AE74C-D270-4C10-A958-57980B212A5A): 9
LogDevObjectVersion:   Dev-VR (D7296918-1DD6-4BDD-9DE2-64A83CC13884): 2
LogDevObjectVersion:   Dev-LoadTimes (C2A15278-BFE7-4AFE-6C17-90FF531DF755): 1
LogDevObjectVersion:   Private-Geometry (6EACA3D4-40EC-4CC1-B786-8BED09428FC5): 3
LogDevObjectVersion:   Dev-AnimPhys (29E575DD-E0A3-4627-9D10-D276232CDCEA): 17
LogDevObjectVersion:   Dev-ReflectionCapture (6B266CEC-1EC7-4B8F-A30B-E4D90942FC07): 1
LogDevObjectVersion:   Dev-Automation (0DF73D61-A23F-47EA-B727-89E90C41499A): 1
LogDevObjectVersion:   FortniteMain (601D1886-AC64-4F84-AA16-D3DE0DEAC7D6): 12
LogDevObjectVersion:   Dev-Enterprise (9DFFBCD6-494F-0158-E221-12823C92A888): 1
LogStreaming: Display: Took  0.000s to delete old logs.
LogInit: Presizing for max 8388607 objects, including 0 objects not considered by GC, pre-allocating 0 bytes for permanent pool.
LogInit: Object subsystem initialized
[2018.10.16-13.36.51:027][  0]LogInit: Selected Device Profile: [Windows]
[2018.10.16-13.36.51:027][  0]LogInit: Applying CVar settings loaded from the selected device profile: [Windows]
[2018.10.16-13.36.51:037][  0]LogHAL: Display: Platform has ~ 8 GB [8481820672 / 8589934592 / 8], which maps to Default [LargestMinGB=32, LargerMinGB=12, DefaultMinGB=8, SmallerMinGB=6, SmallestMinGB=0)
[2018.10.16-13.36.51:037][  0]LogInit: Setting Device Profile CVar: [[r.Vulkan.UseRealUBs:1]]
[2018.10.16-13.36.51:037][  0]LogInit: Going up to parent DeviceProfile []
[2018.10.16-13.36.51:038][  0]LogInit: Computer: MIKA-PC
[2018.10.16-13.36.51:038][  0]LogInit: User: Mika
[2018.10.16-13.36.51:038][  0]LogInit: CPU Page size=4096, Cores=4
[2018.10.16-13.36.51:039][  0]LogInit: High frequency timer resolution =3.117779 MHz
[2018.10.16-13.36.51:039][  0]LogMemory: Memory total: Physical=7.9GB (8GB approx)
[2018.10.16-13.36.51:040][  0]LogMemory: Platform Memory Stats for Windows
[2018.10.16-13.36.51:040][  0]LogMemory: Process Physical Memory: 100.38 MB used, 100.38 MB peak
[2018.10.16-13.36.51:040][  0]LogMemory: Process Virtual Memory: 82.91 MB used, 82.91 MB peak
[2018.10.16-13.36.51:040][  0]LogMemory: Physical Memory: 5837.75 MB used,  2251.15 MB free, 8088.89 MB total
[2018.10.16-13.36.51:040][  0]LogMemory: Virtual Memory: 4609.64 MB used,  2251.15 MB free, 134217728.00 MB total
[2018.10.16-13.36.51:193][  0]LogInit: Using OS detected language (fi-FI).
[2018.10.16-13.36.51:193][  0]LogInit: Using OS detected locale (fi-FI).
[2018.10.16-13.36.51:194][  0]LogTextLocalizationManager: No localization for 'fi-FI' exists, so 'en' will be used for the language.
[2018.10.16-13.36.51:606][  0]LogStreaming: Display: Took  0.413s to InitEngineTextLocalization.
[2018.10.16-13.36.51:606][  0]LogInit: Setting process to per monitor DPI aware
[2018.10.16-13.36.51:659][  0]LogSlate: New Slate User Created.  User Index 0, Is Virtual User: 0
[2018.10.16-13.36.51:659][  0]LogSlate: Slate User Registered.  User Index 0, Is Virtual User: 0
[2018.10.16-13.36.51:913][  0]LogHMD: Failed to initialize OpenVR with code 105
[2018.10.16-13.36.51:913][  0]LogD3D11RHI: D3D11 adapters:
[2018.10.16-13.36.52:004][  0]LogD3D11RHI:    0. 'NVIDIA GeForce GTX 750 Ti' (Feature Level 11_0)
[2018.10.16-13.36.52:004][  0]LogD3D11RHI:       2007/0/4044 MB DedicatedVideo/DedicatedSystem/SharedSystem, Outputs:1, VendorId:0x10de
[2018.10.16-13.36.52:020][  0]LogD3D11RHI:    1. 'Intel(R) HD Graphics 4600' (Feature Level 11_0)
[2018.10.16-13.36.52:020][  0]LogD3D11RHI:       112/0/2048 MB DedicatedVideo/DedicatedSystem/SharedSystem, Outputs:0, VendorId:0x8086
[2018.10.16-13.36.52:027][  0]LogD3D11RHI:    2. 'Microsoft Basic Render Driver' (Feature Level 11_0)
[2018.10.16-13.36.52:027][  0]LogD3D11RHI:       0/0/4044 MB DedicatedVideo/DedicatedSystem/SharedSystem, Outputs:0, VendorId:0x1414
[2018.10.16-13.36.52:027][  0]LogD3D11RHI: Chosen D3D11 Adapter: 0
[2018.10.16-13.36.52:034][  0]LogD3D11RHI: Creating new Direct3DDevice
[2018.10.16-13.36.52:034][  0]LogD3D11RHI:     GPU DeviceId: 0x1380 (for the marketing name, search the web for "GPU Device Id")
[2018.10.16-13.36.52:034][  0]LogWindows: EnumDisplayDevices:
[2018.10.16-13.36.52:035][  0]LogWindows:    0. 'NVIDIA GeForce GTX 750 Ti' (P:1 D:1)
[2018.10.16-13.36.52:035][  0]LogWindows:    1. 'NVIDIA GeForce GTX 750 Ti' (P:0 D:0)
[2018.10.16-13.36.52:035][  0]LogWindows:    2. 'NVIDIA GeForce GTX 750 Ti' (P:0 D:0)
[2018.10.16-13.36.52:036][  0]LogWindows:    3. 'NVIDIA GeForce GTX 750 Ti' (P:0 D:0)
[2018.10.16-13.36.52:036][  0]LogWindows:    4. 'Intel(R) HD Graphics 4600' (P:0 D:0)
[2018.10.16-13.36.52:037][  0]LogWindows:    5. 'Intel(R) HD Graphics 4600' (P:0 D:0)
[2018.10.16-13.36.52:037][  0]LogWindows:    6. 'Intel(R) HD Graphics 4600' (P:0 D:0)
[2018.10.16-13.36.52:038][  0]LogWindows: DebugString: PrimaryIsNotTheChoosenAdapter PrimaryIsNotTheChoosenAdapter PrimaryIsNotTheChoosenAdapter FoundDriverCount:4 
[2018.10.16-13.36.52:038][  0]LogD3D11RHI:     Adapter Name: NVIDIA GeForce GTX 750 Ti
[2018.10.16-13.36.52:038][  0]LogD3D11RHI:   Driver Version: 398.11 (internal:24.21.13.9811, unified:398.11)
[2018.10.16-13.36.52:038][  0]LogD3D11RHI:      Driver Date: 6-1-2018
[2018.10.16-13.36.52:038][  0]LogRHI: Texture pool is 1405 MB (70% of 2007 MB)
[2018.10.16-13.36.52:086][  0]LogD3D11RHI: Async texture creation enabled
[2018.10.16-13.36.52:108][  0]LogD3D11RHI: GPU Timing Frequency: 1000.000000 (Debug: 2 2)
[2018.10.16-13.36.52:110][  0]LogShaderCompilers: Guid format shader working directory is -17 characters bigger than the processId version (../../../../../../Users/Mika/Documents/Unreal Projects/Youtube/Intermediate/Shaders/WorkingDirectory/7312/).
[2018.10.16-13.36.52:111][  0]LogShaderCompilers: Cleaned the shader compiler working directory 'C:/Users/Mika/AppData/Local/Temp/UnrealShaderWorkingDir/8A7402BE4EB86C775194DEB006E8EF9A/'.
[2018.10.16-13.36.52:421][  0]LogTemp: Display: Loaded TP AllDesktopTargetPlatform
[2018.10.16-13.36.52:437][  0]LogTemp: Display: Loaded TP MacClientTargetPlatform
[2018.10.16-13.36.52:454][  0]LogTemp: Display: Loaded TP MacNoEditorTargetPlatform
[2018.10.16-13.36.52:471][  0]LogTemp: Display: Loaded TP MacServerTargetPlatform
[2018.10.16-13.36.52:489][  0]LogTemp: Display: Loaded TP MacTargetPlatform
[2018.10.16-13.36.52:507][  0]LogTemp: Display: Loaded TP WindowsClientTargetPlatform
[2018.10.16-13.36.52:524][  0]LogTemp: Display: Loaded TP WindowsNoEditorTargetPlatform
[2018.10.16-13.36.52:543][  0]LogTemp: Display: Loaded TP WindowsServerTargetPlatform
[2018.10.16-13.36.52:552][  0]LogTemp: Display: Loaded TP WindowsTargetPlatform
[2018.10.16-13.36.52:635][  0]LogTemp: Display: Loaded TP AndroidTargetPlatform
[2018.10.16-13.36.52:636][  0]LogTemp: Display: Loaded TP AndroidTargetPlatform
[2018.10.16-13.36.52:636][  0]LogTemp: Display: Loaded TP AndroidTargetPlatform
[2018.10.16-13.36.52:636][  0]LogTemp: Display: Loaded TP AndroidTargetPlatform
[2018.10.16-13.36.52:636][  0]LogTemp: Display: Loaded TP AndroidTargetPlatform
[2018.10.16-13.36.52:636][  0]LogTemp: Display: Loaded TP AndroidTargetPlatform
[2018.10.16-13.36.52:636][  0]LogTemp: Display: Loaded TP AndroidTargetPlatform
[2018.10.16-13.36.52:636][  0]LogTemp: Display: Loaded TP AndroidTargetPlatform
[2018.10.16-13.36.52:636][  0]LogTemp: Display: Loaded TP AndroidTargetPlatform
[2018.10.16-13.36.52:636][  0]LogTemp: Display: Loaded TP AndroidTargetPlatform
[2018.10.16-13.36.52:636][  0]LogTemp: Display: Loaded TP AndroidTargetPlatform
[2018.10.16-13.36.52:636][  0]LogTemp: Display: Loaded TP AndroidTargetPlatform
[2018.10.16-13.36.52:636][  0]LogTemp: Display: Loaded TP AndroidTargetPlatform
[2018.10.16-13.36.52:636][  0]LogTemp: Display: Loaded TP AndroidTargetPlatform
[2018.10.16-13.36.52:636][  0]LogTemp: Display: Loaded TP AndroidTargetPlatform
[2018.10.16-13.36.52:636][  0]LogTemp: Display: Loaded TP AndroidTargetPlatform
[2018.10.16-13.36.52:637][  0]LogTemp: Display: Loaded TP AndroidTargetPlatform
[2018.10.16-13.36.52:637][  0]LogTemp: Display: Loaded TP AndroidTargetPlatform
[2018.10.16-13.36.52:641][  0]LogTemp: Display: Loaded TP HTML5TargetPlatform
[2018.10.16-13.36.52:714][  0]LogTemp: Display: Loaded TP IOSTargetPlatform
[2018.10.16-13.36.52:714][  0]LogTemp: Display: Loaded TP IOSTargetPlatform
[2018.10.16-13.36.52:743][  0]LogTemp: Display: Loaded TP TVOSTargetPlatform
[2018.10.16-13.36.52:743][  0]LogTemp: Display: Loaded TP TVOSTargetPlatform
[2018.10.16-13.36.52:760][  0]LogTemp: Display: Loaded TP LinuxClientTargetPlatform
[2018.10.16-13.36.52:776][  0]LogTemp: Display: Loaded TP LinuxNoEditorTargetPlatform
[2018.10.16-13.36.52:791][  0]LogTemp: Display: Loaded TP LinuxServerTargetPlatform
[2018.10.16-13.36.52:807][  0]LogTemp: Display: Loaded TP LinuxTargetPlatform
[2018.10.16-13.36.52:819][  0]LogTemp: Display: Loaded TP LuminTargetPlatform
[2018.10.16-13.36.52:819][  0]LogTargetPlatformManager: Display: Building Assets For Windows
[2018.10.16-13.36.52:965][  0]LogXGEController: Cleaning working directory: C:/Users/Mika/AppData/Local/Temp/UnrealXGEWorkingDir/
[2018.10.16-13.36.52:965][  0]LogXGEController: Cannot use XGE Controller as Incredibuild is not installed on this machine.
[2018.10.16-13.36.52:965][  0]LogShaderCompilers: Cannot use XGE Shader Compiler as Incredibuild is not installed on this machine.
[2018.10.16-13.36.52:965][  0]LogShaderCompilers: Display: Using Local Shader Compiler.
[2018.10.16-13.36.53:733][  0]LogDerivedDataCache: Display: Max Cache Size: 512 MB
[2018.10.16-13.36.53:789][  0]LogDerivedDataCache: Loaded boot cache 0.06s 71MB C:/Users/Mika/AppData/Local/UnrealEngine/4.20/DerivedDataCache/Boot.ddc.
[2018.10.16-13.36.53:790][  0]LogDerivedDataCache: Display: Loaded Boot cache: C:/Users/Mika/AppData/Local/UnrealEngine/4.20/DerivedDataCache/Boot.ddc
[2018.10.16-13.36.53:790][  0]LogDerivedDataCache: FDerivedDataBackendGraph:  Pak pak cache file ../../../../../../Users/Mika/Documents/Unreal Projects/Youtube/DerivedDataCache/DDC.ddp not found, will not use a pak cache.
[2018.10.16-13.36.53:790][  0]LogDerivedDataCache: Unable to find inner node Pak for hierarchical cache Hierarchy.
[2018.10.16-13.36.53:790][  0]LogDerivedDataCache: FDerivedDataBackendGraph:  CompressedPak pak cache file ../../../../../../Users/Mika/Documents/Unreal Projects/Youtube/DerivedDataCache/Compressed.ddp not found, will not use a pak cache.
[2018.10.16-13.36.53:790][  0]LogDerivedDataCache: Unable to find inner node CompressedPak for hierarchical cache Hierarchy.
[2018.10.16-13.36.53:804][  0]LogDerivedDataCache: Display: Pak cache opened for reading ../../../Engine/DerivedDataCache/Compressed.ddp.
[2018.10.16-13.36.53:819][  0]LogDerivedDataCache: Using Local data cache path C:/Users/Mika/AppData/Local/UnrealEngine/Common/DerivedDataCache: Writable
[2018.10.16-13.36.53:819][  0]LogDerivedDataCache: Shared data cache path not found in *engine.ini, will not use an Shared cache.
[2018.10.16-13.36.53:819][  0]LogDerivedDataCache: Unable to find inner node Shared for hierarchical cache Hierarchy.
[2018.10.16-13.36.53:841][  0]LogMaterial: Verifying Global Shaders for PCD3D_SM5
[2018.10.16-13.36.53:843][  0]LogSlate: Using FreeType 2.6.0
[2018.10.16-13.36.53:844][  0]LogSlate: SlateFontServices - WITH_FREETYPE: 1, WITH_HARFBUZZ: 1
[2018.10.16-13.36.53:936][  0]LogAssetRegistry: FAssetRegistry took 0.0294 seconds to start up
[2018.10.16-13.36.54:267][  0]LogInit: Selected Device Profile: [Windows]
[2018.10.16-13.36.54:346][  0]LogSimplygon: Simplygon DLL not present - disabling.
[2018.10.16-13.36.54:356][  0]LogMeshReduction: Using SimplygonSwarm for distributed automatic mesh merging
[2018.10.16-13.36.54:356][  0]LogMeshReduction: Using ProxyLODMeshReduction for automatic mesh merging
[2018.10.16-13.36.54:356][  0]LogMeshReduction: Using QuadricMeshReduction for automatic static mesh reduction
[2018.10.16-13.36.54:356][  0]LogMeshReduction: No automatic skeletal mesh reduction module available
[2018.10.16-13.36.54:455][  0]LogNetVersion: Youtube 1.0.0, NetCL: 4212847, EngineNetVer: 5, GameNetVer: 0 (Checksum: 222399930)
[2018.10.16-13.36.54:948][  0]LogPackageLocalizationCache: Processed 11 localized package path(s) for 1 prioritized culture(s) in 0.061517 seconds
[2018.10.16-13.36.54:956][  0]LogUObjectArray: 38425 objects as part of root set at end of initial load.
[2018.10.16-13.36.54:956][  0]LogUObjectAllocator: 6690864 out of 0 bytes used by permanent object pool.
[2018.10.16-13.36.54:956][  0]LogUObjectArray: CloseDisregardForGC: 0/0 objects in disregard for GC pool
[2018.10.16-13.36.56:111][  0]LogTcpMessaging: Initializing TcpMessaging bridge
[2018.10.16-13.36.56:128][  0]LogUdpMessaging: Initializing bridge on interface 0.0.0.0:0 to multicast group 230.0.0.1:6666.
[2018.10.16-13.36.56:394][  0]SourceControl: Source control is disabled
[2018.10.16-13.36.56:394][  0]SourceControl: Source control is disabled
[2018.10.16-13.36.56:399][  0]SourceControl: Source control is disabled
[2018.10.16-13.36.56:403][  0]SourceControl: Source control is disabled
[2018.10.16-13.36.56:682][  0]LogAndroidPermission: UAndroidPermissionCallbackProxy::GetInstance
[2018.10.16-13.36.56:777][  0]LogOcInput: OculusInput pre-init called
[2018.10.16-13.36.56:851][  0]LogEngine: Initializing Engine...
[2018.10.16-13.36.56:868][  0]LogHMD: Failed to initialize OpenVR with code 105
[2018.10.16-13.36.56:869][  0]LogStats: UGameplayTagsManager::ConstructGameplayTagTree: ImportINI prefixes -  0.000 s
[2018.10.16-13.36.56:869][  0]LogStats: UGameplayTagsManager::ConstructGameplayTagTree: Construct from data asset -  0.000 s
[2018.10.16-13.36.56:869][  0]LogStats: UGameplayTagsManager::ConstructGameplayTagTree: ImportINI -  0.000 s
[2018.10.16-13.36.56:869][  0]LogStats: UGameplayTagsManager::ConstructGameplayTagTree: GameplayTagTreeChangedEvent.Broadcast -  0.000 s
[2018.10.16-13.36.57:085][  0]LogInit: Initializing FReadOnlyCVARCache
[2018.10.16-13.36.57:102][  0]LogAIModule: Creating AISystem for world Untitled
[2018.10.16-13.36.57:118][  0]LogInit: XAudio2 using 'Speakers (Logitech G35 Headset)' : 2 channels at 44.1 kHz using 16 bits per sample (channel mask 0x3)
[2018.10.16-13.36.57:153][  0]LogInit: FAudioDevice initialized.
[2018.10.16-13.36.57:153][  0]LogNetVersion: Set ProjectVersion to 1.0.0.0. Version Checksum will be recalculated on next use.
[2018.10.16-13.36.57:496][  0]LogDerivedDataCache: Saved boot cache 0.34s 71MB C:/Users/Mika/AppData/Local/UnrealEngine/4.20/DerivedDataCache/Boot.ddc.
[2018.10.16-13.36.57:502][  0]LogInit: Texture streaming: Enabled
[2018.10.16-13.36.57:543][  0]LogEngineSessionManager: EngineSessionManager initialized
[2018.10.16-13.36.57:554][  0]LogInit: Transaction tracking system initialized
[2018.10.16-13.36.57:593][  0]BlueprintLog: New page: Editor Load
[2018.10.16-13.36.57:722][  0]LocalizationService: Localization service is disabled
[2018.10.16-13.36.58:000][  0]LogCook: Display: Max memory allowance for cook 16384mb min free memory 0mb
[2018.10.16-13.36.58:000][  0]LogCook: Display: Mobile HDR setting 1
[2018.10.16-13.36.58:000][  0]LogGameplayTags: Display: UGameplayTagsManager::DoneAddingNativeTags. DelegateIsBound: 0
[2018.10.16-13.36.58:001][  0]LogStats: UGameplayTagsManager::ConstructGameplayTagTree: ImportINI prefixes -  0.000 s
[2018.10.16-13.36.58:001][  0]LogStats: UGameplayTagsManager::ConstructGameplayTagTree: Construct from data asset -  0.000 s
[2018.10.16-13.36.58:001][  0]LogFileCache: Scanning file cache for directory 'D:/Users/Mika/Documents/Unreal Projects/Youtube/Content/' took 0.01s
[2018.10.16-13.36.58:001][  0]LogStats: UGameplayTagsManager::ConstructGameplayTagTree: ImportINI -  0.000 s
[2018.10.16-13.36.58:001][  0]LogStats: UGameplayTagsManager::ConstructGameplayTagTree: GameplayTagTreeChangedEvent.Broadcast -  0.000 s
[2018.10.16-13.36.58:170][  0]SourceControl: Source control is disabled
[2018.10.16-13.36.58:171][  0]Cmd: MAP LOAD FILE="../../../Engine/Content/Maps/Templates/Template_Default.umap" TEMPLATE=1 SHOWPROGRESS=1 FEATURELEVEL=3
[2018.10.16-13.36.58:171][  0]LightingResults: New page: Lighting Build
[2018.10.16-13.36.58:174][  0]MapCheck: New page: Map Check
[2018.10.16-13.36.58:174][  0]LightingResults: New page: Lighting Build
[2018.10.16-13.36.58:375][  0]LogAIModule: Creating AISystem for world Untitled_1
[2018.10.16-13.36.58:384][  0]LogEditorServer: Finished looking for orphan Actors (0.000 secs)
[2018.10.16-13.36.58:407][  0]Cmd: MAP CHECKDEP NOCLEARLOG
[2018.10.16-13.36.58:469][  0]MapCheck: Map check complete: 0 Error(s), 0 Warning(s), took 60,879ms to complete.
[2018.10.16-13.36.58:469][  0]LogFileHelpers: Loading map 'Template_Default' took 0.298
[2018.10.16-13.36.58:591][  0]LogSlate: Updating window title bar state: overlay mode, drag disabled, window buttons hidden, title bar hidden
[2018.10.16-13.36.58:599][  0]LogSlate: Updating window title bar state: overlay mode, drag disabled, window buttons hidden, title bar hidden
[2018.10.16-13.36.58:607][  0]LogSlate: Updating window title bar state: overlay mode, drag disabled, window buttons hidden, title bar hidden
[2018.10.16-13.36.58:615][  0]LogSlate: Updating window title bar state: overlay mode, drag disabled, window buttons hidden, title bar hidden
[2018.10.16-13.36.58:625][  0]LogCollectionManager: Loaded 0 collections in 0.001963 seconds
[2018.10.16-13.36.58:676][  0]LogFileCache: Scanning file cache for directory 'D:/Users/Mika/Documents/Unreal Projects/Youtube/Saved/Collections/' took 0.01s
[2018.10.16-13.36.58:676][  0]LogFileCache: Scanning file cache for directory 'D:/Users/Mika/Documents/Unreal Projects/Youtube/Content/Developers/Mika/Collections/' took 0.01s
[2018.10.16-13.36.58:676][  0]LogFileCache: Scanning file cache for directory 'D:/Users/Mika/Documents/Unreal Projects/Youtube/Content/Collections/' took 0.01s
[2018.10.16-13.36.58:676][  0]LogCollectionManager: Rebuilt the GUID cache for 0 collections in 0.000000 seconds
[2018.10.16-13.36.58:687][  0]LogContentBrowser: Native class hierarchy populated in 0.0107 seconds. Added 2574 classes and 605 folders.
[2018.10.16-13.36.58:695][  0]LogContentBrowser: Native class hierarchy updated for 'WidgetCarousel' in 0.0004 seconds. Added 0 classes and 0 folders.
[2018.10.16-13.36.58:756][  0]LogContentBrowser: Native class hierarchy updated for 'AddContentDialog' in 0.0004 seconds. Added 0 classes and 0 folders.
[2018.10.16-13.36.58:764][  0]LogContentBrowser: Native class hierarchy updated for 'SceneOutliner' in 0.0005 seconds. Added 1 classes and 2 folders.
[2018.10.16-13.36.58:815][  0]LogContentBrowser: Native class hierarchy updated for 'HierarchicalLODOutliner' in 0.0005 seconds. Added 0 classes and 0 folders.
[2018.10.16-13.36.58:815][  0]LogLoad: (Engine Initialization) Total time: 10.01 seconds
[2018.10.16-13.36.58:815][  0]LogLoad: (Engine Initialization) Total Blueprint compile time: 0.00 seconds
[2018.10.16-13.36.58:826][  0]LogWindowsTextInputMethodSystem: Display: IME system now deactivated.
[2018.10.16-13.36.58:846][  0]LogContentStreaming: Texture pool size now 1000 MB
[2018.10.16-13.36.58:848][  0]LogSlate: Took 0.000310 seconds to synchronously load lazily loaded font '../../../Engine/Content/Slate/Fonts/Roboto-Regular.ttf' (155K)
[2018.10.16-13.36.58:850][  0]LogSlate: Took 0.000217 seconds to synchronously load lazily loaded font '../../../Engine/Content/Slate/Fonts/Roboto-Bold.ttf' (160K)
[2018.10.16-13.36.58:855][  0]LogSlate: Took 0.000352 seconds to synchronously load lazily loaded font '../../../Engine/Content/Editor/Slate/Fonts/FontAwesome.ttf' (139K)
[2018.10.16-13.36.58:947][  0]LogSlate: Took 0.000332 seconds to synchronously load lazily loaded font '../../../Engine/Content/Slate/Fonts/Roboto-Light.ttf' (167K)
[2018.10.16-13.36.58:969][  1]LogAssetRegistry: Asset discovery search completed in 5.0579 seconds
[2018.10.16-13.36.58:971][  1]LogCollectionManager: Rebuilt the object cache for 0 collections in 0.000000 seconds (found 0 objects)
[2018.10.16-13.36.58:971][  1]LogCollectionManager: Fixed up redirectors for 0 collections in 0.000160 seconds (updated 0 objects)
[2018.10.16-13.36.58:984][  2]LogRenderer: Reallocating scene render targets to support 756x360 Format 10 NumSamples 1 (Frame:1).
[2018.10.16-13.37.05:155][714]LogSlate: FSceneViewport::OnFocusLost() reason 0
[2018.10.16-13.37.05:595][759]LogEditor: Attempting to add actor of class 'MyActor' to level at -410.00,-440.00,20.00
[2018.10.16-13.37.05:595][759]LogActor: Warning: MyActor /Temp/Untitled_1.Untitled_1:PersistentLevel.MyActor_0 has natively added scene component(s), but none of them were set as the actor's RootComponent - picking one arbitrarily
[2018.10.16-13.37.06:516][796]LogEditor: Attempting to add actor of class 'MyActor' to level at 170.00,-270.00,20.00
[2018.10.16-13.37.06:518][796]LogActor: Warning: MyActor /Temp/Untitled_1.Untitled_1:PersistentLevel.MyActor_1 has natively added scene component(s), but none of them were set as the actor's RootComponent - picking one arbitrarily
[2018.10.16-13.37.27:873][709]LogEditorViewport: Clicking on Actor (LMB): StaticMeshActor (Floor)
[2018.10.16-13.37.31:618][ 59]LogSlate: Took 0.021077 seconds to synchronously load lazily loaded font '../../../Engine/Content/Slate/Fonts/Roboto-Italic.ttf' (157K)
[2018.10.16-13.37.33:204][246]LogEditorViewport: Clicking on Actor (LMB): StaticMeshActor (Floor)
[2018.10.16-13.37.53:963][814]LogSlate: FSceneViewport::OnFocusLost() reason 0
[2018.10.16-13.37.54:190][827]LogRenderer: Reallocating scene render targets to support 1140x600 Format 10 NumSamples 1 (Frame:2696).
[2018.10.16-13.38.36:224][460]LogSlate: Took 0.000296 seconds to synchronously load lazily loaded font '../../../Engine/Content/Slate/Fonts/Roboto-Light.ttf' (167K)
[2018.10.16-13.38.36:232][460]LogAssetEditorManager: Opening Asset editor for StaticMesh /Engine/MapTemplates/SM_Template_Map_Floor.SM_Template_Map_Floor
[2018.10.16-13.38.41:539][648]LogSlate: FSceneViewport::OnFocusLost() reason 0
[2018.10.16-13.38.46:732][  1]LogSlate: FSceneViewport::OnFocusLost() reason 0
[2018.10.16-13.38.53:998][722]LogSlate: FSceneViewport::OnFocusLost() reason 0
[2018.10.16-13.38.56:331][882]LogSlate: FSceneViewport::OnFocusLost() reason 0
[2018.10.16-13.38.59:816][222]LogSlate: Window 'SM_Template_Map_Floor' being destroyed
[2018.10.16-13.38.59:820][222]LogSlate: Window 'SM_Template_Map_Floor' being destroyed
[2018.10.16-13.39.11:466][562]LogEditorViewport: Clicking on Actor (LMB): BP_Sky_Sphere_C (Sky Sphere)
[2018.10.16-13.39.12:306][647]LogSlate: FSceneViewport::OnFocusLost() reason 0
[2018.10.16-13.39.12:527][669]LogEditor: Attempting to add actor of class 'MyActor' to level at -1340.00,-480.00,590.00
[2018.10.16-13.39.12:527][669]LogActor: Warning: MyActor /Temp/Untitled_1.Untitled_1:PersistentLevel.MyActor_2 has natively added scene component(s), but none of them were set as the actor's RootComponent - picking one arbitrarily
[2018.10.16-13.39.13:481][780]LogEditor: Attempting to add actor of class 'MyActor' to level at -840.00,-10.00,830.00
[2018.10.16-13.39.13:482][780]LogActor: Warning: MyActor /Temp/Untitled_1.Untitled_1:PersistentLevel.MyActor_3 has natively added scene component(s), but none of them were set as the actor's RootComponent - picking one arbitrarily
[2018.10.16-13.39.17:812][291]LogSlate: FSceneViewport::OnFocusLost() reason 2
[2018.10.16-13.39.25:187][161]LogEditorViewport: Clicking on Actor (LMB): StaticMeshActor (Floor)
[2018.10.16-13.39.27:866][472]LogEditorViewport: Clicking on Actor (LMB): BP_Sky_Sphere_C (Sky Sphere)
[2018.10.16-13.39.36:581][503]LogSlate: FSceneViewport::OnFocusLost() reason 0
[2018.10.16-13.39.36:774][525]LogEditor: Attempting to add actor of class 'MyActor' to level at -1310.00,-510.00,630.00
[2018.10.16-13.39.36:774][525]LogActor: Warning: MyActor /Temp/Untitled_1.Untitled_1:PersistentLevel.MyActor_4 has natively added scene component(s), but none of them were set as the actor's RootComponent - picking one arbitrarily
[2018.10.16-13.39.37:312][586]LogEditor: Attempting to add actor of class 'MyActor' to level at -830.00,-50.00,900.00
[2018.10.16-13.39.37:313][586]LogActor: Warning: MyActor /Temp/Untitled_1.Untitled_1:PersistentLevel.MyActor_5 has natively added scene component(s), but none of them were set as the actor's RootComponent - picking one arbitrarily
[2018.10.16-13.39.38:378][709]LogEditorViewport: Clicking on Actor (LMB): BP_Sky_Sphere_C (Sky Sphere)
[2018.10.16-13.39.39:322][817]LogEditorViewport: Clicking on Actor (LMB): BP_Sky_Sphere_C (Sky Sphere)
[2018.10.16-13.39.39:968][891]LogEditorViewport: Clicking on Actor (LMB): BP_Sky_Sphere_C (Sky Sphere)
[2018.10.16-13.39.41:683][ 87]LogSlate: FSceneViewport::OnFocusLost() reason 0
[2018.10.16-13.39.41:867][108]LogEditor: Attempting to add actor of class 'MyActor' to level at -1330.00,-490.00,610.00
[2018.10.16-13.39.41:868][108]LogActor: Warning: MyActor /Temp/Untitled_1.Untitled_1:PersistentLevel.MyActor_6 has natively added scene component(s), but none of them were set as the actor's RootComponent - picking one arbitrarily
[2018.10.16-13.39.42:547][186]LogEditor: Attempting to add actor of class 'MyActor' to level at -850.00,-130.00,860.00
[2018.10.16-13.39.42:548][186]LogActor: Warning: MyActor /Temp/Untitled_1.Untitled_1:PersistentLevel.MyActor_7 has natively added scene component(s), but none of them were set as the actor's RootComponent - picking one arbitrarily
[2018.10.16-13.39.44:666][434]LogSlate: FSceneViewport::OnFocusLost() reason 0
[2018.10.16-13.40.58:575][909]LogActorFactory: Actor Factory created Cube
[2018.10.16-13.40.59:141][942]LogActorFactory: Actor Factory created Cube
[2018.10.16-13.41.01:593][182]LogSlate: FSceneViewport::OnFocusLost() reason 2
[2018.10.16-13.41.14:729][678]LogSlate: FSceneViewport::OnFocusLost() reason 2
[2018.10.16-13.41.18:767][ 62]LogEditorViewport: Clicking on Actor (LMB): StaticMeshActor (Cube)
[2018.10.16-13.41.19:201][110]Cmd: DELETE
[2018.10.16-13.41.19:201][110]Cmd: ACTOR DELETE
[2018.10.16-13.41.19:661][110]LogEditorActor: Deleted Actor: StaticMeshActor
[2018.10.16-13.41.19:723][110]LogEditorActor: Deleted 1 Actors (0.150 secs)
[2018.10.16-13.41.19:848][122]LogEditorViewport: Clicking on Actor (context menu): BP_Sky_Sphere_C (Sky Sphere)
[2018.10.16-13.41.20:165][122]LogSlate: FSceneViewport::OnFocusLost() reason 2
[2018.10.16-13.41.21:130][232]LogEditorViewport: Clicking on Actor (LMB): BP_Sky_Sphere_C (Sky Sphere)
[2018.10.16-13.41.24:182][587]LogSlate: FSceneViewport::OnFocusLost() reason 0
[2018.10.16-13.41.24:390][611]LogEditor: Attempting to add actor of class 'MyActor' to level at -750.00,-580.00,380.00
[2018.10.16-13.41.24:390][611]LogActor: Warning: MyActor /Temp/Untitled_1.Untitled_1:PersistentLevel.MyActor_8 has natively added scene component(s), but none of them were set as the actor's RootComponent - picking one arbitrarily
[2018.10.16-13.41.24:958][675]LogEditor: Attempting to add actor of class 'MyActor' to level at -570.00,-510.00,500.00
[2018.10.16-13.41.24:960][675]LogActor: Warning: MyActor /Temp/Untitled_1.Untitled_1:PersistentLevel.MyActor_9 has natively added scene component(s), but none of them were set as the actor's RootComponent - picking one arbitrarily
[2018.10.16-13.41.33:300][353]LogSlate: FSceneViewport::OnFocusLost() reason 0
[2018.10.16-13.42.04:481][ 44]LogActorFactory: Actor Factory created Cube
[2018.10.16-13.42.05:291][131]LogActorFactory: Actor Factory created Cube
[2018.10.16-13.42.10:339][721]Cmd: DELETE
[2018.10.16-13.42.10:339][721]Cmd: ACTOR DELETE
[2018.10.16-13.42.10:341][721]LogEditorActor: Deleted Actor: StaticMeshActor
[2018.10.16-13.42.10:363][721]LogEditorActor: Deleted 1 Actors (0.024 secs)
[2018.10.16-13.42.11:821][895]LogSlate: FSceneViewport::OnFocusLost() reason 0
[2018.10.16-13.42.11:967][912]LogEditor: Attempting to add actor of class 'MyActor' to level at -760.00,-550.00,340.00
[2018.10.16-13.42.11:968][912]LogActor: Warning: MyActor /Temp/Untitled_1.Untitled_1:PersistentLevel.MyActor_10 has natively added scene component(s), but none of them were set as the actor's RootComponent - picking one arbitrarily
[2018.10.16-13.42.12:357][956]LogEditor: Attempting to add actor of class 'MyActor' to level at -450.00,-390.00,560.00
[2018.10.16-13.42.12:359][956]LogActor: Warning: MyActor /Temp/Untitled_1.Untitled_1:PersistentLevel.MyActor_11 has natively added scene component(s), but none of them were set as the actor's RootComponent - picking one arbitrarily
[2018.10.16-13.42.13:568][ 96]LogSlate: FSceneViewport::OnFocusLost() reason 0
[2018.10.16-13.42.20:309][892]LogActorFactory: Actor Factory created Sphere
[2018.10.16-13.42.31:863][211]LogSlate: FSceneViewport::OnFocusLost() reason 2
[2018.10.16-13.42.33:594][407]LogPlayLevel: PlayLevel: No blueprints needed recompiling
[2018.10.16-13.42.33:662][407]PIE: New page: SIE session: Untitled_1 (16.10.2018 19.42.33)
[2018.10.16-13.42.33:662][407]LogPlayLevel: Creating play world package: /Temp/UEDPIE_0_Untitled_1
[2018.10.16-13.42.33:734][407]LogPlayLevel: PIE: StaticDuplicateObject took: (0.071979s)
[2018.10.16-13.42.33:735][407]LogAIModule: Creating AISystem for world Untitled_1
[2018.10.16-13.42.33:755][407]LogPlayLevel: PIE: World Init took: (0.020250s)
[2018.10.16-13.42.33:755][407]LogPlayLevel: PIE: Created PIE world by copying editor world from /Temp/Untitled_1.Untitled_1 to /Temp/UEDPIE_0_Untitled_1.Untitled_1 (0.092856s)
[2018.10.16-13.42.33:817][407]LogInit: XAudio2 using 'Speakers (Logitech G35 Headset)' : 2 channels at 44.1 kHz using 16 bits per sample (channel mask 0x3)
[2018.10.16-13.42.33:830][407]LogInit: FAudioDevice initialized.
[2018.10.16-13.42.33:853][407]LogSlate: FSceneViewport::OnFocusLost() reason 2
[2018.10.16-13.42.33:917][407]LogLoad: Game class is 'GameModeBase'
[2018.10.16-13.42.34:062][407]LogWorld: Bringing World /Temp/UEDPIE_0_Untitled_1.Untitled_1 up for play (max tick rate 0) at 2018.10.16-16.42.34
[2018.10.16-13.42.34:155][407]LogWorld: Bringing up level for play took: 0.093281
[2018.10.16-13.42.34:355][407]LogContentBrowser: Native class hierarchy updated for 'MovieSceneCapture' in 0.0006 seconds. Added 10 classes and 0 folders.
[2018.10.16-13.42.34:451][407]PIE: Play in editor start time for /Temp/UEDPIE_0_Untitled_1 1,281
[2018.10.16-13.42.46:177][631]LogSlate: FSceneViewport::OnFocusLost() reason 0
[2018.10.16-13.42.46:336][645]LogSlate: Updating window title bar state: overlay mode, drag disabled, window buttons hidden, title bar hidden
[2018.10.16-13.42.46:411][645]LogPlayLevel: Display: Shutting down PIE online subsystems
[2018.10.16-13.42.46:435][645]LogSlate: Updating window title bar state: overlay mode, drag disabled, window buttons hidden, title bar hidden
[2018.10.16-13.42.46:449][646]LogPlayLevel: Display: Destroying online subsystem :Context_4
[2018.10.16-13.44.36:491][277]LogSlate: FSceneViewport::OnFocusLost() reason 2
[2018.10.16-13.44.38:471][513]LogSlate: FSceneViewport::OnFocusLost() reason 2
[2018.10.16-13.44.38:495][513]LogSlate: Took 0.014125 seconds to synchronously load lazily loaded font '../../../Engine/Content/Slate/Fonts/Roboto-BoldCondensed.ttf' (158K)
[2018.10.16-13.44.49:930][851]Running D:/Program Files/Epic Games/UE_4.20/Engine/Binaries/DotNET/UnrealBuildTool.exe Win64 Development -TargetType=Editor -Project="D:/Users/Mika/Documents/Unreal Projects/Youtube/Youtube.uproject" -invalidatemakefilesonly
[2018.10.16-13.44.50:942][851]Invalidating makefiles only in this run.
[2018.10.16-13.44.51:246][851]Candidate modules for hot reload:
[2018.10.16-13.44.51:247][851]  Youtube
[2018.10.16-13.44.51:247][851]Launching UnrealBuildTool... [D:/Program Files/Epic Games/UE_4.20/Engine/Binaries/DotNET/UnrealBuildTool.exe  -ModuleWithSuffix=Youtube,3429 Win64 Development -TargetType=Editor -Project="../../../../../../Users/Mika/Documents/Unreal Projects/Youtube/Youtube.uproject" -canskiplink "D:/Users/Mika/Documents/Unreal Projects/Youtube/Youtube.uproject" ]
[2018.10.16-13.45.18:542][851]CompilerResultsLog: New page: Compilation - 16.10.2018 19.45.18
[2018.10.16-13.45.18:542][851]CompilerResultsLog: Creating makefile for hot reloading YoutubeEditor (no existing makefile)
[2018.10.16-13.45.18:542][851]CompilerResultsLog: Compiling game modules for hot reload
[2018.10.16-13.45.18:542][851]CompilerResultsLog: Using Visual Studio 2015 14.0 toolchain (D:\Program Files (x86)\Microsoft Visual Studio 14.0\VC) and Windows 8.1 SDK (C:\Program Files (x86)\Windows Kits\8.1).
[2018.10.16-13.45.18:542][851]CompilerResultsLog: Parsing headers for YoutubeEditor
[2018.10.16-13.45.18:542][851]CompilerResultsLog:   Running UnrealHeaderTool "D:\Users\Mika\Documents\Unreal Projects\Youtube\Youtube.uproject" "D:\Users\Mika\Documents\Unreal Projects\Youtube\Intermediate\Build\Win64\YoutubeEditor\Development\YoutubeEditor.uhtmanifest" -LogCmds="loginit warning, logexit warning, logdatabase error" -Unattended -WarningsAsErrors -installed
[2018.10.16-13.45.18:542][851]CompilerResultsLog: Reflection code generated for YoutubeEditor in 11,6462513 seconds
[2018.10.16-13.45.18:543][851]CompilerResultsLog: Building 5 actions with 4 processes...
[2018.10.16-13.45.18:543][851]CompilerResultsLog:   [1/5] Youtube.init.gen.cpp
[2018.10.16-13.45.18:543][851]CompilerResultsLog:   [2/5] MyPawn.cpp
[2018.10.16-13.45.18:543][851]CompilerResultsLog:   [3/5] MyPawn.gen.cpp
[2018.10.16-13.45.18:543][851]CompilerResultsLog:   [4/5] UE4Editor-Youtube-3429.lib
[2018.10.16-13.45.18:543][851]CompilerResultsLog:      Creating library D:\Users\Mika\Documents\Unreal Projects\Youtube\Intermediate\Build\Win64\UE4Editor\Development\Youtube\UE4Editor-Youtube-3429.lib and object D:\Users\Mika\Documents\Unreal Projects\Youtube\Intermediate\Build\Win64\UE4Editor\Development\Youtube\UE4Editor-Youtube-3429.exp
[2018.10.16-13.45.18:543][851]CompilerResultsLog:   [5/5] UE4Editor-Youtube-3429.dll
[2018.10.16-13.45.18:543][851]CompilerResultsLog:      Creating library D:\Users\Mika\Documents\Unreal Projects\Youtube\Intermediate\Build\Win64\UE4Editor\Development\Youtube\UE4Editor-Youtube-3429.suppressed.lib and object D:\Users\Mika\Documents\Unreal Projects\Youtube\Intermediate\Build\Win64\UE4Editor\Development\Youtube\UE4Editor-Youtube-3429.suppressed.exp
[2018.10.16-13.45.18:543][851]CompilerResultsLog: Total build time: 27,00 seconds (Parallel executor: 9,35 seconds)
[2018.10.16-13.45.18:543][851]LogMainFrame: MainFrame: Module compiling took 27.302 seconds
[2018.10.16-13.45.18:673][851]LogClass: Could not find existing class MyPawn in package /Script/Youtube for HotReload, assuming new class
[2018.10.16-13.45.18:676][851]LogContentBrowser: Native class hierarchy updated for 'Youtube' in 0.0005 seconds. Added 3 classes and 2 folders.
[2018.10.16-13.45.18:678][851]Display: HotReload successful (0 functions remapped  0 scriptstructs remapped)
[2018.10.16-13.45.18:981][851]LogContentBrowser: Native class hierarchy populated in 0.0107 seconds. Added 2576 classes and 607 folders.
[2018.10.16-13.45.19:185][851]Display: HotReload took 28.1s.
[2018.10.16-13.45.19:187][851]Warning: HotReload operation took 28.1s.
[2018.10.16-13.45.19:683][851]LogSlate: Window 'Add C++ Class' being destroyed
[2018.10.16-13.45.19:733][851]LogHotReload: New module detected: UE4Editor-Youtube-3429.dll
[2018.10.16-13.45.19:742][851]LogSlate: FSceneViewport::OnFocusLost() reason 2
[2018.10.16-13.45.19:767][852]LogHotReload: Starting Hot-Reload from IDE
[2018.10.16-13.45.19:803][852]LogContentBrowser: Native class hierarchy updated for 'Youtube' in 0.0004 seconds. Added 3 classes and 2 folders.
[2018.10.16-13.45.19:806][852]Display: HotReload successful (0 functions remapped  0 scriptstructs remapped)
[2018.10.16-13.45.19:841][852]LogContentBrowser: Native class hierarchy populated in 0.0104 seconds. Added 2576 classes and 607 folders.
[2018.10.16-13.45.19:844][852]Display: HotReload took  0.1s.
[2018.10.16-13.45.58:030][640]LogSlate: FSceneViewport::OnFocusLost() reason 0
[2018.10.16-13.46.00:382][653]LogSlate: Window 'Save Content' being destroyed
[2018.10.16-13.46.00:411][653]LogSlate: FSceneViewport::OnFocusLost() reason 2
[2018.10.16-13.46.05:254][653]LogSlate: Window 'Save Level As' being destroyed
[2018.10.16-13.46.05:356][653]Cmd: OBJ SAVEPACKAGE PACKAGE="/Game/Testi" FILE="../../../../../../Users/Mika/Documents/Unreal Projects/Youtube/Content/Testi.umap" SILENT=true AUTOSAVING=false KEEPDIRTY=false
[2018.10.16-13.46.05:657][653]LogSavePackage: Moving '../../../../../../Users/Mika/Documents/Unreal Projects/Youtube/Saved/TestiC07D3BB84580B3F32EE9B3834C153DD9.tmp' to '../../../../../../Users/Mika/Documents/Unreal Projects/Youtube/Content/Testi.umap'
[2018.10.16-13.46.05:722][653]LogFileHelpers: Saving map 'Testi' took 0.450
[2018.10.16-13.46.05:765][653]LogSlate: Window 'Youtube - Unreal Editor' being destroyed
[2018.10.16-13.46.05:767][653]LogWindowsTextInputMethodSystem: Display: IME system now deactivated.
[2018.10.16-13.46.05:981][654]Cmd: QUIT_EDITOR
[2018.10.16-13.46.06:723][654]LogExit: Preparing to exit.
[2018.10.16-13.46.06:924][654]LogExit: Editor shut down
[2018.10.16-13.46.06:925][654]LogExit: Transaction tracking system shut down
[2018.10.16-13.46.07:269][654]LogExit: Object subsystem successfully closed.
[2018.10.16-13.46.07:291][654]LogShaderCompilers: Display: Shaders left to compile 0
[2018.10.16-13.46.07:294][654]LogD3D11RHI: Shutdown
[2018.10.16-13.46.07:294][654]LogD3D11RHI: CleanupD3DDevice
[2018.10.16-13.46.07:305][654]LogD3D11RHI: ~FD3D11DynamicRHI
[2018.10.16-13.46.07:315][654]LogModuleManager: Shutting down and abandoning module Youtube (622)
[2018.10.16-13.46.07:315][654]LogModuleManager: Shutting down and abandoning module MovieSceneCapture (620)
[2018.10.16-13.46.07:316][654]LogModuleManager: Shutting down and abandoning module Voice (618)
[2018.10.16-13.46.07:327][654]LogModuleManager: Shutting down and abandoning module StaticMeshEditor (616)
[2018.10.16-13.46.07:328][654]LogModuleManager: Shutting down and abandoning module HierarchicalLODOutliner (614)
[2018.10.16-13.46.07:328][654]LogModuleManager: Shutting down and abandoning module SceneOutliner (612)
[2018.10.16-13.46.07:328][654]LogModuleManager: Shutting down and abandoning module AddContentDialog (610)
[2018.10.16-13.46.07:329][654]LogModuleManager: Shutting down and abandoning module WidgetCarousel (609)
[2018.10.16-13.46.07:329][654]LogModuleManager: Shutting down and abandoning module EditorWidgets (606)
[2018.10.16-13.46.07:329][654]LogModuleManager: Shutting down and abandoning module CollectionManager (604)
[2018.10.16-13.46.07:330][654]LogModuleManager: Shutting down and abandoning module HierarchicalLODUtilities (602)
[2018.10.16-13.46.07:330][654]LogModuleManager: Shutting down and abandoning module StatsViewer (600)
[2018.10.16-13.46.07:331][654]LogModuleManager: Shutting down and abandoning module FoliageEdit (598)
[2018.10.16-13.46.07:331][654]LogModuleManager: Shutting down and abandoning module LandscapeEditor (596)
[2018.10.16-13.46.07:331][654]LogModuleManager: Shutting down and abandoning module MeshPaintMode (594)
[2018.10.16-13.46.07:331][654]LogModuleManager: Shutting down and abandoning module SceneDepthPickerMode (592)
[2018.10.16-13.46.07:331][654]LogModuleManager: Shutting down and abandoning module ActorPickerMode (590)
[2018.10.16-13.46.07:332][654]LogModuleManager: Shutting down and abandoning module GeometryMode (588)
[2018.10.16-13.46.07:332][654]LogModuleManager: Shutting down and abandoning module TextureAlignMode (586)
[2018.10.16-13.46.07:332][654]LogModuleManager: Shutting down and abandoning module BspMode (584)
[2018.10.16-13.46.07:332][654]LogModuleManager: Shutting down and abandoning module PIEPreviewDeviceProfileSelector (582)
[2018.10.16-13.46.07:332][654]LogModuleManager: Shutting down and abandoning module SequenceRecorderSections (580)
[2018.10.16-13.46.07:333][654]LogModuleManager: Shutting down and abandoning module AutomationWorker (578)
[2018.10.16-13.46.07:333][654]LogModuleManager: Shutting down and abandoning module AudioCaptureEditor (576)
[2018.10.16-13.46.07:333][654]LogModuleManager: Shutting down and abandoning module SequenceRecorder (575)
[2018.10.16-13.46.07:333][654]LogModuleManager: Shutting down and abandoning module MatineeToLevelSequence (572)
[2018.10.16-13.46.07:333][654]LogModuleManager: Shutting down and abandoning module LevelSequenceEditor (570)
[2018.10.16-13.46.07:334][654]LogModuleManager: Shutting down and abandoning module PlacementMode (569)
[2018.10.16-13.46.07:334][654]LogModuleManager: Shutting down and abandoning module MaterialEditor (568)
[2018.10.16-13.46.07:334][654]LogModuleManager: Shutting down and abandoning module WmfMediaFactory (564)
[2018.10.16-13.46.07:334][654]LogModuleManager: Shutting down and abandoning module WmfMediaEditor (562)
[2018.10.16-13.46.07:334][654]LogModuleManager: Shutting down and abandoning module MediaPlayerEditor (560)
[2018.10.16-13.46.07:334][654]LogModuleManager: Shutting down and abandoning module OpenExrWrapper (558)
[2018.10.16-13.46.07:335][654]LogModuleManager: Shutting down and abandoning module ImgMediaFactory (556)
[2018.10.16-13.46.07:335][654]LogModuleManager: Shutting down and abandoning module ImgMediaEditor (554)
[2018.10.16-13.46.07:335][654]LogModuleManager: Shutting down and abandoning module AvfMediaFactory (552)
[2018.10.16-13.46.07:335][654]LogModuleManager: Shutting down and abandoning module AvfMediaEditor (550)
[2018.10.16-13.46.07:335][654]LogModuleManager: Shutting down and abandoning module AndroidMediaFactory (548)
[2018.10.16-13.46.07:335][654]LogModuleManager: Shutting down and abandoning module AndroidMediaEditor (546)
[2018.10.16-13.46.07:336][654]LogModuleManager: Shutting down and abandoning module MagicLeapCameraPreviewFactory (544)
[2018.10.16-13.46.07:336][654]LogModuleManager: Shutting down and abandoning module MagicLeapMediaFactory (542)
[2018.10.16-13.46.07:336][654]LogModuleManager: Shutting down and abandoning module MagicLeapMediaEditor (540)
[2018.10.16-13.46.07:336][654]LogModuleManager: Shutting down and abandoning module CharacterAI (538)
[2018.10.16-13.46.07:336][654]LogModuleManager: Shutting down and abandoning module SmartSnapping (536)
[2018.10.16-13.46.07:336][654]LogModuleManager: Shutting down and abandoning module SessionServices (534)
[2018.10.16-13.46.07:337][654]LogModuleManager: Shutting down and abandoning module ViewportSnapping (532)
[2018.10.16-13.46.07:338][654]LogModuleManager: Shutting down and abandoning module ViewportInteraction (530)
[2018.10.16-13.46.07:339][654]LogModuleManager: Shutting down and abandoning module ClothPainter (528)
[2018.10.16-13.46.07:339][654]LogModuleManager: Shutting down and abandoning module SkeletalMeshEditor (527)
[2018.10.16-13.46.07:340][654]LogModuleManager: Shutting down and abandoning module LogVisualizer (524)
[2018.10.16-13.46.07:342][654]LogModuleManager: Shutting down and abandoning module IntroTutorials (522)
[2018.10.16-13.46.07:344][654]LogModuleManager: Shutting down and abandoning module GameProjectGeneration (521)
[2018.10.16-13.46.07:345][654]LogModuleManager: Shutting down and abandoning module LuminPlatformEditor (518)
[2018.10.16-13.46.07:345][654]LogModuleManager: Shutting down and abandoning module IOSPlatformEditor (516)
[2018.10.16-13.46.07:346][654]LogModuleManager: Shutting down and abandoning module HTML5PlatformEditor (514)
[2018.10.16-13.46.07:346][654]LogModuleManager: Shutting down and abandoning module AndroidPlatformEditor (512)
[2018.10.16-13.46.07:346][654]LogModuleManager: Shutting down and abandoning module AndroidDeviceDetection (511)
[2018.10.16-13.46.08:294][654]LogModuleManager: Shutting down and abandoning module WindowsPlatformEditor (508)
[2018.10.16-13.46.08:294][654]LogModuleManager: Shutting down and abandoning module LuminRuntimeSettings (506)
[2018.10.16-13.46.08:294][654]LogModuleManager: Shutting down and abandoning module IOSRuntimeSettings (504)
[2018.10.16-13.46.08:295][654]LogModuleManager: Shutting down and abandoning module AndroidRuntimeSettings (502)
[2018.10.16-13.46.08:295][654]LogModuleManager: Shutting down and abandoning module InputBindingEditor (500)
[2018.10.16-13.46.08:295][654]LogModuleManager: Shutting down and abandoning module MergeActors (498)
[2018.10.16-13.46.08:295][654]LogModuleManager: Shutting down and abandoning module LocalizationDashboard (496)
[2018.10.16-13.46.08:295][654]LogModuleManager: Shutting down and abandoning module LocalizationService (495)
[2018.10.16-13.46.08:295][654]LogModuleManager: Shutting down and abandoning module HardwareTargeting (492)
[2018.10.16-13.46.08:295][654]LogModuleManager: Shutting down and abandoning module DeviceProfileEditor (490)
[2018.10.16-13.46.08:296][654]LogModuleManager: Shutting down and abandoning module UndoHistory (488)
[2018.10.16-13.46.08:296][654]LogModuleManager: Shutting down and abandoning module XmlParser (486)
[2018.10.16-13.46.08:296][654]LogModuleManager: Shutting down and abandoning module Blutility (484)
[2018.10.16-13.46.08:296][654]LogModuleManager: Shutting down and abandoning module ProjectSettingsViewer (482)
[2018.10.16-13.46.08:296][654]LogModuleManager: Shutting down and abandoning module ProjectTargetPlatformEditor (481)
[2018.10.16-13.46.08:296][654]LogModuleManager: Shutting down and abandoning module EditorSettingsViewer (478)
[2018.10.16-13.46.08:296][654]LogModuleManager: Shutting down and abandoning module SettingsEditor (476)
[2018.10.16-13.46.08:297][654]LogModuleManager: Shutting down and abandoning module ProjectLauncher (474)
[2018.10.16-13.46.08:297][654]LogModuleManager: Shutting down and abandoning module SessionFrontend (472)
[2018.10.16-13.46.08:297][654]LogModuleManager: Shutting down and abandoning module ProfilerClient (470)
[2018.10.16-13.46.08:297][654]LogModuleManager: Shutting down and abandoning module DeviceManager (468)
[2018.10.16-13.46.08:297][654]LogModuleManager: Shutting down and abandoning module TargetDeviceServices (467)
[2018.10.16-13.46.08:352][654]LogModuleManager: Shutting down and abandoning module AutomationController (464)
[2018.10.16-13.46.08:352][654]LogModuleManager: Shutting down and abandoning module AutomationWindow (462)
[2018.10.16-13.46.08:352][654]LogModuleManager: Shutting down and abandoning module Layers (460)
[2018.10.16-13.46.08:352][654]LogModuleManager: Shutting down and abandoning module ComponentVisualizers (458)
[2018.10.16-13.46.08:352][654]LogModuleManager: Shutting down and abandoning module DetailCustomizations (456)
[2018.10.16-13.46.08:353][654]LogModuleManager: Shutting down and abandoning module PackagesDialog (454)
[2018.10.16-13.46.08:354][654]LogModuleManager: Shutting down and abandoning module Persona (452)
[2018.10.16-13.46.08:354][654]LogModuleManager: Shutting down and abandoning module AdvancedPreviewScene (451)
[2018.10.16-13.46.08:354][654]LogModuleManager: Shutting down and abandoning module AnimGraph (449)
[2018.10.16-13.46.08:354][654]LogModuleManager: Shutting down and abandoning module Kismet (446)
[2018.10.16-13.46.08:355][654]LogModuleManager: Shutting down and abandoning module GraphEditor (444)
[2018.10.16-13.46.08:355][654]LogModuleManager: Shutting down and abandoning module ClassViewer (442)
[2018.10.16-13.46.08:357][654]LogModuleManager: Shutting down and abandoning module Toolbox (440)
[2018.10.16-13.46.08:357][654]LogModuleManager: Shutting down and abandoning module DesktopPlatform (439)
[2018.10.16-13.46.08:357][654]LogModuleManager: Shutting down and abandoning module ModuleUI (436)
[2018.10.16-13.46.08:357][654]LogModuleManager: Shutting down and abandoning module MovieSceneTools (434)
[2018.10.16-13.46.08:358][654]LogModuleManager: Shutting down and abandoning module OutputLog (432)
[2018.10.16-13.46.08:358][654]LogModuleManager: Shutting down and abandoning module GammaUI (430)
[2018.10.16-13.46.08:358][654]LogModuleManager: Shutting down and abandoning module Documentation (428)
[2018.10.16-13.46.08:358][654]LogModuleManager: Shutting down and abandoning module MovieSceneTracks (426)
[2018.10.16-13.46.08:358][654]LogModuleManager: Shutting down and abandoning module MovieScene (424)
[2018.10.16-13.46.08:358][654]LogModuleManager: Shutting down and abandoning module StreamingPauseRendering (422)
[2018.10.16-13.46.08:359][654]LogModuleManager: Shutting down and abandoning module LauncherPlatform (420)
[2018.10.16-13.46.08:359][654]LogModuleManager: Shutting down and abandoning module AnalyticsET (418)
[2018.10.16-13.46.08:359][654]LogModuleManager: Shutting down and abandoning module PortalServices (416)
[2018.10.16-13.46.08:359][654]LogModuleManager: Shutting down and abandoning module PortalRpc (414)
[2018.10.16-13.46.08:359][654]LogModuleManager: Shutting down and abandoning module MessagingRpc (412)
[2018.10.16-13.46.08:359][654]LogModuleManager: Shutting down and abandoning module AIModule (410)
[2018.10.16-13.46.08:359][654]LogModuleManager: Shutting down and abandoning module GameplayDebugger (409)
[2018.10.16-13.46.08:359][654]LogModuleManager: Shutting down and abandoning module AITestSuite (407)
[2018.10.16-13.46.08:359][654]LogModuleManager: Shutting down and abandoning module NavigationSystem (405)
[2018.10.16-13.46.08:359][654]LogModuleManager: Shutting down and abandoning module ProfilerService (402)
[2018.10.16-13.46.08:609][654]LogModuleManager: Shutting down and abandoning module TaskGraph (400)
[2018.10.16-13.46.08:609][654]LogModuleManager: Shutting down and abandoning module SteamVRController (398)
[2018.10.16-13.46.08:609][654]LogModuleManager: Shutting down and abandoning module ProceduralMeshComponentEditor (396)
[2018.10.16-13.46.08:609][654]LogModuleManager: Shutting down and abandoning module ProceduralMeshComponent (394)
[2018.10.16-13.46.08:609][654]LogModuleManager: Shutting down and abandoning module OculusInput (392)
[2018.10.16-13.46.08:609][654]LogModuleManager: Shutting down and abandoning module MobilePatchingUtils (390)
[2018.10.16-13.46.08:610][654]LogModuleManager: Shutting down and abandoning module EditableMesh (388)
[2018.10.16-13.46.08:610][654]LogModuleManager: Shutting down and abandoning module CustomMeshComponent (386)
[2018.10.16-13.46.08:610][654]LogModuleManager: Shutting down and abandoning module CableComponent (384)
[2018.10.16-13.46.08:610][654]LogModuleManager: Shutting down and abandoning module AudioCapture (382)
[2018.10.16-13.46.08:610][654]LogModuleManager: Shutting down and abandoning module ArchVisCharacter (380)
[2018.10.16-13.46.08:610][654]LogModuleManager: Shutting down and abandoning module AndroidPermission (378)
[2018.10.16-13.46.08:610][654]LogModuleManager: Shutting down and abandoning module NUTUnrealEngine4 (376)
[2018.10.16-13.46.08:610][654]LogModuleManager: Shutting down and abandoning module NetcodeUnitTest (374)
[2018.10.16-13.46.08:611][654]LogModuleManager: Shutting down and abandoning module MediaCompositingEditor (372)
[2018.10.16-13.46.08:611][654]LogModuleManager: Shutting down and abandoning module MediaCompositing (370)
[2018.10.16-13.46.08:611][654]LogModuleManager: Shutting down and abandoning module LinearTimecode (368)
[2018.10.16-13.46.08:611][654]LogModuleManager: Shutting down and abandoning module ImgMedia (366)
[2018.10.16-13.46.08:623][654]LogModuleManager: Shutting down and abandoning module HTML5Networking (364)
[2018.10.16-13.46.08:623][654]LogModuleManager: Shutting down and abandoning module GeometryCacheTracks (362)
[2018.10.16-13.46.08:623][654]LogModuleManager: Shutting down and abandoning module GeometryCacheSequencer (360)
[2018.10.16-13.46.08:623][654]LogModuleManager: Shutting down and abandoning module BackChannel (358)
[2018.10.16-13.46.08:623][654]LogModuleManager: Shutting down and abandoning module AppleVision (356)
[2018.10.16-13.46.08:624][654]LogModuleManager: Shutting down and abandoning module AppleImageUtils (354)
[2018.10.16-13.46.08:624][654]LogModuleManager: Shutting down and abandoning module AlembicImporter (352)
[2018.10.16-13.46.08:624][654]LogModuleManager: Shutting down and abandoning module AlembicLibrary (351)
[2018.10.16-13.46.08:625][654]LogModuleManager: Shutting down and abandoning module GeometryCache (350)
[2018.10.16-13.46.08:625][654]LogModuleManager: Shutting down and abandoning module GeometryCacheEd (349)
[2018.10.16-13.46.08:626][654]LogModuleManager: Shutting down and abandoning module DatasmithContentEditor (344)
[2018.10.16-13.46.08:626][654]LogModuleManager: Shutting down and abandoning module DatasmithContent (342)
[2018.10.16-13.46.08:627][654]LogModuleManager: Shutting down and abandoning module SpeedTreeImporter (340)
[2018.10.16-13.46.08:627][654]LogModuleManager: Shutting down and abandoning module PluginBrowser (338)
[2018.10.16-13.46.08:627][654]LogModuleManager: Shutting down and abandoning module MobileLauncherProfileWizard (336)
[2018.10.16-13.46.08:627][654]LogModuleManager: Shutting down and abandoning module PolygonModeling (334)
[2018.10.16-13.46.08:627][654]LogModuleManager: Shutting down and abandoning module MeshEditor (332)
[2018.10.16-13.46.08:628][654]LogModuleManager: Shutting down and abandoning module CryptoKeysOpenSSL (330)
[2018.10.16-13.46.08:628][654]LogModuleManager: Shutting down and abandoning module CryptoKeys (328)
[2018.10.16-13.46.08:628][654]LogModuleManager: Shutting down and abandoning module VisualStudioSourceCodeAccess (326)
[2018.10.16-13.46.08:629][654]LogModuleManager: Shutting down and abandoning module VisualStudioCodeSourceCodeAccess (324)
[2018.10.16-13.46.08:629][654]LogModuleManager: Shutting down and abandoning module UObjectPlugin (322)
[2018.10.16-13.46.08:629][654]LogModuleManager: Shutting down and abandoning module SubversionSourceControl (320)
[2018.10.16-13.46.08:630][654]LogModuleManager: Shutting down and abandoning module PerforceSourceControl (318)
[2018.10.16-13.46.08:630][654]LogModuleManager: Shutting down and abandoning module GitSourceControl (316)
[2018.10.16-13.46.08:630][654]LogModuleManager: Shutting down and abandoning module SourceControl (315)
[2018.10.16-13.46.08:630][654]LogModuleManager: Shutting down and abandoning module CLionSourceCodeAccess (312)
[2018.10.16-13.46.08:630][654]LogModuleManager: Shutting down and abandoning module LightPropagationVolumeEditor (310)
[2018.10.16-13.46.08:630][654]LogModuleManager: Shutting down and abandoning module PaperTiledImporter (308)
[2018.10.16-13.46.08:631][654]LogModuleManager: Shutting down and abandoning module PaperSpriteSheetImporter (306)
[2018.10.16-13.46.08:631][654]LogModuleManager: Shutting down and abandoning module Paper2DEditor (304)
[2018.10.16-13.46.08:631][654]LogModuleManager: Shutting down and abandoning module MeshPaint (303)
[2018.10.16-13.46.08:631][654]LogModuleManager: Shutting down and abandoning module RuntimePhysXCooking (298)
[2018.10.16-13.46.08:631][654]LogModuleManager: Shutting down and abandoning module PhysXVehiclesEditor (296)
[2018.10.16-13.46.08:631][654]LogModuleManager: Shutting down and abandoning module PhysXVehicles (294)
[2018.10.16-13.46.08:631][654]LogModuleManager: Shutting down and abandoning module OculusEditor (292)
[2018.10.16-13.46.08:632][654]LogModuleManager: Shutting down and abandoning module LocationServicesBPLibrary (290)
[2018.10.16-13.46.08:632][654]LogModuleManager: Shutting down and abandoning module ImmediatePhysicsEditor (288)
[2018.10.16-13.46.08:632][654]LogModuleManager: Shutting down and abandoning module ImmediatePhysics (286)
[2018.10.16-13.46.08:632][654]LogModuleManager: Shutting down and abandoning module ActorSequence (284)
[2018.10.16-13.46.08:633][654]LogModuleManager: Shutting down and abandoning module UdpMessaging (282)
[2018.10.16-13.46.08:734][654]LogModuleManager: Shutting down and abandoning module TcpMessaging (280)
[2018.10.16-13.46.08:835][654]LogModuleManager: Shutting down and abandoning module MagicLeapAudio (278)
[2018.10.16-13.46.08:835][654]LogModuleManager: Shutting down and abandoning module GameplayTagsEditor (276)
[2018.10.16-13.46.08:835][654]LogModuleManager: Shutting down and abandoning module FacialAnimationEditor (274)
[2018.10.16-13.46.08:835][654]LogModuleManager: Shutting down and abandoning module FacialAnimation (272)
[2018.10.16-13.46.08:835][654]LogModuleManager: Shutting down and abandoning module DataValidation (270)
[2018.10.16-13.46.08:835][654]LogModuleManager: Shutting down and abandoning module AssetManagerEditor (268)
[2018.10.16-13.46.08:836][654]LogModuleManager: Shutting down and abandoning module LevelEditor (267)
[2018.10.16-13.46.08:838][654]LogModuleManager: Shutting down and abandoning module PixelInspectorModule (266)
[2018.10.16-13.46.08:838][654]LogModuleManager: Shutting down and abandoning module CommonMenuExtensions (264)
[2018.10.16-13.46.08:839][654]LogModuleManager: Shutting down and abandoning module MainFrame (262)
[2018.10.16-13.46.08:839][654]LogModuleManager: Shutting down and abandoning module HotReload (261)
[2018.10.16-13.46.08:840][654]LogModuleManager: Shutting down and abandoning module ContentBrowser (257)
[2018.10.16-13.46.08:842][654]LogModuleManager: Shutting down and abandoning module TreeMap (255)
[2018.10.16-13.46.08:842][654]LogModuleManager: Shutting down and abandoning module LightPropagationVolumeRuntime (252)
[2018.10.16-13.46.08:842][654]LogModuleManager: Shutting down and abandoning module AISupportModule (250)
[2018.10.16-13.46.08:842][654]LogModuleManager: Shutting down and abandoning module Paper2D (248)
[2018.10.16-13.46.08:842][654]LogModuleManager: Shutting down and abandoning module WindowsMoviePlayer (246)
[2018.10.16-13.46.08:843][654]LogModuleManager: Shutting down and abandoning module WmfMedia (244)
[2018.10.16-13.46.08:846][654]LogModuleManager: Shutting down and abandoning module Media (243)
[2018.10.16-13.46.08:854][654]LogModuleManager: Shutting down and abandoning module PacketHandler (240)
[2018.10.16-13.46.08:854][654]LogModuleManager: Shutting down and abandoning module ClothingSystemEditor (238)
[2018.10.16-13.46.08:854][654]LogModuleManager: Shutting down and abandoning module ClothingSystemRuntime (236)
[2018.10.16-13.46.08:854][654]LogModuleManager: Shutting down and abandoning module MediaAssets (234)
[2018.10.16-13.46.08:854][654]LogModuleManager: Shutting down and abandoning module Overlay (232)
[2018.10.16-13.46.08:854][654]LogModuleManager: Shutting down and abandoning module OverlayEditor (231)
[2018.10.16-13.46.08:854][654]LogModuleManager: Shutting down and abandoning module VREditor (228)
[2018.10.16-13.46.08:854][654]LogModuleManager: Shutting down and abandoning module StringTableEditor (226)
[2018.10.16-13.46.08:855][654]LogModuleManager: Shutting down and abandoning module GameplayTasksEditor (224)
[2018.10.16-13.46.08:855][654]LogModuleManager: Shutting down and abandoning module BehaviorTreeEditor (222)
[2018.10.16-13.46.08:855][654]LogModuleManager: Shutting down and abandoning module FunctionalTesting (220)
[2018.10.16-13.46.08:855][654]LogModuleManager: Shutting down and abandoning module CollisionAnalyzer (218)
[2018.10.16-13.46.08:855][654]LogModuleManager: Shutting down and abandoning module WorkspaceMenuStructure (217)
[2018.10.16-13.46.08:855][654]LogModuleManager: Shutting down and abandoning module UMG (214)
[2018.10.16-13.46.08:855][654]LogModuleManager: Shutting down and abandoning module UMGEditor (213)
[2018.10.16-13.46.08:855][654]LogModuleManager: Shutting down and abandoning module Sequencer (212)
[2018.10.16-13.46.08:856][654]LogModuleManager: Shutting down and abandoning module MessageLog (209)
[2018.10.16-13.46.08:856][654]LogModuleManager: Shutting down and abandoning module SlateReflector (204)
[2018.10.16-13.46.08:856][654]LogModuleManager: Shutting down and abandoning module Slate (202)
[2018.10.16-13.46.08:856][654]LogModuleManager: Shutting down and abandoning module EditorStyle (200)
[2018.10.16-13.46.08:858][654]LogModuleManager: Shutting down and abandoning module MRMesh (198)
[2018.10.16-13.46.08:858][654]LogModuleManager: Shutting down and abandoning module SourceCodeAccess (196)
[2018.10.16-13.46.08:858][654]LogModuleManager: Shutting down and abandoning module HeadMountedDisplay (194)
[2018.10.16-13.46.08:858][654]LogModuleManager: Shutting down and abandoning module XAudio2 (192)
[2018.10.16-13.46.08:858][654]LogModuleManager: Shutting down and abandoning module Networking (190)
[2018.10.16-13.46.08:858][654]LogModuleManager: Shutting down and abandoning module Core (188)
[2018.10.16-13.46.08:858][654]LogModuleManager: Shutting down and abandoning module LevelSequence (186)
[2018.10.16-13.46.08:858][654]LogModuleManager: Shutting down and abandoning module KismetCompiler (184)
[2018.10.16-13.46.08:859][654]LogModuleManager: Shutting down and abandoning module MeshUtilities (182)
[2018.10.16-13.46.08:859][654]LogModuleManager: Shutting down and abandoning module MeshMergeUtilities (181)
[2018.10.16-13.46.08:859][654]LogModuleManager: Shutting down and abandoning module MeshReductionInterface (180)
[2018.10.16-13.46.08:859][654]LogModuleManager: Shutting down and abandoning module SimplygonSwarm (179)
[2018.10.16-13.46.08:859][654]LogModuleManager: Shutting down and abandoning module ProxyLODMeshReduction (177)
[2018.10.16-13.46.08:859][654]LogModuleManager: Shutting down and abandoning module SimplygonMeshReduction (175)
[2018.10.16-13.46.08:859][654]LogModuleManager: Shutting down and abandoning module QuadricMeshReduction (173)
[2018.10.16-13.46.08:859][654]LogModuleManager: Shutting down and abandoning module MaterialBaking (169)
[2018.10.16-13.46.08:859][654]LogModuleManager: Shutting down and abandoning module DirectoryWatcher (165)
[2018.10.16-13.46.08:859][654]LogModuleManager: Shutting down and abandoning module DerivedDataCache (162)
[2018.10.16-13.46.08:922][654]LogDerivedDataCache: Shutdown
[2018.10.16-13.46.08:922][654]LogModuleManager: Shutting down and abandoning module XGEController (160)
[2018.10.16-13.46.08:922][654]LogXGEController: Cleaning working directory: C:/Users/Mika/AppData/Local/Temp/UnrealXGEWorkingDir/
[2018.10.16-13.46.08:923][654]LogModuleManager: Shutting down and abandoning module TargetPlatform (158)
[2018.10.16-13.46.08:923][654]LogModuleManager: Shutting down and abandoning module VulkanShaderFormat (157)
[2018.10.16-13.46.08:923][654]LogModuleManager: Shutting down and abandoning module ShaderFormatVectorVM (155)
[2018.10.16-13.46.08:923][654]LogModuleManager: Shutting down and abandoning module ShaderFormatOpenGL (153)
[2018.10.16-13.46.08:923][654]LogModuleManager: Shutting down and abandoning module ShaderFormatD3D (151)
[2018.10.16-13.46.08:923][654]LogModuleManager: Shutting down and abandoning module MetalShaderFormat (149)
[2018.10.16-13.46.08:923][654]LogModuleManager: Shutting down and abandoning module TextureFormatUncompressed (147)
[2018.10.16-13.46.08:923][654]LogModuleManager: Shutting down and abandoning module TextureFormatPVR (145)
[2018.10.16-13.46.08:923][654]LogModuleManager: Shutting down and abandoning module TextureFormatDXT (143)
[2018.10.16-13.46.08:924][654]LogModuleManager: Shutting down and abandoning module TextureFormatIntelISPCTexComp (141)
[2018.10.16-13.46.08:925][654]LogModuleManager: Shutting down and abandoning module TextureFormatASTC (139)
[2018.10.16-13.46.08:926][654]LogModuleManager: Shutting down and abandoning module ImageWrapper (138)
[2018.10.16-13.46.08:926][654]LogModuleManager: Shutting down and abandoning module TextureFormatAndroid (135)
[2018.10.16-13.46.08:926][654]LogModuleManager: Shutting down and abandoning module AudioFormatOpus (133)
[2018.10.16-13.46.08:926][654]LogModuleManager: Shutting down and abandoning module AudioFormatOgg (131)
[2018.10.16-13.46.08:926][654]LogModuleManager: Shutting down and abandoning module AudioFormatADPCM (129)
[2018.10.16-13.46.08:926][654]LogModuleManager: Shutting down and abandoning module LuminTargetPlatform (127)
[2018.10.16-13.46.08:926][654]LogModuleManager: Shutting down and abandoning module LinuxTargetPlatform (125)
[2018.10.16-13.46.08:926][654]LogModuleManager: Shutting down and abandoning module LinuxServerTargetPlatform (123)
[2018.10.16-13.46.08:926][654]LogModuleManager: Shutting down and abandoning module LinuxNoEditorTargetPlatform (121)
[2018.10.16-13.46.08:926][654]LogModuleManager: Shutting down and abandoning module LinuxClientTargetPlatform (119)
[2018.10.16-13.46.08:926][654]LogModuleManager: Shutting down and abandoning module TVOSTargetPlatform (117)
[2018.10.16-13.46.08:927][654]LogModuleManager: Shutting down and abandoning module Messaging (115)
[2018.10.16-13.46.08:927][654]LogModuleManager: Shutting down and abandoning module IOSTargetPlatform (113)
[2018.10.16-13.46.08:928][654]LogModuleManager: Shutting down and abandoning module HTML5TargetPlatform (111)
[2018.10.16-13.46.08:928][654]LogModuleManager: Shutting down and abandoning module AndroidTargetPlatform (109)
[2018.10.16-13.46.08:935][654]LogModuleManager: Shutting down and abandoning module WindowsTargetPlatform (107)
[2018.10.16-13.46.08:935][654]LogModuleManager: Shutting down and abandoning module WindowsServerTargetPlatform (105)
[2018.10.16-13.46.08:935][654]LogModuleManager: Shutting down and abandoning module WindowsNoEditorTargetPlatform (103)
[2018.10.16-13.46.08:935][654]LogModuleManager: Shutting down and abandoning module WindowsClientTargetPlatform (101)
[2018.10.16-13.46.08:935][654]LogModuleManager: Shutting down and abandoning module MacTargetPlatform (99)
[2018.10.16-13.46.08:935][654]LogModuleManager: Shutting down and abandoning module MacServerTargetPlatform (97)
[2018.10.16-13.46.08:935][654]LogModuleManager: Shutting down and abandoning module MacNoEditorTargetPlatform (95)
[2018.10.16-13.46.08:936][654]LogModuleManager: Shutting down and abandoning module MacClientTargetPlatform (93)
[2018.10.16-13.46.08:936][654]LogModuleManager: Shutting down and abandoning module AllDesktopTargetPlatform (91)
[2018.10.16-13.46.08:936][654]LogModuleManager: Shutting down and abandoning module InputCore (88)
[2018.10.16-13.46.08:936][654]LogModuleManager: Shutting down and abandoning module Settings (86)
[2018.10.16-13.46.08:936][654]LogModuleManager: Shutting down and abandoning module PhysXCooking (84)
[2018.10.16-13.46.08:936][654]LogModuleManager: Shutting down and abandoning module SteamVR (82)
[2018.10.16-13.46.08:936][654]LogModuleManager: Shutting down and abandoning module OculusHMD (80)
[2018.10.16-13.46.08:936][654]LogModuleManager: Shutting down and abandoning module ExampleDeviceProfileSelector (78)
[2018.10.16-13.46.08:936][654]LogModuleManager: Shutting down and abandoning module LauncherChunkInstaller (76)
[2018.10.16-13.46.08:937][654]LogModuleManager: Shutting down and abandoning module OnlineBlueprintSupport (74)
[2018.10.16-13.46.08:937][654]LogModuleManager: Shutting down and abandoning module OnlineSubsystem (70)
[2018.10.16-13.46.08:939][654]LogModuleManager: Shutting down and abandoning module XMPP (65)
[2018.10.16-13.46.08:939][654]LogModuleManager: Shutting down and abandoning module WebSockets (64)
[2018.10.16-13.46.08:944][654]LogModuleManager: Shutting down and abandoning module HTTP (61)
[2018.10.16-13.46.08:945][654]LogHttp: Display: Http module shutting down, but needs to wait on 1 outstanding Http requests:
[2018.10.16-13.46.08:945][654]LogHttp: Display: 	verb=[POST] url=[https://datarouter.ol.epicgames.com/datarouter/api/v1/public/data?SessionID=%7BA8C8E5D8-4E55-9200-F587-CC9CD86CC541%7D&AppID=UEEditor.Rocket.Release&AppVersion=4.20.3-4369336%2B%2B%2BUE4%2BRelease-4.20&UserID=1efc369d420bcfe3ade55aa125a5d260%7Cb330d9178038414b88190f046419eaec%7C683c1d4b-4133-4a89-8092-53e72ab21a90&AppEnvironment=datacollector-binary&UploadType=eteventstream] status=Processing
[2018.10.16-13.46.08:953][654]LogModuleManager: Shutting down and abandoning module SSL (60)
[2018.10.16-13.46.08:955][654]LogModuleManager: Shutting down and abandoning module MagicLeapEmulator (56)
[2018.10.16-13.46.08:955][654]LogModuleManager: Shutting down and abandoning module MagicLeapPrivileges (54)
[2018.10.16-13.46.08:955][654]LogModuleManager: Shutting down and abandoning module MagicLeapIdentity (52)
[2018.10.16-13.46.08:955][654]LogModuleManager: Shutting down and abandoning module MagicLeapHelperVulkan (50)
[2018.10.16-13.46.08:955][654]LogModuleManager: Shutting down and abandoning module MagicLeapHelperOpenGL (48)
[2018.10.16-13.46.08:955][654]LogModuleManager: Shutting down and abandoning module MagicLeapSecureStorage (46)
[2018.10.16-13.46.08:955][654]LogModuleManager: Shutting down and abandoning module MagicLeapGestures (44)
[2018.10.16-13.46.08:955][654]LogModuleManager: Shutting down and abandoning module MagicLeapEyeTracker (42)
[2018.10.16-13.46.08:956][654]LogModuleManager: Shutting down and abandoning module MagicLeapController (40)
[2018.10.16-13.46.08:956][654]LogSlate: Slate User Destroyed.  User Index 0, Is Virtual User: 0
[2018.10.16-13.46.08:956][654]LogModuleManager: Shutting down and abandoning module MagicLeap (38)
[2018.10.16-13.46.08:956][654]LogModuleManager: Shutting down and abandoning module AnimationModifiers (36)
[2018.10.16-13.46.08:956][654]LogModuleManager: Shutting down and abandoning module PropertyEditor (35)
[2018.10.16-13.46.08:956][654]LogModuleManager: Shutting down and abandoning module AudioEditor (32)
[2018.10.16-13.46.08:956][654]LogModuleManager: Shutting down and abandoning module TextureCompressor (30)
[2018.10.16-13.46.08:959][654]LogModuleManager: Shutting down and abandoning module ShaderCore (28)
[2018.10.16-13.46.08:959][654]LogModuleManager: Shutting down and abandoning module Landscape (26)
[2018.10.16-13.46.08:959][654]LogModuleManager: Shutting down and abandoning module SlateRHIRenderer (24)
[2018.10.16-13.46.08:960][654]LogModuleManager: Shutting down and abandoning module OpenGLDrv (22)
[2018.10.16-13.46.08:960][654]LogModuleManager: Shutting down and abandoning module D3D11RHI (20)
[2018.10.16-13.46.08:960][654]LogModuleManager: Shutting down and abandoning module AnimGraphRuntime (18)
[2018.10.16-13.46.08:960][654]LogModuleManager: Shutting down and abandoning module Renderer (16)
[2018.10.16-13.46.08:960][654]LogModuleManager: Shutting down and abandoning module Engine (14)
[2018.10.16-13.46.08:960][654]LogModuleManager: Shutting down and abandoning module CoreUObject (12)
[2018.10.16-13.46.08:960][654]LogModuleManager: Shutting down and abandoning module NetworkFile (10)
[2018.10.16-13.46.08:960][654]LogModuleManager: Shutting down and abandoning module CookedIterativeFile (8)
[2018.10.16-13.46.08:960][654]LogModuleManager: Shutting down and abandoning module StreamingFile (6)
[2018.10.16-13.46.08:960][654]LogModuleManager: Shutting down and abandoning module SandboxFile (4)
[2018.10.16-13.46.08:960][654]LogModuleManager: Shutting down and abandoning module PakFile (2)
[2018.10.16-13.46.08:968][654]LogExit: Exiting.
[2018.10.16-13.46.08:981][654]Log file closed, 10/16/18 16:46:08
