Log file open, 10/22/18 16:33:59
LogWindows: Failed to load 'aqProf.dll' (GetLastError=126)
LogWindows: File 'aqProf.dll' does not exist
LogWindows: Failed to load 'VtuneApi.dll' (GetLastError=126)
LogWindows: File 'VtuneApi.dll' does not exist
LogWindows: Failed to load 'VtuneApi32e.dll' (GetLastError=126)
LogWindows: File 'VtuneApi32e.dll' does not exist
LogInit: Display: Running engine for game: Youtube
LogPlatformFile: Not using cached read wrapper
LogTaskGraph: Started task graph with 5 named threads and 14 total threads with 3 sets of task threads.
LogStats: Stats thread started at 0.477916
LogD3D11RHI: Loaded GFSDK_Aftermath_Lib.x64.dll
LogICUInternationalization: Display: ICU TimeZone Detection - Raw Offset: +2:00, Platform Override: ''
LogPluginManager: Mounting plugin Paper2D
LogPluginManager: Mounting plugin AISupport
LogPluginManager: Mounting plugin LightPropagationVolume
LogPluginManager: Mounting plugin CLionSourceCodeAccess
LogPluginManager: Mounting plugin CodeLiteSourceCodeAccess
LogPluginManager: Mounting plugin GitSourceControl
LogPluginManager: Mounting plugin KDevelopSourceCodeAccess
LogPluginManager: Mounting plugin NullSourceCodeAccess
LogPluginManager: Mounting plugin PerforceSourceControl
LogPluginManager: Mounting plugin SubversionSourceControl
LogPluginManager: Mounting plugin UObjectPlugin
LogPluginManager: Mounting plugin VisualStudioCodeSourceCodeAccess
LogPluginManager: Mounting plugin VisualStudioSourceCodeAccess
LogPluginManager: Mounting plugin XCodeSourceCodeAccess
LogPluginManager: Mounting plugin AssetManagerEditor
LogPluginManager: Mounting plugin CryptoKeys
LogPluginManager: Mounting plugin DataValidation
LogPluginManager: Mounting plugin FacialAnimation
LogPluginManager: Mounting plugin GameplayTagsEditor
LogPluginManager: Mounting plugin MacGraphicsSwitching
LogPluginManager: Mounting plugin MeshEditor
LogPluginManager: Mounting plugin MobileLauncherProfileWizard
LogPluginManager: Mounting plugin PluginBrowser
LogPluginManager: Mounting plugin SpeedTreeImporter
LogPluginManager: Mounting plugin DatasmithContent
LogPluginManager: Mounting plugin AlembicImporter
LogPluginManager: Mounting plugin AppleImageUtils
LogPluginManager: Mounting plugin AppleVision
LogPluginManager: Mounting plugin BackChannel
LogPluginManager: Mounting plugin CharacterAI
LogPluginManager: Mounting plugin GeometryCache
LogPluginManager: Mounting plugin HTML5Networking
LogPluginManager: Mounting plugin ProxyLODPlugin
LogPluginManager: Mounting plugin MagicLeap
LogPluginManager: Mounting plugin MagicLeapEmulator
LogPluginManager: Mounting plugin MagicLeapMedia
LogPluginManager: Mounting plugin AndroidMedia
LogPluginManager: Mounting plugin AvfMedia
LogPluginManager: Mounting plugin ImgMedia
LogPluginManager: Mounting plugin LinearTimecode
LogPluginManager: Mounting plugin MediaCompositing
LogPluginManager: Mounting plugin MediaPlayerEditor
LogPluginManager: Mounting plugin WmfMedia
LogPluginManager: Mounting plugin TcpMessaging
LogPluginManager: Mounting plugin UdpMessaging
LogPluginManager: Mounting plugin ActorSequence
LogPluginManager: Mounting plugin LevelSequenceEditor
LogPluginManager: Mounting plugin MatineeToLevelSequence
LogPluginManager: Mounting plugin NetcodeUnitTest
LogPluginManager: Mounting plugin NUTUnrealEngine4
LogPluginManager: Mounting plugin OnlineSubsystemGooglePlay
LogPluginManager: Mounting plugin OnlineSubsystemIOS
LogPluginManager: Mounting plugin OnlineSubsystem
LogPluginManager: Mounting plugin OnlineSubsystemNull
LogPluginManager: Mounting plugin OnlineSubsystemUtils
LogPluginManager: Mounting plugin LauncherChunkInstaller
LogPluginManager: Mounting plugin AndroidDeviceProfileSelector
LogPluginManager: Mounting plugin AndroidMoviePlayer
LogPluginManager: Mounting plugin AndroidPermission
LogPluginManager: Mounting plugin AppleMoviePlayer
LogPluginManager: Mounting plugin ArchVisCharacter
LogPluginManager: Mounting plugin AudioCapture
LogPluginManager: Mounting plugin CableComponent
LogPluginManager: Mounting plugin CustomMeshComponent
LogPluginManager: Mounting plugin EditableMesh
LogPluginManager: Mounting plugin ExampleDeviceProfileSelector
LogPluginManager: Mounting plugin GoogleCloudMessaging
LogPluginManager: Mounting plugin ImmediatePhysics
LogPluginManager: Mounting plugin IOSDeviceProfileSelector
LogPluginManager: Mounting plugin LinuxDeviceProfileSelector
LogPluginManager: Mounting plugin LocationServicesBPLibrary
LogPluginManager: Mounting plugin MobilePatchingUtils
LogPluginManager: Mounting plugin OculusVR
LogPluginManager: Plugin shader directory ../../../Engine/Plugins/Runtime/Oculus/OculusVR/Shaders found
LogPluginManager: Mapping shader source directory ../../../Engine/Plugins/Runtime/Oculus/OculusVR/Shaders to virtual directory /Plugin/OculusVR
LogPluginManager: Mounting plugin PhysXVehicles
LogPluginManager: Mounting plugin ProceduralMeshComponent
LogPluginManager: Mounting plugin RuntimePhysXCooking
LogPluginManager: Mounting plugin SteamVR
LogPluginManager: Mounting plugin WindowsMoviePlayer
LogStreaming: Display: Took  0.200s to configure plugins.
LogInit: Using libcurl 7.55.1-DEV
LogInit:  - built for x86_64-pc-win32
LogInit:  - supports SSL with OpenSSL/1.0.2h
LogInit:  - supports HTTP deflate (compression) using libz 1.2.8
LogInit:  - other features:
LogInit:      CURL_VERSION_SSL
LogInit:      CURL_VERSION_LIBZ
LogInit:      CURL_VERSION_IPV6
LogInit:      CURL_VERSION_ASYNCHDNS
LogInit:      CURL_VERSION_LARGEFILE
LogInit:      CURL_VERSION_IDN
LogInit:  CurlRequestOptions (configurable via config and command line):
LogInit:  - bVerifyPeer = false  - Libcurl will NOT verify peer certificate
LogInit:  - bUseHttpProxy = false  - Libcurl will NOT use HTTP proxy
LogInit:  - bDontReuseConnections = false  - Libcurl will reuse connections
LogInit:  - CertBundlePath = nullptr  - Libcurl will use whatever was configured at build time.
LogInit:  - MaxHostConnections = 16  - Libcurl will limit the number of connections to a host
LogInit:  - LocalHostAddr = Default
LogInit:  - BufferSize = 65536
LogInit: WinSock: version 1.1 (2.2), MaxSocks=32767, MaxUdp=65467
LogInit: Build: ++UE4+Release-4.20-CL-4369336
LogInit: Engine Version: 4.20.3-4369336+++UE4+Release-4.20
LogInit: Compatible Engine Version: 4.20.0-4212847+++UE4+Release-4.20
LogInit: Net CL: 4212847
LogInit: OS: Windows 10 (), CPU: Intel(R) Core(TM) i5-4460  CPU @ 3.20GHz, GPU: NVIDIA GeForce GTX 750 Ti
LogInit: Compiled (64-bit): Sep 17 2018 12:26:19
LogInit: Compiled with Visual C++: 19.13.26129.00
LogInit: Build Configuration: Development
LogInit: Branch Name: ++UE4+Release-4.20
LogInit: Command Line:  -skipcompile
LogInit: Base Directory: D:/Program Files/Epic Games/UE_4.20/Engine/Binaries/Win64/
LogInit: Installed Engine Build: 1
LogDevObjectVersion: Number of dev versions registered: 20
LogDevObjectVersion:   Dev-Blueprints (B0D832E4-1F89-4F0D-ACCF-7EB736FD4AA2): 10
LogDevObjectVersion:   Dev-Build (E1C64328-A22C-4D53-A36C-8E866417BD8C): 0
LogDevObjectVersion:   Dev-Core (375EC13C-06E4-48FB-B500-84F0262A717E): 2
LogDevObjectVersion:   Dev-Editor (E4B068ED-F494-42E9-A231-DA0B2E46BB41): 24
LogDevObjectVersion:   Dev-Framework (CFFC743F-43B0-4480-9391-14DF171D2073): 34
LogDevObjectVersion:   Dev-Mobile (B02B49B5-BB20-44E9-A304-32B752E40360): 2
LogDevObjectVersion:   Dev-Networking (A4E4105C-59A1-49B5-A7C5-40C4547EDFEE): 0
LogDevObjectVersion:   Dev-Online (39C831C9-5AE6-47DC-9A44-9C173E1C8E7C): 0
LogDevObjectVersion:   Dev-Physics (78F01B33-EBEA-4F98-B9B4-84EACCB95AA2): 0
LogDevObjectVersion:   Dev-Platform (6631380F-2D4D-43E0-8009-CF276956A95A): 0
LogDevObjectVersion:   Dev-Rendering (12F88B9F-8875-4AFC-A67C-D90C383ABD29): 26
LogDevObjectVersion:   Dev-Sequencer (7B5AE74C-D270-4C10-A958-57980B212A5A): 9
LogDevObjectVersion:   Dev-VR (D7296918-1DD6-4BDD-9DE2-64A83CC13884): 2
LogDevObjectVersion:   Dev-LoadTimes (C2A15278-BFE7-4AFE-6C17-90FF531DF755): 1
LogDevObjectVersion:   Private-Geometry (6EACA3D4-40EC-4CC1-B786-8BED09428FC5): 3
LogDevObjectVersion:   Dev-AnimPhys (29E575DD-E0A3-4627-9D10-D276232CDCEA): 17
LogDevObjectVersion:   Dev-ReflectionCapture (6B266CEC-1EC7-4B8F-A30B-E4D90942FC07): 1
LogDevObjectVersion:   Dev-Automation (0DF73D61-A23F-47EA-B727-89E90C41499A): 1
LogDevObjectVersion:   FortniteMain (601D1886-AC64-4F84-AA16-D3DE0DEAC7D6): 12
LogDevObjectVersion:   Dev-Enterprise (9DFFBCD6-494F-0158-E221-12823C92A888): 1
LogStreaming: Display: Took  0.000s to delete old logs.
LogInit: Presizing for max 8388607 objects, including 0 objects not considered by GC, pre-allocating 0 bytes for permanent pool.
LogInit: Object subsystem initialized
[2018.10.22-13.33.59:882][  0]LogInit: Selected Device Profile: [Windows]
[2018.10.22-13.33.59:882][  0]LogInit: Applying CVar settings loaded from the selected device profile: [Windows]
[2018.10.22-13.33.59:900][  0]LogHAL: Display: Platform has ~ 8 GB [8481820672 / 8589934592 / 8], which maps to Default [LargestMinGB=32, LargerMinGB=12, DefaultMinGB=8, SmallerMinGB=6, SmallestMinGB=0)
[2018.10.22-13.33.59:900][  0]LogInit: Setting Device Profile CVar: [[r.Vulkan.UseRealUBs:1]]
[2018.10.22-13.33.59:901][  0]LogInit: Going up to parent DeviceProfile []
[2018.10.22-13.33.59:901][  0]LogInit: Computer: MIKA-PC
[2018.10.22-13.33.59:901][  0]LogInit: User: Mika
[2018.10.22-13.33.59:901][  0]LogInit: CPU Page size=4096, Cores=4
[2018.10.22-13.33.59:901][  0]LogInit: High frequency timer resolution =3.117787 MHz
[2018.10.22-13.33.59:901][  0]LogMemory: Memory total: Physical=7.9GB (8GB approx)
[2018.10.22-13.33.59:902][  0]LogMemory: Platform Memory Stats for Windows
[2018.10.22-13.33.59:902][  0]LogMemory: Process Physical Memory: 103.23 MB used, 103.23 MB peak
[2018.10.22-13.33.59:902][  0]LogMemory: Process Virtual Memory: 82.75 MB used, 82.75 MB peak
[2018.10.22-13.33.59:902][  0]LogMemory: Physical Memory: 5853.49 MB used,  2235.40 MB free, 8088.89 MB total
[2018.10.22-13.33.59:902][  0]LogMemory: Virtual Memory: 4624.35 MB used,  2235.40 MB free, 134217728.00 MB total
[2018.10.22-13.34.00:083][  0]LogInit: Using OS detected language (fi-FI).
[2018.10.22-13.34.00:083][  0]LogInit: Using OS detected locale (fi-FI).
[2018.10.22-13.34.00:084][  0]LogTextLocalizationManager: No localization for 'fi-FI' exists, so 'en' will be used for the language.
[2018.10.22-13.34.00:515][  0]LogStreaming: Display: Took  0.432s to InitEngineTextLocalization.
[2018.10.22-13.34.00:515][  0]LogInit: Setting process to per monitor DPI aware
[2018.10.22-13.34.00:551][  0]LogSlate: New Slate User Created.  User Index 0, Is Virtual User: 0
[2018.10.22-13.34.00:551][  0]LogSlate: Slate User Registered.  User Index 0, Is Virtual User: 0
[2018.10.22-13.34.05:213][  0]LogHMD: Failed to initialize OpenVR with code 105
[2018.10.22-13.34.05:213][  0]LogD3D11RHI: D3D11 adapters:
[2018.10.22-13.34.05:296][  0]LogD3D11RHI:    0. 'NVIDIA GeForce GTX 750 Ti' (Feature Level 11_0)
[2018.10.22-13.34.05:296][  0]LogD3D11RHI:       2007/0/4044 MB DedicatedVideo/DedicatedSystem/SharedSystem, Outputs:1, VendorId:0x10de
[2018.10.22-13.34.05:315][  0]LogD3D11RHI:    1. 'Intel(R) HD Graphics 4600' (Feature Level 11_0)
[2018.10.22-13.34.05:315][  0]LogD3D11RHI:       112/0/2048 MB DedicatedVideo/DedicatedSystem/SharedSystem, Outputs:0, VendorId:0x8086
[2018.10.22-13.34.05:322][  0]LogD3D11RHI:    2. 'Microsoft Basic Render Driver' (Feature Level 11_0)
[2018.10.22-13.34.05:322][  0]LogD3D11RHI:       0/0/4044 MB DedicatedVideo/DedicatedSystem/SharedSystem, Outputs:0, VendorId:0x1414
[2018.10.22-13.34.05:322][  0]LogD3D11RHI: Chosen D3D11 Adapter: 0
[2018.10.22-13.34.05:331][  0]LogD3D11RHI: Creating new Direct3DDevice
[2018.10.22-13.34.05:332][  0]LogD3D11RHI:     GPU DeviceId: 0x1380 (for the marketing name, search the web for "GPU Device Id")
[2018.10.22-13.34.05:332][  0]LogWindows: EnumDisplayDevices:
[2018.10.22-13.34.05:332][  0]LogWindows:    0. 'NVIDIA GeForce GTX 750 Ti' (P:1 D:1)
[2018.10.22-13.34.05:332][  0]LogWindows:    1. 'NVIDIA GeForce GTX 750 Ti' (P:0 D:0)
[2018.10.22-13.34.05:332][  0]LogWindows:    2. 'NVIDIA GeForce GTX 750 Ti' (P:0 D:0)
[2018.10.22-13.34.05:333][  0]LogWindows:    3. 'NVIDIA GeForce GTX 750 Ti' (P:0 D:0)
[2018.10.22-13.34.05:333][  0]LogWindows:    4. 'Intel(R) HD Graphics 4600' (P:0 D:0)
[2018.10.22-13.34.05:333][  0]LogWindows:    5. 'Intel(R) HD Graphics 4600' (P:0 D:0)
[2018.10.22-13.34.05:334][  0]LogWindows:    6. 'Intel(R) HD Graphics 4600' (P:0 D:0)
[2018.10.22-13.34.05:334][  0]LogWindows: DebugString: PrimaryIsNotTheChoosenAdapter PrimaryIsNotTheChoosenAdapter PrimaryIsNotTheChoosenAdapter FoundDriverCount:4 
[2018.10.22-13.34.05:334][  0]LogD3D11RHI:     Adapter Name: NVIDIA GeForce GTX 750 Ti
[2018.10.22-13.34.05:334][  0]LogD3D11RHI:   Driver Version: 398.11 (internal:24.21.13.9811, unified:398.11)
[2018.10.22-13.34.05:334][  0]LogD3D11RHI:      Driver Date: 6-1-2018
[2018.10.22-13.34.05:334][  0]LogRHI: Texture pool is 1405 MB (70% of 2007 MB)
[2018.10.22-13.34.05:379][  0]LogD3D11RHI: Async texture creation enabled
[2018.10.22-13.34.05:396][  0]LogD3D11RHI: GPU Timing Frequency: 1000.000000 (Debug: 2 2)
[2018.10.22-13.34.05:398][  0]LogShaderCompilers: Guid format shader working directory is -18 characters bigger than the processId version (../../../../../../Users/Mika/Documents/Unreal Projects/Youtube/Intermediate/Shaders/WorkingDirectory/17528/).
[2018.10.22-13.34.05:398][  0]LogShaderCompilers: Cleaned the shader compiler working directory 'C:/Users/Mika/AppData/Local/Temp/UnrealShaderWorkingDir/18A024D04DB2D80F54C3D7BC5A3583C6/'.
[2018.10.22-13.34.05:705][  0]LogTemp: Display: Loaded TP AllDesktopTargetPlatform
[2018.10.22-13.34.05:723][  0]LogTemp: Display: Loaded TP MacClientTargetPlatform
[2018.10.22-13.34.05:739][  0]LogTemp: Display: Loaded TP MacNoEditorTargetPlatform
[2018.10.22-13.34.05:756][  0]LogTemp: Display: Loaded TP MacServerTargetPlatform
[2018.10.22-13.34.05:821][  0]LogTemp: Display: Loaded TP MacTargetPlatform
[2018.10.22-13.34.05:842][  0]LogTemp: Display: Loaded TP WindowsClientTargetPlatform
[2018.10.22-13.34.05:860][  0]LogTemp: Display: Loaded TP WindowsNoEditorTargetPlatform
[2018.10.22-13.34.05:879][  0]LogTemp: Display: Loaded TP WindowsServerTargetPlatform
[2018.10.22-13.34.05:890][  0]LogTemp: Display: Loaded TP WindowsTargetPlatform
[2018.10.22-13.34.06:254][  0]LogTemp: Display: Loaded TP AndroidTargetPlatform
[2018.10.22-13.34.06:254][  0]LogTemp: Display: Loaded TP AndroidTargetPlatform
[2018.10.22-13.34.06:254][  0]LogTemp: Display: Loaded TP AndroidTargetPlatform
[2018.10.22-13.34.06:254][  0]LogTemp: Display: Loaded TP AndroidTargetPlatform
[2018.10.22-13.34.06:254][  0]LogTemp: Display: Loaded TP AndroidTargetPlatform
[2018.10.22-13.34.06:254][  0]LogTemp: Display: Loaded TP AndroidTargetPlatform
[2018.10.22-13.34.06:254][  0]LogTemp: Display: Loaded TP AndroidTargetPlatform
[2018.10.22-13.34.06:254][  0]LogTemp: Display: Loaded TP AndroidTargetPlatform
[2018.10.22-13.34.06:254][  0]LogTemp: Display: Loaded TP AndroidTargetPlatform
[2018.10.22-13.34.06:255][  0]LogTemp: Display: Loaded TP AndroidTargetPlatform
[2018.10.22-13.34.06:255][  0]LogTemp: Display: Loaded TP AndroidTargetPlatform
[2018.10.22-13.34.06:255][  0]LogTemp: Display: Loaded TP AndroidTargetPlatform
[2018.10.22-13.34.06:255][  0]LogTemp: Display: Loaded TP AndroidTargetPlatform
[2018.10.22-13.34.06:255][  0]LogTemp: Display: Loaded TP AndroidTargetPlatform
[2018.10.22-13.34.06:255][  0]LogTemp: Display: Loaded TP AndroidTargetPlatform
[2018.10.22-13.34.06:255][  0]LogTemp: Display: Loaded TP AndroidTargetPlatform
[2018.10.22-13.34.06:255][  0]LogTemp: Display: Loaded TP AndroidTargetPlatform
[2018.10.22-13.34.06:255][  0]LogTemp: Display: Loaded TP AndroidTargetPlatform
[2018.10.22-13.34.06:258][  0]LogTemp: Display: Loaded TP HTML5TargetPlatform
[2018.10.22-13.34.06:367][  0]LogTemp: Display: Loaded TP IOSTargetPlatform
[2018.10.22-13.34.06:367][  0]LogTemp: Display: Loaded TP IOSTargetPlatform
[2018.10.22-13.34.06:403][  0]LogTemp: Display: Loaded TP TVOSTargetPlatform
[2018.10.22-13.34.06:403][  0]LogTemp: Display: Loaded TP TVOSTargetPlatform
[2018.10.22-13.34.06:419][  0]LogTemp: Display: Loaded TP LinuxClientTargetPlatform
[2018.10.22-13.34.06:437][  0]LogTemp: Display: Loaded TP LinuxNoEditorTargetPlatform
[2018.10.22-13.34.06:454][  0]LogTemp: Display: Loaded TP LinuxServerTargetPlatform
[2018.10.22-13.34.06:474][  0]LogTemp: Display: Loaded TP LinuxTargetPlatform
[2018.10.22-13.34.06:486][  0]LogTemp: Display: Loaded TP LuminTargetPlatform
[2018.10.22-13.34.06:486][  0]LogTargetPlatformManager: Display: Building Assets For Windows
[2018.10.22-13.34.06:608][  0]LogXGEController: Cleaning working directory: C:/Users/Mika/AppData/Local/Temp/UnrealXGEWorkingDir/
[2018.10.22-13.34.06:609][  0]LogXGEController: Cannot use XGE Controller as Incredibuild is not installed on this machine.
[2018.10.22-13.34.06:609][  0]LogShaderCompilers: Cannot use XGE Shader Compiler as Incredibuild is not installed on this machine.
[2018.10.22-13.34.06:609][  0]LogShaderCompilers: Display: Using Local Shader Compiler.
[2018.10.22-13.34.07:800][  0]LogDerivedDataCache: Display: Max Cache Size: 512 MB
[2018.10.22-13.34.07:866][  0]LogDerivedDataCache: Loaded boot cache 0.07s 71MB C:/Users/Mika/AppData/Local/UnrealEngine/4.20/DerivedDataCache/Boot.ddc.
[2018.10.22-13.34.07:867][  0]LogDerivedDataCache: Display: Loaded Boot cache: C:/Users/Mika/AppData/Local/UnrealEngine/4.20/DerivedDataCache/Boot.ddc
[2018.10.22-13.34.07:867][  0]LogDerivedDataCache: FDerivedDataBackendGraph:  Pak pak cache file ../../../../../../Users/Mika/Documents/Unreal Projects/Youtube/DerivedDataCache/DDC.ddp not found, will not use a pak cache.
[2018.10.22-13.34.07:867][  0]LogDerivedDataCache: Unable to find inner node Pak for hierarchical cache Hierarchy.
[2018.10.22-13.34.07:867][  0]LogDerivedDataCache: FDerivedDataBackendGraph:  CompressedPak pak cache file ../../../../../../Users/Mika/Documents/Unreal Projects/Youtube/DerivedDataCache/Compressed.ddp not found, will not use a pak cache.
[2018.10.22-13.34.07:868][  0]LogDerivedDataCache: Unable to find inner node CompressedPak for hierarchical cache Hierarchy.
[2018.10.22-13.34.07:882][  0]LogDerivedDataCache: Display: Pak cache opened for reading ../../../Engine/DerivedDataCache/Compressed.ddp.
[2018.10.22-13.34.07:895][  0]LogDerivedDataCache: Using Local data cache path C:/Users/Mika/AppData/Local/UnrealEngine/Common/DerivedDataCache: Writable
[2018.10.22-13.34.07:895][  0]LogDerivedDataCache: Shared data cache path not found in *engine.ini, will not use an Shared cache.
[2018.10.22-13.34.07:895][  0]LogDerivedDataCache: Unable to find inner node Shared for hierarchical cache Hierarchy.
[2018.10.22-13.34.07:914][  0]LogMaterial: Verifying Global Shaders for PCD3D_SM5
[2018.10.22-13.34.07:916][  0]LogSlate: Using FreeType 2.6.0
[2018.10.22-13.34.07:932][  0]LogSlate: SlateFontServices - WITH_FREETYPE: 1, WITH_HARFBUZZ: 1
[2018.10.22-13.34.09:440][  0]LogAssetRegistry: FAssetRegistry took 0.0307 seconds to start up
[2018.10.22-13.34.09:783][  0]LogInit: Selected Device Profile: [Windows]
[2018.10.22-13.34.10:001][  0]LogSimplygon: Simplygon DLL not present - disabling.
[2018.10.22-13.34.10:011][  0]LogMeshReduction: Using SimplygonSwarm for distributed automatic mesh merging
[2018.10.22-13.34.10:011][  0]LogMeshReduction: Using ProxyLODMeshReduction for automatic mesh merging
[2018.10.22-13.34.10:011][  0]LogMeshReduction: Using QuadricMeshReduction for automatic static mesh reduction
[2018.10.22-13.34.10:011][  0]LogMeshReduction: No automatic skeletal mesh reduction module available
[2018.10.22-13.34.10:028][  0]LogNetVersion: Youtube 1.0.0, NetCL: 4212847, EngineNetVer: 5, GameNetVer: 0 (Checksum: 222399930)
[2018.10.22-13.34.10:524][  0]LogPackageLocalizationCache: Processed 11 localized package path(s) for 1 prioritized culture(s) in 0.058530 seconds
[2018.10.22-13.34.10:531][  0]LogUObjectArray: 38425 objects as part of root set at end of initial load.
[2018.10.22-13.34.10:531][  0]LogUObjectAllocator: 6690864 out of 0 bytes used by permanent object pool.
[2018.10.22-13.34.10:532][  0]LogUObjectArray: CloseDisregardForGC: 0/0 objects in disregard for GC pool
[2018.10.22-13.34.11:755][  0]LogTcpMessaging: Initializing TcpMessaging bridge
[2018.10.22-13.34.11:772][  0]LogUdpMessaging: Initializing bridge on interface 0.0.0.0:0 to multicast group 230.0.0.1:6666.
[2018.10.22-13.34.11:977][  0]SourceControl: Source control is disabled
[2018.10.22-13.34.11:978][  0]SourceControl: Source control is disabled
[2018.10.22-13.34.11:982][  0]SourceControl: Source control is disabled
[2018.10.22-13.34.11:986][  0]SourceControl: Source control is disabled
[2018.10.22-13.34.12:295][  0]LogAndroidPermission: UAndroidPermissionCallbackProxy::GetInstance
[2018.10.22-13.34.12:416][  0]LogOcInput: OculusInput pre-init called
[2018.10.22-13.34.12:498][  0]LogEngine: Initializing Engine...
[2018.10.22-13.34.12:516][  0]LogHMD: Failed to initialize OpenVR with code 105
[2018.10.22-13.34.12:517][  0]LogStats: UGameplayTagsManager::ConstructGameplayTagTree: ImportINI prefixes -  0.000 s
[2018.10.22-13.34.12:518][  0]LogStats: UGameplayTagsManager::ConstructGameplayTagTree: Construct from data asset -  0.000 s
[2018.10.22-13.34.12:518][  0]LogStats: UGameplayTagsManager::ConstructGameplayTagTree: ImportINI -  0.000 s
[2018.10.22-13.34.12:518][  0]LogStats: UGameplayTagsManager::ConstructGameplayTagTree: GameplayTagTreeChangedEvent.Broadcast -  0.000 s
[2018.10.22-13.34.12:754][  0]LogInit: Initializing FReadOnlyCVARCache
[2018.10.22-13.34.12:774][  0]LogAIModule: Creating AISystem for world Untitled
[2018.10.22-13.34.12:807][  0]LogInit: XAudio2 using 'Speakers (Logitech G35 Headset)' : 2 channels at 44.1 kHz using 16 bits per sample (channel mask 0x3)
[2018.10.22-13.34.12:871][  0]LogInit: FAudioDevice initialized.
[2018.10.22-13.34.12:871][  0]LogNetVersion: Set ProjectVersion to 1.0.0.0. Version Checksum will be recalculated on next use.
[2018.10.22-13.34.13:030][  0]LogDerivedDataCache: Saved boot cache 0.16s 71MB C:/Users/Mika/AppData/Local/UnrealEngine/4.20/DerivedDataCache/Boot.ddc.
[2018.10.22-13.34.13:037][  0]LogInit: Texture streaming: Enabled
[2018.10.22-13.34.13:076][  0]LogEngineSessionManager: EngineSessionManager initialized
[2018.10.22-13.34.13:089][  0]LogInit: Transaction tracking system initialized
[2018.10.22-13.34.13:129][  0]BlueprintLog: New page: Editor Load
[2018.10.22-13.34.13:276][  0]LocalizationService: Localization service is disabled
[2018.10.22-13.34.13:584][  0]LogCook: Display: Max memory allowance for cook 16384mb min free memory 0mb
[2018.10.22-13.34.13:584][  0]LogCook: Display: Mobile HDR setting 1
[2018.10.22-13.34.13:585][  0]LogGameplayTags: Display: UGameplayTagsManager::DoneAddingNativeTags. DelegateIsBound: 0
[2018.10.22-13.34.13:585][  0]LogStats: UGameplayTagsManager::ConstructGameplayTagTree: ImportINI prefixes -  0.000 s
[2018.10.22-13.34.13:585][  0]LogStats: UGameplayTagsManager::ConstructGameplayTagTree: Construct from data asset -  0.000 s
[2018.10.22-13.34.13:585][  0]LogFileCache: Scanning file cache for directory 'D:/Users/Mika/Documents/Unreal Projects/Youtube/Content/' took 0.01s
[2018.10.22-13.34.13:585][  0]LogStats: UGameplayTagsManager::ConstructGameplayTagTree: ImportINI -  0.000 s
[2018.10.22-13.34.13:585][  0]LogStats: UGameplayTagsManager::ConstructGameplayTagTree: GameplayTagTreeChangedEvent.Broadcast -  0.000 s
[2018.10.22-13.34.13:886][  0]SourceControl: Source control is disabled
[2018.10.22-13.34.13:887][  0]Cmd: MAP LOAD FILE="../../../Engine/Content/Maps/Templates/Template_Default.umap" TEMPLATE=1 SHOWPROGRESS=1 FEATURELEVEL=3
[2018.10.22-13.34.13:887][  0]LightingResults: New page: Lighting Build
[2018.10.22-13.34.13:890][  0]MapCheck: New page: Map Check
[2018.10.22-13.34.13:891][  0]LightingResults: New page: Lighting Build
[2018.10.22-13.34.14:104][  0]LogAIModule: Creating AISystem for world Untitled_1
[2018.10.22-13.34.14:114][  0]LogEditorServer: Finished looking for orphan Actors (0.000 secs)
[2018.10.22-13.34.14:136][  0]Cmd: MAP CHECKDEP NOCLEARLOG
[2018.10.22-13.34.14:199][  0]MapCheck: Map check complete: 0 Error(s), 0 Warning(s), took 62,306ms to complete.
[2018.10.22-13.34.14:199][  0]LogFileHelpers: Loading map 'Template_Default' took 0.312
[2018.10.22-13.34.14:310][  0]LogSlate: Updating window title bar state: overlay mode, drag disabled, window buttons hidden, title bar hidden
[2018.10.22-13.34.14:317][  0]LogSlate: Updating window title bar state: overlay mode, drag disabled, window buttons hidden, title bar hidden
[2018.10.22-13.34.14:325][  0]LogSlate: Updating window title bar state: overlay mode, drag disabled, window buttons hidden, title bar hidden
[2018.10.22-13.34.14:334][  0]LogSlate: Updating window title bar state: overlay mode, drag disabled, window buttons hidden, title bar hidden
[2018.10.22-13.34.14:343][  0]LogCollectionManager: Loaded 0 collections in 0.001924 seconds
[2018.10.22-13.34.14:393][  0]LogFileCache: Scanning file cache for directory 'D:/Users/Mika/Documents/Unreal Projects/Youtube/Saved/Collections/' took 0.01s
[2018.10.22-13.34.14:394][  0]LogFileCache: Scanning file cache for directory 'D:/Users/Mika/Documents/Unreal Projects/Youtube/Content/Developers/Mika/Collections/' took 0.01s
[2018.10.22-13.34.14:394][  0]LogFileCache: Scanning file cache for directory 'D:/Users/Mika/Documents/Unreal Projects/Youtube/Content/Collections/' took 0.01s
[2018.10.22-13.34.14:394][  0]LogCollectionManager: Rebuilt the GUID cache for 0 collections in 0.000000 seconds
[2018.10.22-13.34.14:405][  0]LogContentBrowser: Native class hierarchy populated in 0.0108 seconds. Added 2575 classes and 605 folders.
[2018.10.22-13.34.14:412][  0]LogContentBrowser: Native class hierarchy updated for 'WidgetCarousel' in 0.0004 seconds. Added 0 classes and 0 folders.
[2018.10.22-13.34.14:468][  0]LogContentBrowser: Native class hierarchy updated for 'AddContentDialog' in 0.0005 seconds. Added 0 classes and 0 folders.
[2018.10.22-13.34.14:476][  0]LogContentBrowser: Native class hierarchy updated for 'SceneOutliner' in 0.0005 seconds. Added 1 classes and 2 folders.
[2018.10.22-13.34.14:496][  0]LogSlate: Took 0.000281 seconds to synchronously load lazily loaded font '../../../Engine/Content/Slate/Fonts/Roboto-Regular.ttf' (155K)
[2018.10.22-13.34.14:499][  0]LogSlate: Took 0.000253 seconds to synchronously load lazily loaded font '../../../Engine/Content/Slate/Fonts/Roboto-Bold.ttf' (160K)
[2018.10.22-13.34.14:505][  0]LogSlate: Took 0.000317 seconds to synchronously load lazily loaded font '../../../Engine/Content/Editor/Slate/Fonts/FontAwesome.ttf' (139K)
[2018.10.22-13.34.14:600][  0]LogRenderer: Reallocating scene render targets to support 1140x600 Format 10 NumSamples 1 (Frame:1).
[2018.10.22-13.34.14:638][  0]LogSlate: Took 0.000246 seconds to synchronously load lazily loaded font '../../../Engine/Content/Slate/Fonts/Roboto-Light.ttf' (167K)
[2018.10.22-13.34.14:724][  0]LogContentBrowser: Native class hierarchy updated for 'HierarchicalLODOutliner' in 0.0007 seconds. Added 0 classes and 0 folders.
[2018.10.22-13.34.14:724][  0]LogLoad: (Engine Initialization) Total time: 17.05 seconds
[2018.10.22-13.34.14:724][  0]LogLoad: (Engine Initialization) Total Blueprint compile time: 0.00 seconds
[2018.10.22-13.34.14:761][  0]LogContentStreaming: Texture pool size now 1000 MB
[2018.10.22-13.34.14:797][  1]LogAssetRegistry: Asset discovery search completed in 5.3824 seconds
[2018.10.22-13.34.14:800][  1]LogCollectionManager: Rebuilt the object cache for 0 collections in 0.000000 seconds (found 0 objects)
[2018.10.22-13.34.14:800][  1]LogCollectionManager: Fixed up redirectors for 0 collections in 0.000128 seconds (updated 0 objects)
[2018.10.22-13.34.22:625][570]LogSlate: FSceneViewport::OnFocusLost() reason 0
[2018.10.22-13.34.22:822][592]LogEditor: Attempting to add actor of class 'MyPawn' to level at -610.00,-500.00,90.00
[2018.10.22-13.34.22:822][592]LogActor: Warning: MyPawn /Temp/Untitled_1.Untitled_1:PersistentLevel.MyPawn_0 has natively added scene component(s), but none of them were set as the actor's RootComponent - picking one arbitrarily
[2018.10.22-13.34.23:903][704]LogEditor: Attempting to add actor of class 'MyPawn' to level at -240.00,-170.00,350.00
[2018.10.22-13.34.23:905][704]LogActor: Warning: MyPawn /Temp/Untitled_1.Untitled_1:PersistentLevel.MyPawn_1 has natively added scene component(s), but none of them were set as the actor's RootComponent - picking one arbitrarily
[2018.10.22-13.34.48:146][ 80]LogEditorViewport: Clicking on Actor (LMB): MyPawn (MyPawn1)
[2018.10.22-13.34.48:335][ 96]LogEditorViewport: Clicking on Actor (LMB): MyPawn (MyPawn1)
[2018.10.22-13.34.50:777][330]LogSlate: Took 0.000301 seconds to synchronously load lazily loaded font '../../../Engine/Content/Slate/Fonts/Roboto-Light.ttf' (167K)
[2018.10.22-13.34.50:838][330]LogSlate: FSceneViewport::OnFocusLost() reason 2
[2018.10.22-13.34.50:882][330]LogSlate: FSceneViewport::OnFocusLost() reason 2
[2018.10.22-13.35.16:143][937]LogSlate: FSceneViewport::OnFocusLost() reason 2
[2018.10.22-13.35.17:457][ 73]LogPlayLevel: PlayLevel: No blueprints needed recompiling
[2018.10.22-13.35.18:099][ 73]PIE: New page: SIE session: Untitled_1 (22.10.2018 19.35.17)
[2018.10.22-13.35.18:100][ 73]LogPlayLevel: Creating play world package: /Temp/UEDPIE_0_Untitled_1
[2018.10.22-13.35.18:169][ 73]LogPlayLevel: PIE: StaticDuplicateObject took: (0.068170s)
[2018.10.22-13.35.18:169][ 73]LogAIModule: Creating AISystem for world Untitled_1
[2018.10.22-13.35.18:185][ 73]LogPlayLevel: PIE: World Init took: (0.015823s)
[2018.10.22-13.35.18:185][ 73]LogPlayLevel: PIE: Created PIE world by copying editor world from /Temp/Untitled_1.Untitled_1 to /Temp/UEDPIE_0_Untitled_1.Untitled_1 (0.085197s)
[2018.10.22-13.35.18:301][ 73]LogInit: XAudio2 using 'Speakers (Logitech G35 Headset)' : 2 channels at 44.1 kHz using 16 bits per sample (channel mask 0x3)
[2018.10.22-13.35.18:323][ 73]LogInit: FAudioDevice initialized.
[2018.10.22-13.35.18:332][ 73]LogSlate: FSceneViewport::OnFocusLost() reason 2
[2018.10.22-13.35.18:409][ 73]LogLoad: Game class is 'GameModeBase'
[2018.10.22-13.35.18:550][ 73]LogWorld: Bringing World /Temp/UEDPIE_0_Untitled_1.Untitled_1 up for play (max tick rate 0) at 2018.10.22-16.35.18
[2018.10.22-13.35.18:644][ 73]LogWorld: Bringing up level for play took: 0.105741
[2018.10.22-13.35.18:869][ 73]LogContentBrowser: Native class hierarchy updated for 'MovieSceneCapture' in 0.0184 seconds. Added 10 classes and 0 folders.
[2018.10.22-13.35.18:915][ 73]PIE: Play in editor start time for /Temp/UEDPIE_0_Untitled_1 1,746
[2018.10.22-13.35.24:211][588]LogSlate: Updating window title bar state: overlay mode, drag disabled, window buttons hidden, title bar hidden
[2018.10.22-13.35.24:276][588]LogPlayLevel: Display: Shutting down PIE online subsystems
[2018.10.22-13.35.24:322][588]LogSlate: Updating window title bar state: overlay mode, drag disabled, window buttons hidden, title bar hidden
[2018.10.22-13.35.24:351][589]LogPlayLevel: Display: Destroying online subsystem :Context_1
[2018.10.22-13.35.25:798][758]LogEditorViewport: Clicking on Actor (LMB): MyPawn (MyPawn1)
[2018.10.22-13.35.26:140][785]LogEditorViewport: Clicking on Actor (LMB): MyPawn (MyPawn1)
[2018.10.22-13.35.28:704][ 34]LogSlate: Took 0.012860 seconds to synchronously load lazily loaded font '../../../Engine/Content/Slate/Fonts/Roboto-Italic.ttf' (157K)
[2018.10.22-13.35.30:093][170]LogSlate: FSceneViewport::OnFocusLost() reason 0
[2018.10.22-13.35.38:054][919]LogActorFactory: Actor Factory created Cube
[2018.10.22-13.35.42:586][373]LogSlate: FSceneViewport::OnFocusLost() reason 0
[2018.10.22-13.35.42:807][398]LogActorFactory: Actor Factory created Cube
[2018.10.22-13.35.46:655][802]LogSlate: FSceneViewport::OnFocusLost() reason 0
[2018.10.22-13.36.07:981][920]LogSlate: Prevented a slow task dialog from being summoned while a context menu was open
[2018.10.22-13.36.37:992][145]LogRenderer: Reallocating scene render targets to support 1144x600 Format 10 NumSamples 1 (Frame:20211).
[2018.10.22-13.38.50:544][ 46]LogEditor: Attempting to add actor of class 'MyActor' to level at -710.00,-570.00,100.00
[2018.10.22-13.38.50:545][ 46]LogActor: Warning: MyActor /Temp/Untitled_1.Untitled_1:PersistentLevel.MyActor_0 has natively added scene component(s), but none of them were set as the actor's RootComponent - picking one arbitrarily
[2018.10.22-13.38.51:099][105]LogEditor: Attempting to add actor of class 'MyActor' to level at -310.00,-300.00,240.00
[2018.10.22-13.38.51:101][105]LogActor: Warning: MyActor /Temp/Untitled_1.Untitled_1:PersistentLevel.MyActor_1 has natively added scene component(s), but none of them were set as the actor's RootComponent - picking one arbitrarily
[2018.10.22-13.38.54:421][474]LogSlate: FSceneViewport::OnFocusLost() reason 0
[2018.10.22-13.38.56:192][672]LogActorFactory: Actor Factory created Cube
[2018.10.22-13.38.58:693][961]LogSlate: FSceneViewport::OnFocusLost() reason 0
[2018.10.22-13.38.58:795][972]LogActorFactory: Actor Factory created Sphere
[2018.10.22-13.39.01:816][283]LogSlate: FSceneViewport::OnFocusLost() reason 2
[2018.10.22-13.39.03:617][489]LogPlayLevel: PlayLevel: No blueprints needed recompiling
[2018.10.22-13.39.03:618][489]PIE: New page: SIE session: Untitled_1 (22.10.2018 19.39.03)
[2018.10.22-13.39.03:618][489]LogPlayLevel: Creating play world package: /Temp/UEDPIE_0_Untitled_1
[2018.10.22-13.39.03:620][489]LogPlayLevel: PIE: StaticDuplicateObject took: (0.002424s)
[2018.10.22-13.39.03:621][489]LogAIModule: Creating AISystem for world Untitled_1
[2018.10.22-13.39.03:622][489]LogPlayLevel: PIE: World Init took: (0.001117s)
[2018.10.22-13.39.03:622][489]LogPlayLevel: PIE: Created PIE world by copying editor world from /Temp/Untitled_1.Untitled_1 to /Temp/UEDPIE_0_Untitled_1.Untitled_1 (0.003968s)
[2018.10.22-13.39.03:647][489]LogInit: XAudio2 using 'Speakers (Logitech G35 Headset)' : 2 channels at 44.1 kHz using 16 bits per sample (channel mask 0x3)
[2018.10.22-13.39.03:658][489]LogInit: FAudioDevice initialized.
[2018.10.22-13.39.03:658][489]LogSlate: FSceneViewport::OnFocusLost() reason 2
[2018.10.22-13.39.03:692][489]LogLoad: Game class is 'GameModeBase'
[2018.10.22-13.39.03:693][489]LogWorld: Bringing World /Temp/UEDPIE_0_Untitled_1.Untitled_1 up for play (max tick rate 0) at 2018.10.22-16.39.03
[2018.10.22-13.39.03:693][489]LogWorld: Bringing up level for play took: 0.000912
[2018.10.22-13.39.03:707][489]PIE: Play in editor start time for /Temp/UEDPIE_0_Untitled_1 0,538
[2018.10.22-13.39.07:809][908]LogSlate: Updating window title bar state: overlay mode, drag disabled, window buttons hidden, title bar hidden
[2018.10.22-13.39.07:848][908]LogPlayLevel: Display: Shutting down PIE online subsystems
[2018.10.22-13.39.07:873][908]LogSlate: Updating window title bar state: overlay mode, drag disabled, window buttons hidden, title bar hidden
[2018.10.22-13.39.07:911][912]LogPlayLevel: Display: Destroying online subsystem :Context_4
[2018.10.22-13.40.48:878][453]LogSlate: Window 'Save Content' being destroyed
[2018.10.22-13.40.48:930][453]LogSlate: Window 'Youtube - Unreal Editor' being destroyed
[2018.10.22-13.40.49:140][454]Cmd: QUIT_EDITOR
[2018.10.22-13.40.49:320][454]LogWindowsTextInputMethodSystem: Display: IME system now deactivated.
[2018.10.22-13.40.49:349][454]LogExit: Preparing to exit.
[2018.10.22-13.40.49:539][454]LogExit: Editor shut down
[2018.10.22-13.40.49:540][454]LogExit: Transaction tracking system shut down
[2018.10.22-13.40.49:886][454]LogExit: Object subsystem successfully closed.
[2018.10.22-13.40.49:913][454]LogShaderCompilers: Display: Shaders left to compile 0
[2018.10.22-13.40.49:917][454]LogD3D11RHI: Shutdown
[2018.10.22-13.40.49:917][454]LogD3D11RHI: CleanupD3DDevice
[2018.10.22-13.40.49:918][454]LogD3D11RHI: ~FD3D11DynamicRHI
[2018.10.22-13.40.49:932][454]LogModuleManager: Shutting down and abandoning module MovieSceneCapture (618)
[2018.10.22-13.40.49:934][454]LogModuleManager: Shutting down and abandoning module Voice (616)
[2018.10.22-13.40.49:962][454]LogModuleManager: Shutting down and abandoning module HierarchicalLODOutliner (614)
[2018.10.22-13.40.49:962][454]LogModuleManager: Shutting down and abandoning module SceneOutliner (612)
[2018.10.22-13.40.49:962][454]LogModuleManager: Shutting down and abandoning module AddContentDialog (610)
[2018.10.22-13.40.49:962][454]LogModuleManager: Shutting down and abandoning module WidgetCarousel (609)
[2018.10.22-13.40.49:962][454]LogModuleManager: Shutting down and abandoning module EditorWidgets (606)
[2018.10.22-13.40.49:962][454]LogModuleManager: Shutting down and abandoning module CollectionManager (604)
[2018.10.22-13.40.49:963][454]LogModuleManager: Shutting down and abandoning module HierarchicalLODUtilities (602)
[2018.10.22-13.40.49:963][454]LogModuleManager: Shutting down and abandoning module StatsViewer (600)
[2018.10.22-13.40.49:963][454]LogModuleManager: Shutting down and abandoning module FoliageEdit (598)
[2018.10.22-13.40.49:963][454]LogModuleManager: Shutting down and abandoning module LandscapeEditor (596)
[2018.10.22-13.40.49:963][454]LogModuleManager: Shutting down and abandoning module MeshPaintMode (594)
[2018.10.22-13.40.49:963][454]LogModuleManager: Shutting down and abandoning module SceneDepthPickerMode (592)
[2018.10.22-13.40.49:963][454]LogModuleManager: Shutting down and abandoning module ActorPickerMode (590)
[2018.10.22-13.40.49:963][454]LogModuleManager: Shutting down and abandoning module GeometryMode (588)
[2018.10.22-13.40.49:963][454]LogModuleManager: Shutting down and abandoning module TextureAlignMode (586)
[2018.10.22-13.40.49:963][454]LogModuleManager: Shutting down and abandoning module BspMode (584)
[2018.10.22-13.40.49:963][454]LogModuleManager: Shutting down and abandoning module PIEPreviewDeviceProfileSelector (582)
[2018.10.22-13.40.49:964][454]LogModuleManager: Shutting down and abandoning module SequenceRecorderSections (580)
[2018.10.22-13.40.49:964][454]LogModuleManager: Shutting down and abandoning module AutomationWorker (578)
[2018.10.22-13.40.49:964][454]LogModuleManager: Shutting down and abandoning module AudioCaptureEditor (576)
[2018.10.22-13.40.49:964][454]LogModuleManager: Shutting down and abandoning module SequenceRecorder (575)
[2018.10.22-13.40.49:964][454]LogModuleManager: Shutting down and abandoning module MatineeToLevelSequence (572)
[2018.10.22-13.40.49:964][454]LogModuleManager: Shutting down and abandoning module LevelSequenceEditor (570)
[2018.10.22-13.40.49:964][454]LogModuleManager: Shutting down and abandoning module PlacementMode (569)
[2018.10.22-13.40.49:964][454]LogModuleManager: Shutting down and abandoning module MaterialEditor (568)
[2018.10.22-13.40.49:964][454]LogModuleManager: Shutting down and abandoning module WmfMediaFactory (564)
[2018.10.22-13.40.49:964][454]LogModuleManager: Shutting down and abandoning module WmfMediaEditor (562)
[2018.10.22-13.40.49:964][454]LogModuleManager: Shutting down and abandoning module MediaPlayerEditor (560)
[2018.10.22-13.40.49:965][454]LogModuleManager: Shutting down and abandoning module OpenExrWrapper (558)
[2018.10.22-13.40.49:965][454]LogModuleManager: Shutting down and abandoning module ImgMediaFactory (556)
[2018.10.22-13.40.49:965][454]LogModuleManager: Shutting down and abandoning module ImgMediaEditor (554)
[2018.10.22-13.40.49:965][454]LogModuleManager: Shutting down and abandoning module AvfMediaFactory (552)
[2018.10.22-13.40.49:965][454]LogModuleManager: Shutting down and abandoning module AvfMediaEditor (550)
[2018.10.22-13.40.49:965][454]LogModuleManager: Shutting down and abandoning module AndroidMediaFactory (548)
[2018.10.22-13.40.49:965][454]LogModuleManager: Shutting down and abandoning module AndroidMediaEditor (546)
[2018.10.22-13.40.49:965][454]LogModuleManager: Shutting down and abandoning module MagicLeapCameraPreviewFactory (544)
[2018.10.22-13.40.49:965][454]LogModuleManager: Shutting down and abandoning module MagicLeapMediaFactory (542)
[2018.10.22-13.40.49:965][454]LogModuleManager: Shutting down and abandoning module MagicLeapMediaEditor (540)
[2018.10.22-13.40.49:965][454]LogModuleManager: Shutting down and abandoning module CharacterAI (538)
[2018.10.22-13.40.49:965][454]LogModuleManager: Shutting down and abandoning module SmartSnapping (536)
[2018.10.22-13.40.49:966][454]LogModuleManager: Shutting down and abandoning module SessionServices (534)
[2018.10.22-13.40.49:966][454]LogModuleManager: Shutting down and abandoning module ViewportSnapping (532)
[2018.10.22-13.40.49:966][454]LogModuleManager: Shutting down and abandoning module ViewportInteraction (530)
[2018.10.22-13.40.49:966][454]LogModuleManager: Shutting down and abandoning module ClothPainter (528)
[2018.10.22-13.40.49:966][454]LogModuleManager: Shutting down and abandoning module SkeletalMeshEditor (527)
[2018.10.22-13.40.49:966][454]LogModuleManager: Shutting down and abandoning module LogVisualizer (524)
[2018.10.22-13.40.49:966][454]LogModuleManager: Shutting down and abandoning module IntroTutorials (522)
[2018.10.22-13.40.49:966][454]LogModuleManager: Shutting down and abandoning module GameProjectGeneration (521)
[2018.10.22-13.40.49:966][454]LogModuleManager: Shutting down and abandoning module LuminPlatformEditor (518)
[2018.10.22-13.40.49:966][454]LogModuleManager: Shutting down and abandoning module IOSPlatformEditor (516)
[2018.10.22-13.40.49:966][454]LogModuleManager: Shutting down and abandoning module HTML5PlatformEditor (514)
[2018.10.22-13.40.49:966][454]LogModuleManager: Shutting down and abandoning module AndroidPlatformEditor (512)
[2018.10.22-13.40.49:966][454]LogModuleManager: Shutting down and abandoning module AndroidDeviceDetection (511)
[2018.10.22-13.40.50:813][454]LogModuleManager: Shutting down and abandoning module WindowsPlatformEditor (508)
[2018.10.22-13.40.50:813][454]LogModuleManager: Shutting down and abandoning module LuminRuntimeSettings (506)
[2018.10.22-13.40.50:813][454]LogModuleManager: Shutting down and abandoning module IOSRuntimeSettings (504)
[2018.10.22-13.40.50:813][454]LogModuleManager: Shutting down and abandoning module AndroidRuntimeSettings (502)
[2018.10.22-13.40.50:813][454]LogModuleManager: Shutting down and abandoning module InputBindingEditor (500)
[2018.10.22-13.40.50:813][454]LogModuleManager: Shutting down and abandoning module MergeActors (498)
[2018.10.22-13.40.50:814][454]LogModuleManager: Shutting down and abandoning module LocalizationDashboard (496)
[2018.10.22-13.40.50:814][454]LogModuleManager: Shutting down and abandoning module LocalizationService (495)
[2018.10.22-13.40.50:814][454]LogModuleManager: Shutting down and abandoning module HardwareTargeting (492)
[2018.10.22-13.40.50:815][454]LogModuleManager: Shutting down and abandoning module DeviceProfileEditor (490)
[2018.10.22-13.40.50:816][454]LogModuleManager: Shutting down and abandoning module UndoHistory (488)
[2018.10.22-13.40.50:816][454]LogModuleManager: Shutting down and abandoning module XmlParser (486)
[2018.10.22-13.40.50:816][454]LogModuleManager: Shutting down and abandoning module Blutility (484)
[2018.10.22-13.40.50:816][454]LogModuleManager: Shutting down and abandoning module ProjectSettingsViewer (482)
[2018.10.22-13.40.50:816][454]LogModuleManager: Shutting down and abandoning module ProjectTargetPlatformEditor (481)
[2018.10.22-13.40.50:817][454]LogModuleManager: Shutting down and abandoning module EditorSettingsViewer (478)
[2018.10.22-13.40.50:818][454]LogModuleManager: Shutting down and abandoning module SettingsEditor (476)
[2018.10.22-13.40.50:818][454]LogModuleManager: Shutting down and abandoning module ProjectLauncher (474)
[2018.10.22-13.40.50:818][454]LogModuleManager: Shutting down and abandoning module SessionFrontend (472)
[2018.10.22-13.40.50:819][454]LogModuleManager: Shutting down and abandoning module ProfilerClient (470)
[2018.10.22-13.40.50:819][454]LogModuleManager: Shutting down and abandoning module DeviceManager (468)
[2018.10.22-13.40.50:819][454]LogModuleManager: Shutting down and abandoning module TargetDeviceServices (467)
[2018.10.22-13.40.50:875][454]LogModuleManager: Shutting down and abandoning module AutomationController (464)
[2018.10.22-13.40.50:875][454]LogModuleManager: Shutting down and abandoning module AutomationWindow (462)
[2018.10.22-13.40.50:875][454]LogModuleManager: Shutting down and abandoning module Layers (460)
[2018.10.22-13.40.50:875][454]LogModuleManager: Shutting down and abandoning module ComponentVisualizers (458)
[2018.10.22-13.40.50:875][454]LogModuleManager: Shutting down and abandoning module DetailCustomizations (456)
[2018.10.22-13.40.50:876][454]LogModuleManager: Shutting down and abandoning module PackagesDialog (454)
[2018.10.22-13.40.50:876][454]LogModuleManager: Shutting down and abandoning module Persona (452)
[2018.10.22-13.40.50:876][454]LogModuleManager: Shutting down and abandoning module AdvancedPreviewScene (451)
[2018.10.22-13.40.50:876][454]LogModuleManager: Shutting down and abandoning module AnimGraph (449)
[2018.10.22-13.40.50:876][454]LogModuleManager: Shutting down and abandoning module Kismet (446)
[2018.10.22-13.40.50:877][454]LogModuleManager: Shutting down and abandoning module GraphEditor (444)
[2018.10.22-13.40.50:877][454]LogModuleManager: Shutting down and abandoning module ClassViewer (442)
[2018.10.22-13.40.50:879][454]LogModuleManager: Shutting down and abandoning module Toolbox (440)
[2018.10.22-13.40.50:879][454]LogModuleManager: Shutting down and abandoning module DesktopPlatform (439)
[2018.10.22-13.40.50:879][454]LogModuleManager: Shutting down and abandoning module ModuleUI (436)
[2018.10.22-13.40.50:879][454]LogModuleManager: Shutting down and abandoning module MovieSceneTools (434)
[2018.10.22-13.40.50:879][454]LogModuleManager: Shutting down and abandoning module OutputLog (432)
[2018.10.22-13.40.50:879][454]LogModuleManager: Shutting down and abandoning module GammaUI (430)
[2018.10.22-13.40.50:879][454]LogModuleManager: Shutting down and abandoning module Documentation (428)
[2018.10.22-13.40.50:879][454]LogModuleManager: Shutting down and abandoning module MovieSceneTracks (426)
[2018.10.22-13.40.50:880][454]LogModuleManager: Shutting down and abandoning module MovieScene (424)
[2018.10.22-13.40.50:880][454]LogModuleManager: Shutting down and abandoning module StreamingPauseRendering (422)
[2018.10.22-13.40.50:880][454]LogModuleManager: Shutting down and abandoning module LauncherPlatform (420)
[2018.10.22-13.40.50:880][454]LogModuleManager: Shutting down and abandoning module AnalyticsET (418)
[2018.10.22-13.40.50:880][454]LogModuleManager: Shutting down and abandoning module PortalServices (416)
[2018.10.22-13.40.50:880][454]LogModuleManager: Shutting down and abandoning module PortalRpc (414)
[2018.10.22-13.40.50:880][454]LogModuleManager: Shutting down and abandoning module MessagingRpc (412)
[2018.10.22-13.40.50:880][454]LogModuleManager: Shutting down and abandoning module AIModule (410)
[2018.10.22-13.40.50:880][454]LogModuleManager: Shutting down and abandoning module GameplayDebugger (409)
[2018.10.22-13.40.50:880][454]LogModuleManager: Shutting down and abandoning module AITestSuite (407)
[2018.10.22-13.40.50:880][454]LogModuleManager: Shutting down and abandoning module NavigationSystem (405)
[2018.10.22-13.40.50:880][454]LogModuleManager: Shutting down and abandoning module ProfilerService (402)
[2018.10.22-13.40.51:068][454]LogModuleManager: Shutting down and abandoning module TaskGraph (400)
[2018.10.22-13.40.51:068][454]LogModuleManager: Shutting down and abandoning module SteamVRController (398)
[2018.10.22-13.40.51:069][454]LogModuleManager: Shutting down and abandoning module ProceduralMeshComponentEditor (396)
[2018.10.22-13.40.51:069][454]LogModuleManager: Shutting down and abandoning module ProceduralMeshComponent (394)
[2018.10.22-13.40.51:069][454]LogModuleManager: Shutting down and abandoning module OculusInput (392)
[2018.10.22-13.40.51:069][454]LogModuleManager: Shutting down and abandoning module MobilePatchingUtils (390)
[2018.10.22-13.40.51:069][454]LogModuleManager: Shutting down and abandoning module EditableMesh (388)
[2018.10.22-13.40.51:069][454]LogModuleManager: Shutting down and abandoning module CustomMeshComponent (386)
[2018.10.22-13.40.51:071][454]LogModuleManager: Shutting down and abandoning module CableComponent (384)
[2018.10.22-13.40.51:071][454]LogModuleManager: Shutting down and abandoning module AudioCapture (382)
[2018.10.22-13.40.51:072][454]LogModuleManager: Shutting down and abandoning module ArchVisCharacter (380)
[2018.10.22-13.40.51:072][454]LogModuleManager: Shutting down and abandoning module AndroidPermission (378)
[2018.10.22-13.40.51:072][454]LogModuleManager: Shutting down and abandoning module NUTUnrealEngine4 (376)
[2018.10.22-13.40.51:073][454]LogModuleManager: Shutting down and abandoning module NetcodeUnitTest (374)
[2018.10.22-13.40.51:073][454]LogModuleManager: Shutting down and abandoning module MediaCompositingEditor (372)
[2018.10.22-13.40.51:073][454]LogModuleManager: Shutting down and abandoning module MediaCompositing (370)
[2018.10.22-13.40.51:073][454]LogModuleManager: Shutting down and abandoning module LinearTimecode (368)
[2018.10.22-13.40.51:073][454]LogModuleManager: Shutting down and abandoning module ImgMedia (366)
[2018.10.22-13.40.51:081][454]LogModuleManager: Shutting down and abandoning module HTML5Networking (364)
[2018.10.22-13.40.51:082][454]LogModuleManager: Shutting down and abandoning module GeometryCacheTracks (362)
[2018.10.22-13.40.51:082][454]LogModuleManager: Shutting down and abandoning module GeometryCacheSequencer (360)
[2018.10.22-13.40.51:082][454]LogModuleManager: Shutting down and abandoning module BackChannel (358)
[2018.10.22-13.40.51:082][454]LogModuleManager: Shutting down and abandoning module AppleVision (356)
[2018.10.22-13.40.51:082][454]LogModuleManager: Shutting down and abandoning module AppleImageUtils (354)
[2018.10.22-13.40.51:082][454]LogModuleManager: Shutting down and abandoning module AlembicImporter (352)
[2018.10.22-13.40.51:082][454]LogModuleManager: Shutting down and abandoning module AlembicLibrary (351)
[2018.10.22-13.40.51:082][454]LogModuleManager: Shutting down and abandoning module GeometryCache (350)
[2018.10.22-13.40.51:082][454]LogModuleManager: Shutting down and abandoning module GeometryCacheEd (349)
[2018.10.22-13.40.51:082][454]LogModuleManager: Shutting down and abandoning module DatasmithContentEditor (344)
[2018.10.22-13.40.51:082][454]LogModuleManager: Shutting down and abandoning module DatasmithContent (342)
[2018.10.22-13.40.51:083][454]LogModuleManager: Shutting down and abandoning module SpeedTreeImporter (340)
[2018.10.22-13.40.51:083][454]LogModuleManager: Shutting down and abandoning module PluginBrowser (338)
[2018.10.22-13.40.51:083][454]LogModuleManager: Shutting down and abandoning module MobileLauncherProfileWizard (336)
[2018.10.22-13.40.51:083][454]LogModuleManager: Shutting down and abandoning module PolygonModeling (334)
[2018.10.22-13.40.51:083][454]LogModuleManager: Shutting down and abandoning module MeshEditor (332)
[2018.10.22-13.40.51:084][454]LogModuleManager: Shutting down and abandoning module CryptoKeysOpenSSL (330)
[2018.10.22-13.40.51:084][454]LogModuleManager: Shutting down and abandoning module CryptoKeys (328)
[2018.10.22-13.40.51:084][454]LogModuleManager: Shutting down and abandoning module VisualStudioSourceCodeAccess (326)
[2018.10.22-13.40.51:084][454]LogModuleManager: Shutting down and abandoning module VisualStudioCodeSourceCodeAccess (324)
[2018.10.22-13.40.51:084][454]LogModuleManager: Shutting down and abandoning module UObjectPlugin (322)
[2018.10.22-13.40.51:084][454]LogModuleManager: Shutting down and abandoning module SubversionSourceControl (320)
[2018.10.22-13.40.51:084][454]LogModuleManager: Shutting down and abandoning module PerforceSourceControl (318)
[2018.10.22-13.40.51:084][454]LogModuleManager: Shutting down and abandoning module GitSourceControl (316)
[2018.10.22-13.40.51:084][454]LogModuleManager: Shutting down and abandoning module SourceControl (315)
[2018.10.22-13.40.51:084][454]LogModuleManager: Shutting down and abandoning module CLionSourceCodeAccess (312)
[2018.10.22-13.40.51:084][454]LogModuleManager: Shutting down and abandoning module LightPropagationVolumeEditor (310)
[2018.10.22-13.40.51:084][454]LogModuleManager: Shutting down and abandoning module PaperTiledImporter (308)
[2018.10.22-13.40.51:084][454]LogModuleManager: Shutting down and abandoning module PaperSpriteSheetImporter (306)
[2018.10.22-13.40.51:084][454]LogModuleManager: Shutting down and abandoning module Paper2DEditor (304)
[2018.10.22-13.40.51:085][454]LogModuleManager: Shutting down and abandoning module MeshPaint (303)
[2018.10.22-13.40.51:085][454]LogModuleManager: Shutting down and abandoning module Youtube (300)
[2018.10.22-13.40.51:085][454]LogModuleManager: Shutting down and abandoning module RuntimePhysXCooking (298)
[2018.10.22-13.40.51:085][454]LogModuleManager: Shutting down and abandoning module PhysXVehiclesEditor (296)
[2018.10.22-13.40.51:085][454]LogModuleManager: Shutting down and abandoning module PhysXVehicles (294)
[2018.10.22-13.40.51:085][454]LogModuleManager: Shutting down and abandoning module OculusEditor (292)
[2018.10.22-13.40.51:085][454]LogModuleManager: Shutting down and abandoning module LocationServicesBPLibrary (290)
[2018.10.22-13.40.51:085][454]LogModuleManager: Shutting down and abandoning module ImmediatePhysicsEditor (288)
[2018.10.22-13.40.51:085][454]LogModuleManager: Shutting down and abandoning module ImmediatePhysics (286)
[2018.10.22-13.40.51:085][454]LogModuleManager: Shutting down and abandoning module ActorSequence (284)
[2018.10.22-13.40.51:085][454]LogModuleManager: Shutting down and abandoning module UdpMessaging (282)
[2018.10.22-13.40.51:186][454]LogModuleManager: Shutting down and abandoning module TcpMessaging (280)
[2018.10.22-13.40.51:286][454]LogModuleManager: Shutting down and abandoning module MagicLeapAudio (278)
[2018.10.22-13.40.51:286][454]LogModuleManager: Shutting down and abandoning module GameplayTagsEditor (276)
[2018.10.22-13.40.51:286][454]LogModuleManager: Shutting down and abandoning module FacialAnimationEditor (274)
[2018.10.22-13.40.51:291][454]LogModuleManager: Shutting down and abandoning module FacialAnimation (272)
[2018.10.22-13.40.51:291][454]LogModuleManager: Shutting down and abandoning module DataValidation (270)
[2018.10.22-13.40.51:291][454]LogModuleManager: Shutting down and abandoning module AssetManagerEditor (268)
[2018.10.22-13.40.51:291][454]LogModuleManager: Shutting down and abandoning module LevelEditor (267)
[2018.10.22-13.40.51:293][454]LogModuleManager: Shutting down and abandoning module PixelInspectorModule (266)
[2018.10.22-13.40.51:293][454]LogModuleManager: Shutting down and abandoning module CommonMenuExtensions (264)
[2018.10.22-13.40.51:293][454]LogModuleManager: Shutting down and abandoning module MainFrame (262)
[2018.10.22-13.40.51:293][454]LogModuleManager: Shutting down and abandoning module HotReload (261)
[2018.10.22-13.40.51:294][454]LogModuleManager: Shutting down and abandoning module ContentBrowser (257)
[2018.10.22-13.40.51:296][454]LogModuleManager: Shutting down and abandoning module TreeMap (255)
[2018.10.22-13.40.51:296][454]LogModuleManager: Shutting down and abandoning module LightPropagationVolumeRuntime (252)
[2018.10.22-13.40.51:296][454]LogModuleManager: Shutting down and abandoning module AISupportModule (250)
[2018.10.22-13.40.51:296][454]LogModuleManager: Shutting down and abandoning module Paper2D (248)
[2018.10.22-13.40.51:296][454]LogModuleManager: Shutting down and abandoning module WindowsMoviePlayer (246)
[2018.10.22-13.40.51:297][454]LogModuleManager: Shutting down and abandoning module WmfMedia (244)
[2018.10.22-13.40.51:301][454]LogModuleManager: Shutting down and abandoning module Media (243)
[2018.10.22-13.40.51:308][454]LogModuleManager: Shutting down and abandoning module PacketHandler (240)
[2018.10.22-13.40.51:308][454]LogModuleManager: Shutting down and abandoning module ClothingSystemEditor (238)
[2018.10.22-13.40.51:308][454]LogModuleManager: Shutting down and abandoning module ClothingSystemRuntime (236)
[2018.10.22-13.40.51:308][454]LogModuleManager: Shutting down and abandoning module MediaAssets (234)
[2018.10.22-13.40.51:308][454]LogModuleManager: Shutting down and abandoning module Overlay (232)
[2018.10.22-13.40.51:308][454]LogModuleManager: Shutting down and abandoning module OverlayEditor (231)
[2018.10.22-13.40.51:308][454]LogModuleManager: Shutting down and abandoning module VREditor (228)
[2018.10.22-13.40.51:308][454]LogModuleManager: Shutting down and abandoning module StringTableEditor (226)
[2018.10.22-13.40.51:308][454]LogModuleManager: Shutting down and abandoning module GameplayTasksEditor (224)
[2018.10.22-13.40.51:308][454]LogModuleManager: Shutting down and abandoning module BehaviorTreeEditor (222)
[2018.10.22-13.40.51:308][454]LogModuleManager: Shutting down and abandoning module FunctionalTesting (220)
[2018.10.22-13.40.51:308][454]LogModuleManager: Shutting down and abandoning module CollisionAnalyzer (218)
[2018.10.22-13.40.51:309][454]LogModuleManager: Shutting down and abandoning module WorkspaceMenuStructure (217)
[2018.10.22-13.40.51:309][454]LogModuleManager: Shutting down and abandoning module UMG (214)
[2018.10.22-13.40.51:309][454]LogModuleManager: Shutting down and abandoning module UMGEditor (213)
[2018.10.22-13.40.51:309][454]LogModuleManager: Shutting down and abandoning module Sequencer (212)
[2018.10.22-13.40.51:309][454]LogModuleManager: Shutting down and abandoning module MessageLog (209)
[2018.10.22-13.40.51:309][454]LogModuleManager: Shutting down and abandoning module SlateReflector (204)
[2018.10.22-13.40.51:309][454]LogModuleManager: Shutting down and abandoning module Slate (202)
[2018.10.22-13.40.51:309][454]LogModuleManager: Shutting down and abandoning module EditorStyle (200)
[2018.10.22-13.40.51:311][454]LogModuleManager: Shutting down and abandoning module MRMesh (198)
[2018.10.22-13.40.51:311][454]LogModuleManager: Shutting down and abandoning module SourceCodeAccess (196)
[2018.10.22-13.40.51:311][454]LogModuleManager: Shutting down and abandoning module HeadMountedDisplay (194)
[2018.10.22-13.40.51:311][454]LogModuleManager: Shutting down and abandoning module XAudio2 (192)
[2018.10.22-13.40.51:311][454]LogModuleManager: Shutting down and abandoning module Networking (190)
[2018.10.22-13.40.51:311][454]LogModuleManager: Shutting down and abandoning module Core (188)
[2018.10.22-13.40.51:311][454]LogModuleManager: Shutting down and abandoning module LevelSequence (186)
[2018.10.22-13.40.51:311][454]LogModuleManager: Shutting down and abandoning module KismetCompiler (184)
[2018.10.22-13.40.51:311][454]LogModuleManager: Shutting down and abandoning module MeshUtilities (182)
[2018.10.22-13.40.51:311][454]LogModuleManager: Shutting down and abandoning module MeshMergeUtilities (181)
[2018.10.22-13.40.51:311][454]LogModuleManager: Shutting down and abandoning module MeshReductionInterface (180)
[2018.10.22-13.40.51:312][454]LogModuleManager: Shutting down and abandoning module SimplygonSwarm (179)
[2018.10.22-13.40.51:312][454]LogModuleManager: Shutting down and abandoning module ProxyLODMeshReduction (177)
[2018.10.22-13.40.51:312][454]LogModuleManager: Shutting down and abandoning module SimplygonMeshReduction (175)
[2018.10.22-13.40.51:312][454]LogModuleManager: Shutting down and abandoning module QuadricMeshReduction (173)
[2018.10.22-13.40.51:312][454]LogModuleManager: Shutting down and abandoning module MaterialBaking (169)
[2018.10.22-13.40.51:312][454]LogModuleManager: Shutting down and abandoning module DirectoryWatcher (165)
[2018.10.22-13.40.51:312][454]LogModuleManager: Shutting down and abandoning module DerivedDataCache (162)
[2018.10.22-13.40.51:340][454]LogDerivedDataCache: Shutdown
[2018.10.22-13.40.51:340][454]LogModuleManager: Shutting down and abandoning module XGEController (160)
[2018.10.22-13.40.51:340][454]LogXGEController: Cleaning working directory: C:/Users/Mika/AppData/Local/Temp/UnrealXGEWorkingDir/
[2018.10.22-13.40.51:340][454]LogModuleManager: Shutting down and abandoning module TargetPlatform (158)
[2018.10.22-13.40.51:340][454]LogModuleManager: Shutting down and abandoning module VulkanShaderFormat (157)
[2018.10.22-13.40.51:340][454]LogModuleManager: Shutting down and abandoning module ShaderFormatVectorVM (155)
[2018.10.22-13.40.51:340][454]LogModuleManager: Shutting down and abandoning module ShaderFormatOpenGL (153)
[2018.10.22-13.40.51:340][454]LogModuleManager: Shutting down and abandoning module ShaderFormatD3D (151)
[2018.10.22-13.40.51:341][454]LogModuleManager: Shutting down and abandoning module MetalShaderFormat (149)
[2018.10.22-13.40.51:341][454]LogModuleManager: Shutting down and abandoning module TextureFormatUncompressed (147)
[2018.10.22-13.40.51:341][454]LogModuleManager: Shutting down and abandoning module TextureFormatPVR (145)
[2018.10.22-13.40.51:341][454]LogModuleManager: Shutting down and abandoning module TextureFormatDXT (143)
[2018.10.22-13.40.51:341][454]LogModuleManager: Shutting down and abandoning module TextureFormatIntelISPCTexComp (141)
[2018.10.22-13.40.51:343][454]LogModuleManager: Shutting down and abandoning module TextureFormatASTC (139)
[2018.10.22-13.40.51:343][454]LogModuleManager: Shutting down and abandoning module ImageWrapper (138)
[2018.10.22-13.40.51:343][454]LogModuleManager: Shutting down and abandoning module TextureFormatAndroid (135)
[2018.10.22-13.40.51:343][454]LogModuleManager: Shutting down and abandoning module AudioFormatOpus (133)
[2018.10.22-13.40.51:343][454]LogModuleManager: Shutting down and abandoning module AudioFormatOgg (131)
[2018.10.22-13.40.51:343][454]LogModuleManager: Shutting down and abandoning module AudioFormatADPCM (129)
[2018.10.22-13.40.51:343][454]LogModuleManager: Shutting down and abandoning module LuminTargetPlatform (127)
[2018.10.22-13.40.51:343][454]LogModuleManager: Shutting down and abandoning module LinuxTargetPlatform (125)
[2018.10.22-13.40.51:343][454]LogModuleManager: Shutting down and abandoning module LinuxServerTargetPlatform (123)
[2018.10.22-13.40.51:343][454]LogModuleManager: Shutting down and abandoning module LinuxNoEditorTargetPlatform (121)
[2018.10.22-13.40.51:344][454]LogModuleManager: Shutting down and abandoning module LinuxClientTargetPlatform (119)
[2018.10.22-13.40.51:344][454]LogModuleManager: Shutting down and abandoning module TVOSTargetPlatform (117)
[2018.10.22-13.40.51:344][454]LogModuleManager: Shutting down and abandoning module Messaging (115)
[2018.10.22-13.40.51:345][454]LogModuleManager: Shutting down and abandoning module IOSTargetPlatform (113)
[2018.10.22-13.40.51:345][454]LogModuleManager: Shutting down and abandoning module HTML5TargetPlatform (111)
[2018.10.22-13.40.51:346][454]LogModuleManager: Shutting down and abandoning module AndroidTargetPlatform (109)
[2018.10.22-13.40.51:352][454]LogModuleManager: Shutting down and abandoning module WindowsTargetPlatform (107)
[2018.10.22-13.40.51:352][454]LogModuleManager: Shutting down and abandoning module WindowsServerTargetPlatform (105)
[2018.10.22-13.40.51:352][454]LogModuleManager: Shutting down and abandoning module WindowsNoEditorTargetPlatform (103)
[2018.10.22-13.40.51:352][454]LogModuleManager: Shutting down and abandoning module WindowsClientTargetPlatform (101)
[2018.10.22-13.40.51:352][454]LogModuleManager: Shutting down and abandoning module MacTargetPlatform (99)
[2018.10.22-13.40.51:352][454]LogModuleManager: Shutting down and abandoning module MacServerTargetPlatform (97)
[2018.10.22-13.40.51:352][454]LogModuleManager: Shutting down and abandoning module MacNoEditorTargetPlatform (95)
[2018.10.22-13.40.51:352][454]LogModuleManager: Shutting down and abandoning module MacClientTargetPlatform (93)
[2018.10.22-13.40.51:352][454]LogModuleManager: Shutting down and abandoning module AllDesktopTargetPlatform (91)
[2018.10.22-13.40.51:352][454]LogModuleManager: Shutting down and abandoning module InputCore (88)
[2018.10.22-13.40.51:353][454]LogModuleManager: Shutting down and abandoning module Settings (86)
[2018.10.22-13.40.51:353][454]LogModuleManager: Shutting down and abandoning module PhysXCooking (84)
[2018.10.22-13.40.51:353][454]LogModuleManager: Shutting down and abandoning module SteamVR (82)
[2018.10.22-13.40.51:353][454]LogModuleManager: Shutting down and abandoning module OculusHMD (80)
[2018.10.22-13.40.51:353][454]LogModuleManager: Shutting down and abandoning module ExampleDeviceProfileSelector (78)
[2018.10.22-13.40.51:353][454]LogModuleManager: Shutting down and abandoning module LauncherChunkInstaller (76)
[2018.10.22-13.40.51:353][454]LogModuleManager: Shutting down and abandoning module OnlineBlueprintSupport (74)
[2018.10.22-13.40.51:353][454]LogModuleManager: Shutting down and abandoning module OnlineSubsystem (70)
[2018.10.22-13.40.51:356][454]LogModuleManager: Shutting down and abandoning module XMPP (65)
[2018.10.22-13.40.51:356][454]LogModuleManager: Shutting down and abandoning module WebSockets (64)
[2018.10.22-13.40.51:387][454]LogModuleManager: Shutting down and abandoning module HTTP (61)
[2018.10.22-13.40.51:387][454]LogHttp: Display: Http module shutting down, but needs to wait on 1 outstanding Http requests:
[2018.10.22-13.40.51:387][454]LogHttp: Display: 	verb=[POST] url=[https://datarouter.ol.epicgames.com/datarouter/api/v1/public/data?SessionID=%7B0EC46196-4382-0FD0-0EF7-70B1191B9F54%7D&AppID=UEEditor.Rocket.Release&AppVersion=4.20.3-4369336%2B%2B%2BUE4%2BRelease-4.20&UserID=1efc369d420bcfe3ade55aa125a5d260%7Cb330d9178038414b88190f046419eaec%7C683c1d4b-4133-4a89-8092-53e72ab21a90&AppEnvironment=datacollector-binary&UploadType=eteventstream] status=Processing
[2018.10.22-13.40.51:404][454]LogModuleManager: Shutting down and abandoning module SSL (60)
[2018.10.22-13.40.51:405][454]LogModuleManager: Shutting down and abandoning module MagicLeapEmulator (56)
[2018.10.22-13.40.51:405][454]LogModuleManager: Shutting down and abandoning module MagicLeapPrivileges (54)
[2018.10.22-13.40.51:405][454]LogModuleManager: Shutting down and abandoning module MagicLeapIdentity (52)
[2018.10.22-13.40.51:405][454]LogModuleManager: Shutting down and abandoning module MagicLeapHelperVulkan (50)
[2018.10.22-13.40.51:405][454]LogModuleManager: Shutting down and abandoning module MagicLeapHelperOpenGL (48)
[2018.10.22-13.40.51:405][454]LogModuleManager: Shutting down and abandoning module MagicLeapSecureStorage (46)
[2018.10.22-13.40.51:406][454]LogModuleManager: Shutting down and abandoning module MagicLeapGestures (44)
[2018.10.22-13.40.51:406][454]LogModuleManager: Shutting down and abandoning module MagicLeapEyeTracker (42)
[2018.10.22-13.40.51:406][454]LogModuleManager: Shutting down and abandoning module MagicLeapController (40)
[2018.10.22-13.40.51:406][454]LogSlate: Slate User Destroyed.  User Index 0, Is Virtual User: 0
[2018.10.22-13.40.51:406][454]LogModuleManager: Shutting down and abandoning module MagicLeap (38)
[2018.10.22-13.40.51:406][454]LogModuleManager: Shutting down and abandoning module AnimationModifiers (36)
[2018.10.22-13.40.51:406][454]LogModuleManager: Shutting down and abandoning module PropertyEditor (35)
[2018.10.22-13.40.51:406][454]LogModuleManager: Shutting down and abandoning module AudioEditor (32)
[2018.10.22-13.40.51:406][454]LogModuleManager: Shutting down and abandoning module TextureCompressor (30)
[2018.10.22-13.40.51:409][454]LogModuleManager: Shutting down and abandoning module ShaderCore (28)
[2018.10.22-13.40.51:409][454]LogModuleManager: Shutting down and abandoning module Landscape (26)
[2018.10.22-13.40.51:409][454]LogModuleManager: Shutting down and abandoning module SlateRHIRenderer (24)
[2018.10.22-13.40.51:410][454]LogModuleManager: Shutting down and abandoning module OpenGLDrv (22)
[2018.10.22-13.40.51:410][454]LogModuleManager: Shutting down and abandoning module D3D11RHI (20)
[2018.10.22-13.40.51:411][454]LogModuleManager: Shutting down and abandoning module AnimGraphRuntime (18)
[2018.10.22-13.40.51:413][454]LogModuleManager: Shutting down and abandoning module Renderer (16)
[2018.10.22-13.40.51:415][454]LogModuleManager: Shutting down and abandoning module Engine (14)
[2018.10.22-13.40.51:415][454]LogModuleManager: Shutting down and abandoning module CoreUObject (12)
[2018.10.22-13.40.51:415][454]LogModuleManager: Shutting down and abandoning module NetworkFile (10)
[2018.10.22-13.40.51:416][454]LogModuleManager: Shutting down and abandoning module CookedIterativeFile (8)
[2018.10.22-13.40.51:417][454]LogModuleManager: Shutting down and abandoning module StreamingFile (6)
[2018.10.22-13.40.51:417][454]LogModuleManager: Shutting down and abandoning module SandboxFile (4)
[2018.10.22-13.40.51:417][454]LogModuleManager: Shutting down and abandoning module PakFile (2)
[2018.10.22-13.40.51:429][454]LogExit: Exiting.
[2018.10.22-13.40.51:436][454]Log file closed, 10/22/18 16:40:51
